Setting parameters
Initialising
   making state/history dataframes
   initialising velocity, position and direction
   setting time/run counters
   making the maze walls
   discretising position for later plotting
   handling undefined parameters
   initialising basis features for learning
   calculating state vector at all discretised positions
HBox(children=(HTML(value=''), FloatProgress(value=0.0, max=10000.0), HTML(value='')))

   initialising STDP weight matrix and traces
DONE
HBox(children=(HTML(value=''), FloatProgress(value=0.0, max=60000.0), HTML(value='')))

Calculating place and grid cells
theta: (0.773159548715503, -2.6716507774174127, 0.47493703878055993, 0.40818585017267556)
no theta: (0.9828712907281848, -0.5497174593981891, 0.20096645653328646, 0.17228564943663605)
Setting parameters
Initialising
   making state/history dataframes
   initialising velocity, position and direction
   setting time/run counters
   making the maze walls
   discretising position for later plotting
   handling undefined parameters
   initialising basis features for learning
   calculating state vector at all discretised positions
HBox(children=(HTML(value=''), FloatProgress(value=0.0, max=10000.0), HTML(value='')))

   initialising STDP weight matrix and traces
DONE
HBox(children=(HTML(value=''), FloatProgress(value=0.0, max=60000.0), HTML(value='')))

Calculating place and grid cells
theta: (0.5195509944618804, -4.390300186532967, 0.5384162084472659, 0.5993446110923613)
no theta: (0.9772322513541872, -0.46306838663988525, 0.181380934977821, 0.1626777958272153)
Setting parameters
Initialising
   making state/history dataframes
   initialising velocity, position and direction
   setting time/run counters
   making the maze walls
   discretising position for later plotting
   handling undefined parameters
   initialising basis features for learning
   calculating state vector at all discretised positions
HBox(children=(HTML(value=''), FloatProgress(value=0.0, max=10000.0), HTML(value='')))

   initialising STDP weight matrix and traces
DONE
HBox(children=(HTML(value=''), FloatProgress(value=0.0, max=60000.0), HTML(value='')))

Calculating place and grid cells
theta: (0.7630672323088243, -2.7446886014647367, 0.481583522570455, 0.41635359573045333)
no theta: (0.9491591404470093, -0.9975466592089137, 0.23450023693829444, 0.22209743525153774)
Setting parameters
Initialising
   making state/history dataframes
   initialising velocity, position and direction
   setting time/run counters
   making the maze walls
   discretising position for later plotting
   handling undefined parameters
   initialising basis features for learning
   calculating state vector at all discretised positions
HBox(children=(HTML(value=''), FloatProgress(value=0.0, max=10000.0), HTML(value='')))

   initialising STDP weight matrix and traces
DONE
HBox(children=(HTML(value=''), FloatProgress(value=0.0, max=60000.0), HTML(value='')))

Calculating place and grid cells
theta: (0.8713360813324622, -1.5489112495457054, 0.2991936821927389, 0.28341971011804096)
no theta: (0.9763642501319831, -0.7482953271203818, 0.21712356716751957, 0.1943972568293611)
Setting parameters
Initialising
   making state/history dataframes
   initialising velocity, position and direction
   setting time/run counters
   making the maze walls
   discretising position for later plotting
   handling undefined parameters
   initialising basis features for learning
   calculating state vector at all discretised positions
HBox(children=(HTML(value=''), FloatProgress(value=0.0, max=10000.0), HTML(value='')))

   initialising STDP weight matrix and traces
DONE
HBox(children=(HTML(value=''), FloatProgress(value=0.0, max=60000.0), HTML(value='')))

Calculating place and grid cells
theta: (0.6834203156410171, -3.4522863127774936, 0.5676335933037684, 0.49497896329508445)
no theta: (0.7812116908852054, -2.6588202707137847, 0.47515067785772014, 0.4067660831432828)
Setting parameters
Initialising
   making state/history dataframes
   initialising velocity, position and direction
   setting time/run counters
   making the maze walls
   discretising position for later plotting
   handling undefined parameters
   initialising basis features for learning
   calculating state vector at all discretised positions
HBox(children=(HTML(value=''), FloatProgress(value=0.0, max=10000.0), HTML(value='')))

   initialising STDP weight matrix and traces
DONE
HBox(children=(HTML(value=''), FloatProgress(value=0.0, max=60000.0), HTML(value='')))

Calculating place and grid cells
theta: (0.8782845156299731, -1.4757089084254438, 0.2836109449578652, 0.2752411346708358)
no theta: (0.9834273178952848, -0.6889415906002079, 0.2224550541826585, 0.18777094439799194)
Setting parameters
Initialising
   making state/history dataframes
   initialising velocity, position and direction
   setting time/run counters
   making the maze walls
   discretising position for later plotting
   handling undefined parameters
   initialising basis features for learning
   calculating state vector at all discretised positions
HBox(children=(HTML(value=''), FloatProgress(value=0.0, max=10000.0), HTML(value='')))

   initialising STDP weight matrix and traces
DONE
HBox(children=(HTML(value=''), FloatProgress(value=0.0, max=60000.0), HTML(value='')))

Calculating place and grid cells
theta: (0.6059163289971513, -4.092861247758647, 0.6410025986726864, 0.566167872656278)
no theta: (0.9620209796383954, -0.7311632606555862, 0.2047017535283539, 0.19245154596297528)
Setting parameters
Initialising
   making state/history dataframes
   initialising velocity, position and direction
   setting time/run counters
   making the maze walls
   discretising position for later plotting
   handling undefined parameters
   initialising basis features for learning
   calculating state vector at all discretised positions
HBox(children=(HTML(value=''), FloatProgress(value=0.0, max=10000.0), HTML(value='')))

   initialising STDP weight matrix and traces
DONE
HBox(children=(HTML(value=''), FloatProgress(value=0.0, max=60000.0), HTML(value='')))

Calculating place and grid cells
theta: (0.9351493226534243, -0.8106092790534432, 0.2110697017576682, 0.20130542821609257)
no theta: (0.9835756098458462, -0.5062636417313917, 0.1984795147240363, 0.16746796280840157)
Setting parameters
Initialising
   making state/history dataframes
   initialising velocity, position and direction
   setting time/run counters
   making the maze walls
   discretising position for later plotting
   handling undefined parameters
   initialising basis features for learning
   calculating state vector at all discretised positions
HBox(children=(HTML(value=''), FloatProgress(value=0.0, max=10000.0), HTML(value='')))

   initialising STDP weight matrix and traces
DONE
HBox(children=(HTML(value=''), FloatProgress(value=0.0, max=60000.0), HTML(value='')))

Calculating place and grid cells
theta: (0.9117818319212251, -1.110276674849353, 0.2556398931547744, 0.23461212846001042)
no theta: (0.9786462038885303, -0.6206642316491848, 0.2019961782199269, 0.1801789734198555)
Setting parameters
Initialising
   making state/history dataframes
   initialising velocity, position and direction
   setting time/run counters
   making the maze walls
   discretising position for later plotting
   handling undefined parameters
   initialising basis features for learning
   calculating state vector at all discretised positions
HBox(children=(HTML(value=''), FloatProgress(value=0.0, max=10000.0), HTML(value='')))

   initialising STDP weight matrix and traces
DONE
HBox(children=(HTML(value=''), FloatProgress(value=0.0, max=60000.0), HTML(value='')))

Calculating place and grid cells
theta: (0.5798695499837062, -3.9500854869730224, 0.5008697785992442, 0.5504345787187988)
no theta: (0.975557540965664, -0.3636818089199567, 0.1652555748794305, 0.1516373048454863)
Setting parameters
Initialising
   making state/history dataframes
   initialising velocity, position and direction
   setting time/run counters
   making the maze walls
   discretising position for later plotting
   handling undefined parameters
   initialising basis features for learning
   calculating state vector at all discretised positions
HBox(children=(HTML(value=''), FloatProgress(value=0.0, max=10000.0), HTML(value='')))

   initialising STDP weight matrix and traces
DONE
HBox(children=(HTML(value=''), FloatProgress(value=0.0, max=60000.0), HTML(value='')))

Calculating place and grid cells
theta: (0.5686967965393238, -4.377129246016749, 0.6790971074663705, 0.5978612711139542)
no theta: (0.833674594801793, -2.2009165503647603, 0.4131755486824555, 0.35589697587209673)
Setting parameters
Initialising
   making state/history dataframes
   initialising velocity, position and direction
   setting time/run counters
   making the maze walls
   discretising position for later plotting
   handling undefined parameters
   initialising basis features for learning
   calculating state vector at all discretised positions
HBox(children=(HTML(value=''), FloatProgress(value=0.0, max=10000.0), HTML(value='')))

   initialising STDP weight matrix and traces
DONE
HBox(children=(HTML(value=''), FloatProgress(value=0.0, max=60000.0), HTML(value='')))

Calculating place and grid cells
theta: (0.9676455343570031, -0.42513838889429545, 0.18090704271898359, 0.15846020358714316)
no theta: (0.9707292039972553, -0.7459546157655508, 0.20377527591128405, 0.1941315496264006)
Setting parameters
Initialising
   making state/history dataframes
   initialising velocity, position and direction
   setting time/run counters
   making the maze walls
   discretising position for later plotting
   handling undefined parameters
   initialising basis features for learning
   calculating state vector at all discretised positions
HBox(children=(HTML(value=''), FloatProgress(value=0.0, max=10000.0), HTML(value='')))

   initialising STDP weight matrix and traces
DONE
HBox(children=(HTML(value=''), FloatProgress(value=0.0, max=60000.0), HTML(value='')))

Calculating place and grid cells
theta: (0.6789039674340497, -3.490415266387953, 0.5734027278473042, 0.4992167308699898)
no theta: (0.790621392808602, -2.593396482108161, 0.4685979913385532, 0.3994917035726054)
Setting parameters
Initialising
   making state/history dataframes
   initialising velocity, position and direction
   setting time/run counters
   making the maze walls
   discretising position for later plotting
   handling undefined parameters
   initialising basis features for learning
   calculating state vector at all discretised positions
HBox(children=(HTML(value=''), FloatProgress(value=0.0, max=10000.0), HTML(value='')))

   initialising STDP weight matrix and traces
DONE
HBox(children=(HTML(value=''), FloatProgress(value=0.0, max=60000.0), HTML(value='')))

Calculating place and grid cells
theta: (0.9487158057461873, -0.6608040051074962, 0.20613705596926185, 0.18465085797314165)
no theta: (0.9748388865253279, -0.8628391420534545, 0.2299081878866881, 0.2071134491416749)
Setting parameters
Initialising
   making state/history dataframes
   initialising velocity, position and direction
   setting time/run counters
   making the maze walls
   discretising position for later plotting
   handling undefined parameters
   initialising basis features for learning
   calculating state vector at all discretised positions
HBox(children=(HTML(value=''), FloatProgress(value=0.0, max=10000.0), HTML(value='')))

   initialising STDP weight matrix and traces
DONE
HBox(children=(HTML(value=''), FloatProgress(value=0.0, max=60000.0), HTML(value='')))

Calculating place and grid cells
theta: (0.8261533153168584, -2.0060571134506313, 0.3319190521567702, 0.3342465687181929)
no theta: (0.9736336681568467, -0.8265936219692531, 0.22213916015624827, 0.20310081530185325)
Setting parameters
Initialising
   making state/history dataframes
   initialising velocity, position and direction
   setting time/run counters
   making the maze walls
   discretising position for later plotting
   handling undefined parameters
   initialising basis features for learning
   calculating state vector at all discretised positions
HBox(children=(HTML(value=''), FloatProgress(value=0.0, max=10000.0), HTML(value='')))

   initialising STDP weight matrix and traces
DONE
HBox(children=(HTML(value=''), FloatProgress(value=0.0, max=60000.0), HTML(value='')))

Calculating place and grid cells
theta: (0.42511980356082885, -5.710677938142996, 0.8334224178329356, 0.7460522611309297)
no theta: (0.8794073086585761, -1.6816867812706233, 0.34624029711045723, 0.29813358728485023)
Setting parameters
Initialising
   making state/history dataframes
   initialising velocity, position and direction
   setting time/run counters
   making the maze walls
   discretising position for later plotting
   handling undefined parameters
   initialising basis features for learning
   calculating state vector at all discretised positions
HBox(children=(HTML(value=''), FloatProgress(value=0.0, max=10000.0), HTML(value='')))

   initialising STDP weight matrix and traces
DONE
HBox(children=(HTML(value=''), FloatProgress(value=0.0, max=60000.0), HTML(value='')))

Calculating place and grid cells
theta: (0.9796180459646473, -0.43210896000278964, 0.17477449522297556, 0.1592261891509363)
no theta: (0.9793470854062466, -0.7158761463745926, 0.2169483371642456, 0.19077627992892968)
Setting parameters
Initialising
   making state/history dataframes
   initialising velocity, position and direction
   setting time/run counters
   making the maze walls
   discretising position for later plotting
   handling undefined parameters
   initialising basis features for learning
   calculating state vector at all discretised positions
HBox(children=(HTML(value=''), FloatProgress(value=0.0, max=10000.0), HTML(value='')))

   initialising STDP weight matrix and traces
DONE
HBox(children=(HTML(value=''), FloatProgress(value=0.0, max=60000.0), HTML(value='')))

Calculating place and grid cells
theta: (0.7835052541132533, -2.584454734428833, 0.4651822753175892, 0.39854146178213723)
no theta: (0.9855628612142278, -0.4608301919704165, 0.1895142839325273, 0.16242397889176893)
Setting parameters
Initialising
   making state/history dataframes
   initialising velocity, position and direction
   setting time/run counters
   making the maze walls
   discretising position for later plotting
   handling undefined parameters
   initialising basis features for learning
   calculating state vector at all discretised positions
HBox(children=(HTML(value=''), FloatProgress(value=0.0, max=10000.0), HTML(value='')))

   initialising STDP weight matrix and traces
DONE
HBox(children=(HTML(value=''), FloatProgress(value=0.0, max=60000.0), HTML(value='')))

Calculating place and grid cells
theta: (0.9825212688353337, -0.5423895724315806, 0.1969305883547362, 0.17151189689531435)
no theta: (0.9778089163547797, -0.7687228390478542, 0.22371374218894047, 0.19667988855041357)
Setting parameters
Initialising
   making state/history dataframes
   initialising velocity, position and direction
   setting time/run counters
   making the maze walls
   discretising position for later plotting
   handling undefined parameters
   initialising basis features for learning
   calculating state vector at all discretised positions
HBox(children=(HTML(value=''), FloatProgress(value=0.0, max=10000.0), HTML(value='')))

   initialising STDP weight matrix and traces
DONE
HBox(children=(HTML(value=''), FloatProgress(value=0.0, max=60000.0), HTML(value='')))

Calculating place and grid cells
theta: (0.9882207951286677, -0.2680960675974078, 0.17152429616140158, 0.1409853981945506)
no theta: (0.9813834125891444, -0.7810311973801385, 0.23503051468996364, 0.19801291004340102)
Setting parameters
Initialising
   making state/history dataframes
   initialising velocity, position and direction
   setting time/run counters
   making the maze walls
   discretising position for later plotting
   handling undefined parameters
   initialising basis features for learning
   calculating state vector at all discretised positions
HBox(children=(HTML(value=''), FloatProgress(value=0.0, max=10000.0), HTML(value='')))

   initialising STDP weight matrix and traces
DONE
HBox(children=(HTML(value=''), FloatProgress(value=0.0, max=60000.0), HTML(value='')))

Calculating place and grid cells
theta: (0.8156602836847003, -2.102545766458444, 0.35256435130497393, 0.34497644963550483)
no theta: (0.985412306679576, -0.2468063739412758, 0.16419041791652275, 0.13863416324593322)
Setting parameters
Initialising
   making state/history dataframes
   initialising velocity, position and direction
   setting time/run counters
   making the maze walls
   discretising position for later plotting
   handling undefined parameters
   initialising basis features for learning
   calculating state vector at all discretised positions
HBox(children=(HTML(value=''), FloatProgress(value=0.0, max=10000.0), HTML(value='')))

   initialising STDP weight matrix and traces
DONE
HBox(children=(HTML(value=''), FloatProgress(value=0.0, max=60000.0), HTML(value='')))

Calculating place and grid cells
theta: (0.9356869840909676, -0.8139167158351803, 0.22128489380287633, 0.20163419403320407)
no theta: (0.9756801300208476, -0.7444257324690404, 0.21376325128100507, 0.1939096065142259)
Setting parameters
Initialising
   making state/history dataframes
   initialising velocity, position and direction
   setting time/run counters
   making the maze walls
   discretising position for later plotting
   handling undefined parameters
   initialising basis features for learning
   calculating state vector at all discretised positions
HBox(children=(HTML(value=''), FloatProgress(value=0.0, max=10000.0), HTML(value='')))

   initialising STDP weight matrix and traces
DONE
HBox(children=(HTML(value=''), FloatProgress(value=0.0, max=60000.0), HTML(value='')))

Calculating place and grid cells
theta: (0.9746065195350517, -0.381357221911651, 0.17262303067715573, 0.1535865933404442)
no theta: (0.9867124530931005, -0.24663906440620376, 0.16664860817407273, 0.1386079169024052)
Setting parameters
Initialising
   making state/history dataframes
   initialising velocity, position and direction
   setting time/run counters
   making the maze walls
   discretising position for later plotting
   handling undefined parameters
   initialising basis features for learning
   calculating state vector at all discretised positions
HBox(children=(HTML(value=''), FloatProgress(value=0.0, max=10000.0), HTML(value='')))

   initialising STDP weight matrix and traces
DONE
HBox(children=(HTML(value=''), FloatProgress(value=0.0, max=60000.0), HTML(value='')))

Calculating place and grid cells
theta: (0.7811578963265899, -2.474466244303679, 0.3609820193639958, 0.3862798396926835)
no theta: (0.9728837908948749, -0.5655715165856561, 0.18307638337962553, 0.17405514169136413)
Setting parameters
Initialising
   making state/history dataframes
   initialising velocity, position and direction
   setting time/run counters
   making the maze walls
   discretising position for later plotting
   handling undefined parameters
   initialising basis features for learning
   calculating state vector at all discretised positions
HBox(children=(HTML(value=''), FloatProgress(value=0.0, max=10000.0), HTML(value='')))

   initialising STDP weight matrix and traces
DONE
HBox(children=(HTML(value=''), FloatProgress(value=0.0, max=60000.0), HTML(value='')))

Calculating place and grid cells
theta: (0.9352547075416491, -1.0714838419247221, 0.2580919727022062, 0.23026711938860664)
no theta: (0.9691338254570955, -0.7414357911410607, 0.1995358583757459, 0.19357882263454484)
Setting parameters
Initialising
   making state/history dataframes
   initialising velocity, position and direction
   setting time/run counters
   making the maze walls
   discretising position for later plotting
   handling undefined parameters
   initialising basis features for learning
   calculating state vector at all discretised positions
HBox(children=(HTML(value=''), FloatProgress(value=0.0, max=10000.0), HTML(value='')))

   initialising STDP weight matrix and traces
DONE
HBox(children=(HTML(value=''), FloatProgress(value=0.0, max=60000.0), HTML(value='')))

Calculating place and grid cells
theta: (0.9842862360250717, -0.35653250707450046, 0.17436812589066858, 0.15082659791561018)
no theta: (0.9775695942691757, -0.8230376370563446, 0.23374796729220734, 0.20269515344111136)
Setting parameters
Initialising
   making state/history dataframes
   initialising velocity, position and direction
   setting time/run counters
   making the maze walls
   discretising position for later plotting
   handling undefined parameters
   initialising basis features for learning
   calculating state vector at all discretised positions
HBox(children=(HTML(value=''), FloatProgress(value=0.0, max=10000.0), HTML(value='')))

   initialising STDP weight matrix and traces
DONE
HBox(children=(HTML(value=''), FloatProgress(value=0.0, max=60000.0), HTML(value='')))

Calculating place and grid cells
theta: (0.9806299763249062, -0.3527509748531694, 0.16749391208329056, 0.15040052202152854)
no theta: (0.9757695438218849, -0.7037958213595614, 0.2070689314101865, 0.18943012107486462)
Setting parameters
Initialising
   making state/history dataframes
   initialising velocity, position and direction
   setting time/run counters
   making the maze walls
   discretising position for later plotting
   handling undefined parameters
   initialising basis features for learning
   calculating state vector at all discretised positions
HBox(children=(HTML(value=''), FloatProgress(value=0.0, max=10000.0), HTML(value='')))

   initialising STDP weight matrix and traces
DONE
HBox(children=(HTML(value=''), FloatProgress(value=0.0, max=60000.0), HTML(value='')))

Calculating place and grid cells
theta: (0.9426616929505879, -0.7618578099638051, 0.22239086046442783, 0.1959042285427574)
no theta: (0.9715989168048595, -0.8616879851927788, 0.2252791008900381, 0.2070045303678645)
Setting parameters
Initialising
   making state/history dataframes
   initialising velocity, position and direction
   setting time/run counters
   making the maze walls
   discretising position for later plotting
   handling undefined parameters
   initialising basis features for learning
   calculating state vector at all discretised positions
HBox(children=(HTML(value=''), FloatProgress(value=0.0, max=10000.0), HTML(value='')))

   initialising STDP weight matrix and traces
DONE
HBox(children=(HTML(value=''), FloatProgress(value=0.0, max=60000.0), HTML(value='')))

Calculating place and grid cells
theta: (0.757305458879292, -2.885899412363228, 0.5033275092024625, 0.43208663737558417)
no theta: (0.9494264819432561, -0.9028712002582007, 0.23037369798786939, 0.21158685056605206)
Setting parameters
Initialising
   making state/history dataframes
   initialising velocity, position and direction
   setting time/run counters
   making the maze walls
   discretising position for later plotting
   handling undefined parameters
   initialising basis features for learning
   calculating state vector at all discretised positions
HBox(children=(HTML(value=''), FloatProgress(value=0.0, max=10000.0), HTML(value='')))

   initialising STDP weight matrix and traces
DONE
HBox(children=(HTML(value=''), FloatProgress(value=0.0, max=60000.0), HTML(value='')))

Calculating place and grid cells
theta: (0.9141973079660652, -1.0828541965652585, 0.24570836271480806, 0.23158717734443976)
no theta: (0.9733848714920642, -0.7087367107128137, 0.2033272710240255, 0.18999002057434922)
Setting parameters
Initialising
   making state/history dataframes
   initialising velocity, position and direction
   setting time/run counters
   making the maze walls
   discretising position for later plotting
   handling undefined parameters
   initialising basis features for learning
   calculating state vector at all discretised positions
HBox(children=(HTML(value=''), FloatProgress(value=0.0, max=10000.0), HTML(value='')))

   initialising STDP weight matrix and traces
DONE
HBox(children=(HTML(value=''), FloatProgress(value=0.0, max=60000.0), HTML(value='')))

Calculating place and grid cells
theta: (0.7452825299663003, -2.767953401100528, 0.40281316407180084, 0.4189082189900884)
no theta: (0.9703409718640602, -0.7427224549715983, 0.20361865690609401, 0.19374994382705468)
Setting parameters
Initialising
   making state/history dataframes
   initialising velocity, position and direction
   setting time/run counters
   making the maze walls
   discretising position for later plotting
   handling undefined parameters
   initialising basis features for learning
   calculating state vector at all discretised positions
HBox(children=(HTML(value=''), FloatProgress(value=0.0, max=10000.0), HTML(value='')))

   initialising STDP weight matrix and traces
DONE
HBox(children=(HTML(value=''), FloatProgress(value=0.0, max=60000.0), HTML(value='')))

Calculating place and grid cells
theta: (0.9352428405840942, -0.8048725065419919, 0.2181860408831167, 0.20064471603740575)
no theta: (0.9752347670167605, -0.7371947295153807, 0.21017044543399732, 0.19312108857655866)
Setting parameters
Initialising
   making state/history dataframes
   initialising velocity, position and direction
   setting time/run counters
   making the maze walls
   discretising position for later plotting
   handling undefined parameters
   initialising basis features for learning
   calculating state vector at all discretised positions
HBox(children=(HTML(value=''), FloatProgress(value=0.0, max=10000.0), HTML(value='')))

   initialising STDP weight matrix and traces
DONE
HBox(children=(HTML(value=''), FloatProgress(value=0.0, max=60000.0), HTML(value='')))

Calculating place and grid cells
theta: (0.6173931956840397, -3.9465779984722156, 0.6179315727914286, 0.5499372284630285)
no theta: (0.9632588641112978, -0.7610328870367642, 0.20395821024017238, 0.19578333656688693)
Setting parameters
Initialising
   making state/history dataframes
   initialising velocity, position and direction
   setting time/run counters
   making the maze walls
   discretising position for later plotting
   handling undefined parameters
   initialising basis features for learning
   calculating state vector at all discretised positions
HBox(children=(HTML(value=''), FloatProgress(value=0.0, max=10000.0), HTML(value='')))

   initialising STDP weight matrix and traces
DONE
HBox(children=(HTML(value=''), FloatProgress(value=0.0, max=60000.0), HTML(value='')))

Calculating place and grid cells
theta: (0.8805333694992499, -1.6530584291364363, 0.34185152471815433, 0.29497636889887785)
no theta: (0.9799674144664776, -0.6295713172293664, 0.19716293811322946, 0.18118147144408786)
Setting parameters
Initialising
   making state/history dataframes
   initialising velocity, position and direction
   setting time/run counters
   making the maze walls
   discretising position for later plotting
   handling undefined parameters
   initialising basis features for learning
   calculating state vector at all discretised positions
HBox(children=(HTML(value=''), FloatProgress(value=0.0, max=10000.0), HTML(value='')))

   initialising STDP weight matrix and traces
DONE
HBox(children=(HTML(value=''), FloatProgress(value=0.0, max=60000.0), HTML(value='')))

Calculating place and grid cells
theta: (0.8794654806596666, -1.7016698580798706, 0.34638439292958695, 0.3003942122188543)
no theta: (0.9795595463017807, -0.5607037366199235, 0.1843190387301225, 0.17353207242063556)
Setting parameters
Initialising
   making state/history dataframes
   initialising velocity, position and direction
   setting time/run counters
   making the maze walls
   discretising position for later plotting
   handling undefined parameters
   initialising basis features for learning
   calculating state vector at all discretised positions
HBox(children=(HTML(value=''), FloatProgress(value=0.0, max=10000.0), HTML(value='')))

   initialising STDP weight matrix and traces
DONE
HBox(children=(HTML(value=''), FloatProgress(value=0.0, max=60000.0), HTML(value='')))

Calculating place and grid cells
theta: (0.9804248336350139, -0.2426316180533985, 0.15655708905690102, 0.13817615453451124)
no theta: (0.9780556239220498, -0.6603200433790362, 0.2020899455256265, 0.18462160109049278)
Setting parameters
Initialising
   making state/history dataframes
   initialising velocity, position and direction
   setting time/run counters
   making the maze walls
   discretising position for later plotting
   handling undefined parameters
   initialising basis features for learning
   calculating state vector at all discretised positions
HBox(children=(HTML(value=''), FloatProgress(value=0.0, max=10000.0), HTML(value='')))

   initialising STDP weight matrix and traces
DONE
HBox(children=(HTML(value=''), FloatProgress(value=0.0, max=60000.0), HTML(value='')))

Calculating place and grid cells
theta: (0.5475391257690103, -4.67760081463706, 0.7216476667204307, 0.631227385637498)
no theta: (0.8406699183250294, -2.1791663099797813, 0.4101666215261391, 0.3534550779233732)
Setting parameters
Initialising
   making state/history dataframes
   initialising velocity, position and direction
   setting time/run counters
   making the maze walls
   discretising position for later plotting
   handling undefined parameters
   initialising basis features for learning
   calculating state vector at all discretised positions
HBox(children=(HTML(value=''), FloatProgress(value=0.0, max=10000.0), HTML(value='')))

   initialising STDP weight matrix and traces
DONE
HBox(children=(HTML(value=''), FloatProgress(value=0.0, max=60000.0), HTML(value='')))

Calculating place and grid cells
theta: (0.9857176937576275, -0.41562622612482936, 0.18259205859119176, 0.15738013693297195)
no theta: (0.9742994762513164, -0.7610151589005836, 0.21503681585944204, 0.19577823703329322)
Setting parameters
Initialising
   making state/history dataframes
   initialising velocity, position and direction
   setting time/run counters
   making the maze walls
   discretising position for later plotting
   handling undefined parameters
   initialising basis features for learning
   calculating state vector at all discretised positions
HBox(children=(HTML(value=''), FloatProgress(value=0.0, max=10000.0), HTML(value='')))

   initialising STDP weight matrix and traces
DONE
HBox(children=(HTML(value=''), FloatProgress(value=0.0, max=60000.0), HTML(value='')))

Calculating place and grid cells
theta: (0.5680542703600078, -4.463473481848763, 0.690659165075742, 0.6074394285899772)
no theta: (0.8362103422507334, -2.1146171094643798, 0.4065898680942149, 0.34628908578675904)
Setting parameters
Initialising
   making state/history dataframes
   initialising velocity, position and direction
   setting time/run counters
   making the maze walls
   discretising position for later plotting
   handling undefined parameters
   initialising basis features for learning
   calculating state vector at all discretised positions
HBox(children=(HTML(value=''), FloatProgress(value=0.0, max=10000.0), HTML(value='')))

   initialising STDP weight matrix and traces
DONE
HBox(children=(HTML(value=''), FloatProgress(value=0.0, max=60000.0), HTML(value='')))

Calculating place and grid cells
theta: (0.8222489655913257, -2.0711924242597983, 0.33915443269333573, 0.34149864193014773)
no theta: (0.9712550901900145, -0.8460423411742357, 0.22350650023247617, 0.20526911549949278)
Setting parameters
Initialising
   making state/history dataframes
   initialising velocity, position and direction
   setting time/run counters
   making the maze walls
   discretising position for later plotting
   handling undefined parameters
   initialising basis features for learning
   calculating state vector at all discretised positions
HBox(children=(HTML(value=''), FloatProgress(value=0.0, max=10000.0), HTML(value='')))

   initialising STDP weight matrix and traces
DONE
HBox(children=(HTML(value=''), FloatProgress(value=0.0, max=60000.0), HTML(value='')))

Calculating place and grid cells
theta: (0.7841205639155395, -2.388617999221263, 0.3454554478415221, 0.37665478816871023)
no theta: (0.9746331929949236, -0.5133773687349015, 0.1872916113600073, 0.1682163148431486)
Setting parameters
Initialising
   making state/history dataframes
   initialising velocity, position and direction
   setting time/run counters
   making the maze walls
   discretising position for later plotting
   handling undefined parameters
   initialising basis features for learning
   calculating state vector at all discretised positions
HBox(children=(HTML(value=''), FloatProgress(value=0.0, max=10000.0), HTML(value='')))

   initialising STDP weight matrix and traces
DONE
HBox(children=(HTML(value=''), FloatProgress(value=0.0, max=60000.0), HTML(value='')))

Calculating place and grid cells
theta: (0.9784783088763876, -0.23024819613903902, 0.1472865082168396, 0.13679334556904638)
no theta: (0.9778772910322693, -0.7030871525046811, 0.21616921543594667, 0.18936909651070635)
Setting parameters
Initialising
   making state/history dataframes
   initialising velocity, position and direction
   setting time/run counters
   making the maze walls
   discretising position for later plotting
   handling undefined parameters
   initialising basis features for learning
   calculating state vector at all discretised positions
HBox(children=(HTML(value=''), FloatProgress(value=0.0, max=10000.0), HTML(value='')))

   initialising STDP weight matrix and traces
DONE
HBox(children=(HTML(value=''), FloatProgress(value=0.0, max=60000.0), HTML(value='')))

Calculating place and grid cells
theta: (0.898317996955725, -1.2603506305002146, 0.2637452308691141, 0.2513100537459315)
no theta: (0.9771605581490337, -0.29775673443841133, 0.1645022515927406, 0.14428704568223882)
Setting parameters
Initialising
   making state/history dataframes
   initialising velocity, position and direction
   setting time/run counters
   making the maze walls
   discretising position for later plotting
   handling undefined parameters
   initialising basis features for learning
   calculating state vector at all discretised positions
HBox(children=(HTML(value=''), FloatProgress(value=0.0, max=10000.0), HTML(value='')))

   initialising STDP weight matrix and traces
DONE
HBox(children=(HTML(value=''), FloatProgress(value=0.0, max=60000.0), HTML(value='')))

Calculating place and grid cells
theta: (0.9605313950071552, -0.4471385971433883, 0.18450361210396282, 0.16090394629466948)
no theta: (0.9800494966363689, -0.5844502678841836, 0.1984700404999546, 0.1761713088942997)
Setting parameters
Initialising
   making state/history dataframes
   initialising velocity, position and direction
   setting time/run counters
   making the maze walls
   discretising position for later plotting
   handling undefined parameters
   initialising basis features for learning
   calculating state vector at all discretised positions
HBox(children=(HTML(value=''), FloatProgress(value=0.0, max=10000.0), HTML(value='')))

   initialising STDP weight matrix and traces
DONE
HBox(children=(HTML(value=''), FloatProgress(value=0.0, max=60000.0), HTML(value='')))

Calculating place and grid cells
theta: (0.40872429058164256, -6.053440123139953, 0.90555038085287, 0.7841207025731985)
no theta: (0.8823995722600037, -1.6120100730868034, 0.33739570605769925, 0.2903733692893869)
Setting parameters
Initialising
   making state/history dataframes
   initialising velocity, position and direction
   setting time/run counters
   making the maze walls
   discretising position for later plotting
   handling undefined parameters
   initialising basis features for learning
   calculating state vector at all discretised positions
HBox(children=(HTML(value=''), FloatProgress(value=0.0, max=10000.0), HTML(value='')))

   initialising STDP weight matrix and traces
DONE
HBox(children=(HTML(value=''), FloatProgress(value=0.0, max=60000.0), HTML(value='')))

Calculating place and grid cells
theta: (0.8757473372822284, -1.524503817686238, 0.27733731798596006, 0.28065837077673117)
no theta: (0.9694784740416793, -0.784061263902208, 0.20585845090854502, 0.19834064982780764)
Setting parameters
Initialising
   making state/history dataframes
   initialising velocity, position and direction
   setting time/run counters
   making the maze walls
   discretising position for later plotting
   handling undefined parameters
   initialising basis features for learning
   calculating state vector at all discretised positions
HBox(children=(HTML(value=''), FloatProgress(value=0.0, max=10000.0), HTML(value='')))

   initialising STDP weight matrix and traces
DONE
HBox(children=(HTML(value=''), FloatProgress(value=0.0, max=60000.0), HTML(value='')))

Calculating place and grid cells
theta: (0.8310743092445139, -1.959645311007308, 0.3293195630905399, 0.32904057861507496)
no theta: (0.9811333267298838, -0.6054016664816999, 0.20526352907598971, 0.1784816211875599)
Setting parameters
Initialising
   making state/history dataframes
   initialising velocity, position and direction
   setting time/run counters
   making the maze walls
   discretising position for later plotting
   handling undefined parameters
   initialising basis features for learning
   calculating state vector at all discretised positions
HBox(children=(HTML(value=''), FloatProgress(value=0.0, max=10000.0), HTML(value='')))

   initialising STDP weight matrix and traces
DONE
HBox(children=(HTML(value=''), FloatProgress(value=0.0, max=60000.0), HTML(value='')))

Calculating place and grid cells
theta: (0.9704098341154422, -0.4410391396115565, 0.1854484116978401, 0.16023431897931986)
no theta: (0.9753796237493597, -0.6235012829277178, 0.1927239190700967, 0.1805229402041765)
Setting parameters
Initialising
   making state/history dataframes
   initialising velocity, position and direction
   setting time/run counters
   making the maze walls
   discretising position for later plotting
   handling undefined parameters
   initialising basis features for learning
   calculating state vector at all discretised positions
HBox(children=(HTML(value=''), FloatProgress(value=0.0, max=10000.0), HTML(value='')))

   initialising STDP weight matrix and traces
DONE
HBox(children=(HTML(value=''), FloatProgress(value=0.0, max=60000.0), HTML(value='')))

Calculating place and grid cells
theta: (0.9484403512359619, -0.6232032644501768, 0.19722755253665636, 0.18047805618640803)
no theta: (0.9661288077055336, -0.9517171653656886, 0.22759081916557156, 0.21700431975792)
Setting parameters
Initialising
   making state/history dataframes
   initialising velocity, position and direction
   setting time/run counters
   making the maze walls
   discretising position for later plotting
   handling undefined parameters
   initialising basis features for learning
   calculating state vector at all discretised positions
HBox(children=(HTML(value=''), FloatProgress(value=0.0, max=10000.0), HTML(value='')))

   initialising STDP weight matrix and traces
DONE
HBox(children=(HTML(value=''), FloatProgress(value=0.0, max=60000.0), HTML(value='')))

Calculating place and grid cells
theta: (0.9589151005468386, -0.47440540287493715, 0.1761376360150048, 0.16394410021378816)
no theta: (0.9740306705456224, -0.6761295413173585, 0.1975710849546013, 0.18637448625541445)
Setting parameters
Initialising
   making state/history dataframes
   initialising velocity, position and direction
   setting time/run counters
   making the maze walls
   discretising position for later plotting
   handling undefined parameters
   initialising basis features for learning
   calculating state vector at all discretised positions
HBox(children=(HTML(value=''), FloatProgress(value=0.0, max=10000.0), HTML(value='')))

   initialising STDP weight matrix and traces
DONE
HBox(children=(HTML(value=''), FloatProgress(value=0.0, max=60000.0), HTML(value='')))

Calculating place and grid cells
theta: (0.9673871126918743, -0.35140048572225746, 0.16972733830602074, 0.15025200721913767)
no theta: (0.975168195727322, -0.7796029724673763, 0.2191379811550937, 0.19786060571338393)
Setting parameters
Initialising
   making state/history dataframes
   initialising velocity, position and direction
   setting time/run counters
   making the maze walls
   discretising position for later plotting
   handling undefined parameters
   initialising basis features for learning
   calculating state vector at all discretised positions
HBox(children=(HTML(value=''), FloatProgress(value=0.0, max=10000.0), HTML(value='')))

   initialising STDP weight matrix and traces
DONE
HBox(children=(HTML(value=''), FloatProgress(value=0.0, max=60000.0), HTML(value='')))

Calculating place and grid cells
theta: (0.4305104117746639, -5.639141423497771, 0.8134303476861877, 0.7381193364303895)
no theta: (0.8711567616726116, -1.747855144789329, 0.3578180210495406, 0.30549808878904233)
Setting parameters
Initialising
   making state/history dataframes
   initialising velocity, position and direction
   setting time/run counters
   making the maze walls
   discretising position for later plotting
   handling undefined parameters
   initialising basis features for learning
   calculating state vector at all discretised positions
HBox(children=(HTML(value=''), FloatProgress(value=0.0, max=10000.0), HTML(value='')))

   initialising STDP weight matrix and traces
DONE
HBox(children=(HTML(value=''), FloatProgress(value=0.0, max=60000.0), HTML(value='')))

Calculating place and grid cells
theta: (0.7947135826824808, -2.2965570688425174, 0.37142397269595917, 0.3664875201277058)
no theta: (0.9814907863950482, -0.494881557774709, 0.18913029405003923, 0.16619018677746022)
Setting parameters
Initialising
   making state/history dataframes
   initialising velocity, position and direction
   setting time/run counters
   making the maze walls
   discretising position for later plotting
   handling undefined parameters
   initialising basis features for learning
   calculating state vector at all discretised positions
HBox(children=(HTML(value=''), FloatProgress(value=0.0, max=10000.0), HTML(value='')))

   initialising STDP weight matrix and traces
DONE
HBox(children=(HTML(value=''), FloatProgress(value=0.0, max=60000.0), HTML(value='')))

Calculating place and grid cells
theta: (0.8886234949138705, -1.5733339035140372, 0.3319131506160587, 0.2860800308327889)
no theta: (0.9796941200742577, -0.5874942666897707, 0.19298724539334464, 0.17648328036300162)
Setting parameters
Initialising
   making state/history dataframes
   initialising velocity, position and direction
   setting time/run counters
   making the maze walls
   discretising position for later plotting
   handling undefined parameters
   initialising basis features for learning
   calculating state vector at all discretised positions
HBox(children=(HTML(value=''), FloatProgress(value=0.0, max=10000.0), HTML(value='')))

   initialising STDP weight matrix and traces
DONE
HBox(children=(HTML(value=''), FloatProgress(value=0.0, max=60000.0), HTML(value='')))

Calculating place and grid cells
theta: (0.9671405391289615, -0.4408580602335872, 0.1729203744395693, 0.16019787189629306)
no theta: (0.9776886611043111, -0.5295139669902051, 0.19151796703117077, 0.1700548369821836)
Setting parameters
Initialising
   making state/history dataframes
   initialising velocity, position and direction
   setting time/run counters
   making the maze walls
   discretising position for later plotting
   handling undefined parameters
   initialising basis features for learning
   calculating state vector at all discretised positions
HBox(children=(HTML(value=''), FloatProgress(value=0.0, max=10000.0), HTML(value='')))

   initialising STDP weight matrix and traces
DONE
HBox(children=(HTML(value=''), FloatProgress(value=0.0, max=60000.0), HTML(value='')))

Calculating place and grid cells
theta: (0.7909846959061426, -2.4768463210371454, 0.4461549884462719, 0.3865697241270827)
no theta: (0.9860923225047709, -0.49671500053268947, 0.19576483337157208, 0.16641077903040474)
Setting parameters
Initialising
   making state/history dataframes
   initialising velocity, position and direction
   setting time/run counters
   making the maze walls
   discretising position for later plotting
   handling undefined parameters
   initialising basis features for learning
   calculating state vector at all discretised positions
HBox(children=(HTML(value=''), FloatProgress(value=0.0, max=10000.0), HTML(value='')))

   initialising STDP weight matrix and traces
DONE
HBox(children=(HTML(value=''), FloatProgress(value=0.0, max=60000.0), HTML(value='')))

Calculating place and grid cells
theta: (0.7695990931260479, -2.4899797875788647, 0.3766349354818701, 0.38804786013678705)
no theta: (0.9751903646252905, -0.6581845432968312, 0.20997713284647826, 0.1843721175773974)
Setting parameters
Initialising
   making state/history dataframes
   initialising velocity, position and direction
   setting time/run counters
   making the maze walls
   discretising position for later plotting
   handling undefined parameters
   initialising basis features for learning
   calculating state vector at all discretised positions
HBox(children=(HTML(value=''), FloatProgress(value=0.0, max=10000.0), HTML(value='')))

   initialising STDP weight matrix and traces
DONE
HBox(children=(HTML(value=''), FloatProgress(value=0.0, max=60000.0), HTML(value='')))

Calculating place and grid cells
theta: (0.9773803821194342, -0.5792453263254156, 0.1924389478966703, 0.1755726160833957)
no theta: (0.9745357746539658, -0.7355067760361873, 0.21106673055347241, 0.19294498443007965)
Setting parameters
Initialising
   making state/history dataframes
   initialising velocity, position and direction
   setting time/run counters
   making the maze walls
   discretising position for later plotting
   handling undefined parameters
   initialising basis features for learning
   calculating state vector at all discretised positions
HBox(children=(HTML(value=''), FloatProgress(value=0.0, max=10000.0), HTML(value='')))

   initialising STDP weight matrix and traces
DONE
HBox(children=(HTML(value=''), FloatProgress(value=0.0, max=60000.0), HTML(value='')))

Calculating place and grid cells
theta: (0.6159658918885353, -3.68984442748258, 0.48119497466341093, 0.5213997092519717)
no theta: (0.9815205036023603, -0.518248096383868, 0.19189281221771423, 0.16879325706158482)
Setting parameters
Initialising
   making state/history dataframes
   initialising velocity, position and direction
   setting time/run counters
   making the maze walls
   discretising position for later plotting
   handling undefined parameters
   initialising basis features for learning
   calculating state vector at all discretised positions
HBox(children=(HTML(value=''), FloatProgress(value=0.0, max=10000.0), HTML(value='')))

   initialising STDP weight matrix and traces
DONE
HBox(children=(HTML(value=''), FloatProgress(value=0.0, max=60000.0), HTML(value='')))

Calculating place and grid cells
theta: (0.852109283488528, -1.9504003641095196, 0.37749696189368087, 0.32800861352078653)
no theta: (0.9226492660605888, -1.2742439686456541, 0.28267987111239207, 0.2528374182832705)
Setting parameters
Initialising
   making state/history dataframes
   initialising velocity, position and direction
   setting time/run counters
   making the maze walls
   discretising position for later plotting
   handling undefined parameters
   initialising basis features for learning
   calculating state vector at all discretised positions
HBox(children=(HTML(value=''), FloatProgress(value=0.0, max=10000.0), HTML(value='')))

   initialising STDP weight matrix and traces
DONE
HBox(children=(HTML(value=''), FloatProgress(value=0.0, max=60000.0), HTML(value='')))

Calculating place and grid cells
theta: (0.9560965205957443, -0.5206361037089755, 0.1794162663386155, 0.16907561468980206)
no theta: (0.987043215227408, -0.26895532694812707, 0.17110133643136333, 0.1410918768759646)
Setting parameters
Initialising
   making state/history dataframes
   initialising velocity, position and direction
   setting time/run counters
   making the maze walls
   discretising position for later plotting
   handling undefined parameters
   initialising basis features for learning
   calculating state vector at all discretised positions
HBox(children=(HTML(value=''), FloatProgress(value=0.0, max=10000.0), HTML(value='')))

   initialising STDP weight matrix and traces
DONE
HBox(children=(HTML(value=''), FloatProgress(value=0.0, max=60000.0), HTML(value='')))

Calculating place and grid cells
theta: (0.6379504843151896, -3.5273665580379108, 0.4693597708289021, 0.5032947768854266)
no theta: (0.9829901045562817, -0.5207074112289016, 0.19534193603764521, 0.16905282296694824)
Setting parameters
Initialising
   making state/history dataframes
   initialising velocity, position and direction
   setting time/run counters
   making the maze walls
   discretising position for later plotting
   handling undefined parameters
   initialising basis features for learning
   calculating state vector at all discretised positions
HBox(children=(HTML(value=''), FloatProgress(value=0.0, max=10000.0), HTML(value='')))

   initialising STDP weight matrix and traces
DONE
HBox(children=(HTML(value=''), FloatProgress(value=0.0, max=60000.0), HTML(value='')))

Calculating place and grid cells
theta: (0.6161287069306635, -4.062517092740053, 0.6472176013429489, 0.5628870337002564)
no theta: (0.9623345670186608, -0.710970978663481, 0.20339120291122834, 0.19023804982470668)
Setting parameters
Initialising
   making state/history dataframes
   initialising velocity, position and direction
   setting time/run counters
   making the maze walls
   discretising position for later plotting
   handling undefined parameters
   initialising basis features for learning
   calculating state vector at all discretised positions
HBox(children=(HTML(value=''), FloatProgress(value=0.0, max=10000.0), HTML(value='')))

   initialising STDP weight matrix and traces
DONE
HBox(children=(HTML(value=''), FloatProgress(value=0.0, max=60000.0), HTML(value='')))

Calculating place and grid cells
theta: (0.8577935896570349, -1.9036812273310133, 0.37510922009335956, 0.32282332701926914)
no theta: (0.9258304393526234, -1.2356570051395264, 0.2785942706730733, 0.24855422340435937)
Setting parameters
Initialising
   making state/history dataframes
   initialising velocity, position and direction
   setting time/run counters
   making the maze walls
   discretising position for later plotting
   handling undefined parameters
   initialising basis features for learning
   calculating state vector at all discretised positions
HBox(children=(HTML(value=''), FloatProgress(value=0.0, max=10000.0), HTML(value='')))

   initialising STDP weight matrix and traces
DONE
HBox(children=(HTML(value=''), FloatProgress(value=0.0, max=60000.0), HTML(value='')))

Calculating place and grid cells
theta: (0.9350974116538517, -1.0650924117061398, 0.260413733444909, 0.22962329037653803)
no theta: (0.9699891727093735, -0.743407590752311, 0.19750367985816458, 0.1938542726643579)
Setting parameters
Initialising
   making state/history dataframes
   initialising velocity, position and direction
   setting time/run counters
   making the maze walls
   discretising position for later plotting
   handling undefined parameters
   initialising basis features for learning
   calculating state vector at all discretised positions
HBox(children=(HTML(value=''), FloatProgress(value=0.0, max=10000.0), HTML(value='')))

   initialising STDP weight matrix and traces
DONE
HBox(children=(HTML(value=''), FloatProgress(value=0.0, max=60000.0), HTML(value='')))

Calculating place and grid cells
theta: (0.8525076564439934, -1.768429129592063, 0.29732738688105753, 0.30777785474016695)
no theta: (0.9738880116540477, -0.7864289053993523, 0.2180813067104869, 0.19860477924918213)
Setting parameters
Initialising
   making state/history dataframes
   initialising velocity, position and direction
   setting time/run counters
   making the maze walls
   discretising position for later plotting
   handling undefined parameters
   initialising basis features for learning
   calculating state vector at all discretised positions
HBox(children=(HTML(value=''), FloatProgress(value=0.0, max=10000.0), HTML(value='')))

   initialising STDP weight matrix and traces
DONE
HBox(children=(HTML(value=''), FloatProgress(value=0.0, max=60000.0), HTML(value='')))

Calculating place and grid cells
theta: (0.9159746883409258, -1.0590813581875929, 0.24915116410784197, 0.2289358857066988)
no theta: (0.972947278040942, -0.6949173384031961, 0.2001829525517362, 0.1884468530221257)
Setting parameters
Initialising
   making state/history dataframes
   initialising velocity, position and direction
   setting time/run counters
   making the maze walls
   discretising position for later plotting
   handling undefined parameters
   initialising basis features for learning
   calculating state vector at all discretised positions
HBox(children=(HTML(value=''), FloatProgress(value=0.0, max=10000.0), HTML(value='')))

   initialising STDP weight matrix and traces
DONE
HBox(children=(HTML(value=''), FloatProgress(value=0.0, max=60000.0), HTML(value='')))

Calculating place and grid cells
theta: (0.7821030327126552, -2.5835347388967973, 0.46207391851930796, 0.3983552688457901)
no theta: (0.9416600904484486, -1.0411863031323585, 0.249043051602191, 0.22690370759429446)
Setting parameters
Initialising
   making state/history dataframes
   initialising velocity, position and direction
   setting time/run counters
   making the maze walls
   discretising position for later plotting
   handling undefined parameters
   initialising basis features for learning
   calculating state vector at all discretised positions
HBox(children=(HTML(value=''), FloatProgress(value=0.0, max=10000.0), HTML(value='')))

   initialising STDP weight matrix and traces
DONE
HBox(children=(HTML(value=''), FloatProgress(value=0.0, max=60000.0), HTML(value='')))

Calculating place and grid cells
theta: (0.9702568329289405, -0.4233068973985816, 0.1684330140869601, 0.1582473333309741)
no theta: (0.9756127203122181, -0.6960299893563251, 0.20713547497968463, 0.18856946703170407)
Setting parameters
Initialising
   making state/history dataframes
   initialising velocity, position and direction
   setting time/run counters
   making the maze walls
   discretising position for later plotting
   handling undefined parameters
   initialising basis features for learning
   calculating state vector at all discretised positions
HBox(children=(HTML(value=''), FloatProgress(value=0.0, max=10000.0), HTML(value='')))

   initialising STDP weight matrix and traces
DONE
HBox(children=(HTML(value=''), FloatProgress(value=0.0, max=60000.0), HTML(value='')))

Calculating place and grid cells
theta: (0.9818398271091806, -0.5536845463243179, 0.19520186682090096, 0.1726987948552042)
no theta: (0.9745522162291901, -0.7656845630362585, 0.21510263275014455, 0.19626351877683412)
Setting parameters
Initialising
   making state/history dataframes
   initialising velocity, position and direction
   setting time/run counters
   making the maze walls
   discretising position for later plotting
   handling undefined parameters
   initialising basis features for learning
   calculating state vector at all discretised positions
HBox(children=(HTML(value=''), FloatProgress(value=0.0, max=10000.0), HTML(value='')))

   initialising STDP weight matrix and traces
DONE
HBox(children=(HTML(value=''), FloatProgress(value=0.0, max=60000.0), HTML(value='')))

Calculating place and grid cells
theta: (0.9805090154592981, -0.43663055733147926, 0.18043392049672305, 0.15974547743125242)
no theta: (0.9788376556322259, -0.6737528743743137, 0.20975412591932371, 0.1861121849694608)
Setting parameters
Initialising
   making state/history dataframes
   initialising velocity, position and direction
   setting time/run counters
   making the maze walls
   discretising position for later plotting
   handling undefined parameters
   initialising basis features for learning
   calculating state vector at all discretised positions
HBox(children=(HTML(value=''), FloatProgress(value=0.0, max=10000.0), HTML(value='')))

   initialising STDP weight matrix and traces
DONE
HBox(children=(HTML(value=''), FloatProgress(value=0.0, max=60000.0), HTML(value='')))

Calculating place and grid cells
theta: (0.9861874993404581, -0.36674576301895745, 0.18440640371591788, 0.15197173395026017)
no theta: (0.976955530132906, -0.7684280163909369, 0.22336612431365033, 0.19663574549776902)
Setting parameters
Initialising
   making state/history dataframes
   initialising velocity, position and direction
   setting time/run counters
   making the maze walls
   discretising position for later plotting
   handling undefined parameters
   initialising basis features for learning
   calculating state vector at all discretised positions
HBox(children=(HTML(value=''), FloatProgress(value=0.0, max=10000.0), HTML(value='')))

   initialising STDP weight matrix and traces
DONE
HBox(children=(HTML(value=''), FloatProgress(value=0.0, max=60000.0), HTML(value='')))

Calculating place and grid cells
theta: (0.8871033459876447, -1.4010560531601932, 0.26777783220536644, 0.2669689314234884)
no theta: (0.9826845095722619, -0.6720332368454556, 0.21894337861814753, 0.18591024810007056)
Setting parameters
Initialising
   making state/history dataframes
   initialising velocity, position and direction
   setting time/run counters
   making the maze walls
   discretising position for later plotting
   handling undefined parameters
   initialising basis features for learning
   calculating state vector at all discretised positions
HBox(children=(HTML(value=''), FloatProgress(value=0.0, max=10000.0), HTML(value='')))

   initialising STDP weight matrix and traces
DONE
HBox(children=(HTML(value=''), FloatProgress(value=0.0, max=60000.0), HTML(value='')))

Calculating place and grid cells
theta: (0.8469230021927956, -1.999815826419416, 0.38602375684484563, 0.3335131040849187)
no theta: (0.9200413026276143, -1.2821484571314539, 0.28870338093722603, 0.2537243817494625)
Setting parameters
Initialising
   making state/history dataframes
   initialising velocity, position and direction
   setting time/run counters
   making the maze walls
   discretising position for later plotting
   handling undefined parameters
   initialising basis features for learning
   calculating state vector at all discretised positions
HBox(children=(HTML(value=''), FloatProgress(value=0.0, max=10000.0), HTML(value='')))

   initialising STDP weight matrix and traces
DONE
HBox(children=(HTML(value=''), FloatProgress(value=0.0, max=60000.0), HTML(value='')))

Calculating place and grid cells
theta: (0.9762452623159995, -0.6160802610910201, 0.19870220778037387, 0.17967650191576517)
no theta: (0.9851971008968667, -0.4668541468767622, 0.19570677646324844, 0.16308547804025597)
Setting parameters
Initialising
   making state/history dataframes
   initialising velocity, position and direction
   setting time/run counters
   making the maze walls
   discretising position for later plotting
   handling undefined parameters
   initialising basis features for learning
   calculating state vector at all discretised positions
HBox(children=(HTML(value=''), FloatProgress(value=0.0, max=10000.0), HTML(value='')))

   initialising STDP weight matrix and traces
DONE
HBox(children=(HTML(value=''), FloatProgress(value=0.0, max=60000.0), HTML(value='')))

Calculating place and grid cells
theta: (0.8823752895041389, -1.4673019240947012, 0.2832014470777437, 0.2743108743616849)
no theta: (0.9706690377744297, -0.799521123446113, 0.215192888130095, 0.20006802085478298)
Setting parameters
Initialising
   making state/history dataframes
   initialising velocity, position and direction
   setting time/run counters
   making the maze walls
   discretising position for later plotting
   handling undefined parameters
   initialising basis features for learning
   calculating state vector at all discretised positions
HBox(children=(HTML(value=''), FloatProgress(value=0.0, max=10000.0), HTML(value='')))

   initialising STDP weight matrix and traces
DONE
HBox(children=(HTML(value=''), FloatProgress(value=0.0, max=60000.0), HTML(value='')))

Calculating place and grid cells
theta: (0.9786189112265683, -0.2676054826984968, 0.15314382518460729, 0.14093990171437895)
no theta: (0.9752217481328629, -0.5284795869381684, 0.18210294778878944, 0.16994543309871368)
Setting parameters
Initialising
   making state/history dataframes
   initialising velocity, position and direction
   setting time/run counters
   making the maze walls
   discretising position for later plotting
   handling undefined parameters
   initialising basis features for learning
   calculating state vector at all discretised positions
HBox(children=(HTML(value=''), FloatProgress(value=0.0, max=10000.0), HTML(value='')))

   initialising STDP weight matrix and traces
DONE
HBox(children=(HTML(value=''), FloatProgress(value=0.0, max=60000.0), HTML(value='')))

Calculating place and grid cells
theta: (0.9833535212989478, -0.3113322366631732, 0.16689986075664137, 0.14579138445009812)
no theta: (0.9757173779092181, -0.5456101662120094, 0.18501115127970125, 0.1718379520094683)
Setting parameters
Initialising
   making state/history dataframes
   initialising velocity, position and direction
   setting time/run counters
   making the maze walls
   discretising position for later plotting
   handling undefined parameters
   initialising basis features for learning
   calculating state vector at all discretised positions
HBox(children=(HTML(value=''), FloatProgress(value=0.0, max=10000.0), HTML(value='')))

   initialising STDP weight matrix and traces
DONE
HBox(children=(HTML(value=''), FloatProgress(value=0.0, max=60000.0), HTML(value='')))

Calculating place and grid cells
theta: (0.9367342986364636, -1.159449694765701, 0.2604214855977258, 0.24012061415859595)
no theta: (0.9676465049505156, -0.7802929111836865, 0.2037198108649419, 0.19796016932082477)
Setting parameters
Initialising
   making state/history dataframes
   initialising velocity, position and direction
   setting time/run counters
   making the maze walls
   discretising position for later plotting
   handling undefined parameters
   initialising basis features for learning
   calculating state vector at all discretised positions
HBox(children=(HTML(value=''), FloatProgress(value=0.0, max=10000.0), HTML(value='')))

   initialising STDP weight matrix and traces
DONE
HBox(children=(HTML(value=''), FloatProgress(value=0.0, max=60000.0), HTML(value='')))

Calculating place and grid cells
theta: (0.8927417610736156, -1.345120386147261, 0.27319510972969674, 0.26073852950294746)
no theta: (0.9755999615123749, -0.59528535866913, 0.19096279997475032, 0.17736929882748098)
Setting parameters
Initialising
   making state/history dataframes
   initialising velocity, position and direction
   setting time/run counters
   making the maze walls
   discretising position for later plotting
   handling undefined parameters
   initialising basis features for learning
   calculating state vector at all discretised positions
HBox(children=(HTML(value=''), FloatProgress(value=0.0, max=10000.0), HTML(value='')))

   initialising STDP weight matrix and traces
DONE
HBox(children=(HTML(value=''), FloatProgress(value=0.0, max=60000.0), HTML(value='')))

Calculating place and grid cells
theta: (0.6738632343020173, -3.5970979851043747, 0.5914640775960034, 0.5111781686614256)
no theta: (0.7825387669060515, -2.5586839852281957, 0.45934733031465863, 0.3957108524351783)
