../mazeAgentUtils.py:1538: MatplotlibDeprecationWarning: savefig() got unexpected keyword argument "tight_layout" which is no longer supported as of 3.3 and will become an error two minor releases later
  fig.savefig(path+".pdf", dpi=400,tight_layout=tight_layout,transparent=transparent)
../mazeAgentUtils.py:1538: MatplotlibDeprecationWarning: savefig() got unexpected keyword argument "tight_layout" which is no longer supported as of 3.3 and will become an error two minor releases later
  fig.savefig(path+".pdf", dpi=400,tight_layout=tight_layout,transparent=transparent)
Traceback (most recent call last):
  File "clusterSweep.py", line 49, in <module>
    saveFigure(fig,'Mav',specialLocation='../figures/clusterSweep/%g_%g_%g_%g_%g.svg' %(int(1000*k),int(1000*t_sr),int(1000*t_stdp),int(1000*a),int(1000*f)))
  File "../mazeAgentUtils.py", line 1541, in saveFigure
    fig.savefig(specialLocation, dpi=400,tight_layout=False,transparent=transparent)
  File "/nfs/nhome/live/tgeorge/anaconda3/lib/python3.8/site-packages/matplotlib/figure.py", line 2311, in savefig
    self.canvas.print_figure(fname, **kwargs)
  File "/nfs/nhome/live/tgeorge/anaconda3/lib/python3.8/site-packages/matplotlib/backend_bases.py", line 2210, in print_figure
    result = print_method(
  File "/nfs/nhome/live/tgeorge/anaconda3/lib/python3.8/site-packages/matplotlib/backends/backend_svg.py", line 1317, in print_svg
    with cbook.open_file_cm(filename, "w", encoding="utf-8") as fh:
  File "/nfs/nhome/live/tgeorge/anaconda3/lib/python3.8/contextlib.py", line 113, in __enter__
    return next(self.gen)
  File "/nfs/nhome/live/tgeorge/anaconda3/lib/python3.8/site-packages/matplotlib/cbook/__init__.py", line 423, in open_file_cm
    fh, opened = to_filehandle(path_or_file, mode, True, encoding)
  File "/nfs/nhome/live/tgeorge/anaconda3/lib/python3.8/site-packages/matplotlib/cbook/__init__.py", line 408, in to_filehandle
    fh = open(fname, flag, encoding=encoding)
FileNotFoundError: [Errno 2] No such file or directory: '../figures/clusterSweep/1000_3000_20_700_700.svg'
