Setting parameters
Initialising
   making state/history dataframes
   initialising velocity, position and direction
   setting time/run counters
   making the maze walls
   discretising position for later plotting
   handling undefined parameters
   initialising basis features for learning
   calculating state vector at all discretised positions
HBox(children=(HTML(value=''), FloatProgress(value=0.0, max=10000.0), HTML(value='')))

   initialising STDP weight matrix and traces
DONE
HBox(children=(HTML(value=''), FloatProgress(value=0.0, max=6000.0), HTML(value='')))

Calculating place and grid cells
theta: (0.7608350128576703, -4.422763752861266, 0.5506213374863714, 0.5958420666730592)
no theta: (0.8821327720225826, -4.932228391644525, 0.6510382245269399, 0.6518209875894074)
Setting parameters
Initialising
   making state/history dataframes
   initialising velocity, position and direction
   setting time/run counters
   making the maze walls
   discretising position for later plotting
   handling undefined parameters
   initialising basis features for learning
   calculating state vector at all discretised positions
HBox(children=(HTML(value=''), FloatProgress(value=0.0, max=10000.0), HTML(value='')))

   initialising STDP weight matrix and traces
DONE
HBox(children=(HTML(value=''), FloatProgress(value=0.0, max=6000.0), HTML(value='')))

Calculating place and grid cells
theta: (0.6628411536761087, -3.939751727199691, 0.4574999941921213, 0.5429235838271168)
no theta: (0.8487587377313709, -5.299292524898803, 0.6979501771984166, 0.6923494665454003)
Setting parameters
Initialising
   making state/history dataframes
   initialising velocity, position and direction
   setting time/run counters
   making the maze walls
   discretising position for later plotting
   handling undefined parameters
   initialising basis features for learning
   calculating state vector at all discretised positions
HBox(children=(HTML(value=''), FloatProgress(value=0.0, max=10000.0), HTML(value='')))

   initialising STDP weight matrix and traces
DONE
HBox(children=(HTML(value=''), FloatProgress(value=0.0, max=6000.0), HTML(value='')))

Calculating place and grid cells
theta: (0.6755828079866634, -4.507885164400172, 0.5674276914823151, 0.6048542927045193)
no theta: (0.8763060695675366, -5.926467214484732, 0.7592050174193556, 0.7606373958260358)
Setting parameters
Initialising
   making state/history dataframes
   initialising velocity, position and direction
   setting time/run counters
   making the maze walls
   discretising position for later plotting
   handling undefined parameters
   initialising basis features for learning
   calculating state vector at all discretised positions
HBox(children=(HTML(value=''), FloatProgress(value=0.0, max=10000.0), HTML(value='')))

   initialising STDP weight matrix and traces
DONE
HBox(children=(HTML(value=''), FloatProgress(value=0.0, max=6000.0), HTML(value='')))

Calculating place and grid cells
theta: (0.5771781205169954, -5.169933400276718, 0.6370587771661562, 0.6784233160966378)
no theta: (0.8541322952144307, -4.573827948272801, 0.6062819907598735, 0.6128777402767034)
Setting parameters
Initialising
   making state/history dataframes
   initialising velocity, position and direction
   setting time/run counters
   making the maze walls
   discretising position for later plotting
   handling undefined parameters
   initialising basis features for learning
   calculating state vector at all discretised positions
HBox(children=(HTML(value=''), FloatProgress(value=0.0, max=10000.0), HTML(value='')))

   initialising STDP weight matrix and traces
DONE
HBox(children=(HTML(value=''), FloatProgress(value=0.0, max=6000.0), HTML(value='')))

Calculating place and grid cells
theta: (0.6339677075107808, -4.3555992404725545, 0.581023817968543, 0.5882778541877192)
no theta: (0.8947920568828021, -4.652509071264159, 0.6378895021770787, 0.6208914741212957)
Setting parameters
Initialising
   making state/history dataframes
   initialising velocity, position and direction
   setting time/run counters
   making the maze walls
   discretising position for later plotting
   handling undefined parameters
   initialising basis features for learning
   calculating state vector at all discretised positions
HBox(children=(HTML(value=''), FloatProgress(value=0.0, max=10000.0), HTML(value='')))

   initialising STDP weight matrix and traces
DONE
HBox(children=(HTML(value=''), FloatProgress(value=0.0, max=6000.0), HTML(value='')))

Calculating place and grid cells
theta: (0.6775338058171863, -4.359047268833467, 0.54021416971279, 0.5886767379842035)
no theta: (0.8727943927889589, -5.703140957247041, 0.7382831763612656, 0.7363217667269135)
Setting parameters
Initialising
   making state/history dataframes
   initialising velocity, position and direction
   setting time/run counters
   making the maze walls
   discretising position for later plotting
   handling undefined parameters
   initialising basis features for learning
   calculating state vector at all discretised positions
HBox(children=(HTML(value=''), FloatProgress(value=0.0, max=10000.0), HTML(value='')))

   initialising STDP weight matrix and traces
DONE
HBox(children=(HTML(value=''), FloatProgress(value=0.0, max=6000.0), HTML(value='')))

Calculating place and grid cells
theta: (0.7430521730053272, -3.4816450038041733, 0.4255579305240753, 0.4925749820015726)
no theta: (0.8617017466098782, -4.94693272917248, 0.6395698019865422, 0.6536238991598394)
Setting parameters
Initialising
   making state/history dataframes
   initialising velocity, position and direction
   setting time/run counters
   making the maze walls
   discretising position for later plotting
   handling undefined parameters
   initialising basis features for learning
   calculating state vector at all discretised positions
HBox(children=(HTML(value=''), FloatProgress(value=0.0, max=10000.0), HTML(value='')))

   initialising STDP weight matrix and traces
DONE
HBox(children=(HTML(value=''), FloatProgress(value=0.0, max=6000.0), HTML(value='')))

Calculating place and grid cells
theta: (0.7828938855550868, -5.225327569163996, 0.645013807572858, 0.6837818666072673)
no theta: (0.8580642641757937, -3.9048537430594896, 0.5142144669363401, 0.538742742547)
Setting parameters
Initialising
   making state/history dataframes
   initialising velocity, position and direction
   setting time/run counters
   making the maze walls
   discretising position for later plotting
   handling undefined parameters
   initialising basis features for learning
   calculating state vector at all discretised positions
HBox(children=(HTML(value=''), FloatProgress(value=0.0, max=10000.0), HTML(value='')))

   initialising STDP weight matrix and traces
DONE
HBox(children=(HTML(value=''), FloatProgress(value=0.0, max=6000.0), HTML(value='')))

Calculating place and grid cells
theta: (0.5552777129939225, -4.962154958208595, 0.66400849002632, 0.6548602098302732)
no theta: (0.8676859192749925, -4.940490207062334, 0.6468842400835597, 0.6524806367428564)
Setting parameters
Initialising
   making state/history dataframes
   initialising velocity, position and direction
   setting time/run counters
   making the maze walls
   discretising position for later plotting
   handling undefined parameters
   initialising basis features for learning
   calculating state vector at all discretised positions
HBox(children=(HTML(value=''), FloatProgress(value=0.0, max=10000.0), HTML(value='')))

   initialising STDP weight matrix and traces
DONE
HBox(children=(HTML(value=''), FloatProgress(value=0.0, max=6000.0), HTML(value='')))

Calculating place and grid cells
theta: (0.6053114974952893, -4.980301459842156, 0.6156193470254476, 0.6567667515159795)
no theta: (0.8731560198185725, -4.338748403789916, 0.5493058427330274, 0.5863103172746696)
Setting parameters
Initialising
   making state/history dataframes
   initialising velocity, position and direction
   setting time/run counters
   making the maze walls
   discretising position for later plotting
   handling undefined parameters
   initialising basis features for learning
   calculating state vector at all discretised positions
HBox(children=(HTML(value=''), FloatProgress(value=0.0, max=10000.0), HTML(value='')))

   initialising STDP weight matrix and traces
DONE
HBox(children=(HTML(value=''), FloatProgress(value=0.0, max=6000.0), HTML(value='')))

Calculating place and grid cells
theta: (0.8173724447696196, -4.539378219597443, 0.578790335649829, 0.6083604124564167)
no theta: (0.886040989360249, -4.985481046873512, 0.6871773714491954, 0.6573535104614426)
Setting parameters
Initialising
   making state/history dataframes
   initialising velocity, position and direction
   setting time/run counters
   making the maze walls
   discretising position for later plotting
   handling undefined parameters
   initialising basis features for learning
   calculating state vector at all discretised positions
HBox(children=(HTML(value=''), FloatProgress(value=0.0, max=10000.0), HTML(value='')))

   initialising STDP weight matrix and traces
DONE
HBox(children=(HTML(value=''), FloatProgress(value=0.0, max=6000.0), HTML(value='')))

Calculating place and grid cells
theta: (0.7454928500495588, -5.165286238651243, 0.6363325811914312, 0.6774239527436065)
no theta: (0.8631263296039566, -4.157055897082821, 0.547191790427009, 0.5666424972161281)
Setting parameters
Initialising
   making state/history dataframes
   initialising velocity, position and direction
   setting time/run counters
   making the maze walls
   discretising position for later plotting
   handling undefined parameters
   initialising basis features for learning
   calculating state vector at all discretised positions
HBox(children=(HTML(value=''), FloatProgress(value=0.0, max=10000.0), HTML(value='')))

   initialising STDP weight matrix and traces
DONE
HBox(children=(HTML(value=''), FloatProgress(value=0.0, max=6000.0), HTML(value='')))

Calculating place and grid cells
theta: (0.5369606333426967, -5.8128927326739115, 0.7276140524707223, 0.7481936332771593)
no theta: (0.8618702990283813, -5.103622633657985, 0.66579687773882, 0.6703014084645575)
Setting parameters
Initialising
   making state/history dataframes
   initialising velocity, position and direction
   setting time/run counters
   making the maze walls
   discretising position for later plotting
   handling undefined parameters
   initialising basis features for learning
   calculating state vector at all discretised positions
HBox(children=(HTML(value=''), FloatProgress(value=0.0, max=10000.0), HTML(value='')))

   initialising STDP weight matrix and traces
DONE
HBox(children=(HTML(value=''), FloatProgress(value=0.0, max=6000.0), HTML(value='')))

Calculating place and grid cells
theta: (0.6976290894520955, -4.446566936598784, 0.5707457476487, 0.5982739745953185)
no theta: (0.8316395257599972, -3.754825975954012, 0.4766299559971491, 0.5222902184544699)
Setting parameters
Initialising
   making state/history dataframes
   initialising velocity, position and direction
   setting time/run counters
   making the maze walls
   discretising position for later plotting
   handling undefined parameters
   initialising basis features for learning
   calculating state vector at all discretised positions
HBox(children=(HTML(value=''), FloatProgress(value=0.0, max=10000.0), HTML(value='')))

   initialising STDP weight matrix and traces
DONE
HBox(children=(HTML(value=''), FloatProgress(value=0.0, max=6000.0), HTML(value='')))

Calculating place and grid cells
theta: (0.5486640378573482, -4.921835976329928, 0.6197648812798412, 0.6506414093300061)
no theta: (0.8808544059944037, -5.691115728182918, 0.727443264241121, 0.7351633825685945)
Setting parameters
Initialising
   making state/history dataframes
   initialising velocity, position and direction
   setting time/run counters
   making the maze walls
   discretising position for later plotting
   handling undefined parameters
   initialising basis features for learning
   calculating state vector at all discretised positions
HBox(children=(HTML(value=''), FloatProgress(value=0.0, max=10000.0), HTML(value='')))

   initialising STDP weight matrix and traces
DONE
HBox(children=(HTML(value=''), FloatProgress(value=0.0, max=6000.0), HTML(value='')))

Calculating place and grid cells
theta: (0.760901136903838, -3.942204741445188, 0.5275660682067911, 0.542902558066279)
no theta: (0.8682249582937585, -4.564605573434201, 0.6376689695674107, 0.6112734616421204)
Setting parameters
Initialising
   making state/history dataframes
   initialising velocity, position and direction
   setting time/run counters
   making the maze walls
   discretising position for later plotting
   handling undefined parameters
   initialising basis features for learning
   calculating state vector at all discretised positions
HBox(children=(HTML(value=''), FloatProgress(value=0.0, max=10000.0), HTML(value='')))

   initialising STDP weight matrix and traces
DONE
HBox(children=(HTML(value=''), FloatProgress(value=0.0, max=6000.0), HTML(value='')))

Calculating place and grid cells
theta: (0.7649774052879285, -4.793822474506987, 0.6071730265918192, 0.6365622890273329)
no theta: (0.8641938090844941, -4.5986360252072505, 0.596215772134601, 0.6151173218230297)
Setting parameters
Initialising
   making state/history dataframes
   initialising velocity, position and direction
   setting time/run counters
   making the maze walls
   discretising position for later plotting
   handling undefined parameters
   initialising basis features for learning
   calculating state vector at all discretised positions
HBox(children=(HTML(value=''), FloatProgress(value=0.0, max=10000.0), HTML(value='')))

   initialising STDP weight matrix and traces
DONE
HBox(children=(HTML(value=''), FloatProgress(value=0.0, max=6000.0), HTML(value='')))

Calculating place and grid cells
theta: (0.5746935292970885, -5.066419353784365, 0.631827574050955, 0.6666889434175013)
no theta: (0.8191087414927661, -5.156835141396385, 0.674662650647526, 0.6766254813315371)
Setting parameters
Initialising
   making state/history dataframes
   initialising velocity, position and direction
   setting time/run counters
   making the maze walls
   discretising position for later plotting
   handling undefined parameters
   initialising basis features for learning
   calculating state vector at all discretised positions
HBox(children=(HTML(value=''), FloatProgress(value=0.0, max=10000.0), HTML(value='')))

   initialising STDP weight matrix and traces
DONE
HBox(children=(HTML(value=''), FloatProgress(value=0.0, max=6000.0), HTML(value='')))

Calculating place and grid cells
theta: (0.5354349778488073, -7.014864164637663, 0.864777848132497, 0.8804616092009017)
no theta: (0.8765578384836313, -5.8534665470865095, 0.7750587858349544, 0.7528779104299558)
Setting parameters
Initialising
   making state/history dataframes
   initialising velocity, position and direction
   setting time/run counters
   making the maze walls
   discretising position for later plotting
   handling undefined parameters
   initialising basis features for learning
   calculating state vector at all discretised positions
HBox(children=(HTML(value=''), FloatProgress(value=0.0, max=10000.0), HTML(value='')))

   initialising STDP weight matrix and traces
DONE
HBox(children=(HTML(value=''), FloatProgress(value=0.0, max=6000.0), HTML(value='')))

Calculating place and grid cells
theta: (0.6791963279214828, -4.4096818377173825, 0.557973993662922, 0.5939726600532486)
no theta: (0.8921429726560459, -4.943220032635959, 0.6455203270707587, 0.6525541275743615)
Setting parameters
Initialising
   making state/history dataframes
   initialising velocity, position and direction
   setting time/run counters
   making the maze walls
   discretising position for later plotting
   handling undefined parameters
   initialising basis features for learning
   calculating state vector at all discretised positions
HBox(children=(HTML(value=''), FloatProgress(value=0.0, max=10000.0), HTML(value='')))

   initialising STDP weight matrix and traces
DONE
HBox(children=(HTML(value=''), FloatProgress(value=0.0, max=6000.0), HTML(value='')))

Calculating place and grid cells
theta: (0.7322481450443652, -3.780627743876467, 0.4868316476063354, 0.5252811841285582)
no theta: (0.8566352438701217, -4.2439373402867036, 0.5487748864103671, 0.5761882671433828)
Setting parameters
Initialising
   making state/history dataframes
   initialising velocity, position and direction
   setting time/run counters
   making the maze walls
   discretising position for later plotting
   handling undefined parameters
   initialising basis features for learning
   calculating state vector at all discretised positions
HBox(children=(HTML(value=''), FloatProgress(value=0.0, max=10000.0), HTML(value='')))

   initialising STDP weight matrix and traces
DONE
HBox(children=(HTML(value=''), FloatProgress(value=0.0, max=6000.0), HTML(value='')))

Calculating place and grid cells
theta: (0.6280949007097459, -5.309190717826921, 0.7159262225574224, 0.6932070544201584)
no theta: (0.8238498715002838, -4.707259654587497, 0.617109858950411, 0.6270713362315803)
Setting parameters
Initialising
   making state/history dataframes
   initialising velocity, position and direction
   setting time/run counters
   making the maze walls
   discretising position for later plotting
   handling undefined parameters
   initialising basis features for learning
   calculating state vector at all discretised positions
HBox(children=(HTML(value=''), FloatProgress(value=0.0, max=10000.0), HTML(value='')))

   initialising STDP weight matrix and traces
DONE
HBox(children=(HTML(value=''), FloatProgress(value=0.0, max=6000.0), HTML(value='')))

Calculating place and grid cells
theta: (0.8036978907436225, -3.4320630158872207, 0.4744965840562623, 0.4870139445902976)
no theta: (0.8456988785090466, -3.857579930766171, 0.4932945392400431, 0.5337715539614287)
Setting parameters
Initialising
   making state/history dataframes
   initialising velocity, position and direction
   setting time/run counters
   making the maze walls
   discretising position for later plotting
   handling undefined parameters
   initialising basis features for learning
   calculating state vector at all discretised positions
HBox(children=(HTML(value=''), FloatProgress(value=0.0, max=10000.0), HTML(value='')))

   initialising STDP weight matrix and traces
DONE
HBox(children=(HTML(value=''), FloatProgress(value=0.0, max=6000.0), HTML(value='')))

Calculating place and grid cells
theta: (0.6027354005528384, -4.749053142614837, 0.6449097973041785, 0.6317061111545555)
no theta: (0.8666962256099039, -4.747942893719632, 0.632395784268705, 0.6315841169766264)
Setting parameters
Initialising
   making state/history dataframes
   initialising velocity, position and direction
   setting time/run counters
   making the maze walls
   discretising position for later plotting
   handling undefined parameters
   initialising basis features for learning
   calculating state vector at all discretised positions
HBox(children=(HTML(value=''), FloatProgress(value=0.0, max=10000.0), HTML(value='')))

   initialising STDP weight matrix and traces
DONE
HBox(children=(HTML(value=''), FloatProgress(value=0.0, max=6000.0), HTML(value='')))

Calculating place and grid cells
theta: (0.7265394056525837, -5.08888283394955, 0.6123573677183671, 0.6691747805075606)
no theta: (0.8042983616923882, -4.267615091233238, 0.5164364235217462, 0.5789165711680899)
Setting parameters
Initialising
   making state/history dataframes
   initialising velocity, position and direction
   setting time/run counters
   making the maze walls
   discretising position for later plotting
   handling undefined parameters
   initialising basis features for learning
   calculating state vector at all discretised positions
HBox(children=(HTML(value=''), FloatProgress(value=0.0, max=10000.0), HTML(value='')))

   initialising STDP weight matrix and traces
DONE
HBox(children=(HTML(value=''), FloatProgress(value=0.0, max=6000.0), HTML(value='')))

Calculating place and grid cells
theta: (0.4686058797046813, -5.5412857221933765, 0.7155964961160026, 0.7186882619551754)
no theta: (0.8589855842475891, -4.912588204207363, 0.6239510846763977, 0.6496135348011698)
Setting parameters
Initialising
   making state/history dataframes
   initialising velocity, position and direction
   setting time/run counters
   making the maze walls
   discretising position for later plotting
   handling undefined parameters
   initialising basis features for learning
   calculating state vector at all discretised positions
HBox(children=(HTML(value=''), FloatProgress(value=0.0, max=10000.0), HTML(value='')))

   initialising STDP weight matrix and traces
DONE
HBox(children=(HTML(value=''), FloatProgress(value=0.0, max=6000.0), HTML(value='')))

Calculating place and grid cells
theta: (0.5547698000032563, -4.829417980938994, 0.6191199258201708, 0.6402237720026449)
no theta: (0.849425281588241, -4.9889085818647665, 0.6559430788226326, 0.6577400445460695)
Setting parameters
Initialising
   making state/history dataframes
   initialising velocity, position and direction
   setting time/run counters
   making the maze walls
   discretising position for later plotting
   handling undefined parameters
   initialising basis features for learning
   calculating state vector at all discretised positions
HBox(children=(HTML(value=''), FloatProgress(value=0.0, max=10000.0), HTML(value='')))

   initialising STDP weight matrix and traces
DONE
HBox(children=(HTML(value=''), FloatProgress(value=0.0, max=6000.0), HTML(value='')))

Calculating place and grid cells
theta: (0.6126164916723239, -5.599879616156266, 0.7127310054531711, 0.7252572349006857)
no theta: (0.8566581568624353, -4.545872846369958, 0.594685396794683, 0.609432995690241)
Setting parameters
Initialising
   making state/history dataframes
   initialising velocity, position and direction
   setting time/run counters
   making the maze walls
   discretising position for later plotting
   handling undefined parameters
   initialising basis features for learning
   calculating state vector at all discretised positions
HBox(children=(HTML(value=''), FloatProgress(value=0.0, max=10000.0), HTML(value='')))

   initialising STDP weight matrix and traces
DONE
HBox(children=(HTML(value=''), FloatProgress(value=0.0, max=6000.0), HTML(value='')))

Calculating place and grid cells
theta: (0.5930269071582613, -5.767299412374575, 0.765380111291373, 0.7433284742586002)
no theta: (0.8482646171275994, -4.096283562186573, 0.5294990842102271, 0.5597820421159826)
Setting parameters
Initialising
   making state/history dataframes
   initialising velocity, position and direction
   setting time/run counters
   making the maze walls
   discretising position for later plotting
   handling undefined parameters
   initialising basis features for learning
   calculating state vector at all discretised positions
HBox(children=(HTML(value=''), FloatProgress(value=0.0, max=10000.0), HTML(value='')))

   initialising STDP weight matrix and traces
DONE
HBox(children=(HTML(value=''), FloatProgress(value=0.0, max=6000.0), HTML(value='')))

Calculating place and grid cells
theta: (0.5835671465028314, -5.105870109422975, 0.6378166610111046, 0.6714690121460737)
no theta: (0.8650759567066548, -5.370636465524387, 0.6850249264804761, 0.7005856491519223)
Setting parameters
Initialising
   making state/history dataframes
   initialising velocity, position and direction
   setting time/run counters
   making the maze walls
   discretising position for later plotting
   handling undefined parameters
   initialising basis features for learning
   calculating state vector at all discretised positions
HBox(children=(HTML(value=''), FloatProgress(value=0.0, max=10000.0), HTML(value='')))

   initialising STDP weight matrix and traces
DONE
HBox(children=(HTML(value=''), FloatProgress(value=0.0, max=6000.0), HTML(value='')))

Calculating place and grid cells
theta: (0.7666324103607959, -5.750756872824865, 0.6835027136051224, 0.7425055495188481)
no theta: (0.8546518251932895, -6.186512358384674, 0.8184587008082721, 0.7904336370439508)
Setting parameters
Initialising
   making state/history dataframes
   initialising velocity, position and direction
   setting time/run counters
   making the maze walls
   discretising position for later plotting
   handling undefined parameters
   initialising basis features for learning
   calculating state vector at all discretised positions
HBox(children=(HTML(value=''), FloatProgress(value=0.0, max=10000.0), HTML(value='')))

   initialising STDP weight matrix and traces
DONE
HBox(children=(HTML(value=''), FloatProgress(value=0.0, max=6000.0), HTML(value='')))

Calculating place and grid cells
theta: (0.6647315443983893, -4.327568944298158, 0.5327859310138059, 0.5852367391603657)
no theta: (0.8683239871951345, -4.4602086713396, 0.5782506227608577, 0.599807295102196)
