srun: Job step aborted: Waiting up to 32 seconds for job step to finish.
srun: Job step aborted: Waiting up to 32 seconds for job step to finish.
srun: Job step aborted: Waiting up to 32 seconds for job step to finish.
srun: Job step aborted: Waiting up to 32 seconds for job step to finish.
srun: Job step aborted: Waiting up to 32 seconds for job step to finish.
srun: Job step aborted: Waiting up to 32 seconds for job step to finish.
srun: Job step aborted: Waiting up to 32 seconds for job step to finish.
srun: Job step aborted: Waiting up to 32 seconds for job step to finish.
srun: Job step aborted: Waiting up to 32 seconds for job step to finish.
srun: Job step aborted: Waiting up to 32 seconds for job step to finish.
srun: Job step aborted: Waiting up to 32 seconds for job step to finish.
srun: Job step aborted: Waiting up to 32 seconds for job step to finish.
srun: Job step aborted: Waiting up to 32 seconds for job step to finish.
srun: Job step aborted: Waiting up to 32 seconds for job step to finish.
srun: Job step aborted: Waiting up to 32 seconds for job step to finish.
srun: Job step aborted: Waiting up to 32 seconds for job step to finish.
srun: Job step aborted: Waiting up to 32 seconds for job step to finish.
srun: Job step aborted: Waiting up to 32 seconds for job step to finish.
srun: Job step aborted: Waiting up to 32 seconds for job step to finish.
srun: Job step aborted: Waiting up to 32 seconds for job step to finish.
srun: Job step aborted: Waiting up to 32 seconds for job step to finish.
srun: Job step aborted: Waiting up to 32 seconds for job step to finish.
srun: Job step aborted: Waiting up to 32 seconds for job step to finish.
srun: Job step aborted: Waiting up to 32 seconds for job step to finish.
srun: Job step aborted: Waiting up to 32 seconds for job step to finish.
srun: Job step aborted: Waiting up to 32 seconds for job step to finish.
srun: Job step aborted: Waiting up to 32 seconds for job step to finish.
srun: Job step aborted: Waiting up to 32 seconds for job step to finish.
srun: Job step aborted: Waiting up to 32 seconds for job step to finish.
srun: Job step aborted: Waiting up to 32 seconds for job step to finish.
srun: Job step aborted: Waiting up to 32 seconds for job step to finish.
srun: Job step aborted: Waiting up to 32 seconds for job step to finish.
srun: Job step aborted: Waiting up to 32 seconds for job step to finish.
srun: Job step aborted: Waiting up to 32 seconds for job step to finish.
srun: Job step aborted: Waiting up to 32 seconds for job step to finish.
srun: Job step aborted: Waiting up to 32 seconds for job step to finish.
srun: Job step aborted: Waiting up to 32 seconds for job step to finish.
srun: Job step aborted: Waiting up to 32 seconds for job step to finish.
srun: Job step aborted: Waiting up to 32 seconds for job step to finish.
srun: Job step aborted: Waiting up to 32 seconds for job step to finish.
srun: Job step aborted: Waiting up to 32 seconds for job step to finish.
srun: Job step aborted: Waiting up to 32 seconds for job step to finish.
srun: Job step aborted: Waiting up to 32 seconds for job step to finish.
srun: Job step aborted: Waiting up to 32 seconds for job step to finish.
srun: Job step aborted: Waiting up to 32 seconds for job step to finish.
srun: Job step aborted: Waiting up to 32 seconds for job step to finish.
srun: Job step aborted: Waiting up to 32 seconds for job step to finish.
srun: Job step aborted: Waiting up to 32 seconds for job step to finish.
srun: Job step aborted: Waiting up to 32 seconds for job step to finish.
srun: Job step aborted: Waiting up to 32 seconds for job step to finish.
srun: Job step aborted: Waiting up to 32 seconds for job step to finish.
srun: Job step aborted: Waiting up to 32 seconds for job step to finish.
srun: Job step aborted: Waiting up to 32 seconds for job step to finish.
srun: Job step aborted: Waiting up to 32 seconds for job step to finish.
srun: Job step aborted: Waiting up to 32 seconds for job step to finish.
srun: Job step aborted: Waiting up to 32 seconds for job step to finish.
srun: Job step aborted: Waiting up to 32 seconds for job step to finish.
srun: Job step aborted: Waiting up to 32 seconds for job step to finish.
srun: Job step aborted: Waiting up to 32 seconds for job step to finish.
srun: Job step aborted: Waiting up to 32 seconds for job step to finish.
srun: Job step aborted: Waiting up to 32 seconds for job step to finish.
srun: Job step aborted: Waiting up to 32 seconds for job step to finish.
srun: Job step aborted: Waiting up to 32 seconds for job step to finish.
srun: Job step aborted: Waiting up to 32 seconds for job step to finish.
srun: Job step aborted: Waiting up to 32 seconds for job step to finish.
srun: Job step aborted: Waiting up to 32 seconds for job step to finish.
srun: Job step aborted: Waiting up to 32 seconds for job step to finish.
srun: Job step aborted: Waiting up to 32 seconds for job step to finish.
srun: Job step aborted: Waiting up to 32 seconds for job step to finish.
srun: Job step aborted: Waiting up to 32 seconds for job step to finish.
srun: Job step aborted: Waiting up to 32 seconds for job step to finish.
srun: Job step aborted: Waiting up to 32 seconds for job step to finish.
srun: Job step aborted: Waiting up to 32 seconds for job step to finish.
srun: Job step aborted: Waiting up to 32 seconds for job step to finish.
srun: Job step aborted: Waiting up to 32 seconds for job step to finish.
srun: Job step aborted: Waiting up to 32 seconds for job step to finish.
srun: Job step aborted: Waiting up to 32 seconds for job step to finish.
srun: Job step aborted: Waiting up to 32 seconds for job step to finish.
srun: Job step aborted: Waiting up to 32 seconds for job step to finish.
srun: Job step aborted: Waiting up to 32 seconds for job step to finish.
srun: Job step aborted: Waiting up to 32 seconds for job step to finish.
srun: Job step aborted: Waiting up to 32 seconds for job step to finish.
srun: Job step aborted: Waiting up to 32 seconds for job step to finish.
srun: Job step aborted: Waiting up to 32 seconds for job step to finish.
srun: Job step aborted: Waiting up to 32 seconds for job step to finish.
srun: Job step aborted: Waiting up to 32 seconds for job step to finish.
srun: Job step aborted: Waiting up to 32 seconds for job step to finish.
srun: Job step aborted: Waiting up to 32 seconds for job step to finish.
srun: Job step aborted: Waiting up to 32 seconds for job step to finish.
srun: Job step aborted: Waiting up to 32 seconds for job step to finish.
srun: Job step aborted: Waiting up to 32 seconds for job step to finish.
srun: Job step aborted: Waiting up to 32 seconds for job step to finish.
srun: Job step aborted: Waiting up to 32 seconds for job step to finish.
srun: Job step aborted: Waiting up to 32 seconds for job step to finish.
srun: Job step aborted: Waiting up to 32 seconds for job step to finish.
srun: Job step aborted: Waiting up to 32 seconds for job step to finish.
srun: Job step aborted: Waiting up to 32 seconds for job step to finish.
srun: Job step aborted: Waiting up to 32 seconds for job step to finish.
srun: Job step aborted: Waiting up to 32 seconds for job step to finish.
srun: Job step aborted: Waiting up to 32 seconds for job step to finish.
srun: Job step aborted: Waiting up to 32 seconds for job step to finish.
srun: Job step aborted: Waiting up to 32 seconds for job step to finish.
srun: Job step aborted: Waiting up to 32 seconds for job step to finish.
srun: Job step aborted: Waiting up to 32 seconds for job step to finish.
srun: Job step aborted: Waiting up to 32 seconds for job step to finish.
srun: Job step aborted: Waiting up to 32 seconds for job step to finish.
srun: Job step aborted: Waiting up to 32 seconds for job step to finish.
srun: Job step aborted: Waiting up to 32 seconds for job step to finish.
srun: Job step aborted: Waiting up to 32 seconds for job step to finish.
srun: Job step aborted: Waiting up to 32 seconds for job step to finish.
srun: Job step aborted: Waiting up to 32 seconds for job step to finish.
srun: Job step aborted: Waiting up to 32 seconds for job step to finish.
srun: Job step aborted: Waiting up to 32 seconds for job step to finish.
srun: Job step aborted: Waiting up to 32 seconds for job step to finish.
srun: Job step aborted: Waiting up to 32 seconds for job step to finish.
srun: Job step aborted: Waiting up to 32 seconds for job step to finish.
srun: Job step aborted: Waiting up to 32 seconds for job step to finish.
srun: Job step aborted: Waiting up to 32 seconds for job step to finish.
srun: Job step aborted: Waiting up to 32 seconds for job step to finish.
srun: Job step aborted: Waiting up to 32 seconds for job step to finish.
srun: Job step aborted: Waiting up to 32 seconds for job step to finish.
srun: Job step aborted: Waiting up to 32 seconds for job step to finish.
srun: Job step aborted: Waiting up to 32 seconds for job step to finish.
srun: Job step aborted: Waiting up to 32 seconds for job step to finish.
srun: Job step aborted: Waiting up to 32 seconds for job step to finish.
srun: Job step aborted: Waiting up to 32 seconds for job step to finish.
srun: Job step aborted: Waiting up to 32 seconds for job step to finish.
srun: Job step aborted: Waiting up to 32 seconds for job step to finish.
srun: Job step aborted: Waiting up to 32 seconds for job step to finish.
srun: Job step aborted: Waiting up to 32 seconds for job step to finish.
srun: Job step aborted: Waiting up to 32 seconds for job step to finish.
srun: Job step aborted: Waiting up to 32 seconds for job step to finish.
srun: Job step aborted: Waiting up to 32 seconds for job step to finish.
srun: Job step aborted: Waiting up to 32 seconds for job step to finish.
srun: Job step aborted: Waiting up to 32 seconds for job step to finish.
srun: Job step aborted: Waiting up to 32 seconds for job step to finish.
srun: Job step aborted: Waiting up to 32 seconds for job step to finish.
srun: Job step aborted: Waiting up to 32 seconds for job step to finish.
srun: Job step aborted: Waiting up to 32 seconds for job step to finish.
srun: Job step aborted: Waiting up to 32 seconds for job step to finish.
srun: Job step aborted: Waiting up to 32 seconds for job step to finish.
srun: Job step aborted: Waiting up to 32 seconds for job step to finish.
srun: Job step aborted: Waiting up to 32 seconds for job step to finish.
srun: Job step aborted: Waiting up to 32 seconds for job step to finish.
srun: Job step aborted: Waiting up to 32 seconds for job step to finish.
srun: Job step aborted: Waiting up to 32 seconds for job step to finish.
srun: Job step aborted: Waiting up to 32 seconds for job step to finish.
srun: Job step aborted: Waiting up to 32 seconds for job step to finish.
srun: Job step aborted: Waiting up to 32 seconds for job step to finish.
srun: Job step aborted: Waiting up to 32 seconds for job step to finish.
srun: Job step aborted: Waiting up to 32 seconds for job step to finish.
srun: Job step aborted: Waiting up to 32 seconds for job step to finish.
srun: Job step aborted: Waiting up to 32 seconds for job step to finish.
srun: Job step aborted: Waiting up to 32 seconds for job step to finish.
srun: Job step aborted: Waiting up to 32 seconds for job step to finish.
srun: Job step aborted: Waiting up to 32 seconds for job step to finish.
srun: Job step aborted: Waiting up to 32 seconds for job step to finish.
srun: Job step aborted: Waiting up to 32 seconds for job step to finish.
srun: Job step aborted: Waiting up to 32 seconds for job step to finish.
srun: Job step aborted: Waiting up to 32 seconds for job step to finish.
srun: Job step aborted: Waiting up to 32 seconds for job step to finish.
srun: Job step aborted: Waiting up to 32 seconds for job step to finish.
srun: Job step aborted: Waiting up to 32 seconds for job step to finish.
srun: Job step aborted: Waiting up to 32 seconds for job step to finish.
srun: Job step aborted: Waiting up to 32 seconds for job step to finish.
srun: Job step aborted: Waiting up to 32 seconds for job step to finish.
srun: Job step aborted: Waiting up to 32 seconds for job step to finish.
srun: Job step aborted: Waiting up to 32 seconds for job step to finish.
srun: Job step aborted: Waiting up to 32 seconds for job step to finish.
srun: Job step aborted: Waiting up to 32 seconds for job step to finish.
srun: Job step aborted: Waiting up to 32 seconds for job step to finish.
srun: Job step aborted: Waiting up to 32 seconds for job step to finish.
srun: Job step aborted: Waiting up to 32 seconds for job step to finish.
srun: Job step aborted: Waiting up to 32 seconds for job step to finish.
srun: Job step aborted: Waiting up to 32 seconds for job step to finish.
srun: Job step aborted: Waiting up to 32 seconds for job step to finish.
srun: Job step aborted: Waiting up to 32 seconds for job step to finish.
srun: Job step aborted: Waiting up to 32 seconds for job step to finish.
srun: Job step aborted: Waiting up to 32 seconds for job step to finish.
srun: Job step aborted: Waiting up to 32 seconds for job step to finish.
srun: Job step aborted: Waiting up to 32 seconds for job step to finish.
srun: Job step aborted: Waiting up to 32 seconds for job step to finish.
srun: Job step aborted: Waiting up to 32 seconds for job step to finish.
srun: Job step aborted: Waiting up to 32 seconds for job step to finish.
srun: Job step aborted: Waiting up to 32 seconds for job step to finish.
srun: Job step aborted: Waiting up to 32 seconds for job step to finish.
srun: Job step aborted: Waiting up to 32 seconds for job step to finish.
srun: Job step aborted: Waiting up to 32 seconds for job step to finish.
srun: Job step aborted: Waiting up to 32 seconds for job step to finish.
srun: Job step aborted: Waiting up to 32 seconds for job step to finish.
srun: Job step aborted: Waiting up to 32 seconds for job step to finish.
srun: Job step aborted: Waiting up to 32 seconds for job step to finish.
srun: got SIGCONT
srun: got SIGCONT
srun: got SIGCONT
srun: got SIGCONT
srun: got SIGCONT
srun: got SIGCONT
srun: got SIGCONT
srun: got SIGCONT
srun: got SIGCONT
srun: got SIGCONT
srun: got SIGCONT
srun: got SIGCONT
srun: got SIGCONT
srun: got SIGCONT
srun: got SIGCONT
srun: got SIGCONT
srun: got SIGCONT
srun: got SIGCONT
srun: got SIGCONT
srun: got SIGCONT
srun: got SIGCONT
srun: got SIGCONT
srun: got SIGCONT
srun: got SIGCONT
srun: got SIGCONT
srun: got SIGCONT
srun: got SIGCONT
srun: got SIGCONT
srun: got SIGCONT
srun: got SIGCONT
srun: got SIGCONT
srun: got SIGCONT
srun: got SIGCONT
srun: got SIGCONT
srun: got SIGCONT
srun: got SIGCONT
srun: got SIGCONT
srun: got SIGCONT
srun: got SIGCONT
srun: got SIGCONT
srun: got SIGCONT
srun: got SIGCONT
srun: got SIGCONT
srun: got SIGCONT
srun: got SIGCONT
srun: got SIGCONT
srun: got SIGCONT
srun: got SIGCONT
srun: got SIGCONT
srun: got SIGCONT
srun: got SIGCONT
srun: got SIGCONT
srun: got SIGCONT
srun: got SIGCONT
srun: got SIGCONT
srun: got SIGCONT
srun: got SIGCONT
srun: got SIGCONT
srun: got SIGCONT
srun: got SIGCONT
srun: got SIGCONT
srun: got SIGCONT
srun: got SIGCONT
srun: got SIGCONT
srun: got SIGCONT
srun: got SIGCONT
srun: got SIGCONT
srun: got SIGCONT
srun: got SIGCONT
srun: got SIGCONT
srun: got SIGCONT
srun: got SIGCONT
srun: got SIGCONT
srun: got SIGCONT
srun: got SIGCONT
srun: got SIGCONT
srun: got SIGCONT
srun: got SIGCONT
srun: got SIGCONT
srun: got SIGCONT
srun: got SIGCONT
srun: got SIGCONT
srun: got SIGCONT
srun: got SIGCONT
srun: got SIGCONT
srun: got SIGCONT
srun: got SIGCONT
srun: got SIGCONT
srun: got SIGCONT
srun: got SIGCONT
srun: got SIGCONT
srun: got SIGCONT
srun: got SIGCONT
srun: got SIGCONT
srun: got SIGCONT
srun: got SIGCONT
srun: got SIGCONT
srun: got SIGCONT
srun: got SIGCONT
srun: got SIGCONT
srun: got SIGCONT
srun: got SIGCONT
srun: got SIGCONT
srun: got SIGCONT
srun: got SIGCONT
srun: got SIGCONT
srun: got SIGCONT
srun: got SIGCONT
srun: got SIGCONT
srun: got SIGCONT
srun: got SIGCONT
srun: got SIGCONT
srun: got SIGCONT
srun: got SIGCONT
srun: got SIGCONT
srun: got SIGCONT
srun: got SIGCONT
srun: got SIGCONT
srun: got SIGCONT
srun: got SIGCONT
srun: got SIGCONT
srun: got SIGCONT
srun: got SIGCONT
srun: got SIGCONT
srun: got SIGCONT
srun: got SIGCONT
srun: got SIGCONT
srun: got SIGCONT
srun: got SIGCONT
srun: got SIGCONT
srun: got SIGCONT
srun: got SIGCONT
srun: got SIGCONT
srun: got SIGCONT
srun: got SIGCONT
srun: got SIGCONT
srun: got SIGCONT
srun: got SIGCONT
srun: got SIGCONT
srun: got SIGCONT
srun: got SIGCONT
srun: got SIGCONT
srun: got SIGCONT
srun: got SIGCONT
srun: got SIGCONT
srun: got SIGCONT
srun: got SIGCONT
srun: got SIGCONT
srun: got SIGCONT
srun: got SIGCONT
srun: got SIGCONT
srun: got SIGCONT
srun: got SIGCONT
srun: got SIGCONT
srun: got SIGCONT
srun: got SIGCONT
srun: got SIGCONT
srun: got SIGCONT
srun: got SIGCONT
srun: got SIGCONT
srun: got SIGCONT
srun: got SIGCONT
srun: got SIGCONT
srun: got SIGCONT
srun: got SIGCONT
srun: got SIGCONT
srun: got SIGCONT
srun: got SIGCONT
srun: got SIGCONT
srun: got SIGCONT
srun: got SIGCONT
srun: got SIGCONT
srun: got SIGCONT
srun: got SIGCONT
srun: got SIGCONT
srun: got SIGCONT
srun: got SIGCONT
srun: got SIGCONT
srun: got SIGCONT
srun: got SIGCONT
srun: got SIGCONT
srun: got SIGCONT
srun: got SIGCONT
srun: got SIGCONT
srun: got SIGCONT
srun: got SIGCONT
srun: got SIGCONT
srun: got SIGCONT
srun: got SIGCONT
srun: got SIGCONT
srun: got SIGCONT
srun: got SIGCONT
slurmstepd-enc0-node6: error: *** STEP 1474986.14 ON enc0-node6 CANCELLED AT 2021-09-29T13:04:00 ***
slurmstepd-enc0-node6: error: *** STEP 1474986.13 ON enc0-node6 CANCELLED AT 2021-09-29T13:04:00 ***
slurmstepd-enc0-node7: error: *** STEP 1474986.23 ON enc0-node7 CANCELLED AT 2021-09-29T13:04:00 ***
slurmstepd-enc0-node6: error: *** JOB 1474986 ON enc0-node6 CANCELLED AT 2021-09-29T13:04:00 ***
srun: forcing job termination
srun: forcing job termination
srun: forcing job termination
srun: forcing job termination
srun: forcing job termination
srun: forcing job termination
srun: forcing job termination
srun: forcing job termination
srun: forcing job termination
srun: forcing job termination
srun: forcing job termination
srun: forcing job termination
srun: forcing job termination
srun: forcing job termination
srun: forcing job termination
srun: forcing job termination
srun: forcing job termination
srun: forcing job termination
srun: forcing job termination
srun: forcing job termination
srun: forcing job termination
srun: forcing job termination
srun: forcing job termination
srun: forcing job termination
srun: forcing job termination
srun: forcing job termination
srun: forcing job termination
srun: forcing job termination
srun: forcing job termination
srun: forcing job termination
srun: forcing job termination
srun: forcing job termination
srun: forcing job termination
srun: forcing job termination
srun: forcing job termination
srun: forcing job termination
srun: forcing job termination
srun: forcing job termination
srun: forcing job termination
srun: forcing job termination
srun: forcing job termination
srun: forcing job termination
srun: forcing job termination
srun: forcing job termination
srun: forcing job termination
srun: forcing job termination
srun: forcing job termination
srun: forcing job termination
srun: forcing job termination
srun: forcing job termination
srun: forcing job termination
srun: forcing job termination
srun: forcing job termination
srun: forcing job termination
srun: forcing job termination
srun: forcing job termination
srun: forcing job termination
srun: forcing job termination
srun: forcing job termination
srun: forcing job termination
srun: forcing job termination
srun: forcing job termination
srun: forcing job termination
srun: forcing job termination
srun: forcing job termination
srun: forcing job termination
srun: forcing job termination
srun: forcing job termination
srun: forcing job termination
srun: forcing job termination
srun: forcing job termination
srun: forcing job termination
srun: forcing job termination
srun: forcing job termination
srun: forcing job termination
srun: forcing job termination
srun: forcing job termination
srun: forcing job termination
srun: forcing job termination
srun: forcing job termination
srun: forcing job termination
srun: forcing job termination
srun: forcing job termination
srun: forcing job termination
srun: forcing job termination
srun: forcing job termination
srun: forcing job termination
srun: forcing job termination
srun: forcing job termination
srun: forcing job termination
srun: forcing job termination
srun: forcing job termination
srun: forcing job termination
srun: forcing job termination
srun: forcing job termination
srun: forcing job termination
srun: forcing job termination
srun: forcing job termination
srun: forcing job termination
srun: forcing job termination
srun: forcing job termination
srun: forcing job termination
srun: forcing job termination
srun: forcing job termination
srun: forcing job termination
srun: forcing job termination
srun: forcing job termination
srun: forcing job termination
srun: forcing job termination
srun: forcing job termination
srun: forcing job termination
srun: forcing job termination
srun: forcing job termination
srun: forcing job termination
srun: forcing job termination
srun: forcing job termination
srun: forcing job termination
srun: forcing job termination
srun: forcing job termination
srun: forcing job termination
srun: forcing job termination
srun: forcing job termination
srun: forcing job termination
srun: forcing job termination
srun: forcing job termination
srun: forcing job termination
srun: forcing job termination
srun: forcing job termination
srun: forcing job termination
srun: forcing job termination
srun: forcing job termination
srun: forcing job termination
srun: forcing job termination
srun: forcing job termination
srun: forcing job termination
srun: forcing job termination
srun: forcing job termination
srun: forcing job termination
srun: forcing job termination
srun: forcing job termination
srun: forcing job termination
srun: forcing job termination
srun: forcing job termination
srun: forcing job termination
srun: forcing job termination
srun: forcing job termination
srun: forcing job termination
srun: forcing job termination
srun: forcing job termination
srun: forcing job termination
srun: forcing job termination
srun: forcing job termination
srun: forcing job termination
srun: forcing job termination
srun: forcing job termination
srun: forcing job termination
srun: forcing job termination
srun: forcing job termination
srun: forcing job termination
srun: forcing job termination
srun: forcing job termination
srun: forcing job termination
srun: forcing job termination
srun: forcing job termination
srun: forcing job termination
srun: forcing job termination
srun: forcing job termination
srun: forcing job termination
srun: forcing job termination
srun: forcing job termination
srun: forcing job termination
srun: forcing job termination
srun: forcing job termination
srun: forcing job termination
srun: forcing job termination
srun: forcing job termination
srun: forcing job termination
srun: forcing job termination
srun: forcing job termination
srun: forcing job termination
slurmstepd-enc0-node7: error: *** STEP 1474986.19 ON enc0-node7 CANCELLED AT 2021-09-29T13:04:00 ***
srun: forcing job termination
srun: forcing job termination
srun: forcing job termination
srun: forcing job termination
srun: forcing job termination
srun: forcing job termination
srun: forcing job termination
srun: forcing job termination
srun: forcing job termination
srun: forcing job termination
srun: forcing job termination
srun: forcing job termination
slurmstepd-enc0-node7: error: *** STEP 1474986.17 ON enc0-node7 CANCELLED AT 2021-09-29T13:04:00 ***
slurmstepd-enc0-node7: error: *** STEP 1474986.16 ON enc0-node7 CANCELLED AT 2021-09-29T13:04:00 ***
slurmstepd-enc0-node6: error: *** STEP 1474986.11 ON enc0-node6 CANCELLED AT 2021-09-29T13:04:00 ***
slurmstepd-enc0-node7: error: *** STEP 1474986.18 ON enc0-node7 CANCELLED AT 2021-09-29T13:04:00 ***
slurmstepd-enc0-node6: error: *** STEP 1474986.12 ON enc0-node6 CANCELLED AT 2021-09-29T13:04:00 ***
slurmstepd-enc0-node7: error: *** STEP 1474986.0 ON enc0-node7 CANCELLED AT 2021-09-29T13:04:00 ***
srun: error: enc0-node7: task 0: Terminated
slurmstepd-enc0-node7: error: *** STEP 1474986.21 ON enc0-node7 CANCELLED AT 2021-09-29T13:04:00 ***
srun: error: enc0-node7: task 0: Terminated
srun: error: enc0-node7: task 0: Terminated
srun: error: enc0-node7: task 0: Terminated
slurmstepd-enc0-node7: error: *** STEP 1474986.15 ON enc0-node7 CANCELLED AT 2021-09-29T13:04:00 ***
slurmstepd-enc0-node7: error: *** STEP 1474986.22 ON enc0-node7 CANCELLED AT 2021-09-29T13:04:00 ***
slurmstepd-enc0-node7: error: *** STEP 1474986.20 ON enc0-node7 CANCELLED AT 2021-09-29T13:04:00 ***
slurmstepd-enc1-node9: error: *** STEP 1474986.9 ON enc1-node9 CANCELLED AT 2021-09-29T13:04:00 ***
slurmstepd-enc1-node9: error: *** STEP 1474986.184 ON enc1-node9 CANCELLED AT 2021-09-29T13:04:00 ***
slurmstepd-enc0-node6: error: *** STEP 1474986.10 ON enc0-node6 CANCELLED AT 2021-09-29T13:04:00 ***
srun: error: enc0-node6: task 0: Terminated
srun: error: enc0-node6: task 0: Terminated
srun: error: enc0-node6: task 0: Terminated
srun: error: enc0-node7: task 0: Terminated
srun: error: enc0-node7: task 0: Terminated
slurmstepd-enc1-node9: error: *** STEP 1474986.178 ON enc1-node9 CANCELLED AT 2021-09-29T13:04:00 ***
slurmstepd-enc1-node5: error: *** STEP 1474986.118 ON enc1-node5 CANCELLED AT 2021-09-29T13:04:00 ***
srun: error: enc0-node7: task 0: Terminated
srun: error: enc0-node7: task 0: Terminated
slurmstepd-enc1-node5: error: *** STEP 1474986.104 ON enc1-node5 CANCELLED AT 2021-09-29T13:04:00 ***
srun: error: enc0-node7: task 0: Terminated
srun: error: enc0-node7: task 0: Terminated
slurmstepd-enc1-node2: error: *** STEP 1474986.61 ON enc1-node2 CANCELLED AT 2021-09-29T13:04:00 ***
srun: error: enc0-node6: task 0: Terminated
slurmstepd-enc1-node9: error: *** STEP 1474986.182 ON enc1-node9 CANCELLED AT 2021-09-29T13:04:00 ***
slurmstepd-enc1-node2: error: *** STEP 1474986.43 ON enc1-node2 CANCELLED AT 2021-09-29T13:04:00 ***
slurmstepd-enc1-node5: error: *** STEP 1474986.102 ON enc1-node5 CANCELLED AT 2021-09-29T13:04:00 ***
slurmstepd-enc1-node9: error: *** STEP 1474986.190 ON enc1-node9 CANCELLED AT 2021-09-29T13:04:00 ***
srun: error: enc0-node6: task 0: Terminated
slurmstepd-enc1-node2: error: *** STEP 1474986.59 ON enc1-node2 CANCELLED AT 2021-09-29T13:04:00 ***
slurmstepd-enc1-node9: error: *** STEP 1474986.183 ON enc1-node9 CANCELLED AT 2021-09-29T13:04:00 ***
slurmstepd-enc1-node5: error: *** STEP 1474986.110 ON enc1-node5 CANCELLED AT 2021-09-29T13:04:00 ***
slurmstepd-enc1-node5: error: *** STEP 1474986.114 ON enc1-node5 CANCELLED AT 2021-09-29T13:04:00 ***
slurmstepd-enc1-node2: error: *** STEP 1474986.50 ON enc1-node2 CANCELLED AT 2021-09-29T13:04:00 ***
slurmstepd-enc1-node2: error: *** STEP 1474986.48 ON enc1-node2 CANCELLED AT 2021-09-29T13:04:01 ***
slurmstepd-enc1-node2: error: *** STEP 1474986.57 ON enc1-node2 CANCELLED AT 2021-09-29T13:04:01 ***
srun: error: enc1-node2: task 0: Terminated
slurmstepd-enc1-node7: error: *** STEP 1474986.151 ON enc1-node7 CANCELLED AT 2021-09-29T13:04:01 ***
srun: error: enc1-node2: task 0: Terminated
slurmstepd-enc1-node2: error: *** STEP 1474986.56 ON enc1-node2 CANCELLED AT 2021-09-29T13:04:01 ***
slurmstepd-enc1-node1: error: *** STEP 1474986.38 ON enc1-node1 CANCELLED AT 2021-09-29T13:04:01 ***
srun: error: enc1-node2: task 0: Terminated
slurmstepd-enc1-node2: error: *** STEP 1474986.2 ON enc1-node2 CANCELLED AT 2021-09-29T13:04:01 ***
slurmstepd-enc1-node2: error: *** STEP 1474986.55 ON enc1-node2 CANCELLED AT 2021-09-29T13:04:01 ***
slurmstepd-enc1-node2: error: *** STEP 1474986.44 ON enc1-node2 CANCELLED AT 2021-09-29T13:04:01 ***
slurmstepd-enc1-node2: error: *** STEP 1474986.53 ON enc1-node2 CANCELLED AT 2021-09-29T13:04:01 ***
slurmstepd-enc1-node8: error: *** STEP 1474986.170 ON enc1-node8 CANCELLED AT 2021-09-29T13:04:01 ***
slurmstepd-enc1-node2: error: *** STEP 1474986.52 ON enc1-node2 CANCELLED AT 2021-09-29T13:04:01 ***
srun: error: enc1-node9: task 0: Terminated
srun: error: enc1-node9: task 0: Terminated
slurmstepd-enc1-node2: error: *** STEP 1474986.54 ON enc1-node2 CANCELLED AT 2021-09-29T13:04:01 ***
slurmstepd-enc1-node2: error: *** STEP 1474986.49 ON enc1-node2 CANCELLED AT 2021-09-29T13:04:01 ***
slurmstepd-enc1-node4: error: *** STEP 1474986.4 ON enc1-node4 CANCELLED AT 2021-09-29T13:04:01 ***
slurmstepd-enc1-node2: error: *** STEP 1474986.46 ON enc1-node2 CANCELLED AT 2021-09-29T13:04:01 ***
slurmstepd-enc1-node7: error: *** STEP 1474986.138 ON enc1-node7 CANCELLED AT 2021-09-29T13:04:01 ***
slurmstepd-enc1-node9: error: *** STEP 1474986.177 ON enc1-node9 CANCELLED AT 2021-09-29T13:04:01 ***
slurmstepd-enc1-node2: error: *** STEP 1474986.51 ON enc1-node2 CANCELLED AT 2021-09-29T13:04:01 ***
srun: error: enc1-node2: task 0: Terminated
srun: error: enc1-node9: task 0: Terminated
srun: error: enc1-node9: task 0: Terminated
slurmstepd-enc1-node9: error: *** STEP 1474986.179 ON enc1-node9 CANCELLED AT 2021-09-29T13:04:01 ***
slurmstepd-enc1-node2: error: *** STEP 1474986.47 ON enc1-node2 CANCELLED AT 2021-09-29T13:04:01 ***
slurmstepd-enc1-node1: error: *** STEP 1474986.27 ON enc1-node1 CANCELLED AT 2021-09-29T13:04:01 ***
srun: error: enc1-node9: task 0: Terminated
slurmstepd-enc1-node2: error: *** STEP 1474986.58 ON enc1-node2 CANCELLED AT 2021-09-29T13:04:01 ***
slurmstepd-enc1-node6: error: *** STEP 1474986.124 ON enc1-node6 CANCELLED AT 2021-09-29T13:04:01 ***
slurmstepd-enc1-node2: error: *** STEP 1474986.45 ON enc1-node2 CANCELLED AT 2021-09-29T13:04:01 ***
slurmstepd-enc1-node9: error: *** STEP 1474986.189 ON enc1-node9 CANCELLED AT 2021-09-29T13:04:01 ***
slurmstepd-enc1-node2: error: *** STEP 1474986.60 ON enc1-node2 CANCELLED AT 2021-09-29T13:04:01 ***
slurmstepd-enc1-node3: error: *** STEP 1474986.66 ON enc1-node3 CANCELLED AT 2021-09-29T13:04:01 ***
slurmstepd-enc1-node5: error: *** STEP 1474986.5 ON enc1-node5 CANCELLED AT 2021-09-29T13:04:01 ***
slurmstepd-enc1-node9: error: *** STEP 1474986.181 ON enc1-node9 CANCELLED AT 2021-09-29T13:04:01 ***
slurmstepd-enc1-node8: error: *** STEP 1474986.164 ON enc1-node8 CANCELLED AT 2021-09-29T13:04:01 ***
slurmstepd-enc1-node5: error: *** STEP 1474986.100 ON enc1-node5 CANCELLED AT 2021-09-29T13:04:01 ***
slurmstepd-enc1-node3: error: *** STEP 1474986.70 ON enc1-node3 CANCELLED AT 2021-09-29T13:04:01 ***
srun: error: enc1-node5: task 0: Terminated
srun: error: enc1-node5: task 0: Terminated
srun: error: enc1-node5: task 0: Terminated
slurmstepd-enc1-node5: error: *** STEP 1474986.108 ON enc1-node5 CANCELLED AT 2021-09-29T13:04:01 ***
srun: error: enc1-node5: task 0: Terminated
srun: error: enc1-node5: task 0: Terminated
slurmstepd-enc1-node4: error: *** STEP 1474986.95 ON enc1-node4 CANCELLED AT 2021-09-29T13:04:01 ***
slurmstepd-enc1-node5: error: *** STEP 1474986.111 ON enc1-node5 CANCELLED AT 2021-09-29T13:04:01 ***
slurmstepd-enc1-node7: error: *** STEP 1474986.143 ON enc1-node7 CANCELLED AT 2021-09-29T13:04:01 ***
slurmstepd-enc1-node5: error: *** STEP 1474986.101 ON enc1-node5 CANCELLED AT 2021-09-29T13:04:01 ***
slurmstepd-enc1-node1: error: *** STEP 1474986.40 ON enc1-node1 CANCELLED AT 2021-09-29T13:04:01 ***
slurmstepd-enc1-node5: error: *** STEP 1474986.107 ON enc1-node5 CANCELLED AT 2021-09-29T13:04:01 ***
slurmstepd-enc1-node6: error: *** STEP 1474986.125 ON enc1-node6 CANCELLED AT 2021-09-29T13:04:01 ***
slurmstepd-enc1-node5: error: *** STEP 1474986.106 ON enc1-node5 CANCELLED AT 2021-09-29T13:04:01 ***
slurmstepd-enc1-node5: error: *** STEP 1474986.105 ON enc1-node5 CANCELLED AT 2021-09-29T13:04:01 ***
slurmstepd-enc1-node5: error: *** STEP 1474986.115 ON enc1-node5 CANCELLED AT 2021-09-29T13:04:01 ***
slurmstepd-enc1-node9: error: *** STEP 1474986.188 ON enc1-node9 CANCELLED AT 2021-09-29T13:04:01 ***
slurmstepd-enc1-node4: error: *** STEP 1474986.98 ON enc1-node4 CANCELLED AT 2021-09-29T13:04:01 ***
slurmstepd-enc1-node8: error: *** STEP 1474986.165 ON enc1-node8 CANCELLED AT 2021-09-29T13:04:01 ***
slurmstepd-enc1-node5: error: *** STEP 1474986.113 ON enc1-node5 CANCELLED AT 2021-09-29T13:04:01 ***
slurmstepd-enc1-node3: error: *** STEP 1474986.62 ON enc1-node3 CANCELLED AT 2021-09-29T13:04:01 ***
slurmstepd-enc1-node5: error: *** STEP 1474986.116 ON enc1-node5 CANCELLED AT 2021-09-29T13:04:01 ***
slurmstepd-enc1-node9: error: *** STEP 1474986.191 ON enc1-node9 CANCELLED AT 2021-09-29T13:04:01 ***
slurmstepd-enc1-node7: error: *** STEP 1474986.150 ON enc1-node7 CANCELLED AT 2021-09-29T13:04:01 ***
slurmstepd-enc1-node9: error: *** STEP 1474986.187 ON enc1-node9 CANCELLED AT 2021-09-29T13:04:01 ***
slurmstepd-enc1-node5: error: *** STEP 1474986.112 ON enc1-node5 CANCELLED AT 2021-09-29T13:04:01 ***
slurmstepd-enc1-node6: error: *** STEP 1474986.6 ON enc1-node6 CANCELLED AT 2021-09-29T13:04:01 ***
slurmstepd-enc1-node5: error: *** STEP 1474986.109 ON enc1-node5 CANCELLED AT 2021-09-29T13:04:01 ***
slurmstepd-enc1-node5: error: *** STEP 1474986.103 ON enc1-node5 CANCELLED AT 2021-09-29T13:04:01 ***
slurmstepd-enc1-node5: error: *** STEP 1474986.117 ON enc1-node5 CANCELLED AT 2021-09-29T13:04:01 ***
srun: error: enc1-node9: task 0: Terminated
srun: error: enc1-node2: task 0: Terminated
srun: error: enc1-node2: task 0: Terminated
slurmstepd-enc1-node3: error: *** STEP 1474986.3 ON enc1-node3 CANCELLED AT 2021-09-29T13:04:01 ***
slurmstepd-enc1-node9: error: *** STEP 1474986.180 ON enc1-node9 CANCELLED AT 2021-09-29T13:04:01 ***
srun: error: enc1-node2: task 0: Terminated
slurmstepd-enc1-node9: error: *** STEP 1474986.186 ON enc1-node9 CANCELLED AT 2021-09-29T13:04:01 ***
slurmstepd-enc1-node6: error: *** STEP 1474986.129 ON enc1-node6 CANCELLED AT 2021-09-29T13:04:01 ***
slurmstepd-enc1-node9: error: *** STEP 1474986.176 ON enc1-node9 CANCELLED AT 2021-09-29T13:04:01 ***
slurmstepd-enc1-node3: error: *** STEP 1474986.77 ON enc1-node3 CANCELLED AT 2021-09-29T13:04:01 ***
srun: error: enc1-node9: task 0: Terminated
slurmstepd-enc1-node9: error: *** STEP 1474986.185 ON enc1-node9 CANCELLED AT 2021-09-29T13:04:01 ***
srun: error: enc1-node9: task 0: Terminated
srun: error: enc1-node2: task 0: Terminated
srun: error: enc1-node2: task 0: Terminated
srun: error: enc1-node9: task 0: Terminated
srun: error: enc1-node9: task 0: Terminated
slurmstepd-enc1-node8: error: *** STEP 1474986.172 ON enc1-node8 CANCELLED AT 2021-09-29T13:04:01 ***
srun: error: enc1-node8: task 0: Terminated
slurmstepd-enc1-node7: error: *** STEP 1474986.141 ON enc1-node7 CANCELLED AT 2021-09-29T13:04:01 ***
slurmstepd-enc1-node1: error: *** STEP 1474986.32 ON enc1-node1 CANCELLED AT 2021-09-29T13:04:01 ***
srun: error: enc1-node7: task 0: Terminated
slurmstepd-enc1-node8: error: *** STEP 1474986.167 ON enc1-node8 CANCELLED AT 2021-09-29T13:04:01 ***
srun: error: enc1-node1: task 0: Terminated
srun: error: enc1-node2: task 0: Terminated
srun: error: enc1-node8: task 0: Terminated
slurmstepd-enc1-node1: error: *** STEP 1474986.30 ON enc1-node1 CANCELLED AT 2021-09-29T13:04:01 ***
srun: error: enc1-node8: task 0: Terminated
srun: error: enc1-node2: task 0: Terminated
slurmstepd-enc1-node8: error: *** STEP 1474986.163 ON enc1-node8 CANCELLED AT 2021-09-29T13:04:01 ***
slurmstepd-enc1-node7: error: *** STEP 1474986.148 ON enc1-node7 CANCELLED AT 2021-09-29T13:04:01 ***
srun: error: enc1-node1: task 0: Terminated
srun: error: enc1-node7: task 0: Terminated
srun: error: enc1-node7: task 0: Terminated
slurmstepd-enc1-node1: error: *** STEP 1474986.34 ON enc1-node1 CANCELLED AT 2021-09-29T13:04:01 ***
srun: error: enc1-node1: task 0: Terminated
srun: error: enc1-node2: task 0: Terminated
slurmstepd-enc1-node8: error: *** STEP 1474986.157 ON enc1-node8 CANCELLED AT 2021-09-29T13:04:01 ***
srun: error: enc1-node2: task 0: Terminated
slurmstepd-enc1-node7: error: *** STEP 1474986.146 ON enc1-node7 CANCELLED AT 2021-09-29T13:04:01 ***
srun: error: enc1-node2: task 0: Terminated
srun: error: enc1-node2: task 0: Terminated
slurmstepd-enc1-node1: error: *** STEP 1474986.39 ON enc1-node1 CANCELLED AT 2021-09-29T13:04:01 ***
srun: error: enc1-node2: task 0: Terminated
srun: error: enc1-node2: task 0: Terminated
slurmstepd-enc1-node1: error: *** STEP 1474986.26 ON enc1-node1 CANCELLED AT 2021-09-29T13:04:01 ***
srun: error: enc1-node5: task 0: Terminated
srun: error: enc1-node2: task 0: Terminated
slurmstepd-enc1-node4: error: *** STEP 1474986.87 ON enc1-node4 CANCELLED AT 2021-09-29T13:04:01 ***
srun: error: enc1-node4: task 0: Terminated
srun: error: enc1-node2: task 0: Terminated
srun: error: enc1-node2: task 0: Terminated
slurmstepd-enc1-node1: error: *** STEP 1474986.24 ON enc1-node1 CANCELLED AT 2021-09-29T13:04:01 ***
srun: error: enc1-node9: task 0: Terminated
srun: error: enc1-node5: task 0: Terminated
slurmstepd-enc1-node7: error: *** STEP 1474986.145 ON enc1-node7 CANCELLED AT 2021-09-29T13:04:01 ***
srun: error: enc1-node9: task 0: Terminated
slurmstepd-enc1-node4: error: *** STEP 1474986.94 ON enc1-node4 CANCELLED AT 2021-09-29T13:04:01 ***
srun: error: enc1-node5: task 0: Terminated
slurmstepd-enc1-node1: error: *** STEP 1474986.41 ON enc1-node1 CANCELLED AT 2021-09-29T13:04:01 ***
srun: error: enc1-node4: task 0: Terminated
srun: error: enc1-node9: task 0: Terminated
srun: error: enc1-node4: task 0: Terminated
slurmstepd-enc1-node8: error: *** STEP 1474986.8 ON enc1-node8 CANCELLED AT 2021-09-29T13:04:01 ***
slurmstepd-enc1-node6: error: *** STEP 1474986.130 ON enc1-node6 CANCELLED AT 2021-09-29T13:04:01 ***
slurmstepd-enc1-node7: error: *** STEP 1474986.149 ON enc1-node7 CANCELLED AT 2021-09-29T13:04:01 ***
srun: error: enc1-node6: task 0: Terminated
slurmstepd-enc1-node3: error: *** STEP 1474986.79 ON enc1-node3 CANCELLED AT 2021-09-29T13:04:01 ***
srun: error: enc1-node3: task 0: Terminated
srun: error: enc1-node3: task 0: Terminated
slurmstepd-enc1-node1: error: *** STEP 1474986.25 ON enc1-node1 CANCELLED AT 2021-09-29T13:04:01 ***
slurmstepd-enc1-node8: error: *** STEP 1474986.173 ON enc1-node8 CANCELLED AT 2021-09-29T13:04:01 ***
slurmstepd-enc1-node3: error: *** STEP 1474986.72 ON enc1-node3 CANCELLED AT 2021-09-29T13:04:01 ***
slurmstepd-enc1-node6: error: *** STEP 1474986.126 ON enc1-node6 CANCELLED AT 2021-09-29T13:04:01 ***
slurmstepd-enc1-node8: error: *** STEP 1474986.162 ON enc1-node8 CANCELLED AT 2021-09-29T13:04:01 ***
srun: error: enc1-node5: task 0: Terminated
srun: error: enc1-node6: task 0: Terminated
srun: error: enc1-node6: task 0: Terminated
slurmstepd-enc1-node3: error: *** STEP 1474986.71 ON enc1-node3 CANCELLED AT 2021-09-29T13:04:01 ***
slurmstepd-enc1-node4: error: *** STEP 1474986.91 ON enc1-node4 CANCELLED AT 2021-09-29T13:04:01 ***
srun: error: enc1-node5: task 0: Terminated
srun: error: enc1-node9: task 0: Terminated
srun: error: enc1-node5: task 0: Terminated
srun: error: enc1-node3: task 0: Terminated
srun: error: enc1-node3: task 0: Terminated
srun: error: enc1-node5: task 0: Terminated
srun: error: enc1-node5: task 0: Terminated
slurmstepd-enc1-node6: error: *** STEP 1474986.134 ON enc1-node6 CANCELLED AT 2021-09-29T13:04:01 ***
slurmstepd-enc1-node8: error: *** STEP 1474986.168 ON enc1-node8 CANCELLED AT 2021-09-29T13:04:01 ***
slurmstepd-enc1-node3: error: *** STEP 1474986.80 ON enc1-node3 CANCELLED AT 2021-09-29T13:04:01 ***
slurmstepd-enc1-node4: error: *** STEP 1474986.88 ON enc1-node4 CANCELLED AT 2021-09-29T13:04:01 ***
srun: error: enc1-node9: task 0: Terminated
slurmstepd-enc1-node6: error: *** STEP 1474986.121 ON enc1-node6 CANCELLED AT 2021-09-29T13:04:01 ***
slurmstepd-enc1-node8: error: *** STEP 1474986.159 ON enc1-node8 CANCELLED AT 2021-09-29T13:04:01 ***
slurmstepd-enc1-node3: error: *** STEP 1474986.78 ON enc1-node3 CANCELLED AT 2021-09-29T13:04:01 ***
slurmstepd-enc1-node7: error: *** STEP 1474986.144 ON enc1-node7 CANCELLED AT 2021-09-29T13:04:01 ***
srun: error: enc1-node9: task 0: Terminated
srun: error: enc1-node9: task 0: Terminated
slurmstepd-enc1-node6: error: *** STEP 1474986.123 ON enc1-node6 CANCELLED AT 2021-09-29T13:04:01 ***
srun: error: enc1-node5: task 0: Terminated
slurmstepd-enc1-node8: error: *** STEP 1474986.175 ON enc1-node8 CANCELLED AT 2021-09-29T13:04:01 ***
slurmstepd-enc1-node3: error: *** STEP 1474986.73 ON enc1-node3 CANCELLED AT 2021-09-29T13:04:01 ***
slurmstepd-enc1-node7: error: *** STEP 1474986.156 ON enc1-node7 CANCELLED AT 2021-09-29T13:04:01 ***
srun: error: enc1-node5: task 0: Terminated
slurmstepd-enc1-node6: error: *** STEP 1474986.136 ON enc1-node6 CANCELLED AT 2021-09-29T13:04:01 ***
slurmstepd-enc1-node1: error: *** STEP 1474986.1 ON enc1-node1 CANCELLED AT 2021-09-29T13:04:01 ***
slurmstepd-enc1-node8: error: *** STEP 1474986.160 ON enc1-node8 CANCELLED AT 2021-09-29T13:04:01 ***
slurmstepd-enc1-node7: error: *** STEP 1474986.153 ON enc1-node7 CANCELLED AT 2021-09-29T13:04:01 ***
slurmstepd-enc1-node3: error: *** STEP 1474986.63 ON enc1-node3 CANCELLED AT 2021-09-29T13:04:01 ***
srun: error: enc1-node7: task 0: Terminated
slurmstepd-enc1-node7: error: *** STEP 1474986.7 ON enc1-node7 CANCELLED AT 2021-09-29T13:04:01 ***
slurmstepd-enc1-node8: error: *** STEP 1474986.158 ON enc1-node8 CANCELLED AT 2021-09-29T13:04:01 ***
slurmstepd-enc1-node6: error: *** STEP 1474986.132 ON enc1-node6 CANCELLED AT 2021-09-29T13:04:01 ***
slurmstepd-enc1-node3: error: *** STEP 1474986.68 ON enc1-node3 CANCELLED AT 2021-09-29T13:04:01 ***
srun: error: enc1-node8: task 0: Terminated
slurmstepd-enc1-node1: error: *** STEP 1474986.29 ON enc1-node1 CANCELLED AT 2021-09-29T13:04:01 ***
srun: error: enc1-node7: task 0: Terminated
srun: error: enc1-node5: task 0: Terminated
srun: error: enc1-node8: task 0: Terminated
slurmstepd-enc1-node6: error: *** STEP 1474986.120 ON enc1-node6 CANCELLED AT 2021-09-29T13:04:01 ***
slurmstepd-enc1-node8: error: *** STEP 1474986.171 ON enc1-node8 CANCELLED AT 2021-09-29T13:04:01 ***
slurmstepd-enc1-node4: error: *** STEP 1474986.84 ON enc1-node4 CANCELLED AT 2021-09-29T13:04:01 ***
slurmstepd-enc1-node1: error: *** STEP 1474986.33 ON enc1-node1 CANCELLED AT 2021-09-29T13:04:01 ***
slurmstepd-enc1-node8: error: *** STEP 1474986.174 ON enc1-node8 CANCELLED AT 2021-09-29T13:04:01 ***
slurmstepd-enc1-node6: error: *** STEP 1474986.133 ON enc1-node6 CANCELLED AT 2021-09-29T13:04:01 ***
slurmstepd-enc1-node1: error: *** STEP 1474986.35 ON enc1-node1 CANCELLED AT 2021-09-29T13:04:01 ***
srun: error: enc1-node5: task 0: Terminated
slurmstepd-enc1-node4: error: *** STEP 1474986.83 ON enc1-node4 CANCELLED AT 2021-09-29T13:04:01 ***
slurmstepd-enc1-node1: error: *** STEP 1474986.42 ON enc1-node1 CANCELLED AT 2021-09-29T13:04:01 ***
slurmstepd-enc1-node8: error: *** STEP 1474986.161 ON enc1-node8 CANCELLED AT 2021-09-29T13:04:01 ***
slurmstepd-enc1-node4: error: *** STEP 1474986.97 ON enc1-node4 CANCELLED AT 2021-09-29T13:04:01 ***
srun: error: enc1-node5: task 0: Terminated
slurmstepd-enc1-node6: error: *** STEP 1474986.131 ON enc1-node6 CANCELLED AT 2021-09-29T13:04:01 ***
slurmstepd-enc1-node1: error: *** STEP 1474986.37 ON enc1-node1 CANCELLED AT 2021-09-29T13:04:01 ***
srun: error: enc1-node1: task 0: Terminated
srun: error: enc1-node4: task 0: Terminated
slurmstepd-enc1-node8: error: *** STEP 1474986.169 ON enc1-node8 CANCELLED AT 2021-09-29T13:04:01 ***
slurmstepd-enc1-node4: error: *** STEP 1474986.92 ON enc1-node4 CANCELLED AT 2021-09-29T13:04:01 ***
srun: error: enc1-node5: task 0: Terminated
srun: error: enc1-node5: task 0: Terminated
slurmstepd-enc1-node1: error: *** STEP 1474986.28 ON enc1-node1 CANCELLED AT 2021-09-29T13:04:01 ***
slurmstepd-enc1-node3: error: *** STEP 1474986.65 ON enc1-node3 CANCELLED AT 2021-09-29T13:04:01 ***
slurmstepd-enc1-node7: error: *** STEP 1474986.140 ON enc1-node7 CANCELLED AT 2021-09-29T13:04:01 ***
slurmstepd-enc1-node4: error: *** STEP 1474986.90 ON enc1-node4 CANCELLED AT 2021-09-29T13:04:01 ***
slurmstepd-enc1-node8: error: *** STEP 1474986.166 ON enc1-node8 CANCELLED AT 2021-09-29T13:04:01 ***
slurmstepd-enc1-node7: error: *** STEP 1474986.147 ON enc1-node7 CANCELLED AT 2021-09-29T13:04:01 ***
slurmstepd-enc1-node3: error: *** STEP 1474986.74 ON enc1-node3 CANCELLED AT 2021-09-29T13:04:01 ***
srun: error: enc1-node8: task 0: Terminated
srun: error: enc1-node7: task 0: Terminated
slurmstepd-enc1-node4: error: *** STEP 1474986.85 ON enc1-node4 CANCELLED AT 2021-09-29T13:04:01 ***
srun: error: enc1-node4: task 0: Terminated
slurmstepd-enc1-node1: error: *** STEP 1474986.36 ON enc1-node1 CANCELLED AT 2021-09-29T13:04:01 ***
slurmstepd-enc1-node7: error: *** STEP 1474986.152 ON enc1-node7 CANCELLED AT 2021-09-29T13:04:01 ***
slurmstepd-enc1-node6: error: *** STEP 1474986.119 ON enc1-node6 CANCELLED AT 2021-09-29T13:04:01 ***
srun: error: enc1-node1: task 0: Terminated
slurmstepd-enc1-node3: error: *** STEP 1474986.76 ON enc1-node3 CANCELLED AT 2021-09-29T13:04:01 ***
srun: error: enc1-node7: task 0: Terminated
slurmstepd-enc1-node1: error: *** STEP 1474986.31 ON enc1-node1 CANCELLED AT 2021-09-29T13:04:01 ***
slurmstepd-enc1-node4: error: *** STEP 1474986.99 ON enc1-node4 CANCELLED AT 2021-09-29T13:04:01 ***
slurmstepd-enc1-node7: error: *** STEP 1474986.139 ON enc1-node7 CANCELLED AT 2021-09-29T13:04:01 ***
slurmstepd-enc1-node6: error: *** STEP 1474986.137 ON enc1-node6 CANCELLED AT 2021-09-29T13:04:01 ***
slurmstepd-enc1-node3: error: *** STEP 1474986.75 ON enc1-node3 CANCELLED AT 2021-09-29T13:04:01 ***
srun: error: enc1-node8: task 0: Terminated
slurmstepd-enc1-node6: error: *** STEP 1474986.122 ON enc1-node6 CANCELLED AT 2021-09-29T13:04:01 ***
slurmstepd-enc1-node7: error: *** STEP 1474986.154 ON enc1-node7 CANCELLED AT 2021-09-29T13:04:01 ***
slurmstepd-enc1-node3: error: *** STEP 1474986.69 ON enc1-node3 CANCELLED AT 2021-09-29T13:04:01 ***
slurmstepd-enc1-node4: error: *** STEP 1474986.89 ON enc1-node4 CANCELLED AT 2021-09-29T13:04:01 ***
srun: error: enc1-node4: task 0: Terminated
slurmstepd-enc1-node6: error: *** STEP 1474986.128 ON enc1-node6 CANCELLED AT 2021-09-29T13:04:01 ***
slurmstepd-enc1-node7: error: *** STEP 1474986.155 ON enc1-node7 CANCELLED AT 2021-09-29T13:04:01 ***
slurmstepd-enc1-node4: error: *** STEP 1474986.81 ON enc1-node4 CANCELLED AT 2021-09-29T13:04:01 ***
slurmstepd-enc1-node3: error: *** STEP 1474986.64 ON enc1-node3 CANCELLED AT 2021-09-29T13:04:01 ***
slurmstepd-enc1-node7: error: *** STEP 1474986.142 ON enc1-node7 CANCELLED AT 2021-09-29T13:04:01 ***
srun: error: enc1-node3: task 0: Terminated
srun: error: enc1-node6: task 0: Terminated
slurmstepd-enc1-node4: error: *** STEP 1474986.86 ON enc1-node4 CANCELLED AT 2021-09-29T13:04:01 ***
srun: error: enc1-node7: task 0: Terminated
srun: error: enc1-node1: task 0: Terminated
srun: error: enc1-node7: task 0: Terminated
srun: error: enc1-node4: task 0: Terminated
slurmstepd-enc1-node6: error: *** STEP 1474986.127 ON enc1-node6 CANCELLED AT 2021-09-29T13:04:01 ***
slurmstepd-enc1-node3: error: *** STEP 1474986.67 ON enc1-node3 CANCELLED AT 2021-09-29T13:04:01 ***
slurmstepd-enc1-node6: error: *** STEP 1474986.135 ON enc1-node6 CANCELLED AT 2021-09-29T13:04:01 ***
srun: error: enc1-node1: task 0: Terminated
srun: error: enc1-node6: task 0: Terminated
srun: error: enc1-node1: task 0: Terminated
slurmstepd-enc1-node4: error: *** STEP 1474986.82 ON enc1-node4 CANCELLED AT 2021-09-29T13:04:01 ***
srun: error: enc1-node3: task 0: Terminated
slurmstepd-enc1-node4: error: *** STEP 1474986.93 ON enc1-node4 CANCELLED AT 2021-09-29T13:04:01 ***
srun: error: enc1-node1: task 0: Terminated
slurmstepd-enc1-node4: error: *** STEP 1474986.96 ON enc1-node4 CANCELLED AT 2021-09-29T13:04:01 ***
srun: error: enc1-node7: task 0: Terminated
srun: error: enc1-node3: task 0: Terminated
srun: error: enc1-node1: task 0: Terminated
srun: error: enc1-node7: task 0: Terminated
srun: error: enc1-node8: task 0: Terminated
srun: error: enc1-node7: task 0: Terminated
srun: error: enc1-node7: task 0: Terminated
srun: error: enc1-node3: task 0: Terminated
srun: error: enc1-node8: task 0: Terminated
srun: error: enc1-node1: task 0: Terminated
srun: error: enc1-node6: task 0: Terminated
srun: error: enc1-node8: task 0: Terminated
srun: error: enc1-node3: task 0: Terminated
srun: error: enc1-node6: task 0: Terminated
srun: error: enc1-node8: task 0: Terminated
srun: error: enc1-node4: task 0: Terminated
srun: error: enc1-node8: task 0: Terminated
srun: error: enc1-node3: task 0: Terminated
srun: error: enc1-node3: task 0: Terminated
srun: error: enc1-node8: task 0: Terminated
srun: error: enc1-node7: task 0: Terminated
srun: error: enc1-node7: task 0: Terminated
srun: error: enc1-node4: task 0: Terminated
srun: error: enc1-node8: task 0: Terminated
srun: error: enc1-node8: task 0: Terminated
srun: error: enc1-node3: task 0: Terminated
srun: error: enc1-node4: task 0: Terminated
srun: error: enc1-node6: task 0: Terminated
srun: error: enc1-node7: task 0: Terminated
srun: error: enc1-node3: task 0: Terminated
srun: error: enc1-node8: task 0: Terminated
srun: error: enc1-node7: task 0: Terminated
srun: error: enc1-node1: task 0: Terminated
srun: error: enc1-node6: task 0: Terminated
srun: error: enc1-node8: task 0: Terminated
srun: error: enc1-node8: task 0: Terminated
srun: error: enc1-node8: task 0: Terminated
srun: error: enc1-node1: task 0: Terminated
srun: error: enc1-node7: task 0: Terminated
srun: error: enc1-node8: task 0: Terminated
srun: error: enc1-node7: task 0: Terminated
srun: error: enc1-node1: task 0: Terminated
srun: error: enc1-node7: task 0: Terminated
srun: error: enc1-node4: task 0: Terminated
srun: error: enc1-node1: task 0: Terminated
srun: error: enc1-node4: task 0: Terminated
srun: error: enc1-node1: task 0: Terminated
srun: error: enc1-node6: task 0: Terminated
srun: error: enc1-node1: task 0: Terminated
srun: error: enc1-node6: task 0: Terminated
srun: error: enc1-node1: task 0: Terminated
srun: error: enc1-node4: task 0: Terminated
srun: error: enc1-node1: task 0: Terminated
srun: error: enc1-node6: task 0: Terminated
srun: error: enc1-node4: task 0: Terminated
srun: error: enc1-node1: task 0: Terminated
srun: error: enc1-node6: task 0: Terminated
srun: error: enc1-node3: task 0: Terminated
srun: error: enc1-node3: task 0: Terminated
srun: error: enc1-node4: task 0: Terminated
srun: error: enc1-node3: task 0: Terminated
srun: error: enc1-node3: task 0: Terminated
srun: error: enc1-node6: task 0: Terminated
srun: error: enc1-node3: task 0: Terminated
srun: error: enc1-node3: task 0: Terminated
srun: error: enc1-node3: task 0: Terminated
srun: error: enc1-node4: task 0: Terminated
srun: error: enc1-node4: task 0: Terminated
srun: error: enc1-node6: task 0: Terminated
srun: error: enc1-node6: task 0: Terminated
srun: error: enc1-node6: task 0: Terminated
srun: error: enc1-node4: task 0: Terminated
srun: error: enc1-node6: task 0: Terminated
srun: error: enc1-node4: task 0: Terminated
srun: error: enc1-node6: task 0: Terminated
srun: error: enc1-node4: task 0: Terminated
srun: error: enc1-node6: task 0: Terminated
