Setting parameters
Initialising
   making state/history dataframes
   initialising velocity, position and direction
   setting time/run counters
   making the maze walls
   discretising position for later plotting
   handling undefined parameters
   initialising basis features for learning
   calculating state vector at all discretised positions
HBox(children=(HTML(value=''), FloatProgress(value=0.0, max=10000.0), HTML(value='')))

   initialising STDP weight matrix and traces
DONE
HBox(children=(HTML(value=''), FloatProgress(value=0.0, max=6000.0), HTML(value='')))

Calculating place and grid cells
theta: (0.6568437935474352, -4.272106308060661, 0.5388162850891809, 0.5793952350656494)
no theta: (0.811545170683206, -3.9773313755252246, 0.5128741262431619, 0.5469999870664383)
Setting parameters
Initialising
   making state/history dataframes
   initialising velocity, position and direction
   setting time/run counters
   making the maze walls
   discretising position for later plotting
   handling undefined parameters
   initialising basis features for learning
   calculating state vector at all discretised positions
HBox(children=(HTML(value=''), FloatProgress(value=0.0, max=10000.0), HTML(value='')))

   initialising STDP weight matrix and traces
DONE
HBox(children=(HTML(value=''), FloatProgress(value=0.0, max=6000.0), HTML(value='')))

Calculating place and grid cells
theta: (0.5668760682834286, -5.345826296648752, 0.6614915674471356, 0.6974255295498509)
no theta: (0.8834176946859954, -4.626651451501729, 0.6386221320217949, 0.6183860359096807)
Setting parameters
Initialising
   making state/history dataframes
   initialising velocity, position and direction
   setting time/run counters
   making the maze walls
   discretising position for later plotting
   handling undefined parameters
   initialising basis features for learning
   calculating state vector at all discretised positions
HBox(children=(HTML(value=''), FloatProgress(value=0.0, max=10000.0), HTML(value='')))

   initialising STDP weight matrix and traces
DONE
HBox(children=(HTML(value=''), FloatProgress(value=0.0, max=6000.0), HTML(value='')))

Calculating place and grid cells
theta: (0.7626031798686458, -4.851863234596724, 0.5932744524774296, 0.6430416361887425)
no theta: (0.8549760419234801, -5.330080282139713, 0.7131073271435262, 0.6955913046238056)
Setting parameters
Initialising
   making state/history dataframes
   initialising velocity, position and direction
   setting time/run counters
   making the maze walls
   discretising position for later plotting
   handling undefined parameters
   initialising basis features for learning
   calculating state vector at all discretised positions
HBox(children=(HTML(value=''), FloatProgress(value=0.0, max=10000.0), HTML(value='')))

   initialising STDP weight matrix and traces
DONE
HBox(children=(HTML(value=''), FloatProgress(value=0.0, max=6000.0), HTML(value='')))

Calculating place and grid cells
theta: (0.6174739416638598, -3.994860340309512, 0.4922828574544282, 0.5487667020434129)
no theta: (0.898189733757149, -5.29028452131348, 0.7036778690808424, 0.6910901319539248)
