Setting parameters
Initialising
   making state/history dataframes
   initialising velocity, position and direction
   setting time/run counters
   making the maze walls
   discretising position for later plotting
   handling undefined parameters
   initialising basis features for learning
   calculating state vector at all discretised positions
HBox(children=(HTML(value=''), FloatProgress(value=0.0, max=10000.0), HTML(value='')))

   initialising STDP weight matrix and traces
DONE
HBox(children=(HTML(value=''), FloatProgress(value=0.0, max=6000.0), HTML(value='')))

Calculating place and grid cells
theta: (0.6357631505330572, -4.58647640129546, 0.6091298255847891, 0.6140299542342549)
no theta: (0.8575077841145834, -4.653356571821615, 0.5961295483500356, 0.6213809971989814)
Setting parameters
Initialising
   making state/history dataframes
   initialising velocity, position and direction
   setting time/run counters
   making the maze walls
   discretising position for later plotting
   handling undefined parameters
   initialising basis features for learning
   calculating state vector at all discretised positions
HBox(children=(HTML(value=''), FloatProgress(value=0.0, max=10000.0), HTML(value='')))

   initialising STDP weight matrix and traces
DONE
HBox(children=(HTML(value=''), FloatProgress(value=0.0, max=6000.0), HTML(value='')))

Calculating place and grid cells
theta: (0.6449607959380703, -4.5160415976720945, 0.575541151892507, 0.6062781567941563)
no theta: (0.8669048237905689, -5.67257042597617, 0.7154742781961183, 0.7333943421759731)
Setting parameters
Initialising
   making state/history dataframes
   initialising velocity, position and direction
   setting time/run counters
   making the maze walls
   discretising position for later plotting
   handling undefined parameters
   initialising basis features for learning
   calculating state vector at all discretised positions
HBox(children=(HTML(value=''), FloatProgress(value=0.0, max=10000.0), HTML(value='')))

   initialising STDP weight matrix and traces
DONE
HBox(children=(HTML(value=''), FloatProgress(value=0.0, max=6000.0), HTML(value='')))

Calculating place and grid cells
theta: (0.5338630767026425, -5.4812068183350675, 0.7003822357849336, 0.7121026874899611)
no theta: (0.8993181563166315, -5.498802092099031, 0.7146156649135509, 0.7140359141382752)
Setting parameters
Initialising
   making state/history dataframes
   initialising velocity, position and direction
   setting time/run counters
   making the maze walls
   discretising position for later plotting
   handling undefined parameters
   initialising basis features for learning
   calculating state vector at all discretised positions
HBox(children=(HTML(value=''), FloatProgress(value=0.0, max=10000.0), HTML(value='')))

   initialising STDP weight matrix and traces
DONE
HBox(children=(HTML(value=''), FloatProgress(value=0.0, max=6000.0), HTML(value='')))

Calculating place and grid cells
theta: (0.6914928619199885, -4.8594825453570065, 0.6228034132234201, 0.6437499511807162)
no theta: (0.8300717587241128, -3.174737207225598, 0.4215921423802911, 0.4586560080246907)
