srun: error: task 0 launch failed: Slurmd could not execve job
srun: error: task 0 launch failed: Slurmd could not execve job
srun: error: task 0 launch failed: Slurmd could not execve job
srun: error: task 0 launch failed: Slurmd could not execve job
srun: error: task 0 launch failed: Slurmd could not execve job
srun: error: task 0 launch failed: Slurmd could not execve job
srun: error: task 0 launch failed: Slurmd could not execve job
srun: error: task 0 launch failed: Slurmd could not execve job
srun: error: task 0 launch failed: Slurmd could not execve job
srun: error: task 0 launch failed: Slurmd could not execve job
srun: error: task 0 launch failed: Slurmd could not execve job
srun: error: task 0 launch failed: Slurmd could not execve job
srun: error: task 0 launch failed: Slurmd could not execve job
srun: error: task 0 launch failed: Slurmd could not execve job
srun: error: task 0 launch failed: Slurmd could not execve job
srun: error: task 0 launch failed: Slurmd could not execve job
srun: error: task 0 launch failed: Slurmd could not execve job
srun: error: task 0 launch failed: Slurmd could not execve job
srun: error: task 0 launch failed: Slurmd could not execve job
srun: error: task 0 launch failed: Slurmd could not execve job
srun: error: task 0 launch failed: Slurmd could not execve job
srun: error: task 0 launch failed: Slurmd could not execve job
srun: error: task 0 launch failed: Slurmd could not execve job
srun: error: task 0 launch failed: Slurmd could not execve job
srun: error: task 0 launch failed: Slurmd could not execve job
srun: error: task 0 launch failed: Slurmd could not execve job
srun: error: task 0 launch failed: Slurmd could not execve job
srun: error: task 0 launch failed: Slurmd could not execve job
srun: error: task 0 launch failed: Slurmd could not execve job
srun: error: task 0 launch failed: Slurmd could not execve job
srun: error: task 0 launch failed: Slurmd could not execve job
srun: error: task 0 launch failed: Slurmd could not execve job
srun: error: task 0 launch failed: Slurmd could not execve job
srun: error: task 0 launch failed: Slurmd could not execve job
srun: error: task 0 launch failed: Slurmd could not execve job
srun: error: task 0 launch failed: Slurmd could not execve job
srun: error: task 0 launch failed: Slurmd could not execve job
srun: error: task 0 launch failed: Slurmd could not execve job
srun: error: task 0 launch failed: Slurmd could not execve job
srun: error: task 0 launch failed: Slurmd could not execve job
srun: error: task 0 launch failed: Slurmd could not execve job
srun: error: task 0 launch failed: Slurmd could not execve job
srun: error: task 0 launch failed: Slurmd could not execve job
srun: error: task 0 launch failed: Slurmd could not execve job
srun: Job step aborted: Waiting up to 32 seconds for job step to finish.
srun: Job step aborted: Waiting up to 32 seconds for job step to finish.
srun: Job step aborted: Waiting up to 32 seconds for job step to finish.
srun: Job step aborted: Waiting up to 32 seconds for job step to finish.
srun: Job step aborted: Waiting up to 32 seconds for job step to finish.
srun: Job step aborted: Waiting up to 32 seconds for job step to finish.
srun: Job step aborted: Waiting up to 32 seconds for job step to finish.
srun: Job step aborted: Waiting up to 32 seconds for job step to finish.
srun: Job step aborted: Waiting up to 32 seconds for job step to finish.
srun: Job step aborted: Waiting up to 32 seconds for job step to finish.
srun: Job step aborted: Waiting up to 32 seconds for job step to finish.
srun: Job step aborted: Waiting up to 32 seconds for job step to finish.
srun: Job step aborted: Waiting up to 32 seconds for job step to finish.
srun: Job step aborted: Waiting up to 32 seconds for job step to finish.
srun: Job step aborted: Waiting up to 32 seconds for job step to finish.
srun: Job step aborted: Waiting up to 32 seconds for job step to finish.
srun: Job step aborted: Waiting up to 32 seconds for job step to finish.
srun: Job step aborted: Waiting up to 32 seconds for job step to finish.
srun: Job step aborted: Waiting up to 32 seconds for job step to finish.
srun: Job step aborted: Waiting up to 32 seconds for job step to finish.
srun: Job step aborted: Waiting up to 32 seconds for job step to finish.
srun: Job step aborted: Waiting up to 32 seconds for job step to finish.
srun: Job step aborted: Waiting up to 32 seconds for job step to finish.
srun: Job step aborted: Waiting up to 32 seconds for job step to finish.
srun: Job step aborted: Waiting up to 32 seconds for job step to finish.
srun: Job step aborted: Waiting up to 32 seconds for job step to finish.
srun: Job step aborted: Waiting up to 32 seconds for job step to finish.
srun: Job step aborted: Waiting up to 32 seconds for job step to finish.
srun: Job step aborted: Waiting up to 32 seconds for job step to finish.
srun: Job step aborted: Waiting up to 32 seconds for job step to finish.
srun: Job step aborted: Waiting up to 32 seconds for job step to finish.
srun: Job step aborted: Waiting up to 32 seconds for job step to finish.
srun: Job step aborted: Waiting up to 32 seconds for job step to finish.
srun: Job step aborted: Waiting up to 32 seconds for job step to finish.
srun: Job step aborted: Waiting up to 32 seconds for job step to finish.
srun: Job step aborted: Waiting up to 32 seconds for job step to finish.
srun: Job step aborted: Waiting up to 32 seconds for job step to finish.
srun: Job step aborted: Waiting up to 32 seconds for job step to finish.
srun: Job step aborted: Waiting up to 32 seconds for job step to finish.
srun: Job step aborted: Waiting up to 32 seconds for job step to finish.
srun: Job step aborted: Waiting up to 32 seconds for job step to finish.
srun: Job step aborted: Waiting up to 32 seconds for job step to finish.
srun: Job step aborted: Waiting up to 32 seconds for job step to finish.
srun: Job step aborted: Waiting up to 32 seconds for job step to finish.
srun: Job step aborted: Waiting up to 32 seconds for job step to finish.
srun: Job step aborted: Waiting up to 32 seconds for job step to finish.
srun: Job step aborted: Waiting up to 32 seconds for job step to finish.
srun: Job step aborted: Waiting up to 32 seconds for job step to finish.
srun: Job step aborted: Waiting up to 32 seconds for job step to finish.
srun: Job step aborted: Waiting up to 32 seconds for job step to finish.
srun: Job step aborted: Waiting up to 32 seconds for job step to finish.
srun: Job step aborted: Waiting up to 32 seconds for job step to finish.
srun: Job step aborted: Waiting up to 32 seconds for job step to finish.
srun: Job step aborted: Waiting up to 32 seconds for job step to finish.
srun: Job step aborted: Waiting up to 32 seconds for job step to finish.
srun: Job step aborted: Waiting up to 32 seconds for job step to finish.
srun: Job step aborted: Waiting up to 32 seconds for job step to finish.
srun: Job step aborted: Waiting up to 32 seconds for job step to finish.
srun: Job step aborted: Waiting up to 32 seconds for job step to finish.
srun: Job step aborted: Waiting up to 32 seconds for job step to finish.
srun: Job step aborted: Waiting up to 32 seconds for job step to finish.
srun: Job step aborted: Waiting up to 32 seconds for job step to finish.
srun: Job step aborted: Waiting up to 32 seconds for job step to finish.
srun: Job step aborted: Waiting up to 32 seconds for job step to finish.
srun: Job step aborted: Waiting up to 32 seconds for job step to finish.
srun: Job step aborted: Waiting up to 32 seconds for job step to finish.
srun: Job step aborted: Waiting up to 32 seconds for job step to finish.
srun: Job step aborted: Waiting up to 32 seconds for job step to finish.
srun: Job step aborted: Waiting up to 32 seconds for job step to finish.
srun: Job step aborted: Waiting up to 32 seconds for job step to finish.
srun: Job step aborted: Waiting up to 32 seconds for job step to finish.
srun: Job step aborted: Waiting up to 32 seconds for job step to finish.
srun: Job step aborted: Waiting up to 32 seconds for job step to finish.
srun: Job step aborted: Waiting up to 32 seconds for job step to finish.
srun: Job step aborted: Waiting up to 32 seconds for job step to finish.
srun: Job step aborted: Waiting up to 32 seconds for job step to finish.
srun: Job step aborted: Waiting up to 32 seconds for job step to finish.
srun: Job step aborted: Waiting up to 32 seconds for job step to finish.
srun: Job step aborted: Waiting up to 32 seconds for job step to finish.
srun: Job step aborted: Waiting up to 32 seconds for job step to finish.
srun: Job step aborted: Waiting up to 32 seconds for job step to finish.
srun: Job step aborted: Waiting up to 32 seconds for job step to finish.
srun: Job step aborted: Waiting up to 32 seconds for job step to finish.
srun: Job step aborted: Waiting up to 32 seconds for job step to finish.
srun: Job step aborted: Waiting up to 32 seconds for job step to finish.
srun: Job step aborted: Waiting up to 32 seconds for job step to finish.
srun: Job step aborted: Waiting up to 32 seconds for job step to finish.
srun: Job step aborted: Waiting up to 32 seconds for job step to finish.
srun: Job step aborted: Waiting up to 32 seconds for job step to finish.
srun: Job step aborted: Waiting up to 32 seconds for job step to finish.
srun: Job step aborted: Waiting up to 32 seconds for job step to finish.
srun: Job step aborted: Waiting up to 32 seconds for job step to finish.
srun: Job step aborted: Waiting up to 32 seconds for job step to finish.
srun: Job step aborted: Waiting up to 32 seconds for job step to finish.
srun: Job step aborted: Waiting up to 32 seconds for job step to finish.
srun: Job step aborted: Waiting up to 32 seconds for job step to finish.
srun: Job step aborted: Waiting up to 32 seconds for job step to finish.
srun: Job step aborted: Waiting up to 32 seconds for job step to finish.
srun: Job step aborted: Waiting up to 32 seconds for job step to finish.
srun: Job step aborted: Waiting up to 32 seconds for job step to finish.
srun: Job step aborted: Waiting up to 32 seconds for job step to finish.
srun: Job step aborted: Waiting up to 32 seconds for job step to finish.
srun: Job step aborted: Waiting up to 32 seconds for job step to finish.
srun: Job step aborted: Waiting up to 32 seconds for job step to finish.
srun: Job step aborted: Waiting up to 32 seconds for job step to finish.
srun: Job step aborted: Waiting up to 32 seconds for job step to finish.
srun: Job step aborted: Waiting up to 32 seconds for job step to finish.
srun: Job step aborted: Waiting up to 32 seconds for job step to finish.
srun: Job step aborted: Waiting up to 32 seconds for job step to finish.
srun: Job step aborted: Waiting up to 32 seconds for job step to finish.
srun: Job step aborted: Waiting up to 32 seconds for job step to finish.
srun: Job step aborted: Waiting up to 32 seconds for job step to finish.
srun: Job step aborted: Waiting up to 32 seconds for job step to finish.
srun: Job step aborted: Waiting up to 32 seconds for job step to finish.
srun: Job step aborted: Waiting up to 32 seconds for job step to finish.
srun: Job step aborted: Waiting up to 32 seconds for job step to finish.
srun: Job step aborted: Waiting up to 32 seconds for job step to finish.
srun: Job step aborted: Waiting up to 32 seconds for job step to finish.
srun: Job step aborted: Waiting up to 32 seconds for job step to finish.
srun: Job step aborted: Waiting up to 32 seconds for job step to finish.
srun: Job step aborted: Waiting up to 32 seconds for job step to finish.
srun: Job step aborted: Waiting up to 32 seconds for job step to finish.
srun: Job step aborted: Waiting up to 32 seconds for job step to finish.
srun: Job step aborted: Waiting up to 32 seconds for job step to finish.
srun: Job step aborted: Waiting up to 32 seconds for job step to finish.
srun: Job step aborted: Waiting up to 32 seconds for job step to finish.
srun: Job step aborted: Waiting up to 32 seconds for job step to finish.
srun: Job step aborted: Waiting up to 32 seconds for job step to finish.
srun: Job step aborted: Waiting up to 32 seconds for job step to finish.
srun: Job step aborted: Waiting up to 32 seconds for job step to finish.
srun: Job step aborted: Waiting up to 32 seconds for job step to finish.
srun: Job step aborted: Waiting up to 32 seconds for job step to finish.
srun: Job step aborted: Waiting up to 32 seconds for job step to finish.
srun: Job step aborted: Waiting up to 32 seconds for job step to finish.
srun: Job step aborted: Waiting up to 32 seconds for job step to finish.
srun: Job step aborted: Waiting up to 32 seconds for job step to finish.
srun: Job step aborted: Waiting up to 32 seconds for job step to finish.
srun: Job step aborted: Waiting up to 32 seconds for job step to finish.
srun: Job step aborted: Waiting up to 32 seconds for job step to finish.
srun: Job step aborted: Waiting up to 32 seconds for job step to finish.
srun: Job step aborted: Waiting up to 32 seconds for job step to finish.
srun: Job step aborted: Waiting up to 32 seconds for job step to finish.
srun: Job step aborted: Waiting up to 32 seconds for job step to finish.
srun: Job step aborted: Waiting up to 32 seconds for job step to finish.
srun: Job step aborted: Waiting up to 32 seconds for job step to finish.
srun: Job step aborted: Waiting up to 32 seconds for job step to finish.
srun: Job step aborted: Waiting up to 32 seconds for job step to finish.
srun: Job step aborted: Waiting up to 32 seconds for job step to finish.
srun: Job step aborted: Waiting up to 32 seconds for job step to finish.
srun: Job step aborted: Waiting up to 32 seconds for job step to finish.
srun: Job step aborted: Waiting up to 32 seconds for job step to finish.
srun: Job step aborted: Waiting up to 32 seconds for job step to finish.
srun: Job step aborted: Waiting up to 32 seconds for job step to finish.
srun: Job step aborted: Waiting up to 32 seconds for job step to finish.
srun: Job step aborted: Waiting up to 32 seconds for job step to finish.
srun: Job step aborted: Waiting up to 32 seconds for job step to finish.
srun: Job step aborted: Waiting up to 32 seconds for job step to finish.
srun: Job step aborted: Waiting up to 32 seconds for job step to finish.
srun: Job step aborted: Waiting up to 32 seconds for job step to finish.
srun: Job step aborted: Waiting up to 32 seconds for job step to finish.
srun: Job step aborted: Waiting up to 32 seconds for job step to finish.
srun: Job step aborted: Waiting up to 32 seconds for job step to finish.
srun: Job step aborted: Waiting up to 32 seconds for job step to finish.
srun: Job step aborted: Waiting up to 32 seconds for job step to finish.
srun: Job step aborted: Waiting up to 32 seconds for job step to finish.
srun: Job step aborted: Waiting up to 32 seconds for job step to finish.
srun: Job step aborted: Waiting up to 32 seconds for job step to finish.
srun: Job step aborted: Waiting up to 32 seconds for job step to finish.
srun: Job step aborted: Waiting up to 32 seconds for job step to finish.
srun: Job step aborted: Waiting up to 32 seconds for job step to finish.
srun: Job step aborted: Waiting up to 32 seconds for job step to finish.
srun: Job step aborted: Waiting up to 32 seconds for job step to finish.
srun: Job step aborted: Waiting up to 32 seconds for job step to finish.
srun: Job step aborted: Waiting up to 32 seconds for job step to finish.
srun: Job step aborted: Waiting up to 32 seconds for job step to finish.
srun: Job step aborted: Waiting up to 32 seconds for job step to finish.
srun: Job step aborted: Waiting up to 32 seconds for job step to finish.
srun: Job step aborted: Waiting up to 32 seconds for job step to finish.
srun: Job step aborted: Waiting up to 32 seconds for job step to finish.
srun: Job step aborted: Waiting up to 32 seconds for job step to finish.
srun: Job step aborted: Waiting up to 32 seconds for job step to finish.
srun: Job step aborted: Waiting up to 32 seconds for job step to finish.
srun: Job step aborted: Waiting up to 32 seconds for job step to finish.
srun: Job step aborted: Waiting up to 32 seconds for job step to finish.
srun: Job step aborted: Waiting up to 32 seconds for job step to finish.
srun: Job step aborted: Waiting up to 32 seconds for job step to finish.
srun: Job step aborted: Waiting up to 32 seconds for job step to finish.
srun: Job step aborted: Waiting up to 32 seconds for job step to finish.
srun: Job step aborted: Waiting up to 32 seconds for job step to finish.
srun: Job step aborted: Waiting up to 32 seconds for job step to finish.
srun: Job step aborted: Waiting up to 32 seconds for job step to finish.
srun: Job step aborted: Waiting up to 32 seconds for job step to finish.
srun: Job step aborted: Waiting up to 32 seconds for job step to finish.
srun: Job step aborted: Waiting up to 32 seconds for job step to finish.
srun: Job step aborted: Waiting up to 32 seconds for job step to finish.
srun: Job step aborted: Waiting up to 32 seconds for job step to finish.
srun: Job step aborted: Waiting up to 32 seconds for job step to finish.
srun: Job step aborted: Waiting up to 32 seconds for job step to finish.
srun: Job step aborted: Waiting up to 32 seconds for job step to finish.
srun: Job step aborted: Waiting up to 32 seconds for job step to finish.
srun: Job step aborted: Waiting up to 32 seconds for job step to finish.
srun: Job step aborted: Waiting up to 32 seconds for job step to finish.
srun: Job step aborted: Waiting up to 32 seconds for job step to finish.
srun: Job step aborted: Waiting up to 32 seconds for job step to finish.
srun: Job step aborted: Waiting up to 32 seconds for job step to finish.
srun: Job step aborted: Waiting up to 32 seconds for job step to finish.
srun: Job step aborted: Waiting up to 32 seconds for job step to finish.
srun: Job step aborted: Waiting up to 32 seconds for job step to finish.
srun: Job step aborted: Waiting up to 32 seconds for job step to finish.
srun: Job step aborted: Waiting up to 32 seconds for job step to finish.
srun: Job step aborted: Waiting up to 32 seconds for job step to finish.
srun: Job step aborted: Waiting up to 32 seconds for job step to finish.
srun: Job step aborted: Waiting up to 32 seconds for job step to finish.
srun: Job step aborted: Waiting up to 32 seconds for job step to finish.
srun: Job step aborted: Waiting up to 32 seconds for job step to finish.
srun: Job step aborted: Waiting up to 32 seconds for job step to finish.
srun: Job step aborted: Waiting up to 32 seconds for job step to finish.
srun: Job step aborted: Waiting up to 32 seconds for job step to finish.
srun: Job step aborted: Waiting up to 32 seconds for job step to finish.
srun: Job step aborted: Waiting up to 32 seconds for job step to finish.
srun: Job step aborted: Waiting up to 32 seconds for job step to finish.
srun: Job step aborted: Waiting up to 32 seconds for job step to finish.
srun: Job step aborted: Waiting up to 32 seconds for job step to finish.
srun: Job step aborted: Waiting up to 32 seconds for job step to finish.
srun: Job step aborted: Waiting up to 32 seconds for job step to finish.
srun: Job step aborted: Waiting up to 32 seconds for job step to finish.
srun: Job step aborted: Waiting up to 32 seconds for job step to finish.
srun: Job step aborted: Waiting up to 32 seconds for job step to finish.
srun: Job step aborted: Waiting up to 32 seconds for job step to finish.
srun: Job step aborted: Waiting up to 32 seconds for job step to finish.
srun: Job step aborted: Waiting up to 32 seconds for job step to finish.
srun: Job step aborted: Waiting up to 32 seconds for job step to finish.
srun: Job step aborted: Waiting up to 32 seconds for job step to finish.
srun: Job step aborted: Waiting up to 32 seconds for job step to finish.
srun: Job step aborted: Waiting up to 32 seconds for job step to finish.
srun: Job step aborted: Waiting up to 32 seconds for job step to finish.
srun: Job step aborted: Waiting up to 32 seconds for job step to finish.
srun: Job step aborted: Waiting up to 32 seconds for job step to finish.
srun: Job step aborted: Waiting up to 32 seconds for job step to finish.
srun: Job step aborted: Waiting up to 32 seconds for job step to finish.
srun: Job step aborted: Waiting up to 32 seconds for job step to finish.
srun: Job step aborted: Waiting up to 32 seconds for job step to finish.
srun: Job step aborted: Waiting up to 32 seconds for job step to finish.
srun: Job step aborted: Waiting up to 32 seconds for job step to finish.
srun: Job step aborted: Waiting up to 32 seconds for job step to finish.
srun: Job step aborted: Waiting up to 32 seconds for job step to finish.
srun: Job step aborted: Waiting up to 32 seconds for job step to finish.
srun: Job step aborted: Waiting up to 32 seconds for job step to finish.
srun: Job step aborted: Waiting up to 32 seconds for job step to finish.
srun: Job step aborted: Waiting up to 32 seconds for job step to finish.
srun: Job step aborted: Waiting up to 32 seconds for job step to finish.
srun: Job step aborted: Waiting up to 32 seconds for job step to finish.
srun: Job step aborted: Waiting up to 32 seconds for job step to finish.
srun: Job step aborted: Waiting up to 32 seconds for job step to finish.
srun: Job step aborted: Waiting up to 32 seconds for job step to finish.
srun: Job step aborted: Waiting up to 32 seconds for job step to finish.
srun: Job step aborted: Waiting up to 32 seconds for job step to finish.
srun: Job step aborted: Waiting up to 32 seconds for job step to finish.
srun: Job step aborted: Waiting up to 32 seconds for job step to finish.
srun: Job step aborted: Waiting up to 32 seconds for job step to finish.
srun: Job step aborted: Waiting up to 32 seconds for job step to finish.
srun: Job step aborted: Waiting up to 32 seconds for job step to finish.
srun: Job step aborted: Waiting up to 32 seconds for job step to finish.
srun: Job step aborted: Waiting up to 32 seconds for job step to finish.
srun: Job step aborted: Waiting up to 32 seconds for job step to finish.
srun: Job step aborted: Waiting up to 32 seconds for job step to finish.
srun: Job step aborted: Waiting up to 32 seconds for job step to finish.
srun: Job step aborted: Waiting up to 32 seconds for job step to finish.
srun: Job step aborted: Waiting up to 32 seconds for job step to finish.
srun: Job step aborted: Waiting up to 32 seconds for job step to finish.
srun: Job step aborted: Waiting up to 32 seconds for job step to finish.
srun: Job step aborted: Waiting up to 32 seconds for job step to finish.
srun: Job step aborted: Waiting up to 32 seconds for job step to finish.
srun: Job step aborted: Waiting up to 32 seconds for job step to finish.
srun: Job step aborted: Waiting up to 32 seconds for job step to finish.
srun: Job step aborted: Waiting up to 32 seconds for job step to finish.
srun: Job step aborted: Waiting up to 32 seconds for job step to finish.
srun: Job step aborted: Waiting up to 32 seconds for job step to finish.
srun: Job step aborted: Waiting up to 32 seconds for job step to finish.
srun: Job step aborted: Waiting up to 32 seconds for job step to finish.
srun: Job step aborted: Waiting up to 32 seconds for job step to finish.
srun: Job step aborted: Waiting up to 32 seconds for job step to finish.
srun: Job step aborted: Waiting up to 32 seconds for job step to finish.
srun: Job step aborted: Waiting up to 32 seconds for job step to finish.
srun: Job step aborted: Waiting up to 32 seconds for job step to finish.
srun: Job step aborted: Waiting up to 32 seconds for job step to finish.
srun: Job step aborted: Waiting up to 32 seconds for job step to finish.
srun: Job step aborted: Waiting up to 32 seconds for job step to finish.
srun: Job step aborted: Waiting up to 32 seconds for job step to finish.
srun: Job step aborted: Waiting up to 32 seconds for job step to finish.
srun: Job step aborted: Waiting up to 32 seconds for job step to finish.
srun: Job step aborted: Waiting up to 32 seconds for job step to finish.
srun: Job step aborted: Waiting up to 32 seconds for job step to finish.
srun: Job step aborted: Waiting up to 32 seconds for job step to finish.
srun: Job step aborted: Waiting up to 32 seconds for job step to finish.
srun: Job step aborted: Waiting up to 32 seconds for job step to finish.
srun: Job step aborted: Waiting up to 32 seconds for job step to finish.
srun: Job step aborted: Waiting up to 32 seconds for job step to finish.
srun: Job step aborted: Waiting up to 32 seconds for job step to finish.
srun: Job step aborted: Waiting up to 32 seconds for job step to finish.
srun: Job step aborted: Waiting up to 32 seconds for job step to finish.
srun: Job step aborted: Waiting up to 32 seconds for job step to finish.
srun: Job step aborted: Waiting up to 32 seconds for job step to finish.
srun: Job step aborted: Waiting up to 32 seconds for job step to finish.
srun: Job step aborted: Waiting up to 32 seconds for job step to finish.
srun: Job step aborted: Waiting up to 32 seconds for job step to finish.
srun: Job step aborted: Waiting up to 32 seconds for job step to finish.
srun: Job step aborted: Waiting up to 32 seconds for job step to finish.
srun: Job step aborted: Waiting up to 32 seconds for job step to finish.
srun: Job step aborted: Waiting up to 32 seconds for job step to finish.
srun: Job step aborted: Waiting up to 32 seconds for job step to finish.
srun: Job step aborted: Waiting up to 32 seconds for job step to finish.
srun: Job step aborted: Waiting up to 32 seconds for job step to finish.
srun: Job step aborted: Waiting up to 32 seconds for job step to finish.
srun: Job step aborted: Waiting up to 32 seconds for job step to finish.
srun: Job step aborted: Waiting up to 32 seconds for job step to finish.
srun: Job step aborted: Waiting up to 32 seconds for job step to finish.
srun: Job step aborted: Waiting up to 32 seconds for job step to finish.
srun: Job step aborted: Waiting up to 32 seconds for job step to finish.
srun: Job step aborted: Waiting up to 32 seconds for job step to finish.
srun: Job step aborted: Waiting up to 32 seconds for job step to finish.
srun: Job step aborted: Waiting up to 32 seconds for job step to finish.
srun: Job step aborted: Waiting up to 32 seconds for job step to finish.
srun: Job step aborted: Waiting up to 32 seconds for job step to finish.
srun: Job step aborted: Waiting up to 32 seconds for job step to finish.
srun: Job step aborted: Waiting up to 32 seconds for job step to finish.
srun: Job step aborted: Waiting up to 32 seconds for job step to finish.
srun: Job step aborted: Waiting up to 32 seconds for job step to finish.
srun: Job step aborted: Waiting up to 32 seconds for job step to finish.
srun: Job step aborted: Waiting up to 32 seconds for job step to finish.
srun: Job step aborted: Waiting up to 32 seconds for job step to finish.
srun: Job step aborted: Waiting up to 32 seconds for job step to finish.
srun: Job step aborted: Waiting up to 32 seconds for job step to finish.
srun: Job step aborted: Waiting up to 32 seconds for job step to finish.
srun: Job step aborted: Waiting up to 32 seconds for job step to finish.
srun: Job step aborted: Waiting up to 32 seconds for job step to finish.
srun: Job step aborted: Waiting up to 32 seconds for job step to finish.
srun: Job step aborted: Waiting up to 32 seconds for job step to finish.
srun: Job step aborted: Waiting up to 32 seconds for job step to finish.
srun: Job step aborted: Waiting up to 32 seconds for job step to finish.
srun: Job step aborted: Waiting up to 32 seconds for job step to finish.
srun: Job step aborted: Waiting up to 32 seconds for job step to finish.
srun: Job step aborted: Waiting up to 32 seconds for job step to finish.
srun: Job step aborted: Waiting up to 32 seconds for job step to finish.
srun: Job step aborted: Waiting up to 32 seconds for job step to finish.
srun: Job step aborted: Waiting up to 32 seconds for job step to finish.
srun: Job step aborted: Waiting up to 32 seconds for job step to finish.
srun: Job step aborted: Waiting up to 32 seconds for job step to finish.
srun: Job step aborted: Waiting up to 32 seconds for job step to finish.
srun: Job step aborted: Waiting up to 32 seconds for job step to finish.
srun: Job step aborted: Waiting up to 32 seconds for job step to finish.
srun: Job step aborted: Waiting up to 32 seconds for job step to finish.
srun: Job step aborted: Waiting up to 32 seconds for job step to finish.
srun: Job step aborted: Waiting up to 32 seconds for job step to finish.
srun: Job step aborted: Waiting up to 32 seconds for job step to finish.
srun: Job step aborted: Waiting up to 32 seconds for job step to finish.
srun: Job step aborted: Waiting up to 32 seconds for job step to finish.
srun: Job step aborted: Waiting up to 32 seconds for job step to finish.
srun: Job step aborted: Waiting up to 32 seconds for job step to finish.
srun: Job step aborted: Waiting up to 32 seconds for job step to finish.
srun: Job step aborted: Waiting up to 32 seconds for job step to finish.
slurmstepd-enc2-node9: error: *** STEP 1474853.24 ON enc2-node9 CANCELLED AT 2021-09-28T17:10:28 ***
slurmstepd-enc2-node10: error: *** STEP 1474853.25 ON enc2-node10 CANCELLED AT 2021-09-28T17:10:28 ***
srun: got SIGCONT
srun: got SIGCONT
srun: got SIGCONT
srun: got SIGCONT
srun: got SIGCONT
srun: got SIGCONT
srun: got SIGCONT
srun: got SIGCONT
srun: got SIGCONT
srun: got SIGCONT
srun: got SIGCONT
srun: got SIGCONT
srun: got SIGCONT
srun: got SIGCONT
srun: got SIGCONT
srun: got SIGCONT
srun: got SIGCONT
srun: got SIGCONT
srun: got SIGCONT
srun: got SIGCONT
srun: got SIGCONT
srun: got SIGCONT
srun: got SIGCONT
srun: got SIGCONT
srun: got SIGCONT
srun: got SIGCONT
srun: got SIGCONT
srun: got SIGCONT
srun: got SIGCONT
srun: got SIGCONT
srun: got SIGCONT
srun: got SIGCONT
srun: got SIGCONT
srun: got SIGCONT
srun: got SIGCONT
srun: got SIGCONT
srun: got SIGCONT
srun: got SIGCONT
srun: got SIGCONT
srun: got SIGCONT
srun: got SIGCONT
srun: got SIGCONT
srun: got SIGCONT
srun: got SIGCONT
srun: got SIGCONT
srun: got SIGCONT
srun: got SIGCONT
srun: got SIGCONT
srun: got SIGCONT
srun: got SIGCONT
srun: got SIGCONT
srun: got SIGCONT
srun: got SIGCONT
srun: got SIGCONT
srun: got SIGCONT
srun: got SIGCONT
srun: got SIGCONT
srun: got SIGCONT
srun: got SIGCONT
srun: got SIGCONT
srun: got SIGCONT
srun: got SIGCONT
srun: got SIGCONT
srun: got SIGCONT
srun: got SIGCONT
srun: got SIGCONT
srun: got SIGCONT
srun: got SIGCONT
srun: got SIGCONT
srun: got SIGCONT
srun: got SIGCONT
srun: got SIGCONT
srun: got SIGCONT
srun: got SIGCONT
srun: got SIGCONT
srun: got SIGCONT
srun: got SIGCONT
srun: got SIGCONT
srun: got SIGCONT
srun: got SIGCONT
srun: got SIGCONT
srun: got SIGCONT
srun: got SIGCONT
srun: got SIGCONT
srun: got SIGCONT
srun: got SIGCONT
srun: got SIGCONT
srun: got SIGCONT
srun: got SIGCONT
srun: got SIGCONT
srun: got SIGCONT
srun: got SIGCONT
srun: got SIGCONT
srun: got SIGCONT
srun: got SIGCONT
srun: got SIGCONT
srun: got SIGCONT
srun: got SIGCONT
srun: got SIGCONT
srun: got SIGCONT
srun: got SIGCONT
srun: got SIGCONT
srun: got SIGCONT
srun: got SIGCONT
srun: got SIGCONT
srun: got SIGCONT
srun: got SIGCONT
srun: got SIGCONT
srun: got SIGCONT
srun: got SIGCONT
srun: got SIGCONT
srun: got SIGCONT
srun: got SIGCONT
srun: got SIGCONT
srun: got SIGCONT
srun: got SIGCONT
srun: got SIGCONT
srun: got SIGCONT
srun: got SIGCONT
srun: got SIGCONT
srun: got SIGCONT
srun: got SIGCONT
srun: got SIGCONT
srun: got SIGCONT
srun: got SIGCONT
srun: got SIGCONT
srun: got SIGCONT
srun: got SIGCONT
srun: got SIGCONT
srun: got SIGCONT
srun: got SIGCONT
srun: got SIGCONT
srun: got SIGCONT
srun: got SIGCONT
srun: got SIGCONT
srun: got SIGCONT
srun: got SIGCONT
srun: got SIGCONT
srun: got SIGCONT
srun: got SIGCONT
srun: got SIGCONT
srun: got SIGCONT
srun: got SIGCONT
srun: got SIGCONT
srun: got SIGCONT
srun: got SIGCONT
srun: got SIGCONT
srun: got SIGCONT
srun: got SIGCONT
srun: got SIGCONT
srun: got SIGCONT
srun: got SIGCONT
srun: got SIGCONT
srun: got SIGCONT
srun: got SIGCONT
srun: got SIGCONT
srun: got SIGCONT
srun: got SIGCONT
srun: got SIGCONT
srun: got SIGCONT
srun: got SIGCONT
srun: got SIGCONT
srun: got SIGCONT
srun: got SIGCONT
srun: got SIGCONT
srun: got SIGCONT
srun: got SIGCONT
srun: got SIGCONT
srun: got SIGCONT
srun: got SIGCONT
srun: got SIGCONT
srun: got SIGCONT
srun: got SIGCONT
srun: got SIGCONT
srun: got SIGCONT
srun: got SIGCONT
srun: got SIGCONT
srun: got SIGCONT
srun: got SIGCONT
srun: got SIGCONT
srun: got SIGCONT
srun: got SIGCONT
srun: got SIGCONT
srun: got SIGCONT
srun: got SIGCONT
srun: got SIGCONT
srun: got SIGCONT
srun: got SIGCONT
srun: got SIGCONT
srun: got SIGCONT
srun: got SIGCONT
srun: got SIGCONT
srun: got SIGCONT
srun: got SIGCONT
srun: got SIGCONT
srun: got SIGCONT
srun: got SIGCONT
srun: got SIGCONT
srun: got SIGCONT
srun: got SIGCONT
srun: got SIGCONT
srun: got SIGCONT
srun: got SIGCONT
srun: got SIGCONT
srun: got SIGCONT
srun: got SIGCONT
srun: got SIGCONT
srun: got SIGCONT
srun: got SIGCONT
srun: got SIGCONT
srun: got SIGCONT
srun: got SIGCONT
srun: got SIGCONT
srun: got SIGCONT
srun: got SIGCONT
srun: got SIGCONT
srun: got SIGCONT
srun: got SIGCONT
srun: got SIGCONT
srun: got SIGCONT
srun: got SIGCONT
srun: got SIGCONT
srun: got SIGCONT
srun: got SIGCONT
srun: got SIGCONT
srun: got SIGCONT
srun: got SIGCONT
srun: got SIGCONT
srun: got SIGCONT
srun: got SIGCONT
srun: got SIGCONT
srun: got SIGCONT
srun: got SIGCONT
srun: got SIGCONT
srun: got SIGCONT
srun: got SIGCONT
srun: got SIGCONT
srun: got SIGCONT
srun: got SIGCONT
srun: got SIGCONT
srun: got SIGCONT
srun: got SIGCONT
srun: got SIGCONT
srun: got SIGCONT
srun: got SIGCONT
srun: got SIGCONT
srun: got SIGCONT
srun: got SIGCONT
srun: got SIGCONT
srun: got SIGCONT
srun: got SIGCONT
srun: got SIGCONT
srun: got SIGCONT
srun: got SIGCONT
srun: got SIGCONT
srun: got SIGCONT
srun: got SIGCONT
srun: got SIGCONT
srun: got SIGCONT
srun: got SIGCONT
srun: got SIGCONT
srun: got SIGCONT
srun: got SIGCONT
srun: got SIGCONT
srun: got SIGCONT
srun: got SIGCONT
srun: got SIGCONT
srun: got SIGCONT
srun: got SIGCONT
srun: got SIGCONT
srun: got SIGCONT
srun: got SIGCONT
srun: got SIGCONT
srun: got SIGCONT
srun: got SIGCONT
srun: got SIGCONT
srun: got SIGCONT
srun: got SIGCONT
srun: got SIGCONT
srun: got SIGCONT
srun: got SIGCONT
srun: got SIGCONT
srun: got SIGCONT
srun: got SIGCONT
srun: got SIGCONT
srun: got SIGCONT
srun: got SIGCONT
srun: got SIGCONT
srun: got SIGCONT
srun: got SIGCONT
srun: got SIGCONT
srun: got SIGCONT
srun: got SIGCONT
srun: got SIGCONT
srun: got SIGCONT
srun: got SIGCONT
srun: got SIGCONT
srun: got SIGCONT
srun: got SIGCONT
srun: got SIGCONT
srun: got SIGCONT
srun: got SIGCONT
srun: got SIGCONT
srun: got SIGCONT
srun: got SIGCONT
srun: got SIGCONT
srun: got SIGCONT
srun: got SIGCONT
srun: got SIGCONT
srun: got SIGCONT
srun: got SIGCONT
srun: got SIGCONT
srun: got SIGCONT
srun: got SIGCONT
srun: got SIGCONT
srun: got SIGCONT
srun: got SIGCONT
srun: got SIGCONT
srun: got SIGCONT
srun: got SIGCONT
srun: got SIGCONT
srun: got SIGCONT
srun: got SIGCONT
srun: got SIGCONT
srun: got SIGCONT
srun: got SIGCONT
srun: got SIGCONT
srun: got SIGCONT
srun: got SIGCONT
srun: got SIGCONT
srun: got SIGCONT
srun: got SIGCONT
srun: got SIGCONT
srun: got SIGCONT
srun: got SIGCONT
srun: got SIGCONT
srun: got SIGCONT
srun: got SIGCONT
srun: got SIGCONT
srun: got SIGCONT
srun: got SIGCONT
srun: got SIGCONT
srun: got SIGCONT
srun: got SIGCONT
srun: got SIGCONT
srun: got SIGCONT
srun: got SIGCONT
srun: got SIGCONT
srun: got SIGCONT
srun: got SIGCONT
srun: got SIGCONT
srun: got SIGCONT
srun: got SIGCONT
srun: got SIGCONT
srun: got SIGCONT
srun: got SIGCONT
srun: got SIGCONT
srun: got SIGCONT
srun: got SIGCONT
srun: got SIGCONT
srun: got SIGCONT
srun: error: enc2-node10: task 0: Terminated
srun: error: enc2-node9: task 0: Terminated
slurmstepd-enc2-node8: error: *** STEP 1474853.398 ON enc2-node8 CANCELLED AT 2021-09-28T17:10:28 ***
slurmstepd-enc2-node8: error: *** STEP 1474853.403 ON enc2-node8 CANCELLED AT 2021-09-28T17:10:28 ***
slurmstepd-enc2-node8: error: *** STEP 1474853.399 ON enc2-node8 CANCELLED AT 2021-09-28T17:10:28 ***
slurmstepd-enc2-node2: error: *** STEP 1474853.344 ON enc2-node2 CANCELLED AT 2021-09-28T17:10:28 ***
slurmstepd-enc2-node2: error: *** STEP 1474853.340 ON enc2-node2 CANCELLED AT 2021-09-28T17:10:28 ***
slurmstepd-enc2-node8: error: *** STEP 1474853.23 ON enc2-node8 CANCELLED AT 2021-09-28T17:10:28 ***
slurmstepd-enc2-node8: error: *** STEP 1474853.402 ON enc2-node8 CANCELLED AT 2021-09-28T17:10:28 ***
srun: error: enc2-node8: task 0: Terminated
srun: error: enc2-node8: task 0: Terminated
slurmstepd-enc2-node8: error: *** STEP 1474853.400 ON enc2-node8 CANCELLED AT 2021-09-28T17:10:28 ***
slurmstepd-enc2-node8: error: *** STEP 1474853.401 ON enc2-node8 CANCELLED AT 2021-09-28T17:10:28 ***
slurmstepd-enc2-node2: error: *** STEP 1474853.342 ON enc2-node2 CANCELLED AT 2021-09-28T17:10:28 ***
slurmstepd-enc2-node8: error: *** STEP 1474853.396 ON enc2-node8 CANCELLED AT 2021-09-28T17:10:28 ***
srun: error: enc2-node8: task 0: Terminated
srun: error: enc2-node8: task 0: Terminated
slurmstepd-enc2-node8: error: *** STEP 1474853.397 ON enc2-node8 CANCELLED AT 2021-09-28T17:10:28 ***
slurmstepd-enc2-node5: error: *** STEP 1474853.373 ON enc2-node5 CANCELLED AT 2021-09-28T17:10:28 ***
srun: error: enc2-node8: task 0: Terminated
srun: error: enc2-node8: task 0: Terminated
slurmstepd-enc0-node7: error: *** STEP 1474853.53 ON enc0-node7 CANCELLED AT 2021-09-28T17:10:28 ***
slurmstepd-enc2-node5: error: *** STEP 1474853.374 ON enc2-node5 CANCELLED AT 2021-09-28T17:10:28 ***
slurmstepd-enc2-node4: error: *** STEP 1474853.366 ON enc2-node4 CANCELLED AT 2021-09-28T17:10:28 ***
slurmstepd-enc2-node5: error: *** STEP 1474853.371 ON enc2-node5 CANCELLED AT 2021-09-28T17:10:28 ***
srun: error: enc2-node8: task 0: Terminated
srun: error: enc2-node8: task 0: Terminated
slurmstepd-enc2-node5: error: *** STEP 1474853.20 ON enc2-node5 CANCELLED AT 2021-09-28T17:10:28 ***
slurmstepd-enc0-node7: error: *** STEP 1474853.46 ON enc0-node7 CANCELLED AT 2021-09-28T17:10:28 ***
srun: error: enc2-node8: task 0: Terminated
slurmstepd-enc0-node6: error: *** STEP 1474853.36 ON enc0-node6 CANCELLED AT 2021-09-28T17:10:28 ***
slurmstepd-enc2-node4: error: *** STEP 1474853.364 ON enc2-node4 CANCELLED AT 2021-09-28T17:10:28 ***
slurmstepd-enc0-node7: error: *** STEP 1474853.51 ON enc0-node7 CANCELLED AT 2021-09-28T17:10:28 ***
slurmstepd-enc2-node5: error: *** STEP 1474853.375 ON enc2-node5 CANCELLED AT 2021-09-28T17:10:28 ***
slurmstepd-enc2-node2: error: *** STEP 1474853.348 ON enc2-node2 CANCELLED AT 2021-09-28T17:10:28 ***
srun: error: enc2-node2: task 0: Terminated
slurmstepd-enc2-node3: error: *** STEP 1474853.349 ON enc2-node3 CANCELLED AT 2021-09-28T17:10:28 ***
srun: error: enc2-node2: task 0: Terminated
slurmstepd-enc2-node5: error: *** STEP 1474853.372 ON enc2-node5 CANCELLED AT 2021-09-28T17:10:28 ***
srun: error: enc2-node5: task 0: Terminated
slurmstepd-enc0-node6: error: *** STEP 1474853.37 ON enc0-node6 CANCELLED AT 2021-09-28T17:10:28 ***
slurmstepd-enc2-node5: error: *** STEP 1474853.376 ON enc2-node5 CANCELLED AT 2021-09-28T17:10:28 ***
slurmstepd-enc2-node5: error: *** STEP 1474853.369 ON enc2-node5 CANCELLED AT 2021-09-28T17:10:28 ***
srun: error: enc2-node5: task 0: Terminated
srun: error: enc2-node5: task 0: Terminated
srun: error: enc2-node5: task 0: Terminated
slurmstepd-enc2-node2: error: *** STEP 1474853.343 ON enc2-node2 CANCELLED AT 2021-09-28T17:10:28 ***
slurmstepd-enc2-node5: error: *** STEP 1474853.368 ON enc2-node5 CANCELLED AT 2021-09-28T17:10:28 ***
slurmstepd-enc0-node6: error: *** STEP 1474853.39 ON enc0-node6 CANCELLED AT 2021-09-28T17:10:28 ***
slurmstepd-enc2-node2: error: *** STEP 1474853.17 ON enc2-node2 CANCELLED AT 2021-09-28T17:10:28 ***
slurmstepd-enc2-node3: error: *** STEP 1474853.352 ON enc2-node3 CANCELLED AT 2021-09-28T17:10:28 ***
slurmstepd-enc2-node5: error: *** STEP 1474853.370 ON enc2-node5 CANCELLED AT 2021-09-28T17:10:28 ***
srun: error: enc2-node2: task 0: Terminated
slurmstepd-enc2-node2: error: *** STEP 1474853.345 ON enc2-node2 CANCELLED AT 2021-09-28T17:10:28 ***
slurmstepd-enc2-node3: error: *** STEP 1474853.356 ON enc2-node3 CANCELLED AT 2021-09-28T17:10:28 ***
slurmstepd-enc2-node2: error: *** STEP 1474853.347 ON enc2-node2 CANCELLED AT 2021-09-28T17:10:28 ***
slurmstepd-enc0-node6: error: *** STEP 1474853.44 ON enc0-node6 CANCELLED AT 2021-09-28T17:10:28 ***
slurmstepd-enc2-node3: error: *** STEP 1474853.351 ON enc2-node3 CANCELLED AT 2021-09-28T17:10:28 ***
slurmstepd-enc2-node2: error: *** STEP 1474853.346 ON enc2-node2 CANCELLED AT 2021-09-28T17:10:28 ***
srun: error: enc2-node2: task 0: Terminated
srun: error: enc2-node5: task 0: Terminated
srun: error: enc2-node5: task 0: Terminated
slurmstepd-enc2-node2: error: *** STEP 1474853.341 ON enc2-node2 CANCELLED AT 2021-09-28T17:10:28 ***
srun: error: enc2-node5: task 0: Terminated
srun: error: enc2-node5: task 0: Terminated
srun: error: enc2-node5: task 0: Terminated
srun: error: enc2-node5: task 0: Terminated
srun: error: enc2-node2: task 0: Terminated
srun: error: enc2-node2: task 0: Terminated
srun: error: enc2-node2: task 0: Terminated
srun: error: enc2-node4: task 0: Terminated
slurmstepd-enc2-node4: error: *** STEP 1474853.367 ON enc2-node4 CANCELLED AT 2021-09-28T17:10:28 ***
slurmstepd-enc2-node4: error: *** STEP 1474853.363 ON enc2-node4 CANCELLED AT 2021-09-28T17:10:28 ***
slurmstepd-enc0-node7: error: *** STEP 1474853.50 ON enc0-node7 CANCELLED AT 2021-09-28T17:10:28 ***
srun: error: enc2-node2: task 0: Terminated
srun: error: enc2-node2: task 0: Terminated
srun: error: enc0-node7: task 0: Terminated
srun: error: enc2-node4: task 0: Terminated
slurmstepd-enc2-node4: error: *** STEP 1474853.358 ON enc2-node4 CANCELLED AT 2021-09-28T17:10:28 ***
slurmstepd-enc2-node3: error: *** STEP 1474853.357 ON enc2-node3 CANCELLED AT 2021-09-28T17:10:28 ***
srun: error: enc2-node2: task 0: Terminated
srun: error: enc2-node3: task 0: Terminated
srun: error: enc0-node7: task 0: Terminated
slurmstepd-enc0-node7: error: *** STEP 1474853.49 ON enc0-node7 CANCELLED AT 2021-09-28T17:10:28 ***
slurmstepd-enc2-node3: error: *** STEP 1474853.355 ON enc2-node3 CANCELLED AT 2021-09-28T17:10:28 ***
srun: error: enc2-node3: task 0: Terminated
slurmstepd-enc0-node7: error: *** STEP 1474853.48 ON enc0-node7 CANCELLED AT 2021-09-28T17:10:28 ***
srun: error: enc2-node4: task 0: Terminated
srun: error: enc2-node3: task 0: Terminated
slurmstepd-enc2-node4: error: *** STEP 1474853.365 ON enc2-node4 CANCELLED AT 2021-09-28T17:10:28 ***
slurmstepd-enc2-node3: error: *** STEP 1474853.354 ON enc2-node3 CANCELLED AT 2021-09-28T17:10:28 ***
slurmstepd-enc2-node4: error: *** STEP 1474853.361 ON enc2-node4 CANCELLED AT 2021-09-28T17:10:28 ***
slurmstepd-enc0-node7: error: *** STEP 1474853.52 ON enc0-node7 CANCELLED AT 2021-09-28T17:10:28 ***
srun: error: enc0-node7: task 0: Terminated
srun: error: enc2-node3: task 0: Terminated
srun: error: enc0-node7: task 0: Terminated
slurmstepd-enc2-node3: error: *** STEP 1474853.353 ON enc2-node3 CANCELLED AT 2021-09-28T17:10:28 ***
slurmstepd-enc0-node7: error: *** STEP 1474853.1 ON enc0-node7 CANCELLED AT 2021-09-28T17:10:28 ***
slurmstepd-enc2-node4: error: *** STEP 1474853.360 ON enc2-node4 CANCELLED AT 2021-09-28T17:10:28 ***
srun: error: enc0-node6: task 0: Terminated
slurmstepd-enc0-node6: error: *** STEP 1474853.38 ON enc0-node6 CANCELLED AT 2021-09-28T17:10:28 ***
slurmstepd-enc2-node3: error: *** STEP 1474853.350 ON enc2-node3 CANCELLED AT 2021-09-28T17:10:28 ***
slurmstepd-enc0-node7: error: *** STEP 1474853.47 ON enc0-node7 CANCELLED AT 2021-09-28T17:10:28 ***
srun: error: enc0-node6: task 0: Terminated
srun: error: enc2-node4: task 0: Terminated
slurmstepd-enc2-node4: error: *** STEP 1474853.19 ON enc2-node4 CANCELLED AT 2021-09-28T17:10:28 ***
srun: error: enc2-node4: task 0: Terminated
slurmstepd-enc0-node7: error: *** STEP 1474853.45 ON enc0-node7 CANCELLED AT 2021-09-28T17:10:28 ***
slurmstepd-enc2-node4: error: *** STEP 1474853.359 ON enc2-node4 CANCELLED AT 2021-09-28T17:10:28 ***
slurmstepd-enc2-node3: error: *** STEP 1474853.18 ON enc2-node3 CANCELLED AT 2021-09-28T17:10:28 ***
srun: error: enc2-node3: task 0: Terminated
slurmstepd-enc0-node6: error: *** STEP 1474853.43 ON enc0-node6 CANCELLED AT 2021-09-28T17:10:28 ***
srun: error: enc2-node3: task 0: Terminated
srun: error: enc0-node6: task 0: Terminated
srun: error: enc0-node6: task 0: Terminated
srun: error: enc0-node7: task 0: Terminated
srun: error: enc0-node7: task 0: Terminated
slurmstepd-enc0-node6: error: *** STEP 1474853.42 ON enc0-node6 CANCELLED AT 2021-09-28T17:10:28 ***
srun: error: enc2-node3: task 0: Terminated
srun: error: enc0-node7: task 0: Terminated
srun: error: enc2-node4: task 0: Terminated
srun: error: enc2-node3: task 0: Terminated
srun: error: enc2-node3: task 0: Terminated
srun: error: enc0-node7: task 0: Terminated
srun: error: enc2-node4: task 0: Terminated
srun: error: enc0-node7: task 0: Terminated
slurmstepd-enc0-node6: error: *** STEP 1474853.41 ON enc0-node6 CANCELLED AT 2021-09-28T17:10:28 ***
srun: error: enc2-node4: task 0: Terminated
srun: error: enc0-node7: task 0: Terminated
slurmstepd-enc0-node6: error: *** STEP 1474853.40 ON enc0-node6 CANCELLED AT 2021-09-28T17:10:28 ***
srun: error: enc0-node6: task 0: Terminated
slurmstepd-enc0-node6: error: *** STEP 1474853.0 ON enc0-node6 CANCELLED AT 2021-09-28T17:10:28 ***
srun: error: enc2-node4: task 0: Terminated
srun: error: enc2-node4: task 0: Terminated
srun: error: enc2-node3: task 0: Terminated
slurmstepd-enc0-node5: error: *** STEP 1474853.34 ON enc0-node5 CANCELLED AT 2021-09-28T17:10:28 ***
srun: error: enc0-node6: task 0: Terminated
srun: error: enc0-node6: task 0: Terminated
srun: error: enc0-node6: task 0: Terminated
srun: error: enc0-node6: task 0: Terminated
srun: error: enc0-node6: task 0: Terminated
slurmstepd-enc1-node11: error: *** STEP 1474853.258 ON enc1-node11 CANCELLED AT 2021-09-28T17:10:28 ***
slurmstepd-enc1-node14: error: *** STEP 1474853.326 ON enc1-node14 CANCELLED AT 2021-09-28T17:10:28 ***
slurmstepd-enc1-node5: error: *** STEP 1474853.146 ON enc1-node5 CANCELLED AT 2021-09-28T17:10:28 ***
slurmstepd-enc1-node11: error: *** STEP 1474853.268 ON enc1-node11 CANCELLED AT 2021-09-28T17:10:28 ***
slurmstepd-enc1-node14: error: *** STEP 1474853.315 ON enc1-node14 CANCELLED AT 2021-09-28T17:10:28 ***
slurmstepd-enc1-node11: error: *** STEP 1474853.270 ON enc1-node11 CANCELLED AT 2021-09-28T17:10:28 ***
slurmstepd-enc1-node5: error: *** STEP 1474853.155 ON enc1-node5 CANCELLED AT 2021-09-28T17:10:28 ***
slurmstepd-enc1-node11: error: *** STEP 1474853.259 ON enc1-node11 CANCELLED AT 2021-09-28T17:10:28 ***
slurmstepd-enc1-node13: error: *** STEP 1474853.300 ON enc1-node13 CANCELLED AT 2021-09-28T17:10:28 ***
slurmstepd-enc1-node2: error: *** STEP 1474853.95 ON enc1-node2 CANCELLED AT 2021-09-28T17:10:28 ***
slurmstepd-enc1-node14: error: *** STEP 1474853.321 ON enc1-node14 CANCELLED AT 2021-09-28T17:10:28 ***
slurmstepd-enc0-node5: error: *** JOB 1474853 ON enc0-node5 CANCELLED AT 2021-09-28T17:10:28 ***
slurmstepd-enc1-node2: error: *** STEP 1474853.76 ON enc1-node2 CANCELLED AT 2021-09-28T17:10:28 ***
slurmstepd-enc1-node13: error: *** STEP 1474853.294 ON enc1-node13 CANCELLED AT 2021-09-28T17:10:28 ***
srun: forcing job termination
srun: forcing job termination
srun: forcing job termination
srun: forcing job termination
srun: forcing job termination
srun: forcing job termination
srun: forcing job termination
srun: forcing job termination
srun: forcing job termination
srun: forcing job termination
srun: forcing job termination
srun: forcing job termination
srun: forcing job termination
srun: forcing job termination
srun: forcing job termination
srun: forcing job termination
srun: forcing job termination
srun: forcing job termination
srun: forcing job termination
srun: forcing job termination
srun: forcing job termination
srun: forcing job termination
srun: forcing job termination
srun: forcing job termination
srun: forcing job termination
srun: forcing job termination
srun: forcing job termination
srun: forcing job termination
srun: forcing job termination
srun: forcing job termination
srun: forcing job termination
srun: forcing job termination
srun: forcing job termination
srun: forcing job termination
srun: forcing job termination
srun: forcing job termination
srun: forcing job termination
srun: forcing job termination
srun: forcing job termination
srun: forcing job termination
srun: forcing job termination
srun: forcing job termination
srun: forcing job termination
srun: forcing job termination
srun: forcing job termination
srun: forcing job termination
srun: forcing job termination
srun: forcing job termination
srun: forcing job termination
srun: forcing job termination
srun: forcing job termination
srun: forcing job termination
srun: forcing job termination
srun: forcing job termination
srun: forcing job termination
srun: forcing job termination
srun: forcing job termination
srun: forcing job termination
srun: forcing job termination
srun: forcing job termination
srun: forcing job termination
srun: forcing job termination
srun: forcing job termination
srun: forcing job termination
srun: forcing job termination
srun: forcing job termination
srun: forcing job termination
srun: forcing job termination
srun: forcing job termination
srun: forcing job termination
srun: forcing job termination
srun: forcing job termination
srun: forcing job termination
srun: forcing job termination
srun: forcing job termination
srun: forcing job termination
srun: forcing job termination
srun: forcing job termination
srun: forcing job termination
srun: forcing job termination
srun: forcing job termination
srun: forcing job termination
srun: forcing job termination
srun: forcing job termination
srun: forcing job termination
srun: forcing job termination
srun: forcing job termination
srun: forcing job termination
srun: forcing job termination
srun: forcing job termination
srun: forcing job termination
srun: forcing job termination
srun: forcing job termination
srun: forcing job termination
srun: forcing job termination
srun: forcing job termination
srun: forcing job termination
srun: forcing job termination
srun: forcing job termination
srun: forcing job termination
srun: forcing job termination
srun: forcing job termination
srun: forcing job termination
srun: forcing job termination
srun: forcing job termination
srun: forcing job termination
srun: forcing job termination
srun: forcing job termination
srun: forcing job termination
srun: forcing job termination
srun: forcing job termination
srun: forcing job termination
srun: forcing job termination
srun: forcing job termination
srun: forcing job termination
srun: forcing job termination
srun: forcing job termination
srun: forcing job termination
srun: forcing job termination
srun: forcing job termination
srun: forcing job termination
srun: forcing job termination
srun: forcing job termination
srun: forcing job termination
srun: forcing job termination
srun: forcing job termination
srun: forcing job termination
srun: forcing job termination
srun: forcing job termination
srun: forcing job termination
srun: forcing job termination
srun: forcing job termination
srun: forcing job termination
srun: forcing job termination
srun: forcing job termination
srun: forcing job termination
srun: forcing job termination
srun: forcing job termination
srun: forcing job termination
srun: forcing job termination
srun: forcing job termination
srun: forcing job termination
srun: forcing job termination
srun: forcing job termination
srun: forcing job termination
srun: forcing job termination
srun: forcing job termination
srun: forcing job termination
srun: forcing job termination
srun: forcing job termination
srun: forcing job termination
srun: forcing job termination
srun: forcing job termination
srun: forcing job termination
srun: forcing job termination
srun: forcing job termination
srun: forcing job termination
srun: forcing job termination
srun: forcing job termination
srun: forcing job termination
srun: forcing job termination
srun: forcing job termination
srun: forcing job termination
srun: forcing job termination
srun: forcing job termination
srun: forcing job termination
srun: forcing job termination
srun: forcing job termination
srun: forcing job termination
srun: forcing job termination
srun: forcing job termination
srun: forcing job termination
srun: forcing job termination
srun: forcing job termination
srun: forcing job termination
srun: forcing job termination
srun: forcing job termination
srun: forcing job termination
srun: forcing job termination
srun: forcing job termination
srun: forcing job termination
srun: forcing job termination
srun: forcing job termination
srun: forcing job termination
srun: forcing job termination
srun: forcing job termination
srun: forcing job termination
srun: forcing job termination
srun: forcing job termination
srun: forcing job termination
srun: forcing job termination
srun: forcing job termination
srun: forcing job termination
srun: forcing job termination
srun: forcing job termination
srun: forcing job termination
srun: forcing job termination
srun: forcing job termination
srun: forcing job termination
srun: forcing job termination
srun: forcing job termination
srun: forcing job termination
srun: forcing job termination
srun: forcing job termination
srun: forcing job termination
srun: forcing job termination
srun: forcing job termination
srun: forcing job termination
srun: forcing job termination
srun: forcing job termination
srun: forcing job termination
srun: forcing job termination
srun: forcing job termination
srun: forcing job termination
srun: forcing job termination
srun: forcing job termination
srun: forcing job termination
srun: forcing job termination
srun: forcing job termination
srun: forcing job termination
srun: forcing job termination
srun: forcing job termination
srun: forcing job termination
srun: forcing job termination
srun: forcing job termination
srun: forcing job termination
srun: forcing job termination
srun: forcing job termination
srun: forcing job termination
srun: forcing job termination
srun: forcing job termination
srun: forcing job termination
srun: forcing job termination
srun: forcing job termination
srun: forcing job termination
srun: forcing job termination
srun: forcing job termination
srun: forcing job termination
srun: forcing job termination
srun: forcing job termination
srun: forcing job termination
srun: forcing job termination
srun: forcing job termination
srun: forcing job termination
srun: forcing job termination
srun: forcing job termination
srun: forcing job termination
srun: forcing job termination
srun: forcing job termination
srun: forcing job termination
srun: forcing job termination
srun: forcing job termination
srun: forcing job termination
srun: forcing job termination
srun: forcing job termination
srun: forcing job termination
srun: forcing job termination
srun: forcing job termination
srun: forcing job termination
srun: forcing job termination
srun: forcing job termination
srun: forcing job termination
srun: forcing job termination
srun: forcing job termination
srun: forcing job termination
srun: forcing job termination
srun: forcing job termination
srun: forcing job termination
srun: forcing job termination
srun: forcing job termination
srun: forcing job termination
srun: forcing job termination
srun: forcing job termination
srun: forcing job termination
srun: forcing job termination
srun: forcing job termination
srun: forcing job termination
srun: forcing job termination
srun: forcing job termination
srun: forcing job termination
srun: forcing job termination
srun: forcing job termination
srun: forcing job termination
srun: forcing job termination
srun: forcing job termination
srun: forcing job termination
srun: forcing job termination
srun: forcing job termination
srun: forcing job termination
srun: forcing job termination
slurmstepd-enc1-node14: error: *** STEP 1474853.312 ON enc1-node14 CANCELLED AT 2021-09-28T17:10:28 ***
slurmstepd-enc1-node14: error: *** STEP 1474853.316 ON enc1-node14 CANCELLED AT 2021-09-28T17:10:28 ***
srun: error: enc1-node14: task 0: Terminated
slurmstepd-enc0-node5: error: *** STEP 1474853.26 ON enc0-node5 CANCELLED AT 2021-09-28T17:10:28 ***
slurmstepd-enc1-node14: error: *** STEP 1474853.318 ON enc1-node14 CANCELLED AT 2021-09-28T17:10:28 ***
srun: error: enc1-node14: task 0: Terminated
slurmstepd-enc1-node14: error: *** STEP 1474853.323 ON enc1-node14 CANCELLED AT 2021-09-28T17:10:28 ***
slurmstepd-enc1-node14: error: *** STEP 1474853.317 ON enc1-node14 CANCELLED AT 2021-09-28T17:10:28 ***
slurmstepd-enc1-node14: error: *** STEP 1474853.328 ON enc1-node14 CANCELLED AT 2021-09-28T17:10:28 ***
srun: error: enc1-node5: task 0: Terminated
slurmstepd-enc1-node5: error: *** STEP 1474853.153 ON enc1-node5 CANCELLED AT 2021-09-28T17:10:28 ***
slurmstepd-enc1-node13: error: *** STEP 1474853.296 ON enc1-node13 CANCELLED AT 2021-09-28T17:10:28 ***
slurmstepd-enc1-node14: error: *** STEP 1474853.320 ON enc1-node14 CANCELLED AT 2021-09-28T17:10:28 ***
srun: error: enc1-node14: task 0: Terminated
slurmstepd-enc1-node5: error: *** STEP 1474853.141 ON enc1-node5 CANCELLED AT 2021-09-28T17:10:28 ***
srun: error: enc1-node13: task 0: Terminated
slurmstepd-enc1-node14: error: *** STEP 1474853.327 ON enc1-node14 CANCELLED AT 2021-09-28T17:10:28 ***
slurmstepd-enc1-node14: error: *** STEP 1474853.15 ON enc1-node14 CANCELLED AT 2021-09-28T17:10:28 ***
slurmstepd-enc1-node5: error: *** STEP 1474853.137 ON enc1-node5 CANCELLED AT 2021-09-28T17:10:28 ***
slurmstepd-enc1-node14: error: *** STEP 1474853.324 ON enc1-node14 CANCELLED AT 2021-09-28T17:10:28 ***
srun: error: enc1-node14: task 0: Terminated
srun: error: enc1-node13: task 0: Terminated
srun: error: enc1-node5: task 0: Terminated
slurmstepd-enc1-node11: error: *** STEP 1474853.269 ON enc1-node11 CANCELLED AT 2021-09-28T17:10:28 ***
slurmstepd-enc1-node14: error: *** STEP 1474853.330 ON enc1-node14 CANCELLED AT 2021-09-28T17:10:28 ***
slurmstepd-enc1-node5: error: *** STEP 1474853.145 ON enc1-node5 CANCELLED AT 2021-09-28T17:10:28 ***
slurmstepd-enc1-node13: error: *** STEP 1474853.309 ON enc1-node13 CANCELLED AT 2021-09-28T17:10:28 ***
srun: error: enc1-node14: task 0: Terminated
srun: error: enc1-node11: task 0: Terminated
slurmstepd-enc1-node14: error: *** STEP 1474853.329 ON enc1-node14 CANCELLED AT 2021-09-28T17:10:28 ***
slurmstepd-enc1-node13: error: *** STEP 1474853.298 ON enc1-node13 CANCELLED AT 2021-09-28T17:10:28 ***
slurmstepd-enc1-node5: error: *** STEP 1474853.151 ON enc1-node5 CANCELLED AT 2021-09-28T17:10:28 ***
srun: error: enc1-node14: task 0: Terminated
slurmstepd-enc1-node13: error: *** STEP 1474853.299 ON enc1-node13 CANCELLED AT 2021-09-28T17:10:28 ***
srun: error: enc1-node11: task 0: Terminated
srun: error: enc1-node14: task 0: Terminated
srun: error: enc1-node11: task 0: Terminated
slurmstepd-enc1-node14: error: *** STEP 1474853.325 ON enc1-node14 CANCELLED AT 2021-09-28T17:10:28 ***
slurmstepd-enc1-node2: error: *** STEP 1474853.82 ON enc1-node2 CANCELLED AT 2021-09-28T17:10:28 ***
slurmstepd-enc1-node5: error: *** STEP 1474853.139 ON enc1-node5 CANCELLED AT 2021-09-28T17:10:28 ***
slurmstepd-enc1-node13: error: *** STEP 1474853.292 ON enc1-node13 CANCELLED AT 2021-09-28T17:10:28 ***
slurmstepd-enc1-node11: error: *** STEP 1474853.255 ON enc1-node11 CANCELLED AT 2021-09-28T17:10:28 ***
srun: error: enc1-node14: task 0: Terminated
slurmstepd-enc1-node14: error: *** STEP 1474853.322 ON enc1-node14 CANCELLED AT 2021-09-28T17:10:28 ***
srun: error: enc1-node5: task 0: Terminated
srun: error: enc1-node14: task 0: Terminated
slurmstepd-enc1-node5: error: *** STEP 1474853.149 ON enc1-node5 CANCELLED AT 2021-09-28T17:10:28 ***
srun: error: enc1-node14: task 0: Terminated
slurmstepd-enc1-node5: error: *** STEP 1474853.148 ON enc1-node5 CANCELLED AT 2021-09-28T17:10:28 ***
slurmstepd-enc1-node14: error: *** STEP 1474853.313 ON enc1-node14 CANCELLED AT 2021-09-28T17:10:28 ***
srun: error: enc1-node2: task 0: Terminated
slurmstepd-enc1-node13: error: *** STEP 1474853.14 ON enc1-node13 CANCELLED AT 2021-09-28T17:10:28 ***
slurmstepd-enc1-node11: error: *** STEP 1474853.256 ON enc1-node11 CANCELLED AT 2021-09-28T17:10:28 ***
slurmstepd-enc1-node5: error: *** STEP 1474853.143 ON enc1-node5 CANCELLED AT 2021-09-28T17:10:28 ***
slurmstepd-enc1-node14: error: *** STEP 1474853.319 ON enc1-node14 CANCELLED AT 2021-09-28T17:10:28 ***
srun: error: enc1-node13: task 0: Terminated
srun: error: enc1-node11: task 0: Terminated
srun: error: enc1-node14: task 0: Terminated
slurmstepd-enc1-node2: error: *** STEP 1474853.88 ON enc1-node2 CANCELLED AT 2021-09-28T17:10:28 ***
slurmstepd-enc1-node13: error: *** STEP 1474853.304 ON enc1-node13 CANCELLED AT 2021-09-28T17:10:28 ***
srun: error: enc1-node5: task 0: Terminated
slurmstepd-enc1-node11: error: *** STEP 1474853.272 ON enc1-node11 CANCELLED AT 2021-09-28T17:10:28 ***
slurmstepd-enc1-node14: error: *** STEP 1474853.314 ON enc1-node14 CANCELLED AT 2021-09-28T17:10:28 ***
srun: error: enc1-node14: task 0: Terminated
slurmstepd-enc1-node13: error: *** STEP 1474853.301 ON enc1-node13 CANCELLED AT 2021-09-28T17:10:28 ***
slurmstepd-enc1-node5: error: *** STEP 1474853.142 ON enc1-node5 CANCELLED AT 2021-09-28T17:10:28 ***
slurmstepd-enc1-node11: error: *** STEP 1474853.260 ON enc1-node11 CANCELLED AT 2021-09-28T17:10:28 ***
slurmstepd-enc1-node12: error: *** STEP 1474853.280 ON enc1-node12 CANCELLED AT 2021-09-28T17:10:28 ***
srun: error: enc1-node11: task 0: Terminated
slurmstepd-enc1-node2: error: *** STEP 1474853.86 ON enc1-node2 CANCELLED AT 2021-09-28T17:10:28 ***
srun: error: enc1-node14: task 0: Terminated
srun: error: enc1-node2: task 0: Terminated
srun: error: enc1-node5: task 0: Terminated
srun: error: enc1-node13: task 0: Terminated
slurmstepd-enc1-node5: error: *** STEP 1474853.147 ON enc1-node5 CANCELLED AT 2021-09-28T17:10:28 ***
slurmstepd-enc1-node13: error: *** STEP 1474853.308 ON enc1-node13 CANCELLED AT 2021-09-28T17:10:28 ***
srun: error: enc1-node5: task 0: Terminated
slurmstepd-enc1-node2: error: *** STEP 1474853.93 ON enc1-node2 CANCELLED AT 2021-09-28T17:10:28 ***
slurmstepd-enc1-node1: error: *** STEP 1474853.67 ON enc1-node1 CANCELLED AT 2021-09-28T17:10:28 ***
slurmstepd-enc1-node13: error: *** STEP 1474853.297 ON enc1-node13 CANCELLED AT 2021-09-28T17:10:28 ***
slurmstepd-enc1-node11: error: *** STEP 1474853.264 ON enc1-node11 CANCELLED AT 2021-09-28T17:10:28 ***
slurmstepd-enc1-node5: error: *** STEP 1474853.150 ON enc1-node5 CANCELLED AT 2021-09-28T17:10:28 ***
slurmstepd-enc1-node2: error: *** STEP 1474853.77 ON enc1-node2 CANCELLED AT 2021-09-28T17:10:28 ***
slurmstepd-enc1-node11: error: *** STEP 1474853.12 ON enc1-node11 CANCELLED AT 2021-09-28T17:10:28 ***
srun: error: enc1-node13: task 0: Terminated
slurmstepd-enc1-node5: error: *** STEP 1474853.152 ON enc1-node5 CANCELLED AT 2021-09-28T17:10:28 ***
slurmstepd-enc1-node10: error: *** STEP 1474853.244 ON enc1-node10 CANCELLED AT 2021-09-28T17:10:28 ***
slurmstepd-enc1-node2: error: *** STEP 1474853.94 ON enc1-node2 CANCELLED AT 2021-09-28T17:10:28 ***
srun: error: enc1-node13: task 0: Terminated
slurmstepd-enc1-node13: error: *** STEP 1474853.311 ON enc1-node13 CANCELLED AT 2021-09-28T17:10:28 ***
slurmstepd-enc1-node11: error: *** STEP 1474853.267 ON enc1-node11 CANCELLED AT 2021-09-28T17:10:28 ***
srun: error: enc1-node14: task 0: Terminated
srun: error: enc1-node11: task 0: Terminated
srun: error: enc1-node14: task 0: Terminated
slurmstepd-enc1-node8: error: *** STEP 1474853.203 ON enc1-node8 CANCELLED AT 2021-09-28T17:10:28 ***
slurmstepd-enc1-node13: error: *** STEP 1474853.310 ON enc1-node13 CANCELLED AT 2021-09-28T17:10:28 ***
srun: error: enc1-node13: task 0: Terminated
slurmstepd-enc1-node2: error: *** STEP 1474853.84 ON enc1-node2 CANCELLED AT 2021-09-28T17:10:28 ***
slurmstepd-enc1-node5: error: *** STEP 1474853.140 ON enc1-node5 CANCELLED AT 2021-09-28T17:10:28 ***
slurmstepd-enc1-node11: error: *** STEP 1474853.261 ON enc1-node11 CANCELLED AT 2021-09-28T17:10:28 ***
srun: error: enc1-node5: task 0: Terminated
srun: error: enc1-node14: task 0: Terminated
srun: error: enc1-node5: task 0: Terminated
slurmstepd-enc1-node9: error: *** STEP 1474853.233 ON enc1-node9 CANCELLED AT 2021-09-28T17:10:28 ***
srun: error: enc1-node11: task 0: Terminated
slurmstepd-enc1-node2: error: *** STEP 1474853.75 ON enc1-node2 CANCELLED AT 2021-09-28T17:10:28 ***
slurmstepd-enc1-node13: error: *** STEP 1474853.306 ON enc1-node13 CANCELLED AT 2021-09-28T17:10:28 ***
slurmstepd-enc1-node7: error: *** STEP 1474853.189 ON enc1-node7 CANCELLED AT 2021-09-28T17:10:28 ***
slurmstepd-enc1-node11: error: *** STEP 1474853.257 ON enc1-node11 CANCELLED AT 2021-09-28T17:10:28 ***
srun: error: enc1-node2: task 0: Terminated
slurmstepd-enc1-node5: error: *** STEP 1474853.144 ON enc1-node5 CANCELLED AT 2021-09-28T17:10:28 ***
srun: error: enc1-node14: task 0: Terminated
slurmstepd-enc1-node2: error: *** STEP 1474853.92 ON enc1-node2 CANCELLED AT 2021-09-28T17:10:28 ***
srun: error: enc1-node5: task 0: Terminated
srun: error: enc1-node5: task 0: Terminated
srun: error: enc1-node13: task 0: Terminated
slurmstepd-enc1-node2: error: *** STEP 1474853.89 ON enc1-node2 CANCELLED AT 2021-09-28T17:10:28 ***
srun: error: enc1-node14: task 0: Terminated
slurmstepd-enc1-node11: error: *** STEP 1474853.265 ON enc1-node11 CANCELLED AT 2021-09-28T17:10:28 ***
slurmstepd-enc1-node5: error: *** STEP 1474853.6 ON enc1-node5 CANCELLED AT 2021-09-28T17:10:28 ***
slurmstepd-enc1-node13: error: *** STEP 1474853.295 ON enc1-node13 CANCELLED AT 2021-09-28T17:10:28 ***
slurmstepd-enc1-node12: error: *** STEP 1474853.281 ON enc1-node12 CANCELLED AT 2021-09-28T17:10:28 ***
slurmstepd-enc1-node13: error: *** STEP 1474853.307 ON enc1-node13 CANCELLED AT 2021-09-28T17:10:28 ***
slurmstepd-enc1-node6: error: *** STEP 1474853.175 ON enc1-node6 CANCELLED AT 2021-09-28T17:10:28 ***
srun: error: enc1-node13: task 0: Terminated
srun: error: enc1-node11: task 0: Terminated
srun: error: enc1-node2: task 0: Terminated
srun: error: enc1-node5: task 0: Terminated
slurmstepd-enc1-node5: error: *** STEP 1474853.138 ON enc1-node5 CANCELLED AT 2021-09-28T17:10:28 ***
slurmstepd-enc1-node11: error: *** STEP 1474853.263 ON enc1-node11 CANCELLED AT 2021-09-28T17:10:28 ***
srun: error: enc1-node2: task 0: Terminated
slurmstepd-enc1-node11: error: *** STEP 1474853.262 ON enc1-node11 CANCELLED AT 2021-09-28T17:10:28 ***
srun: error: enc1-node13: task 0: Terminated
slurmstepd-enc1-node13: error: *** STEP 1474853.305 ON enc1-node13 CANCELLED AT 2021-09-28T17:10:28 ***
srun: error: enc1-node11: task 0: Terminated
srun: error: enc1-node5: task 0: Terminated
srun: error: enc1-node2: task 0: Terminated
srun: error: enc1-node13: task 0: Terminated
srun: error: enc1-node13: task 0: Terminated
srun: error: enc1-node11: task 0: Terminated
slurmstepd-enc0-node5: error: *** STEP 1474853.28 ON enc0-node5 CANCELLED AT 2021-09-28T17:10:28 ***
srun: error: enc1-node11: task 0: Terminated
srun: error: enc1-node11: task 0: Terminated
srun: error: enc1-node2: task 0: Terminated
slurmstepd-enc1-node1: error: *** STEP 1474853.57 ON enc1-node1 CANCELLED AT 2021-09-28T17:10:28 ***
slurmstepd-enc1-node5: error: *** STEP 1474853.154 ON enc1-node5 CANCELLED AT 2021-09-28T17:10:28 ***
slurmstepd-enc1-node3: error: *** STEP 1474853.99 ON enc1-node3 CANCELLED AT 2021-09-28T17:10:28 ***
slurmstepd-enc1-node11: error: *** STEP 1474853.266 ON enc1-node11 CANCELLED AT 2021-09-28T17:10:28 ***
slurmstepd-enc1-node13: error: *** STEP 1474853.303 ON enc1-node13 CANCELLED AT 2021-09-28T17:10:28 ***
slurmstepd-enc1-node2: error: *** STEP 1474853.83 ON enc1-node2 CANCELLED AT 2021-09-28T17:10:28 ***
slurmstepd-enc1-node11: error: *** STEP 1474853.254 ON enc1-node11 CANCELLED AT 2021-09-28T17:10:28 ***
slurmstepd-enc1-node4: error: *** STEP 1474853.136 ON enc1-node4 CANCELLED AT 2021-09-28T17:10:28 ***
srun: error: enc1-node13: task 0: Terminated
slurmstepd-enc1-node2: error: *** STEP 1474853.80 ON enc1-node2 CANCELLED AT 2021-09-28T17:10:28 ***
slurmstepd-enc1-node13: error: *** STEP 1474853.302 ON enc1-node13 CANCELLED AT 2021-09-28T17:10:28 ***
slurmstepd-enc1-node8: error: *** STEP 1474853.211 ON enc1-node8 CANCELLED AT 2021-09-28T17:10:28 ***
srun: error: enc1-node13: task 0: Terminated
srun: error: enc1-node14: task 0: Terminated
srun: error: enc1-node5: task 0: Terminated
srun: error: enc1-node14: task 0: Terminated
srun: error: enc1-node2: task 0: Terminated
srun: error: enc1-node5: task 0: Terminated
srun: error: enc1-node13: task 0: Terminated
srun: error: enc1-node5: task 0: Terminated
srun: error: enc1-node11: task 0: Terminated
slurmstepd-enc1-node1: error: *** STEP 1474853.65 ON enc1-node1 CANCELLED AT 2021-09-28T17:10:28 ***
slurmstepd-enc1-node2: error: *** STEP 1474853.91 ON enc1-node2 CANCELLED AT 2021-09-28T17:10:28 ***
slurmstepd-enc1-node11: error: *** STEP 1474853.271 ON enc1-node11 CANCELLED AT 2021-09-28T17:10:28 ***
srun: error: enc1-node2: task 0: Terminated
srun: error: enc1-node5: task 0: Terminated
slurmstepd-enc1-node3: error: *** STEP 1474853.101 ON enc1-node3 CANCELLED AT 2021-09-28T17:10:28 ***
srun: error: enc1-node5: task 0: Terminated
srun: error: enc1-node2: task 0: Terminated
srun: error: enc1-node11: task 0: Terminated
slurmstepd-enc1-node2: error: *** STEP 1474853.90 ON enc1-node2 CANCELLED AT 2021-09-28T17:10:28 ***
srun: error: enc0-node5: task 0: Terminated
srun: error: enc1-node11: task 0: Terminated
slurmstepd-enc1-node9: error: *** STEP 1474853.216 ON enc1-node9 CANCELLED AT 2021-09-28T17:10:28 ***
slurmstepd-enc1-node6: error: *** STEP 1474853.165 ON enc1-node6 CANCELLED AT 2021-09-28T17:10:28 ***
slurmstepd-enc1-node2: error: *** STEP 1474853.85 ON enc1-node2 CANCELLED AT 2021-09-28T17:10:28 ***
slurmstepd-enc1-node10: error: *** STEP 1474853.251 ON enc1-node10 CANCELLED AT 2021-09-28T17:10:28 ***
slurmstepd-enc1-node12: error: *** STEP 1474853.274 ON enc1-node12 CANCELLED AT 2021-09-28T17:10:28 ***
slurmstepd-enc1-node7: error: *** STEP 1474853.190 ON enc1-node7 CANCELLED AT 2021-09-28T17:10:28 ***
slurmstepd-enc1-node2: error: *** STEP 1474853.81 ON enc1-node2 CANCELLED AT 2021-09-28T17:10:28 ***
slurmstepd-enc1-node6: error: *** STEP 1474853.159 ON enc1-node6 CANCELLED AT 2021-09-28T17:10:28 ***
srun: error: enc1-node5: task 0: Terminated
srun: error: enc1-node2: task 0: Terminated
srun: error: enc1-node13: task 0: Terminated
slurmstepd-enc1-node2: error: *** STEP 1474853.3 ON enc1-node2 CANCELLED AT 2021-09-28T17:10:28 ***
slurmstepd-enc1-node2: error: *** STEP 1474853.74 ON enc1-node2 CANCELLED AT 2021-09-28T17:10:28 ***
srun: error: enc1-node5: task 0: Terminated
srun: error: enc1-node2: task 0: Terminated
srun: error: enc1-node13: task 0: Terminated
slurmstepd-enc1-node4: error: *** STEP 1474853.132 ON enc1-node4 CANCELLED AT 2021-09-28T17:10:28 ***
srun: error: enc1-node5: task 0: Terminated
slurmstepd-enc1-node1: error: *** STEP 1474853.56 ON enc1-node1 CANCELLED AT 2021-09-28T17:10:28 ***
srun: error: enc1-node13: task 0: Terminated
srun: error: enc1-node13: task 0: Terminated
srun: error: enc1-node2: task 0: Terminated
srun: error: enc1-node2: task 0: Terminated
slurmstepd-enc1-node8: error: *** STEP 1474853.212 ON enc1-node8 CANCELLED AT 2021-09-28T17:10:28 ***
srun: error: enc1-node13: task 0: Terminated
srun: error: enc1-node11: task 0: Terminated
srun: error: enc1-node2: task 0: Terminated
srun: error: enc1-node11: task 0: Terminated
srun: error: enc1-node11: task 0: Terminated
srun: error: enc1-node11: task 0: Terminated
slurmstepd-enc1-node9: error: *** STEP 1474853.223 ON enc1-node9 CANCELLED AT 2021-09-28T17:10:28 ***
slurmstepd-enc1-node7: error: *** STEP 1474853.182 ON enc1-node7 CANCELLED AT 2021-09-28T17:10:28 ***
srun: error: enc1-node2: task 0: Terminated
srun: error: enc1-node11: task 0: Terminated
slurmstepd-enc1-node3: error: *** STEP 1474853.97 ON enc1-node3 CANCELLED AT 2021-09-28T17:10:28 ***
slurmstepd-enc1-node6: error: *** STEP 1474853.164 ON enc1-node6 CANCELLED AT 2021-09-28T17:10:28 ***
srun: error: enc1-node2: task 0: Terminated
srun: error: enc1-node2: task 0: Terminated
slurmstepd-enc1-node4: error: *** STEP 1474853.128 ON enc1-node4 CANCELLED AT 2021-09-28T17:10:28 ***
srun: error: enc1-node2: task 0: Terminated
slurmstepd-enc1-node6: error: *** STEP 1474853.173 ON enc1-node6 CANCELLED AT 2021-09-28T17:10:28 ***
slurmstepd-enc0-node5: error: *** STEP 1474853.29 ON enc0-node5 CANCELLED AT 2021-09-28T17:10:28 ***
srun: error: enc1-node2: task 0: Terminated
slurmstepd-enc0-node5: error: *** STEP 1474853.35 ON enc0-node5 CANCELLED AT 2021-09-28T17:10:28 ***
srun: error: enc0-node5: task 0: Terminated
slurmstepd-enc1-node12: error: *** STEP 1474853.287 ON enc1-node12 CANCELLED AT 2021-09-28T17:10:28 ***
srun: error: enc1-node12: task 0: Terminated
slurmstepd-enc1-node4: error: *** STEP 1474853.127 ON enc1-node4 CANCELLED AT 2021-09-28T17:10:28 ***
slurmstepd-enc0-node5: error: *** STEP 1474853.31 ON enc0-node5 CANCELLED AT 2021-09-28T17:10:28 ***
slurmstepd-enc1-node3: error: *** STEP 1474853.110 ON enc1-node3 CANCELLED AT 2021-09-28T17:10:28 ***
slurmstepd-enc0-node5: error: *** STEP 1474853.30 ON enc0-node5 CANCELLED AT 2021-09-28T17:10:28 ***
slurmstepd-enc1-node12: error: *** STEP 1474853.291 ON enc1-node12 CANCELLED AT 2021-09-28T17:10:28 ***
slurmstepd-enc1-node8: error: *** STEP 1474853.213 ON enc1-node8 CANCELLED AT 2021-09-28T17:10:28 ***
srun: error: enc1-node8: task 0: Terminated
srun: error: enc1-node12: task 0: Terminated
srun: error: enc0-node5: task 0: Terminated
slurmstepd-enc1-node4: error: *** STEP 1474853.135 ON enc1-node4 CANCELLED AT 2021-09-28T17:10:28 ***
slurmstepd-enc1-node8: error: *** STEP 1474853.199 ON enc1-node8 CANCELLED AT 2021-09-28T17:10:28 ***
slurmstepd-enc1-node12: error: *** STEP 1474853.279 ON enc1-node12 CANCELLED AT 2021-09-28T17:10:28 ***
srun: error: enc1-node4: task 0: Terminated
srun: error: enc1-node1: task 0: Terminated
srun: error: enc1-node4: task 0: Terminated
slurmstepd-enc1-node1: error: *** STEP 1474853.62 ON enc1-node1 CANCELLED AT 2021-09-28T17:10:28 ***
slurmstepd-enc1-node3: error: *** STEP 1474853.4 ON enc1-node3 CANCELLED AT 2021-09-28T17:10:28 ***
srun: error: enc1-node3: task 0: Terminated
slurmstepd-enc1-node10: error: *** STEP 1474853.235 ON enc1-node10 CANCELLED AT 2021-09-28T17:10:28 ***
srun: error: enc1-node8: task 0: Terminated
slurmstepd-enc1-node4: error: *** STEP 1474853.123 ON enc1-node4 CANCELLED AT 2021-09-28T17:10:28 ***
srun: error: enc1-node3: task 0: Terminated
srun: error: enc1-node10: task 0: Terminated
srun: error: enc1-node8: task 0: Terminated
slurmstepd-enc1-node8: error: *** STEP 1474853.214 ON enc1-node8 CANCELLED AT 2021-09-28T17:10:28 ***
slurmstepd-enc1-node6: error: *** STEP 1474853.7 ON enc1-node6 CANCELLED AT 2021-09-28T17:10:28 ***
slurmstepd-enc1-node1: error: *** STEP 1474853.69 ON enc1-node1 CANCELLED AT 2021-09-28T17:10:28 ***
srun: error: enc1-node6: task 0: Terminated
srun: error: enc1-node6: task 0: Terminated
srun: error: enc0-node5: task 0: Terminated
srun: error: enc1-node6: task 0: Terminated
srun: error: enc0-node5: task 0: Terminated
slurmstepd-enc0-node5: error: *** STEP 1474853.32 ON enc0-node5 CANCELLED AT 2021-09-28T17:10:28 ***
slurmstepd-enc1-node4: error: *** STEP 1474853.118 ON enc1-node4 CANCELLED AT 2021-09-28T17:10:28 ***
srun: error: enc1-node1: task 0: Terminated
srun: error: enc1-node1: task 0: Terminated
slurmstepd-enc1-node7: error: *** STEP 1474853.191 ON enc1-node7 CANCELLED AT 2021-09-28T17:10:28 ***
slurmstepd-enc1-node8: error: *** STEP 1474853.201 ON enc1-node8 CANCELLED AT 2021-09-28T17:10:28 ***
slurmstepd-enc1-node9: error: *** STEP 1474853.219 ON enc1-node9 CANCELLED AT 2021-09-28T17:10:28 ***
slurmstepd-enc1-node6: error: *** STEP 1474853.170 ON enc1-node6 CANCELLED AT 2021-09-28T17:10:28 ***
srun: error: enc1-node12: task 0: Terminated
srun: error: enc1-node9: task 0: Terminated
slurmstepd-enc1-node12: error: *** STEP 1474853.285 ON enc1-node12 CANCELLED AT 2021-09-28T17:10:28 ***
slurmstepd-enc1-node1: error: *** STEP 1474853.68 ON enc1-node1 CANCELLED AT 2021-09-28T17:10:28 ***
slurmstepd-enc1-node4: error: *** STEP 1474853.134 ON enc1-node4 CANCELLED AT 2021-09-28T17:10:28 ***
srun: error: enc1-node12: task 0: Terminated
slurmstepd-enc1-node10: error: *** STEP 1474853.240 ON enc1-node10 CANCELLED AT 2021-09-28T17:10:28 ***
slurmstepd-enc1-node3: error: *** STEP 1474853.109 ON enc1-node3 CANCELLED AT 2021-09-28T17:10:28 ***
slurmstepd-enc1-node8: error: *** STEP 1474853.198 ON enc1-node8 CANCELLED AT 2021-09-28T17:10:28 ***
slurmstepd-enc1-node6: error: *** STEP 1474853.169 ON enc1-node6 CANCELLED AT 2021-09-28T17:10:28 ***
srun: error: enc1-node4: task 0: Terminated
srun: error: enc1-node10: task 0: Terminated
srun: error: enc1-node7: task 0: Terminated
srun: error: enc1-node6: task 0: Terminated
slurmstepd-enc1-node7: error: *** STEP 1474853.8 ON enc1-node7 CANCELLED AT 2021-09-28T17:10:28 ***
srun: error: enc1-node6: task 0: Terminated
slurmstepd-enc1-node9: error: *** STEP 1474853.222 ON enc1-node9 CANCELLED AT 2021-09-28T17:10:28 ***
srun: error: enc1-node4: task 0: Terminated
slurmstepd-enc1-node12: error: *** STEP 1474853.284 ON enc1-node12 CANCELLED AT 2021-09-28T17:10:28 ***
slurmstepd-enc1-node1: error: *** STEP 1474853.2 ON enc1-node1 CANCELLED AT 2021-09-28T17:10:28 ***
slurmstepd-enc1-node10: error: *** STEP 1474853.242 ON enc1-node10 CANCELLED AT 2021-09-28T17:10:28 ***
slurmstepd-enc1-node6: error: *** STEP 1474853.174 ON enc1-node6 CANCELLED AT 2021-09-28T17:10:28 ***
slurmstepd-enc1-node4: error: *** STEP 1474853.125 ON enc1-node4 CANCELLED AT 2021-09-28T17:10:28 ***
srun: error: enc1-node3: task 0: Terminated
srun: error: enc1-node7: task 0: Terminated
slurmstepd-enc1-node3: error: *** STEP 1474853.117 ON enc1-node3 CANCELLED AT 2021-09-28T17:10:28 ***
srun: error: enc1-node7: task 0: Terminated
slurmstepd-enc1-node8: error: *** STEP 1474853.202 ON enc1-node8 CANCELLED AT 2021-09-28T17:10:28 ***
slurmstepd-enc0-node5: error: *** STEP 1474853.33 ON enc0-node5 CANCELLED AT 2021-09-28T17:10:28 ***
srun: error: enc1-node9: task 0: Terminated
slurmstepd-enc1-node9: error: *** STEP 1474853.231 ON enc1-node9 CANCELLED AT 2021-09-28T17:10:28 ***
slurmstepd-enc1-node7: error: *** STEP 1474853.179 ON enc1-node7 CANCELLED AT 2021-09-28T17:10:28 ***
slurmstepd-enc1-node1: error: *** STEP 1474853.71 ON enc1-node1 CANCELLED AT 2021-09-28T17:10:28 ***
slurmstepd-enc1-node12: error: *** STEP 1474853.289 ON enc1-node12 CANCELLED AT 2021-09-28T17:10:28 ***
slurmstepd-enc1-node4: error: *** STEP 1474853.122 ON enc1-node4 CANCELLED AT 2021-09-28T17:10:28 ***
slurmstepd-enc1-node6: error: *** STEP 1474853.177 ON enc1-node6 CANCELLED AT 2021-09-28T17:10:29 ***
slurmstepd-enc1-node10: error: *** STEP 1474853.243 ON enc1-node10 CANCELLED AT 2021-09-28T17:10:28 ***
slurmstepd-enc1-node3: error: *** STEP 1474853.102 ON enc1-node3 CANCELLED AT 2021-09-28T17:10:29 ***
srun: error: enc1-node1: task 0: Terminated
slurmstepd-enc1-node8: error: *** STEP 1474853.204 ON enc1-node8 CANCELLED AT 2021-09-28T17:10:28 ***
srun: error: enc1-node12: task 0: Terminated
srun: error: enc1-node3: task 0: Terminated
slurmstepd-enc1-node9: error: *** STEP 1474853.225 ON enc1-node9 CANCELLED AT 2021-09-28T17:10:28 ***
slurmstepd-enc1-node1: error: *** STEP 1474853.54 ON enc1-node1 CANCELLED AT 2021-09-28T17:10:28 ***
srun: error: enc1-node8: task 0: Terminated
slurmstepd-enc1-node7: error: *** STEP 1474853.186 ON enc1-node7 CANCELLED AT 2021-09-28T17:10:29 ***
slurmstepd-enc0-node5: error: *** STEP 1474853.27 ON enc0-node5 CANCELLED AT 2021-09-28T17:10:29 ***
slurmstepd-enc1-node4: error: *** STEP 1474853.130 ON enc1-node4 CANCELLED AT 2021-09-28T17:10:29 ***
slurmstepd-enc1-node12: error: *** STEP 1474853.288 ON enc1-node12 CANCELLED AT 2021-09-28T17:10:29 ***
slurmstepd-enc1-node3: error: *** STEP 1474853.113 ON enc1-node3 CANCELLED AT 2021-09-28T17:10:29 ***
srun: error: enc1-node4: task 0: Terminated
slurmstepd-enc1-node8: error: *** STEP 1474853.207 ON enc1-node8 CANCELLED AT 2021-09-28T17:10:29 ***
srun: error: enc1-node12: task 0: Terminated
slurmstepd-enc1-node10: error: *** STEP 1474853.250 ON enc1-node10 CANCELLED AT 2021-09-28T17:10:29 ***
slurmstepd-enc1-node6: error: *** STEP 1474853.172 ON enc1-node6 CANCELLED AT 2021-09-28T17:10:29 ***
slurmstepd-enc1-node1: error: *** STEP 1474853.70 ON enc1-node1 CANCELLED AT 2021-09-28T17:10:29 ***
srun: error: enc1-node3: task 0: Terminated
slurmstepd-enc1-node8: error: *** STEP 1474853.209 ON enc1-node8 CANCELLED AT 2021-09-28T17:10:29 ***
slurmstepd-enc1-node12: error: *** STEP 1474853.283 ON enc1-node12 CANCELLED AT 2021-09-28T17:10:29 ***
slurmstepd-enc1-node7: error: *** STEP 1474853.178 ON enc1-node7 CANCELLED AT 2021-09-28T17:10:29 ***
srun: error: enc0-node5: task 0: Terminated
srun: error: enc1-node1: task 0: Terminated
slurmstepd-enc1-node9: error: *** STEP 1474853.220 ON enc1-node9 CANCELLED AT 2021-09-28T17:10:29 ***
srun: error: enc1-node8: task 0: Terminated
slurmstepd-enc1-node3: error: *** STEP 1474853.107 ON enc1-node3 CANCELLED AT 2021-09-28T17:10:29 ***
slurmstepd-enc1-node10: error: *** STEP 1474853.245 ON enc1-node10 CANCELLED AT 2021-09-28T17:10:29 ***
slurmstepd-enc1-node8: error: *** STEP 1474853.9 ON enc1-node8 CANCELLED AT 2021-09-28T17:10:29 ***
slurmstepd-enc1-node6: error: *** STEP 1474853.161 ON enc1-node6 CANCELLED AT 2021-09-28T17:10:29 ***
slurmstepd-enc1-node1: error: *** STEP 1474853.66 ON enc1-node1 CANCELLED AT 2021-09-28T17:10:29 ***
srun: error: enc1-node9: task 0: Terminated
slurmstepd-enc1-node7: error: *** STEP 1474853.183 ON enc1-node7 CANCELLED AT 2021-09-28T17:10:29 ***
slurmstepd-enc1-node6: error: *** STEP 1474853.168 ON enc1-node6 CANCELLED AT 2021-09-28T17:10:29 ***
srun: error: enc1-node1: task 0: Terminated
srun: error: enc0-node5: task 0: Terminated
srun: error: enc1-node12: task 0: Terminated
slurmstepd-enc1-node9: error: *** STEP 1474853.226 ON enc1-node9 CANCELLED AT 2021-09-28T17:10:29 ***
srun: error: enc1-node4: task 0: Terminated
slurmstepd-enc1-node12: error: *** STEP 1474853.275 ON enc1-node12 CANCELLED AT 2021-09-28T17:10:29 ***
slurmstepd-enc1-node3: error: *** STEP 1474853.115 ON enc1-node3 CANCELLED AT 2021-09-28T17:10:29 ***
srun: error: enc1-node9: task 0: Terminated
srun: error: enc1-node7: task 0: Terminated
slurmstepd-enc1-node10: error: *** STEP 1474853.246 ON enc1-node10 CANCELLED AT 2021-09-28T17:10:29 ***
slurmstepd-enc1-node8: error: *** STEP 1474853.205 ON enc1-node8 CANCELLED AT 2021-09-28T17:10:29 ***
slurmstepd-enc1-node6: error: *** STEP 1474853.167 ON enc1-node6 CANCELLED AT 2021-09-28T17:10:29 ***
slurmstepd-enc1-node1: error: *** STEP 1474853.61 ON enc1-node1 CANCELLED AT 2021-09-28T17:10:29 ***
slurmstepd-enc1-node9: error: *** STEP 1474853.230 ON enc1-node9 CANCELLED AT 2021-09-28T17:10:29 ***
srun: error: enc1-node8: task 0: Terminated
slurmstepd-enc1-node7: error: *** STEP 1474853.195 ON enc1-node7 CANCELLED AT 2021-09-28T17:10:29 ***
srun: error: enc1-node4: task 0: Terminated
srun: error: enc1-node6: task 0: Terminated
srun: error: enc1-node10: task 0: Terminated
srun: error: enc1-node8: task 0: Terminated
srun: error: enc1-node4: task 0: Terminated
slurmstepd-enc1-node8: error: *** STEP 1474853.210 ON enc1-node8 CANCELLED AT 2021-09-28T17:10:29 ***
slurmstepd-enc1-node10: error: *** STEP 1474853.252 ON enc1-node10 CANCELLED AT 2021-09-28T17:10:29 ***
slurmstepd-enc1-node3: error: *** STEP 1474853.100 ON enc1-node3 CANCELLED AT 2021-09-28T17:10:29 ***
slurmstepd-enc1-node4: error: *** STEP 1474853.119 ON enc1-node4 CANCELLED AT 2021-09-28T17:10:29 ***
srun: error: enc1-node6: task 0: Terminated
srun: error: enc1-node3: task 0: Terminated
slurmstepd-enc1-node1: error: *** STEP 1474853.60 ON enc1-node1 CANCELLED AT 2021-09-28T17:10:29 ***
slurmstepd-enc1-node7: error: *** STEP 1474853.180 ON enc1-node7 CANCELLED AT 2021-09-28T17:10:29 ***
slurmstepd-enc1-node6: error: *** STEP 1474853.163 ON enc1-node6 CANCELLED AT 2021-09-28T17:10:29 ***
srun: error: enc1-node10: task 0: Terminated
srun: error: enc1-node1: task 0: Terminated
slurmstepd-enc1-node3: error: *** STEP 1474853.108 ON enc1-node3 CANCELLED AT 2021-09-28T17:10:29 ***
srun: error: enc1-node8: task 0: Terminated
srun: error: enc1-node12: task 0: Terminated
srun: error: enc1-node3: task 0: Terminated
srun: error: enc1-node7: task 0: Terminated
slurmstepd-enc1-node8: error: *** STEP 1474853.215 ON enc1-node8 CANCELLED AT 2021-09-28T17:10:29 ***
slurmstepd-enc1-node4: error: *** STEP 1474853.126 ON enc1-node4 CANCELLED AT 2021-09-28T17:10:29 ***
srun: error: enc1-node6: task 0: Terminated
slurmstepd-enc1-node10: error: *** STEP 1474853.11 ON enc1-node10 CANCELLED AT 2021-09-28T17:10:29 ***
srun: error: enc1-node10: task 0: Terminated
slurmstepd-enc1-node7: error: *** STEP 1474853.192 ON enc1-node7 CANCELLED AT 2021-09-28T17:10:29 ***
slurmstepd-enc1-node1: error: *** STEP 1474853.63 ON enc1-node1 CANCELLED AT 2021-09-28T17:10:29 ***
slurmstepd-enc1-node6: error: *** STEP 1474853.162 ON enc1-node6 CANCELLED AT 2021-09-28T17:10:29 ***
srun: error: enc1-node9: task 0: Terminated
srun: error: enc1-node12: task 0: Terminated
srun: error: enc1-node8: task 0: Terminated
slurmstepd-enc1-node8: error: *** STEP 1474853.206 ON enc1-node8 CANCELLED AT 2021-09-28T17:10:29 ***
srun: error: enc1-node4: task 0: Terminated
srun: error: enc1-node4: task 0: Terminated
srun: error: enc1-node3: task 0: Terminated
srun: error: enc1-node6: task 0: Terminated
slurmstepd-enc1-node4: error: *** STEP 1474853.5 ON enc1-node4 CANCELLED AT 2021-09-28T17:10:29 ***
slurmstepd-enc1-node3: error: *** STEP 1474853.98 ON enc1-node3 CANCELLED AT 2021-09-28T17:10:29 ***
slurmstepd-enc1-node12: error: *** STEP 1474853.276 ON enc1-node12 CANCELLED AT 2021-09-28T17:10:29 ***
slurmstepd-enc1-node6: error: *** STEP 1474853.160 ON enc1-node6 CANCELLED AT 2021-09-28T17:10:29 ***
srun: error: enc1-node1: task 0: Terminated
slurmstepd-enc1-node7: error: *** STEP 1474853.187 ON enc1-node7 CANCELLED AT 2021-09-28T17:10:29 ***
slurmstepd-enc1-node1: error: *** STEP 1474853.59 ON enc1-node1 CANCELLED AT 2021-09-28T17:10:29 ***
srun: error: enc1-node4: task 0: Terminated
slurmstepd-enc1-node9: error: *** STEP 1474853.234 ON enc1-node9 CANCELLED AT 2021-09-28T17:10:29 ***
slurmstepd-enc1-node1: error: *** STEP 1474853.73 ON enc1-node1 CANCELLED AT 2021-09-28T17:10:29 ***
srun: error: enc1-node7: task 0: Terminated
slurmstepd-enc1-node8: error: *** STEP 1474853.197 ON enc1-node8 CANCELLED AT 2021-09-28T17:10:29 ***
srun: error: enc1-node9: task 0: Terminated
slurmstepd-enc1-node12: error: *** STEP 1474853.273 ON enc1-node12 CANCELLED AT 2021-09-28T17:10:29 ***
srun: error: enc1-node3: task 0: Terminated
slurmstepd-enc1-node6: error: *** STEP 1474853.171 ON enc1-node6 CANCELLED AT 2021-09-28T17:10:29 ***
srun: error: enc1-node1: task 0: Terminated
srun: error: enc1-node7: task 0: Terminated
slurmstepd-enc1-node4: error: *** STEP 1474853.120 ON enc1-node4 CANCELLED AT 2021-09-28T17:10:29 ***
srun: error: enc1-node12: task 0: Terminated
slurmstepd-enc1-node3: error: *** STEP 1474853.103 ON enc1-node3 CANCELLED AT 2021-09-28T17:10:29 ***
srun: error: enc1-node1: task 0: Terminated
srun: error: enc1-node6: task 0: Terminated
slurmstepd-enc1-node10: error: *** STEP 1474853.236 ON enc1-node10 CANCELLED AT 2021-09-28T17:10:29 ***
slurmstepd-enc1-node7: error: *** STEP 1474853.194 ON enc1-node7 CANCELLED AT 2021-09-28T17:10:29 ***
slurmstepd-enc1-node9: error: *** STEP 1474853.228 ON enc1-node9 CANCELLED AT 2021-09-28T17:10:29 ***
slurmstepd-enc1-node8: error: *** STEP 1474853.200 ON enc1-node8 CANCELLED AT 2021-09-28T17:10:29 ***
srun: error: enc1-node1: task 0: Terminated
slurmstepd-enc1-node1: error: *** STEP 1474853.55 ON enc1-node1 CANCELLED AT 2021-09-28T17:10:29 ***
srun: error: enc1-node10: task 0: Terminated
srun: error: enc1-node9: task 0: Terminated
srun: error: enc1-node3: task 0: Terminated
srun: error: enc1-node6: task 0: Terminated
slurmstepd-enc1-node3: error: *** STEP 1474853.105 ON enc1-node3 CANCELLED AT 2021-09-28T17:10:29 ***
srun: error: enc1-node8: task 0: Terminated
srun: error: enc1-node8: task 0: Terminated
slurmstepd-enc1-node6: error: *** STEP 1474853.166 ON enc1-node6 CANCELLED AT 2021-09-28T17:10:29 ***
srun: error: enc1-node3: task 0: Terminated
srun: error: enc0-node5: task 0: Terminated
slurmstepd-enc1-node10: error: *** STEP 1474853.238 ON enc1-node10 CANCELLED AT 2021-09-28T17:10:29 ***
srun: error: enc1-node7: task 0: Terminated
srun: error: enc1-node9: task 0: Terminated
srun: error: enc1-node9: task 0: Terminated
srun: error: enc1-node12: task 0: Terminated
slurmstepd-enc1-node12: error: *** STEP 1474853.277 ON enc1-node12 CANCELLED AT 2021-09-28T17:10:29 ***
slurmstepd-enc1-node8: error: *** STEP 1474853.208 ON enc1-node8 CANCELLED AT 2021-09-28T17:10:29 ***
slurmstepd-enc1-node7: error: *** STEP 1474853.196 ON enc1-node7 CANCELLED AT 2021-09-28T17:10:29 ***
slurmstepd-enc1-node1: error: *** STEP 1474853.64 ON enc1-node1 CANCELLED AT 2021-09-28T17:10:29 ***
srun: error: enc1-node10: task 0: Terminated
srun: error: enc1-node10: task 0: Terminated
slurmstepd-enc1-node9: error: *** STEP 1474853.221 ON enc1-node9 CANCELLED AT 2021-09-28T17:10:29 ***
srun: error: enc1-node8: task 0: Terminated
slurmstepd-enc1-node6: error: *** STEP 1474853.176 ON enc1-node6 CANCELLED AT 2021-09-28T17:10:29 ***
srun: error: enc1-node12: task 0: Terminated
slurmstepd-enc1-node1: error: *** STEP 1474853.58 ON enc1-node1 CANCELLED AT 2021-09-28T17:10:29 ***
srun: error: enc1-node4: task 0: Terminated
srun: error: enc1-node8: task 0: Terminated
slurmstepd-enc1-node3: error: *** STEP 1474853.106 ON enc1-node3 CANCELLED AT 2021-09-28T17:10:29 ***
srun: error: enc1-node7: task 0: Terminated
slurmstepd-enc1-node12: error: *** STEP 1474853.290 ON enc1-node12 CANCELLED AT 2021-09-28T17:10:29 ***
srun: error: enc1-node9: task 0: Terminated
srun: error: enc1-node6: task 0: Terminated
slurmstepd-enc1-node4: error: *** STEP 1474853.131 ON enc1-node4 CANCELLED AT 2021-09-28T17:10:29 ***
slurmstepd-enc1-node10: error: *** STEP 1474853.249 ON enc1-node10 CANCELLED AT 2021-09-28T17:10:29 ***
srun: error: enc1-node6: task 0: Terminated
srun: error: enc0-node5: task 0: Terminated
srun: error: enc0-node5: task 0: Terminated
srun: error: enc1-node1: task 0: Terminated
slurmstepd-enc1-node7: error: *** STEP 1474853.185 ON enc1-node7 CANCELLED AT 2021-09-28T17:10:29 ***
srun: error: enc1-node10: task 0: Terminated
srun: error: enc1-node8: task 0: Terminated
srun: error: enc1-node8: task 0: Terminated
srun: error: enc1-node1: task 0: Terminated
slurmstepd-enc1-node3: error: *** STEP 1474853.96 ON enc1-node3 CANCELLED AT 2021-09-28T17:10:29 ***
slurmstepd-enc1-node10: error: *** STEP 1474853.237 ON enc1-node10 CANCELLED AT 2021-09-28T17:10:29 ***
slurmstepd-enc1-node4: error: *** STEP 1474853.133 ON enc1-node4 CANCELLED AT 2021-09-28T17:10:29 ***
slurmstepd-enc1-node12: error: *** STEP 1474853.286 ON enc1-node12 CANCELLED AT 2021-09-28T17:10:29 ***
slurmstepd-enc1-node9: error: *** STEP 1474853.218 ON enc1-node9 CANCELLED AT 2021-09-28T17:10:29 ***
slurmstepd-enc1-node7: error: *** STEP 1474853.188 ON enc1-node7 CANCELLED AT 2021-09-28T17:10:29 ***
srun: error: enc1-node7: task 0: Terminated
slurmstepd-enc1-node12: error: *** STEP 1474853.278 ON enc1-node12 CANCELLED AT 2021-09-28T17:10:29 ***
srun: error: enc1-node6: task 0: Terminated
slurmstepd-enc1-node3: error: *** STEP 1474853.116 ON enc1-node3 CANCELLED AT 2021-09-28T17:10:29 ***
srun: error: enc1-node8: task 0: Terminated
srun: error: enc1-node4: task 0: Terminated
slurmstepd-enc1-node4: error: *** STEP 1474853.121 ON enc1-node4 CANCELLED AT 2021-09-28T17:10:29 ***
slurmstepd-enc1-node7: error: *** STEP 1474853.181 ON enc1-node7 CANCELLED AT 2021-09-28T17:10:29 ***
slurmstepd-enc1-node9: error: *** STEP 1474853.227 ON enc1-node9 CANCELLED AT 2021-09-28T17:10:29 ***
srun: error: enc1-node1: task 0: Terminated
srun: error: enc1-node3: task 0: Terminated
slurmstepd-enc1-node10: error: *** STEP 1474853.241 ON enc1-node10 CANCELLED AT 2021-09-28T17:10:29 ***
srun: error: enc1-node7: task 0: Terminated
srun: error: enc1-node3: task 0: Terminated
srun: error: enc1-node10: task 0: Terminated
slurmstepd-enc1-node3: error: *** STEP 1474853.112 ON enc1-node3 CANCELLED AT 2021-09-28T17:10:29 ***
srun: error: enc1-node8: task 0: Terminated
srun: error: enc1-node7: task 0: Terminated
slurmstepd-enc1-node4: error: *** STEP 1474853.124 ON enc1-node4 CANCELLED AT 2021-09-28T17:10:29 ***
srun: error: enc1-node3: task 0: Terminated
srun: error: enc1-node4: task 0: Terminated
srun: error: enc1-node9: task 0: Terminated
slurmstepd-enc1-node9: error: *** STEP 1474853.229 ON enc1-node9 CANCELLED AT 2021-09-28T17:10:29 ***
srun: error: enc1-node3: task 0: Terminated
srun: error: enc1-node4: task 0: Terminated
srun: error: enc1-node6: task 0: Terminated
slurmstepd-enc1-node7: error: *** STEP 1474853.184 ON enc1-node7 CANCELLED AT 2021-09-28T17:10:29 ***
srun: error: enc1-node12: task 0: Terminated
slurmstepd-enc1-node12: error: *** STEP 1474853.13 ON enc1-node12 CANCELLED AT 2021-09-28T17:10:29 ***
slurmstepd-enc1-node10: error: *** STEP 1474853.253 ON enc1-node10 CANCELLED AT 2021-09-28T17:10:29 ***
srun: error: enc1-node1: task 0: Terminated
srun: error: enc1-node6: task 0: Terminated
srun: error: enc1-node10: task 0: Terminated
srun: error: enc1-node7: task 0: Terminated
srun: error: enc1-node1: task 0: Terminated
slurmstepd-enc1-node7: error: *** STEP 1474853.193 ON enc1-node7 CANCELLED AT 2021-09-28T17:10:29 ***
srun: error: enc1-node6: task 0: Terminated
slurmstepd-enc1-node9: error: *** STEP 1474853.10 ON enc1-node9 CANCELLED AT 2021-09-28T17:10:29 ***
slurmstepd-enc1-node10: error: *** STEP 1474853.239 ON enc1-node10 CANCELLED AT 2021-09-28T17:10:29 ***
slurmstepd-enc1-node12: error: *** STEP 1474853.282 ON enc1-node12 CANCELLED AT 2021-09-28T17:10:29 ***
slurmstepd-enc1-node4: error: *** STEP 1474853.129 ON enc1-node4 CANCELLED AT 2021-09-28T17:10:29 ***
srun: error: enc1-node8: task 0: Terminated
srun: error: enc1-node8: task 0: Terminated
srun: error: enc1-node12: task 0: Terminated
srun: error: enc1-node3: task 0: Terminated
srun: error: enc1-node8: task 0: Terminated
srun: error: enc1-node12: task 0: Terminated
slurmstepd-enc1-node10: error: *** STEP 1474853.248 ON enc1-node10 CANCELLED AT 2021-09-28T17:10:29 ***
srun: error: enc1-node1: task 0: Terminated
srun: error: enc1-node1: task 0: Terminated
srun: error: enc1-node4: task 0: Terminated
srun: error: enc1-node1: task 0: Terminated
srun: error: enc1-node9: task 0: Terminated
srun: error: enc1-node6: task 0: Terminated
srun: error: enc1-node10: task 0: Terminated
srun: error: enc1-node10: task 0: Terminated
srun: error: enc1-node1: task 0: Terminated
srun: error: enc1-node7: task 0: Terminated
slurmstepd-enc1-node10: error: *** STEP 1474853.247 ON enc1-node10 CANCELLED AT 2021-09-28T17:10:29 ***
slurmstepd-enc1-node9: error: *** STEP 1474853.224 ON enc1-node9 CANCELLED AT 2021-09-28T17:10:29 ***
srun: error: enc1-node7: task 0: Terminated
slurmstepd-enc1-node9: error: *** STEP 1474853.232 ON enc1-node9 CANCELLED AT 2021-09-28T17:10:29 ***
slurmstepd-enc1-node9: error: *** STEP 1474853.217 ON enc1-node9 CANCELLED AT 2021-09-28T17:10:29 ***
srun: error: enc1-node12: task 0: Terminated
srun: error: enc1-node6: task 0: Terminated
srun: error: enc1-node10: task 0: Terminated
srun: error: enc1-node3: task 0: Terminated
srun: error: enc1-node9: task 0: Terminated
srun: error: enc1-node6: task 0: Terminated
srun: error: enc1-node4: task 0: Terminated
srun: error: enc1-node12: task 0: Terminated
srun: error: enc1-node7: task 0: Terminated
srun: error: enc1-node9: task 0: Terminated
srun: error: enc1-node7: task 0: Terminated
srun: error: enc1-node10: task 0: Terminated
srun: error: enc1-node3: task 0: Terminated
srun: error: enc1-node10: task 0: Terminated
srun: error: enc1-node7: task 0: Terminated
srun: error: enc1-node4: task 0: Terminated
srun: error: enc1-node3: task 0: Terminated
srun: error: enc1-node3: task 0: Terminated
srun: error: enc1-node4: task 0: Terminated
srun: error: enc1-node4: task 0: Terminated
srun: error: enc1-node10: task 0: Terminated
srun: error: enc1-node7: task 0: Terminated
srun: error: enc1-node7: task 0: Terminated
srun: error: enc1-node9: task 0: Terminated
srun: error: enc1-node12: task 0: Terminated
srun: error: enc1-node12: task 0: Terminated
srun: error: enc1-node9: task 0: Terminated
srun: error: enc1-node9: task 0: Terminated
srun: error: enc1-node10: task 0: Terminated
srun: error: enc1-node9: task 0: Terminated
srun: error: enc1-node9: task 0: Terminated
srun: error: enc1-node10: task 0: Terminated
srun: error: enc1-node9: task 0: Terminated
srun: error: enc1-node12: task 0: Terminated
srun: error: enc1-node10: task 0: Terminated
