Setting parameters
Initialising
   making state/history dataframes
   initialising velocity, position and direction
   setting time/run counters
   making the maze walls
   discretising position for later plotting
   handling undefined parameters
   initialising basis features for learning
   calculating state vector at all discretised positions
HBox(children=(HTML(value=''), FloatProgress(value=0.0, max=10000.0), HTML(value='')))

   initialising STDP weight matrix and traces
DONE
HBox(children=(HTML(value=''), FloatProgress(value=0.0, max=1800000.0), HTML(value='')))

Calculating place and grid cells
theta: (0.8581623502623232, -2.1314337932579046, 0.32159183238520667, 0.3456396790187122)
no theta: (0.9580535553271065, -1.7650745923427698, 0.3405427195394801, 0.3052018843948901)
Setting parameters
Initialising
   making state/history dataframes
   initialising velocity, position and direction
   setting time/run counters
   making the maze walls
   discretising position for later plotting
   handling undefined parameters
   initialising basis features for learning
   calculating state vector at all discretised positions
HBox(children=(HTML(value=''), FloatProgress(value=0.0, max=10000.0), HTML(value='')))

   initialising STDP weight matrix and traces
DONE
HBox(children=(HTML(value=''), FloatProgress(value=0.0, max=1800000.0), HTML(value='')))

Calculating place and grid cells
theta: (0.60140851968761, -3.9728507898619254, 0.5975212779291211, 0.561056585423163)
no theta: (0.8301290244483109, -3.7922026956295625, 0.5954744641457244, 0.540675156903361)
Setting parameters
Initialising
   making state/history dataframes
   initialising velocity, position and direction
   setting time/run counters
   making the maze walls
   discretising position for later plotting
   handling undefined parameters
   initialising basis features for learning
   calculating state vector at all discretised positions
HBox(children=(HTML(value=''), FloatProgress(value=0.0, max=10000.0), HTML(value='')))

   initialising STDP weight matrix and traces
DONE
HBox(children=(HTML(value=''), FloatProgress(value=0.0, max=1800000.0), HTML(value='')))

Calculating place and grid cells
theta: (0.2838649205620694, -6.7652559012984, 0.8591563147191849, 0.8575871585788845)
no theta: (0.9037112387087537, -5.749503517046306, 0.7704394039773923, 0.7454084728919352)
Setting parameters
Initialising
   making state/history dataframes
   initialising velocity, position and direction
   setting time/run counters
   making the maze walls
   discretising position for later plotting
   handling undefined parameters
   initialising basis features for learning
   calculating state vector at all discretised positions
HBox(children=(HTML(value=''), FloatProgress(value=0.0, max=10000.0), HTML(value='')))

   initialising STDP weight matrix and traces
DONE
HBox(children=(HTML(value=''), FloatProgress(value=0.0, max=1800000.0), HTML(value='')))

Calculating place and grid cells
theta: (0.9189160210600013, -1.1462609534319905, 0.26361531899596197, 0.23697977197830897)
no theta: (0.9052647721914846, -1.1931074595356876, 0.2783660394910428, 0.2421523369996697)
Setting parameters
Initialising
   making state/history dataframes
   initialising velocity, position and direction
   setting time/run counters
   making the maze walls
   discretising position for later plotting
   handling undefined parameters
   initialising basis features for learning
   calculating state vector at all discretised positions
HBox(children=(HTML(value=''), FloatProgress(value=0.0, max=10000.0), HTML(value='')))

   initialising STDP weight matrix and traces
DONE
HBox(children=(HTML(value=''), FloatProgress(value=0.0, max=1800000.0), HTML(value='')))

Calculating place and grid cells
theta: (0.4693389077977407, -5.493310303197378, 0.6978343683457605, 0.7169516381613561)
no theta: (0.9637455025115625, -4.597848900749538, 0.6392337816320359, 0.6180802629432159)
Setting parameters
Initialising
   making state/history dataframes
   initialising velocity, position and direction
   setting time/run counters
   making the maze walls
   discretising position for later plotting
   handling undefined parameters
   initialising basis features for learning
   calculating state vector at all discretised positions
HBox(children=(HTML(value=''), FloatProgress(value=0.0, max=10000.0), HTML(value='')))

   initialising STDP weight matrix and traces
DONE
HBox(children=(HTML(value=''), FloatProgress(value=0.0, max=1800000.0), HTML(value='')))

Calculating place and grid cells
theta: (0.6960442444932177, -3.265929485934275, 0.5108945366568156, 0.4814545973919264)
no theta: (0.9210094167315729, -2.917295821951799, 0.4955356954139118, 0.4421076553284445)
Setting parameters
Initialising
   making state/history dataframes
   initialising velocity, position and direction
   setting time/run counters
   making the maze walls
   discretising position for later plotting
   handling undefined parameters
   initialising basis features for learning
   calculating state vector at all discretised positions
HBox(children=(HTML(value=''), FloatProgress(value=0.0, max=10000.0), HTML(value='')))

   initialising STDP weight matrix and traces
DONE
HBox(children=(HTML(value=''), FloatProgress(value=0.0, max=1800000.0), HTML(value='')))

Calculating place and grid cells
theta: (0.4924080915177583, -4.90370535333876, 0.6903667838459938, 0.6517417595342984)
no theta: (0.8218941615870912, -4.393401954612523, 0.6484035575099559, 0.5954066250591199)
Setting parameters
Initialising
   making state/history dataframes
   initialising velocity, position and direction
   setting time/run counters
   making the maze walls
   discretising position for later plotting
   handling undefined parameters
   initialising basis features for learning
   calculating state vector at all discretised positions
HBox(children=(HTML(value=''), FloatProgress(value=0.0, max=10000.0), HTML(value='')))

   initialising STDP weight matrix and traces
DONE
HBox(children=(HTML(value=''), FloatProgress(value=0.0, max=1800000.0), HTML(value='')))

Calculating place and grid cells
theta: (0.9372580252030891, -0.7728366274899161, 0.23014625226188662, 0.19571244117661393)
no theta: (0.9011983200596623, -1.297584496195014, 0.3186012685161984, 0.2536420240800923)
Setting parameters
Initialising
   making state/history dataframes
   initialising velocity, position and direction
   setting time/run counters
   making the maze walls
   discretising position for later plotting
   handling undefined parameters
   initialising basis features for learning
   calculating state vector at all discretised positions
HBox(children=(HTML(value=''), FloatProgress(value=0.0, max=10000.0), HTML(value='')))

   initialising STDP weight matrix and traces
DONE
HBox(children=(HTML(value=''), FloatProgress(value=0.0, max=1800000.0), HTML(value='')))

Calculating place and grid cells
theta: (0.48908005091409984, -4.777543982923098, 0.681855580616608, 0.6518193624458738)
no theta: (0.8471984875150966, -4.198998134701559, 0.6337547463984835, 0.5865481352517404)
Setting parameters
Initialising
   making state/history dataframes
   initialising velocity, position and direction
   setting time/run counters
   making the maze walls
   discretising position for later plotting
   handling undefined parameters
   initialising basis features for learning
   calculating state vector at all discretised positions
HBox(children=(HTML(value=''), FloatProgress(value=0.0, max=10000.0), HTML(value='')))

   initialising STDP weight matrix and traces
DONE
HBox(children=(HTML(value=''), FloatProgress(value=0.0, max=1800000.0), HTML(value='')))

Calculating place and grid cells
theta: (0.1501689472227819, -8.383846564647083, 1.0089243140625088, 1.0586007631941148)
no theta: (0.96724783543299, -6.646595303135782, 0.8658441765814845, 0.8626197762261157)
Setting parameters
Initialising
   making state/history dataframes
   initialising velocity, position and direction
   setting time/run counters
   making the maze walls
   discretising position for later plotting
   handling undefined parameters
   initialising basis features for learning
   calculating state vector at all discretised positions
HBox(children=(HTML(value=''), FloatProgress(value=0.0, max=10000.0), HTML(value='')))

   initialising STDP weight matrix and traces
DONE
HBox(children=(HTML(value=''), FloatProgress(value=0.0, max=1800000.0), HTML(value='')))

Calculating place and grid cells
theta: (0.8547746322060606, -1.8650354607348731, 0.3665106830864118, 0.32321994968835144)
no theta: (0.9151396790593174, -2.120681431731912, 0.40836923218388327, 0.35206073683257)
Setting parameters
Initialising
   making state/history dataframes
   initialising velocity, position and direction
   setting time/run counters
   making the maze walls
   discretising position for later plotting
   handling undefined parameters
   initialising basis features for learning
   calculating state vector at all discretised positions
HBox(children=(HTML(value=''), FloatProgress(value=0.0, max=10000.0), HTML(value='')))

   initialising STDP weight matrix and traces
DONE
HBox(children=(HTML(value=''), FloatProgress(value=0.0, max=1800000.0), HTML(value='')))

Calculating place and grid cells
theta: (0.8520061237765694, -1.7526649936808583, 0.35392870887876376, 0.30399028946505907)
no theta: (0.8153159123895802, -2.038872897384626, 0.4032613704513203, 0.33559763132969844)
Setting parameters
Initialising
   making state/history dataframes
   initialising velocity, position and direction
   setting time/run counters
   making the maze walls
   discretising position for later plotting
   handling undefined parameters
   initialising basis features for learning
   calculating state vector at all discretised positions
HBox(children=(HTML(value=''), FloatProgress(value=0.0, max=10000.0), HTML(value='')))

   initialising STDP weight matrix and traces
DONE
HBox(children=(HTML(value=''), FloatProgress(value=0.0, max=1800000.0), HTML(value='')))

Calculating place and grid cells
theta: (0.8807462723615205, -1.4467403503153449, 0.3113725714687374, 0.2700920771782155)
no theta: (0.8026500217984635, -2.1907639528524983, 0.4329320687774273, 0.352223750959203)
Setting parameters
Initialising
   making state/history dataframes
   initialising velocity, position and direction
   setting time/run counters
   making the maze walls
   discretising position for later plotting
   handling undefined parameters
   initialising basis features for learning
   calculating state vector at all discretised positions
HBox(children=(HTML(value=''), FloatProgress(value=0.0, max=10000.0), HTML(value='')))

   initialising STDP weight matrix and traces
DONE
HBox(children=(HTML(value=''), FloatProgress(value=0.0, max=1800000.0), HTML(value='')))

Calculating place and grid cells
theta: (0.9398475707153521, -0.7975598382331639, 0.21250503596007395, 0.2027398925149168)
no theta: (0.9152355995438568, -1.1022938253219632, 0.2753227299068693, 0.23710967229857674)
Setting parameters
Initialising
   making state/history dataframes
   initialising velocity, position and direction
   setting time/run counters
   making the maze walls
   discretising position for later plotting
   handling undefined parameters
   initialising basis features for learning
   calculating state vector at all discretised positions
HBox(children=(HTML(value=''), FloatProgress(value=0.0, max=10000.0), HTML(value='')))

   initialising STDP weight matrix and traces
DONE
HBox(children=(HTML(value=''), FloatProgress(value=0.0, max=1800000.0), HTML(value='')))

Calculating place and grid cells
theta: (0.829543612872495, -2.0470642082537718, 0.38324184051692023, 0.33639178888400284)
no theta: (0.8057938836592347, -2.1493212553879517, 0.4065008567492809, 0.3476808293047087)
Setting parameters
Initialising
   making state/history dataframes
   initialising velocity, position and direction
   setting time/run counters
   making the maze walls
   discretising position for later plotting
   handling undefined parameters
   initialising basis features for learning
   calculating state vector at all discretised positions
HBox(children=(HTML(value=''), FloatProgress(value=0.0, max=10000.0), HTML(value='')))

   initialising STDP weight matrix and traces
DONE
HBox(children=(HTML(value=''), FloatProgress(value=0.0, max=1800000.0), HTML(value='')))

Calculating place and grid cells
theta: (0.34969844593322186, -6.05816793910293, 0.7935384960190139, 0.7961631010199073)
no theta: (0.9159194496390969, -5.150413945870703, 0.7184688022916418, 0.6937682245518889)
Setting parameters
Initialising
   making state/history dataframes
   initialising velocity, position and direction
   setting time/run counters
   making the maze walls
   discretising position for later plotting
   handling undefined parameters
   initialising basis features for learning
   calculating state vector at all discretised positions
HBox(children=(HTML(value=''), FloatProgress(value=0.0, max=10000.0), HTML(value='')))

   initialising STDP weight matrix and traces
DONE
HBox(children=(HTML(value=''), FloatProgress(value=0.0, max=1800000.0), HTML(value='')))

Calculating place and grid cells
theta: (0.8424411075963021, -1.8699332247544342, 0.36522913374354715, 0.3167230447039517)
no theta: (0.815829531671792, -2.040214971261856, 0.39985308729514274, 0.33551517294796407)
Setting parameters
Initialising
   making state/history dataframes
   initialising velocity, position and direction
   setting time/run counters
   making the maze walls
   discretising position for later plotting
   handling undefined parameters
   initialising basis features for learning
   calculating state vector at all discretised positions
HBox(children=(HTML(value=''), FloatProgress(value=0.0, max=10000.0), HTML(value='')))

   initialising STDP weight matrix and traces
DONE
HBox(children=(HTML(value=''), FloatProgress(value=0.0, max=1800000.0), HTML(value='')))

Calculating place and grid cells
theta: (0.9173195042480398, -1.0461245227043636, 0.2634121307456609, 0.22592132329573106)
no theta: (0.8806033728721199, -1.4553653283118586, 0.33688966007133747, 0.271107343659368)
Setting parameters
Initialising
   making state/history dataframes
   initialising velocity, position and direction
   setting time/run counters
   making the maze walls
   discretising position for later plotting
   handling undefined parameters
   initialising basis features for learning
   calculating state vector at all discretised positions
HBox(children=(HTML(value=''), FloatProgress(value=0.0, max=10000.0), HTML(value='')))

   initialising STDP weight matrix and traces
DONE
HBox(children=(HTML(value=''), FloatProgress(value=0.0, max=1800000.0), HTML(value='')))

Calculating place and grid cells
theta: (0.9069891577812906, -1.4209467765315527, 0.3269914677519842, 0.2673328914338826)
no theta: (0.9016006403294199, -1.9463818426576016, 0.4054774848593878, 0.32535402467394214)
Setting parameters
Initialising
   making state/history dataframes
   initialising velocity, position and direction
   setting time/run counters
   making the maze walls
   discretising position for later plotting
   handling undefined parameters
   initialising basis features for learning
   calculating state vector at all discretised positions
HBox(children=(HTML(value=''), FloatProgress(value=0.0, max=10000.0), HTML(value='')))

   initialising STDP weight matrix and traces
DONE
HBox(children=(HTML(value=''), FloatProgress(value=0.0, max=1800000.0), HTML(value='')))

Calculating place and grid cells
theta: (0.8211512768939998, -2.099074413479579, 0.3913762148003904, 0.34226815136173405)
no theta: (0.8212860948626384, -2.0138670306202857, 0.39362778090795375, 0.33285767277278105)
Setting parameters
Initialising
   making state/history dataframes
   initialising velocity, position and direction
   setting time/run counters
   making the maze walls
   discretising position for later plotting
   handling undefined parameters
   initialising basis features for learning
   calculating state vector at all discretised positions
HBox(children=(HTML(value=''), FloatProgress(value=0.0, max=10000.0), HTML(value='')))

   initialising STDP weight matrix and traces
DONE
HBox(children=(HTML(value=''), FloatProgress(value=0.0, max=1800000.0), HTML(value='')))

Calculating place and grid cells
theta: (0.9256095506577013, -1.1683405446015027, 0.25441263086862936, 0.24465808415808926)
no theta: (0.904400219114998, -1.2732633729384064, 0.2723822833807492, 0.2564967311036836)
Setting parameters
Initialising
   making state/history dataframes
   initialising velocity, position and direction
   setting time/run counters
   making the maze walls
   discretising position for later plotting
   handling undefined parameters
   initialising basis features for learning
   calculating state vector at all discretised positions
HBox(children=(HTML(value=''), FloatProgress(value=0.0, max=10000.0), HTML(value='')))

   initialising STDP weight matrix and traces
DONE
HBox(children=(HTML(value=''), FloatProgress(value=0.0, max=1800000.0), HTML(value='')))

Calculating place and grid cells
theta: (0.9278978639481288, -1.024524398298038, 0.28631208725820395, 0.2235278228950297)
no theta: (0.8968740820195662, -1.5610113564228936, 0.35753120309949993, 0.28276137022201636)
Setting parameters
Initialising
   making state/history dataframes
   initialising velocity, position and direction
   setting time/run counters
   making the maze walls
   discretising position for later plotting
   handling undefined parameters
   initialising basis features for learning
   calculating state vector at all discretised positions
HBox(children=(HTML(value=''), FloatProgress(value=0.0, max=10000.0), HTML(value='')))

   initialising STDP weight matrix and traces
DONE
HBox(children=(HTML(value=''), FloatProgress(value=0.0, max=1800000.0), HTML(value='')))

Calculating place and grid cells
theta: (0.6781204428264134, -3.632080896432859, 0.5021811347265789, 0.5227291351595601)
no theta: (0.9614646340229954, -2.991540078231108, 0.4675007384788349, 0.45044426893650935)
Setting parameters
Initialising
   making state/history dataframes
   initialising velocity, position and direction
   setting time/run counters
   making the maze walls
   discretising position for later plotting
   handling undefined parameters
   initialising basis features for learning
   calculating state vector at all discretised positions
HBox(children=(HTML(value=''), FloatProgress(value=0.0, max=10000.0), HTML(value='')))

   initialising STDP weight matrix and traces
DONE
HBox(children=(HTML(value=''), FloatProgress(value=0.0, max=1800000.0), HTML(value='')))

Calculating place and grid cells
theta: (0.9626642283419896, -0.5420321720875054, 0.19398221328316712, 0.17022243965030856)
no theta: (0.9653651932608243, -0.6573238135114963, 0.20280292792356952, 0.18294929764310447)
Setting parameters
Initialising
   making state/history dataframes
   initialising velocity, position and direction
   setting time/run counters
   making the maze walls
   discretising position for later plotting
   handling undefined parameters
   initialising basis features for learning
   calculating state vector at all discretised positions
HBox(children=(HTML(value=''), FloatProgress(value=0.0, max=10000.0), HTML(value='')))

   initialising STDP weight matrix and traces
DONE
HBox(children=(HTML(value=''), FloatProgress(value=0.0, max=1800000.0), HTML(value='')))

Calculating place and grid cells
theta: (0.8291692125105715, -2.0204337697975467, 0.37991268674761036, 0.33343050670032487)
no theta: (0.8181442467318458, -2.039198934189575, 0.3974652149965495, 0.33550202316068023)
Setting parameters
Initialising
   making state/history dataframes
   initialising velocity, position and direction
   setting time/run counters
   making the maze walls
   discretising position for later plotting
   handling undefined parameters
   initialising basis features for learning
   calculating state vector at all discretised positions
HBox(children=(HTML(value=''), FloatProgress(value=0.0, max=10000.0), HTML(value='')))

   initialising STDP weight matrix and traces
DONE
HBox(children=(HTML(value=''), FloatProgress(value=0.0, max=1800000.0), HTML(value='')))

Calculating place and grid cells
theta: (0.8528307269626466, -2.124603502892637, 0.3082640655335892, 0.3524319117837201)
no theta: (0.9524327761066168, -1.934495242489655, 0.3295158206531019, 0.33098912149123194)
Setting parameters
Initialising
   making state/history dataframes
   initialising velocity, position and direction
   setting time/run counters
   making the maze walls
   discretising position for later plotting
   handling undefined parameters
   initialising basis features for learning
   calculating state vector at all discretised positions
HBox(children=(HTML(value=''), FloatProgress(value=0.0, max=10000.0), HTML(value='')))

   initialising STDP weight matrix and traces
DONE
HBox(children=(HTML(value=''), FloatProgress(value=0.0, max=1800000.0), HTML(value='')))

Calculating place and grid cells
theta: (0.9157532827421737, -1.097057578941206, 0.27158690248493206, 0.23662076925835154)
no theta: (0.9085855360881296, -1.5891735260665976, 0.3553090976084244, 0.292148502565467)
Setting parameters
Initialising
   making state/history dataframes
   initialising velocity, position and direction
   setting time/run counters
   making the maze walls
   discretising position for later plotting
   handling undefined parameters
   initialising basis features for learning
   calculating state vector at all discretised positions
HBox(children=(HTML(value=''), FloatProgress(value=0.0, max=10000.0), HTML(value='')))

   initialising STDP weight matrix and traces
DONE
HBox(children=(HTML(value=''), FloatProgress(value=0.0, max=1800000.0), HTML(value='')))

Calculating place and grid cells
theta: (0.8495204247391557, -1.8508409941414148, 0.3760881141132293, 0.3146938742768042)
no theta: (0.8125305923499542, -2.404644740450308, 0.46272480652426484, 0.3758262372788457)
Setting parameters
Initialising
   making state/history dataframes
   initialising velocity, position and direction
   setting time/run counters
   making the maze walls
   discretising position for later plotting
   handling undefined parameters
   initialising basis features for learning
   calculating state vector at all discretised positions
HBox(children=(HTML(value=''), FloatProgress(value=0.0, max=10000.0), HTML(value='')))

   initialising STDP weight matrix and traces
DONE
HBox(children=(HTML(value=''), FloatProgress(value=0.0, max=1800000.0), HTML(value='')))

Calculating place and grid cells
theta: (0.9072410209631481, -1.1641417080415963, 0.27160819024791294, 0.24415807491367358)
no theta: (0.8411055357322638, -1.9183498924033353, 0.4009088464236659, 0.32924770545572307)
Setting parameters
Initialising
   making state/history dataframes
   initialising velocity, position and direction
   setting time/run counters
   making the maze walls
   discretising position for later plotting
   handling undefined parameters
   initialising basis features for learning
   calculating state vector at all discretised positions
HBox(children=(HTML(value=''), FloatProgress(value=0.0, max=10000.0), HTML(value='')))

   initialising STDP weight matrix and traces
DONE
HBox(children=(HTML(value=''), FloatProgress(value=0.0, max=1800000.0), HTML(value='')))

Calculating place and grid cells
theta: (0.2666159611745326, -7.504058046029497, 0.8915638458565355, 0.9389540779346678)
no theta: (0.9656968944688912, -6.188323699440401, 0.8077329517442366, 0.7936805951430793)
Setting parameters
Initialising
   making state/history dataframes
   initialising velocity, position and direction
   setting time/run counters
   making the maze walls
   discretising position for later plotting
   handling undefined parameters
   initialising basis features for learning
   calculating state vector at all discretised positions
HBox(children=(HTML(value=''), FloatProgress(value=0.0, max=10000.0), HTML(value='')))

   initialising STDP weight matrix and traces
DONE
HBox(children=(HTML(value=''), FloatProgress(value=0.0, max=1800000.0), HTML(value='')))

Calculating place and grid cells
theta: (0.8592547058355441, -1.902505071943291, 0.33983396466862403, 0.32744596404654114)
no theta: (0.8408004355817963, -1.9249395790240156, 0.3650855932575485, 0.3299769118371124)
Setting parameters
Initialising
   making state/history dataframes
   initialising velocity, position and direction
   setting time/run counters
   making the maze walls
   discretising position for later plotting
   handling undefined parameters
   initialising basis features for learning
   calculating state vector at all discretised positions
HBox(children=(HTML(value=''), FloatProgress(value=0.0, max=10000.0), HTML(value='')))

   initialising STDP weight matrix and traces
DONE
HBox(children=(HTML(value=''), FloatProgress(value=0.0, max=1800000.0), HTML(value='')))

Calculating place and grid cells
theta: (0.864143239473878, -1.723851194854583, 0.33124324910830183, 0.3073986087787965)
no theta: (0.8408741146100608, -1.8601487061150856, 0.3697374801015442, 0.3227803834589392)
Setting parameters
Initialising
   making state/history dataframes
   initialising velocity, position and direction
   setting time/run counters
   making the maze walls
   discretising position for later plotting
   handling undefined parameters
   initialising basis features for learning
   calculating state vector at all discretised positions
HBox(children=(HTML(value=''), FloatProgress(value=0.0, max=10000.0), HTML(value='')))

   initialising STDP weight matrix and traces
DONE
HBox(children=(HTML(value=''), FloatProgress(value=0.0, max=1800000.0), HTML(value='')))

Calculating place and grid cells
theta: (0.9081007546551064, -1.1487604343207316, 0.2825001853029602, 0.2371719865198649)
no theta: (0.9070535626563591, -1.224599557351564, 0.3093809802866, 0.24554281985142382)
