Setting parameters
Initialising
   making state/history dataframes
   initialising velocity, position and direction
   setting time/run counters
   making the maze walls
   discretising position for later plotting
   handling undefined parameters
   initialising basis features for learning
   calculating state vector at all discretised positions
HBox(children=(HTML(value=''), FloatProgress(value=0.0, max=10000.0), HTML(value='')))

   initialising STDP weight matrix and traces
DONE
HBox(children=(HTML(value=''), FloatProgress(value=0.0, max=6000.0), HTML(value='')))

Calculating place and grid cells
theta: (0.4485631259804212, -5.216698500228158, 0.6229238111632519, 0.6833046774400696)
no theta: (0.8601462952469605, -4.735734939536569, 0.6110272073993118, 0.6304398568786844)
Setting parameters
Initialising
   making state/history dataframes
   initialising velocity, position and direction
   setting time/run counters
   making the maze walls
   discretising position for later plotting
   handling undefined parameters
   initialising basis features for learning
   calculating state vector at all discretised positions
HBox(children=(HTML(value=''), FloatProgress(value=0.0, max=10000.0), HTML(value='')))

   initialising STDP weight matrix and traces
DONE
HBox(children=(HTML(value=''), FloatProgress(value=0.0, max=6000.0), HTML(value='')))

Calculating place and grid cells
theta: (0.5900724989160149, -4.270288404074788, 0.4980910799163902, 0.5792991654844908)
no theta: (0.8739891069531915, -5.034138275131291, 0.66473698375313, 0.6632599583163111)
Setting parameters
Setting parameters
Initialising
Initialising
   making state/history dataframes
   making state/history dataframes
   initialising velocity, position and direction
   initialising velocity, position and direction
   setting time/run counters
   setting time/run counters
   making the maze walls
   making the maze walls
   discretising position for later plotting
   discretising position for later plotting
   handling undefined parameters
   handling undefined parameters
Setting parameters
   initialising basis features for learning
   initialising basis features for learning
Initialising
   calculating state vector at all discretised positions
   calculating state vector at all discretised positions
   making state/history dataframes
HBox(children=(HTML(value=''), FloatProgress(value=0.0, max=10000.0), HTML(value='')))
HBox(children=(HTML(value=''), FloatProgress(value=0.0, max=10000.0), HTML(value='')))
   initialising velocity, position and direction


   setting time/run counters
   initialising STDP weight matrix and traces
   initialising STDP weight matrix and traces
   making the maze walls
DONE
DONE
   discretising position for later plotting
HBox(children=(HTML(value=''), FloatProgress(value=0.0, max=6000.0), HTML(value='')))
HBox(children=(HTML(value=''), FloatProgress(value=0.0, max=6000.0), HTML(value='')))
   handling undefined parameters


   initialising basis features for learning
Calculating place and grid cells
Calculating place and grid cells
   calculating state vector at all discretised positions
theta: (0.6317943522899925, -5.114804279663498, 0.6737398417944401, 0.6719291693708723)
theta: (0.510300570155607, -5.060802283011043, 0.5995023830381229, 0.6664593966656968)
HBox(children=(HTML(value=''), FloatProgress(value=0.0, max=10000.0), HTML(value='')))
no theta: (0.8605549867005122, -5.495089419779774, 0.7324136300257782, 0.713717044605446)
no theta: (0.8620296639254781, -4.446993089848141, 0.582627923097915, 0.5989635627082205)

   initialising STDP weight matrix and traces
DONE
HBox(children=(HTML(value=''), FloatProgress(value=0.0, max=6000.0), HTML(value='')))

Calculating place and grid cells
theta: (0.5147825390692771, -6.202620700337705, 0.7511288998684159, 0.791510813169779)
no theta: (0.8493184335320051, -5.077753681258834, 0.675726173099219, 0.6678968612456914)
Setting parameters
Initialising
   making state/history dataframes
   initialising velocity, position and direction
   setting time/run counters
   making the maze walls
   discretising position for later plotting
   handling undefined parameters
   initialising basis features for learning
   calculating state vector at all discretised positions
HBox(children=(HTML(value=''), FloatProgress(value=0.0, max=10000.0), HTML(value='')))

   initialising STDP weight matrix and traces
DONE
HBox(children=(HTML(value=''), FloatProgress(value=0.0, max=6000.0), HTML(value='')))

Calculating place and grid cells
theta: (0.6338288588287113, -6.072852295425304, 0.7530912482763019, 0.7770079147697887)
no theta: (0.8479213176935335, -3.8776765619019455, 0.5135880172256744, 0.5358507623206352)
Setting parameters
Initialising
   making state/history dataframes
   initialising velocity, position and direction
   setting time/run counters
   making the maze walls
   discretising position for later plotting
   handling undefined parameters
   initialising basis features for learning
   calculating state vector at all discretised positions
HBox(children=(HTML(value=''), FloatProgress(value=0.0, max=10000.0), HTML(value='')))

   initialising STDP weight matrix and traces
DONE
HBox(children=(HTML(value=''), FloatProgress(value=0.0, max=6000.0), HTML(value='')))

Calculating place and grid cells
theta: (0.8026303914413764, -4.596186870174713, 0.6071264512603952, 0.6149367776276339)
no theta: (0.8716317554901475, -3.970940028583513, 0.5338973299236088, 0.5462315526396869)
Setting parameters
Initialising
   making state/history dataframes
   initialising velocity, position and direction
   setting time/run counters
   making the maze walls
   discretising position for later plotting
   handling undefined parameters
   initialising basis features for learning
   calculating state vector at all discretised positions
HBox(children=(HTML(value=''), FloatProgress(value=0.0, max=10000.0), HTML(value='')))

   initialising STDP weight matrix and traces
DONE
HBox(children=(HTML(value=''), FloatProgress(value=0.0, max=6000.0), HTML(value='')))

Calculating place and grid cells
theta: (0.6569980497936251, -4.354434023990901, 0.6173222273886179, 0.5883142048810156)
no theta: (0.8516298538335146, -5.291183293395381, 0.70984017449824, 0.6912387902122226)
