srun: Job step aborted: Waiting up to 32 seconds for job step to finish.
srun: Job step aborted: Waiting up to 32 seconds for job step to finish.
srun: Job step aborted: Waiting up to 32 seconds for job step to finish.
srun: Job step aborted: Waiting up to 32 seconds for job step to finish.
srun: Job step aborted: Waiting up to 32 seconds for job step to finish.
srun: Job step aborted: Waiting up to 32 seconds for job step to finish.
srun: Job step aborted: Waiting up to 32 seconds for job step to finish.
srun: Job step aborted: Waiting up to 32 seconds for job step to finish.
srun: Job step aborted: Waiting up to 32 seconds for job step to finish.
srun: Job step aborted: Waiting up to 32 seconds for job step to finish.
srun: Job step aborted: Waiting up to 32 seconds for job step to finish.
srun: Job step aborted: Waiting up to 32 seconds for job step to finish.
srun: Job step aborted: Waiting up to 32 seconds for job step to finish.
srun: Job step aborted: Waiting up to 32 seconds for job step to finish.
srun: Job step aborted: Waiting up to 32 seconds for job step to finish.
srun: Job step aborted: Waiting up to 32 seconds for job step to finish.
srun: Job step aborted: Waiting up to 32 seconds for job step to finish.
srun: Job step aborted: Waiting up to 32 seconds for job step to finish.
srun: Job step aborted: Waiting up to 32 seconds for job step to finish.
srun: Job step aborted: Waiting up to 32 seconds for job step to finish.
srun: Job step aborted: Waiting up to 32 seconds for job step to finish.
srun: Job step aborted: Waiting up to 32 seconds for job step to finish.
srun: Job step aborted: Waiting up to 32 seconds for job step to finish.
srun: Job step aborted: Waiting up to 32 seconds for job step to finish.
srun: Job step aborted: Waiting up to 32 seconds for job step to finish.
srun: Job step aborted: Waiting up to 32 seconds for job step to finish.
srun: Job step aborted: Waiting up to 32 seconds for job step to finish.
srun: Job step aborted: Waiting up to 32 seconds for job step to finish.
srun: Job step aborted: Waiting up to 32 seconds for job step to finish.
srun: Job step aborted: Waiting up to 32 seconds for job step to finish.
srun: Job step aborted: Waiting up to 32 seconds for job step to finish.
srun: Job step aborted: Waiting up to 32 seconds for job step to finish.
srun: Job step aborted: Waiting up to 32 seconds for job step to finish.
srun: Job step aborted: Waiting up to 32 seconds for job step to finish.
srun: Job step aborted: Waiting up to 32 seconds for job step to finish.
srun: Job step aborted: Waiting up to 32 seconds for job step to finish.
srun: Job step aborted: Waiting up to 32 seconds for job step to finish.
srun: Job step aborted: Waiting up to 32 seconds for job step to finish.
srun: Job step aborted: Waiting up to 32 seconds for job step to finish.
srun: Job step aborted: Waiting up to 32 seconds for job step to finish.
srun: Job step aborted: Waiting up to 32 seconds for job step to finish.
srun: Job step aborted: Waiting up to 32 seconds for job step to finish.
srun: Job step aborted: Waiting up to 32 seconds for job step to finish.
srun: Job step aborted: Waiting up to 32 seconds for job step to finish.
srun: Job step aborted: Waiting up to 32 seconds for job step to finish.
srun: Job step aborted: Waiting up to 32 seconds for job step to finish.
srun: Job step aborted: Waiting up to 32 seconds for job step to finish.
srun: Job step aborted: Waiting up to 32 seconds for job step to finish.
srun: Job step aborted: Waiting up to 32 seconds for job step to finish.
srun: Job step aborted: Waiting up to 32 seconds for job step to finish.
srun: Job step aborted: Waiting up to 32 seconds for job step to finish.
srun: Job step aborted: Waiting up to 32 seconds for job step to finish.
srun: Job step aborted: Waiting up to 32 seconds for job step to finish.
srun: Job step aborted: Waiting up to 32 seconds for job step to finish.
srun: Job step aborted: Waiting up to 32 seconds for job step to finish.
srun: Job step aborted: Waiting up to 32 seconds for job step to finish.
srun: Job step aborted: Waiting up to 32 seconds for job step to finish.
srun: Job step aborted: Waiting up to 32 seconds for job step to finish.
srun: Job step aborted: Waiting up to 32 seconds for job step to finish.
srun: Job step aborted: Waiting up to 32 seconds for job step to finish.
srun: Job step aborted: Waiting up to 32 seconds for job step to finish.
srun: Job step aborted: Waiting up to 32 seconds for job step to finish.
srun: Job step aborted: Waiting up to 32 seconds for job step to finish.
srun: Job step aborted: Waiting up to 32 seconds for job step to finish.
srun: Job step aborted: Waiting up to 32 seconds for job step to finish.
srun: Job step aborted: Waiting up to 32 seconds for job step to finish.
srun: Job step aborted: Waiting up to 32 seconds for job step to finish.
srun: Job step aborted: Waiting up to 32 seconds for job step to finish.
srun: Job step aborted: Waiting up to 32 seconds for job step to finish.
srun: Job step aborted: Waiting up to 32 seconds for job step to finish.
srun: Job step aborted: Waiting up to 32 seconds for job step to finish.
srun: Job step aborted: Waiting up to 32 seconds for job step to finish.
srun: Job step aborted: Waiting up to 32 seconds for job step to finish.
srun: Job step aborted: Waiting up to 32 seconds for job step to finish.
srun: Job step aborted: Waiting up to 32 seconds for job step to finish.
srun: Job step aborted: Waiting up to 32 seconds for job step to finish.
srun: Job step aborted: Waiting up to 32 seconds for job step to finish.
srun: Job step aborted: Waiting up to 32 seconds for job step to finish.
srun: Job step aborted: Waiting up to 32 seconds for job step to finish.
srun: Job step aborted: Waiting up to 32 seconds for job step to finish.
srun: Job step aborted: Waiting up to 32 seconds for job step to finish.
srun: Job step aborted: Waiting up to 32 seconds for job step to finish.
srun: Job step aborted: Waiting up to 32 seconds for job step to finish.
srun: Job step aborted: Waiting up to 32 seconds for job step to finish.
srun: Job step aborted: Waiting up to 32 seconds for job step to finish.
srun: Job step aborted: Waiting up to 32 seconds for job step to finish.
srun: Job step aborted: Waiting up to 32 seconds for job step to finish.
srun: Job step aborted: Waiting up to 32 seconds for job step to finish.
srun: Job step aborted: Waiting up to 32 seconds for job step to finish.
srun: Job step aborted: Waiting up to 32 seconds for job step to finish.
srun: Job step aborted: Waiting up to 32 seconds for job step to finish.
srun: Job step aborted: Waiting up to 32 seconds for job step to finish.
srun: Job step aborted: Waiting up to 32 seconds for job step to finish.
srun: Job step aborted: Waiting up to 32 seconds for job step to finish.
srun: Job step aborted: Waiting up to 32 seconds for job step to finish.
srun: Job step aborted: Waiting up to 32 seconds for job step to finish.
srun: Job step aborted: Waiting up to 32 seconds for job step to finish.
srun: Job step aborted: Waiting up to 32 seconds for job step to finish.
srun: Job step aborted: Waiting up to 32 seconds for job step to finish.
srun: Job step aborted: Waiting up to 32 seconds for job step to finish.
srun: Job step aborted: Waiting up to 32 seconds for job step to finish.
srun: Job step aborted: Waiting up to 32 seconds for job step to finish.
srun: Job step aborted: Waiting up to 32 seconds for job step to finish.
srun: Job step aborted: Waiting up to 32 seconds for job step to finish.
srun: Job step aborted: Waiting up to 32 seconds for job step to finish.
srun: Job step aborted: Waiting up to 32 seconds for job step to finish.
srun: Job step aborted: Waiting up to 32 seconds for job step to finish.
srun: Job step aborted: Waiting up to 32 seconds for job step to finish.
slurmstepd-enc3-node2: error: *** STEP 1475215.89 ON enc3-node2 CANCELLED AT 2021-09-29T15:10:00 ***
slurmstepd-enc3-node5: error: *** STEP 1475215.7 ON enc3-node5 CANCELLED AT 2021-09-29T15:10:00 ***
slurmstepd-enc3-node6: error: *** STEP 1475215.100 ON enc3-node6 CANCELLED AT 2021-09-29T15:10:00 ***
slurmstepd-enc3-node5: error: *** STEP 1475215.96 ON enc3-node5 CANCELLED AT 2021-09-29T15:10:00 ***
slurmstepd-enc3-node3: error: *** STEP 1475215.90 ON enc3-node3 CANCELLED AT 2021-09-29T15:10:00 ***
slurmstepd-enc3-node2: error: *** STEP 1475215.88 ON enc3-node2 CANCELLED AT 2021-09-29T15:10:00 ***
slurmstepd-enc3-node4: error: *** STEP 1475215.93 ON enc3-node4 CANCELLED AT 2021-09-29T15:10:00 ***
slurmstepd-enc3-node6: error: *** STEP 1475215.99 ON enc3-node6 CANCELLED AT 2021-09-29T15:10:00 ***
slurmstepd-enc3-node5: error: *** STEP 1475215.98 ON enc3-node5 CANCELLED AT 2021-09-29T15:10:00 ***
slurmstepd-enc3-node3: error: *** STEP 1475215.91 ON enc3-node3 CANCELLED AT 2021-09-29T15:10:00 ***
slurmstepd-enc3-node2: error: *** STEP 1475215.4 ON enc3-node2 CANCELLED AT 2021-09-29T15:10:00 ***
slurmstepd-enc3-node6: error: *** STEP 1475215.8 ON enc3-node6 CANCELLED AT 2021-09-29T15:10:00 ***
slurmstepd-enc3-node7: error: *** STEP 1475215.103 ON enc3-node7 CANCELLED AT 2021-09-29T15:10:00 ***
slurmstepd-enc3-node4: error: *** STEP 1475215.94 ON enc3-node4 CANCELLED AT 2021-09-29T15:10:00 ***
slurmstepd-enc3-node3: error: *** STEP 1475215.92 ON enc3-node3 CANCELLED AT 2021-09-29T15:10:00 ***
slurmstepd-enc3-node7: error: *** STEP 1475215.102 ON enc3-node7 CANCELLED AT 2021-09-29T15:10:00 ***
slurmstepd-enc3-node6: error: *** STEP 1475215.101 ON enc3-node6 CANCELLED AT 2021-09-29T15:10:00 ***
slurmstepd-enc3-node7: error: *** STEP 1475215.9 ON enc3-node7 CANCELLED AT 2021-09-29T15:10:00 ***
slurmstepd-enc3-node8: error: *** STEP 1475215.105 ON enc3-node8 CANCELLED AT 2021-09-29T15:10:00 ***
slurmstepd-enc3-node5: error: *** STEP 1475215.97 ON enc3-node5 CANCELLED AT 2021-09-29T15:10:00 ***
slurmstepd-enc3-node8: error: *** STEP 1475215.10 ON enc3-node8 CANCELLED AT 2021-09-29T15:10:00 ***
slurmstepd-enc3-node7: error: *** STEP 1475215.104 ON enc3-node7 CANCELLED AT 2021-09-29T15:10:00 ***
slurmstepd-enc3-node3: error: *** STEP 1475215.5 ON enc3-node3 CANCELLED AT 2021-09-29T15:10:00 ***
slurmstepd-enc3-node8: error: *** STEP 1475215.107 ON enc3-node8 CANCELLED AT 2021-09-29T15:10:00 ***
slurmstepd-enc3-node4: error: *** STEP 1475215.6 ON enc3-node4 CANCELLED AT 2021-09-29T15:10:00 ***
srun: got SIGCONT
slurmstepd-enc3-node8: error: *** STEP 1475215.106 ON enc3-node8 CANCELLED AT 2021-09-29T15:10:00 ***
srun: got SIGCONT
srun: got SIGCONT
srun: got SIGCONT
srun: got SIGCONT
srun: got SIGCONT
srun: got SIGCONT
srun: got SIGCONT
srun: got SIGCONT
srun: got SIGCONT
srun: got SIGCONT
srun: got SIGCONT
srun: got SIGCONT
srun: got SIGCONT
srun: got SIGCONT
srun: got SIGCONT
srun: got SIGCONT
srun: got SIGCONT
srun: got SIGCONT
srun: got SIGCONT
srun: got SIGCONT
srun: got SIGCONT
srun: got SIGCONT
srun: got SIGCONT
srun: got SIGCONT
srun: got SIGCONT
srun: got SIGCONT
srun: got SIGCONT
srun: got SIGCONT
srun: got SIGCONT
srun: got SIGCONT
srun: got SIGCONT
srun: got SIGCONT
srun: got SIGCONT
srun: got SIGCONT
srun: got SIGCONT
srun: got SIGCONT
srun: got SIGCONT
srun: got SIGCONT
srun: got SIGCONT
srun: got SIGCONT
srun: got SIGCONT
srun: got SIGCONT
srun: got SIGCONT
srun: got SIGCONT
srun: got SIGCONT
srun: got SIGCONT
srun: got SIGCONT
srun: got SIGCONT
srun: got SIGCONT
srun: got SIGCONT
srun: got SIGCONT
srun: got SIGCONT
srun: got SIGCONT
srun: got SIGCONT
srun: got SIGCONT
srun: got SIGCONT
srun: got SIGCONT
srun: got SIGCONT
srun: got SIGCONT
srun: got SIGCONT
srun: got SIGCONT
srun: got SIGCONT
srun: got SIGCONT
srun: got SIGCONT
srun: got SIGCONT
srun: got SIGCONT
srun: got SIGCONT
srun: got SIGCONT
srun: got SIGCONT
srun: got SIGCONT
srun: got SIGCONT
srun: got SIGCONT
srun: got SIGCONT
srun: got SIGCONT
srun: got SIGCONT
srun: got SIGCONT
srun: got SIGCONT
srun: got SIGCONT
srun: got SIGCONT
srun: got SIGCONT
srun: got SIGCONT
srun: got SIGCONT
srun: got SIGCONT
srun: got SIGCONT
srun: got SIGCONT
srun: got SIGCONT
srun: got SIGCONT
srun: got SIGCONT
srun: got SIGCONT
srun: got SIGCONT
srun: got SIGCONT
srun: got SIGCONT
srun: got SIGCONT
srun: got SIGCONT
srun: got SIGCONT
srun: got SIGCONT
srun: got SIGCONT
srun: got SIGCONT
srun: got SIGCONT
srun: got SIGCONT
srun: got SIGCONT
srun: got SIGCONT
srun: got SIGCONT
srun: got SIGCONT
srun: got SIGCONT
srun: got SIGCONT
srun: got SIGCONT
srun: error: enc3-node2: task 0: Terminated
srun: error: enc3-node2: task 0: Terminated
srun: error: enc3-node2: task 0: Terminated
srun: error: enc3-node4: task 0: Terminated
srun: error: enc3-node6: task 0: Terminated
srun: error: enc3-node6: task 0: Terminated
srun: error: enc3-node5: task 0: Terminated
slurmstepd-enc3-node4: error: *** STEP 1475215.95 ON enc3-node4 CANCELLED AT 2021-09-29T15:10:00 ***
srun: error: enc3-node4: task 0: Terminated
srun: error: enc3-node6: task 0: Terminated
slurmstepd-enc1-node13: error: *** STEP 1475215.59 ON enc1-node13 CANCELLED AT 2021-09-29T15:10:00 ***
srun: error: enc3-node5: task 0: Terminated
srun: error: enc3-node5: task 0: Terminated
slurmstepd-enc1-node11: error: *** STEP 1475215.15 ON enc1-node11 CANCELLED AT 2021-09-29T15:10:00 ***
srun: error: enc3-node7: task 0: Terminated
srun: error: enc3-node7: task 0: Terminated
slurmstepd-enc1-node13: error: *** STEP 1475215.50 ON enc1-node13 CANCELLED AT 2021-09-29T15:10:00 ***
srun: error: enc3-node6: task 0: Terminated
slurmstepd-enc1-node14: error: *** STEP 1475215.74 ON enc1-node14 CANCELLED AT 2021-09-29T15:10:00 ***
slurmstepd-enc1-node13: error: *** STEP 1475215.62 ON enc1-node13 CANCELLED AT 2021-09-29T15:10:00 ***
slurmstepd-enc1-node11: error: *** STEP 1475215.20 ON enc1-node11 CANCELLED AT 2021-09-29T15:10:00 ***
srun: error: enc3-node4: task 0: Terminated
srun: error: enc3-node3: task 0: Terminated
slurmstepd-enc1-node14: error: *** STEP 1475215.83 ON enc1-node14 CANCELLED AT 2021-09-29T15:10:00 ***
srun: error: enc3-node5: task 0: Terminated
slurmstepd-enc1-node13: error: *** STEP 1475215.58 ON enc1-node13 CANCELLED AT 2021-09-29T15:10:00 ***
srun: error: enc3-node7: task 0: Terminated
srun: error: enc3-node4: task 0: Terminated
slurmstepd-enc1-node11: error: *** STEP 1475215.22 ON enc1-node11 CANCELLED AT 2021-09-29T15:10:00 ***
slurmstepd-enc1-node13: error: *** STEP 1475215.68 ON enc1-node13 CANCELLED AT 2021-09-29T15:10:00 ***
srun: error: enc3-node3: task 0: Terminated
srun: error: enc3-node7: task 0: Terminated
slurmstepd-enc1-node14: error: *** STEP 1475215.78 ON enc1-node14 CANCELLED AT 2021-09-29T15:10:00 ***
slurmstepd-enc1-node11: error: *** STEP 1475215.18 ON enc1-node11 CANCELLED AT 2021-09-29T15:10:00 ***
srun: error: enc3-node3: task 0: Terminated
slurmstepd-enc1-node13: error: *** STEP 1475215.52 ON enc1-node13 CANCELLED AT 2021-09-29T15:10:00 ***
slurmstepd-enc1-node14: error: *** STEP 1475215.73 ON enc1-node14 CANCELLED AT 2021-09-29T15:10:00 ***
srun: error: enc3-node8: task 0: Terminated
slurmstepd-enc0-node2: error: *** STEP 1475215.12 ON enc0-node2 CANCELLED AT 2021-09-29T15:10:00 ***
slurmstepd-enc1-node11: error: *** STEP 1475215.24 ON enc1-node11 CANCELLED AT 2021-09-29T15:10:00 ***
slurmstepd-enc1-node13: error: *** STEP 1475215.56 ON enc1-node13 CANCELLED AT 2021-09-29T15:10:00 ***
slurmstepd-enc1-node14: error: *** STEP 1475215.3 ON enc1-node14 CANCELLED AT 2021-09-29T15:10:00 ***
slurmstepd-enc1-node11: error: *** STEP 1475215.30 ON enc1-node11 CANCELLED AT 2021-09-29T15:10:00 ***
srun: error: enc3-node8: task 0: Terminated
slurmstepd-enc1-node14: error: *** STEP 1475215.69 ON enc1-node14 CANCELLED AT 2021-09-29T15:10:00 ***
slurmstepd-enc1-node11: error: *** STEP 1475215.27 ON enc1-node11 CANCELLED AT 2021-09-29T15:10:00 ***
srun: error: enc3-node3: task 0: Terminated
slurmstepd-enc1-node12: error: *** STEP 1475215.47 ON enc1-node12 CANCELLED AT 2021-09-29T15:10:00 ***
srun: error: enc3-node8: task 0: Terminated
srun: error: enc3-node8: task 0: Terminated
slurmstepd-enc1-node12: error: *** STEP 1475215.45 ON enc1-node12 CANCELLED AT 2021-09-29T15:10:00 ***
slurmstepd-enc1-node12: error: *** STEP 1475215.43 ON enc1-node12 CANCELLED AT 2021-09-29T15:10:00 ***
slurmstepd-enc1-node12: error: *** STEP 1475215.37 ON enc1-node12 CANCELLED AT 2021-09-29T15:10:00 ***
slurmstepd-enc1-node13: error: *** STEP 1475215.51 ON enc1-node13 CANCELLED AT 2021-09-29T15:10:00 ***
slurmstepd-enc1-node11: error: *** STEP 1475215.26 ON enc1-node11 CANCELLED AT 2021-09-29T15:10:00 ***
slurmstepd-enc1-node12: error: *** STEP 1475215.38 ON enc1-node12 CANCELLED AT 2021-09-29T15:10:00 ***
slurmstepd-enc1-node14: error: *** STEP 1475215.87 ON enc1-node14 CANCELLED AT 2021-09-29T15:10:00 ***
srun: error: enc1-node11: task 0: Terminated
srun: error: enc1-node11: task 0: Terminated
srun: error: enc1-node11: task 0: Terminated
srun: error: enc1-node14: task 0: Terminated
srun: error: enc1-node14: task 0: Terminated
slurmstepd-enc1-node11: error: *** STEP 1475215.17 ON enc1-node11 CANCELLED AT 2021-09-29T15:10:00 ***
srun: error: enc1-node13: task 0: Terminated
slurmstepd-enc1-node13: error: *** STEP 1475215.67 ON enc1-node13 CANCELLED AT 2021-09-29T15:10:00 ***
srun: error: enc1-node13: task 0: Terminated
slurmstepd-enc1-node14: error: *** STEP 1475215.80 ON enc1-node14 CANCELLED AT 2021-09-29T15:10:00 ***
slurmstepd-enc1-node12: error: *** STEP 1475215.35 ON enc1-node12 CANCELLED AT 2021-09-29T15:10:00 ***
slurmstepd-enc1-node11: error: *** STEP 1475215.28 ON enc1-node11 CANCELLED AT 2021-09-29T15:10:00 ***
slurmstepd-enc1-node13: error: *** STEP 1475215.54 ON enc1-node13 CANCELLED AT 2021-09-29T15:10:00 ***
slurmstepd-enc1-node14: error: *** STEP 1475215.77 ON enc1-node14 CANCELLED AT 2021-09-29T15:10:00 ***
srun: error: enc1-node14: task 0: Terminated
srun: error: enc1-node11: task 0: Terminated
srun: error: enc1-node11: task 0: Terminated
srun: error: enc1-node13: task 0: Terminated
srun: error: enc1-node13: task 0: Terminated
srun: error: enc1-node13: task 0: Terminated
srun: error: enc1-node11: task 0: Terminated
srun: error: enc1-node14: task 0: Terminated
slurmstepd-enc1-node13: error: *** STEP 1475215.53 ON enc1-node13 CANCELLED AT 2021-09-29T15:10:00 ***
slurmstepd-enc1-node11: error: *** STEP 1475215.13 ON enc1-node11 CANCELLED AT 2021-09-29T15:10:00 ***
slurmstepd-enc1-node14: error: *** STEP 1475215.76 ON enc1-node14 CANCELLED AT 2021-09-29T15:10:00 ***
srun: error: enc1-node14: task 0: Terminated
slurmstepd-enc1-node13: error: *** STEP 1475215.55 ON enc1-node13 CANCELLED AT 2021-09-29T15:10:00 ***
slurmstepd-enc1-node11: error: *** STEP 1475215.21 ON enc1-node11 CANCELLED AT 2021-09-29T15:10:00 ***
slurmstepd-enc1-node14: error: *** STEP 1475215.72 ON enc1-node14 CANCELLED AT 2021-09-29T15:10:00 ***
slurmstepd-enc1-node13: error: *** STEP 1475215.60 ON enc1-node13 CANCELLED AT 2021-09-29T15:10:00 ***
srun: error: enc1-node11: task 0: Terminated
srun: error: enc1-node14: task 0: Terminated
srun: error: enc1-node13: task 0: Terminated
srun: error: enc1-node13: task 0: Terminated
slurmstepd-enc1-node11: error: *** STEP 1475215.14 ON enc1-node11 CANCELLED AT 2021-09-29T15:10:00 ***
srun: error: enc1-node14: task 0: Terminated
srun: error: enc1-node13: task 0: Terminated
slurmstepd-enc1-node11: error: *** STEP 1475215.29 ON enc1-node11 CANCELLED AT 2021-09-29T15:10:00 ***
slurmstepd-enc1-node14: error: *** STEP 1475215.79 ON enc1-node14 CANCELLED AT 2021-09-29T15:10:00 ***
slurmstepd-enc1-node13: error: *** STEP 1475215.61 ON enc1-node13 CANCELLED AT 2021-09-29T15:10:00 ***
slurmstepd-enc1-node14: error: *** STEP 1475215.70 ON enc1-node14 CANCELLED AT 2021-09-29T15:10:00 ***
srun: error: enc1-node11: task 0: Terminated
slurmstepd-enc1-node13: error: *** STEP 1475215.66 ON enc1-node13 CANCELLED AT 2021-09-29T15:10:00 ***
srun: error: enc1-node11: task 0: Terminated
slurmstepd-enc1-node11: error: *** STEP 1475215.23 ON enc1-node11 CANCELLED AT 2021-09-29T15:10:00 ***
srun: error: enc1-node14: task 0: Terminated
srun: error: enc1-node13: task 0: Terminated
slurmstepd-enc1-node14: error: *** STEP 1475215.84 ON enc1-node14 CANCELLED AT 2021-09-29T15:10:00 ***
srun: error: enc1-node11: task 0: Terminated
slurmstepd-enc1-node13: error: *** STEP 1475215.63 ON enc1-node13 CANCELLED AT 2021-09-29T15:10:00 ***
slurmstepd-enc1-node11: error: *** STEP 1475215.19 ON enc1-node11 CANCELLED AT 2021-09-29T15:10:00 ***
slurmstepd-enc1-node14: error: *** STEP 1475215.75 ON enc1-node14 CANCELLED AT 2021-09-29T15:10:00 ***
slurmstepd-enc1-node13: error: *** STEP 1475215.65 ON enc1-node13 CANCELLED AT 2021-09-29T15:10:00 ***
srun: error: enc1-node13: task 0: Terminated
slurmstepd-enc0-node2: error: *** JOB 1475215 ON enc0-node2 CANCELLED AT 2021-09-29T15:10:00 ***
slurmstepd-enc1-node14: error: *** STEP 1475215.86 ON enc1-node14 CANCELLED AT 2021-09-29T15:10:00 ***
slurmstepd-enc1-node11: error: *** STEP 1475215.25 ON enc1-node11 CANCELLED AT 2021-09-29T15:10:00 ***
srun: error: enc1-node14: task 0: Terminated
srun: error: enc1-node14: task 0: Terminated
slurmstepd-enc1-node13: error: *** STEP 1475215.64 ON enc1-node13 CANCELLED AT 2021-09-29T15:10:00 ***
srun: error: enc1-node11: task 0: Terminated
slurmstepd-enc1-node14: error: *** STEP 1475215.71 ON enc1-node14 CANCELLED AT 2021-09-29T15:10:00 ***
slurmstepd-enc1-node11: error: *** STEP 1475215.16 ON enc1-node11 CANCELLED AT 2021-09-29T15:10:00 ***
srun: error: enc1-node11: task 0: Terminated
slurmstepd-enc1-node13: error: *** STEP 1475215.57 ON enc1-node13 CANCELLED AT 2021-09-29T15:10:00 ***
slurmstepd-enc1-node14: error: *** STEP 1475215.85 ON enc1-node14 CANCELLED AT 2021-09-29T15:10:00 ***
slurmstepd-enc1-node12: error: *** STEP 1475215.44 ON enc1-node12 CANCELLED AT 2021-09-29T15:10:00 ***
srun: error: enc1-node11: task 0: Terminated
srun: error: enc1-node13: task 0: Terminated
srun: error: enc1-node13: task 0: Terminated
slurmstepd-enc1-node13: error: *** STEP 1475215.2 ON enc1-node13 CANCELLED AT 2021-09-29T15:10:00 ***
srun: error: enc1-node12: task 0: Terminated
srun: error: enc1-node12: task 0: Terminated
slurmstepd-enc1-node14: error: *** STEP 1475215.81 ON enc1-node14 CANCELLED AT 2021-09-29T15:10:00 ***
slurmstepd-enc1-node11: error: *** STEP 1475215.0 ON enc1-node11 CANCELLED AT 2021-09-29T15:10:00 ***
srun: error: enc1-node12: task 0: Terminated
srun: error: enc1-node14: task 0: Terminated
srun: error: enc1-node11: task 0: Terminated
srun: error: enc1-node14: task 0: Terminated
srun: error: enc1-node13: task 0: Terminated
slurmstepd-enc1-node14: error: *** STEP 1475215.82 ON enc1-node14 CANCELLED AT 2021-09-29T15:10:00 ***
srun: error: enc1-node13: task 0: Terminated
slurmstepd-enc1-node12: error: *** STEP 1475215.32 ON enc1-node12 CANCELLED AT 2021-09-29T15:10:00 ***
srun: error: enc1-node11: task 0: Terminated
srun: error: enc1-node14: task 0: Terminated
srun: error: enc1-node14: task 0: Terminated
srun: error: enc1-node11: task 0: Terminated
srun: error: enc1-node13: task 0: Terminated
slurmstepd-enc1-node12: error: *** STEP 1475215.31 ON enc1-node12 CANCELLED AT 2021-09-29T15:10:00 ***
srun: error: enc1-node14: task 0: Terminated
srun: error: enc1-node14: task 0: Terminated
srun: error: enc1-node12: task 0: Terminated
srun: error: enc1-node11: task 0: Terminated
srun: error: enc1-node13: task 0: Terminated
srun: error: enc1-node13: task 0: Terminated
srun: error: enc1-node14: task 0: Terminated
srun: error: enc1-node12: task 0: Terminated
slurmstepd-enc1-node12: error: *** STEP 1475215.1 ON enc1-node12 CANCELLED AT 2021-09-29T15:10:00 ***
srun: error: enc1-node14: task 0: Terminated
srun: error: enc1-node11: task 0: Terminated
srun: error: enc1-node13: task 0: Terminated
srun: error: enc1-node11: task 0: Terminated
srun: error: enc1-node14: task 0: Terminated
srun: error: enc1-node13: task 0: Terminated
slurmstepd-enc1-node12: error: *** STEP 1475215.46 ON enc1-node12 CANCELLED AT 2021-09-29T15:10:00 ***
srun: error: enc1-node12: task 0: Terminated
srun: error: enc1-node13: task 0: Terminated
srun: error: enc1-node14: task 0: Terminated
slurmstepd-enc1-node12: error: *** STEP 1475215.36 ON enc1-node12 CANCELLED AT 2021-09-29T15:10:00 ***
srun: error: enc1-node12: task 0: Terminated
srun: error: enc1-node12: task 0: Terminated
slurmstepd-enc1-node12: error: *** STEP 1475215.40 ON enc1-node12 CANCELLED AT 2021-09-29T15:10:00 ***
slurmstepd-enc1-node12: error: *** STEP 1475215.39 ON enc1-node12 CANCELLED AT 2021-09-29T15:10:00 ***
srun: error: enc1-node12: task 0: Terminated
srun: forcing job termination
srun: forcing job termination
srun: forcing job termination
srun: forcing job termination
srun: forcing job termination
srun: forcing job termination
srun: forcing job termination
srun: forcing job termination
srun: forcing job termination
srun: forcing job termination
srun: forcing job termination
srun: forcing job termination
srun: forcing job termination
slurmstepd-enc1-node12: error: *** STEP 1475215.49 ON enc1-node12 CANCELLED AT 2021-09-29T15:10:00 ***
srun: error: enc1-node12: task 0: Terminated
slurmstepd-enc1-node12: error: *** STEP 1475215.34 ON enc1-node12 CANCELLED AT 2021-09-29T15:10:00 ***
srun: error: enc1-node12: task 0: Terminated
slurmstepd-enc1-node12: error: *** STEP 1475215.42 ON enc1-node12 CANCELLED AT 2021-09-29T15:10:00 ***
srun: error: enc1-node12: task 0: Terminated
srun: error: enc1-node12: task 0: Terminated
slurmstepd-enc1-node12: error: *** STEP 1475215.48 ON enc1-node12 CANCELLED AT 2021-09-29T15:10:00 ***
srun: error: enc1-node12: task 0: Terminated
slurmstepd-enc1-node12: error: *** STEP 1475215.33 ON enc1-node12 CANCELLED AT 2021-09-29T15:10:00 ***
slurmstepd-enc0-node2: error: *** STEP 1475215.11 ON enc0-node2 CANCELLED AT 2021-09-29T15:10:00 ***
srun: error: enc1-node12: task 0: Terminated
slurmstepd-enc1-node12: error: *** STEP 1475215.41 ON enc1-node12 CANCELLED AT 2021-09-29T15:10:00 ***
srun: error: enc1-node12: task 0: Terminated
srun: error: enc1-node12: task 0: Terminated
srun: error: enc0-node2: task 0: Terminated
srun: error: enc1-node12: task 0: Terminated
srun: error: enc1-node12: task 0: Terminated
srun: error: enc1-node12: task 0: Terminated
srun: error: enc0-node2: task 0: Terminated
