srun: error: Slurm job 1475216 has expired
srun: error: Slurm job 1475216 has expired
srun: error: Slurm job 1475216 has expired
srun: Check SLURM_JOB_ID environment variable. Expired or invalid job 1475216
srun: Check SLURM_JOB_ID environment variable. Expired or invalid job 1475216
srun: Check SLURM_JOB_ID environment variable. Expired or invalid job 1475216
srun: error: Slurm job 1475216 has expired
srun: error: Slurm job 1475216 has expired
srun: Check SLURM_JOB_ID environment variable. Expired or invalid job 1475216
srun: Check SLURM_JOB_ID environment variable. Expired or invalid job 1475216
srun: error: Slurm job 1475216 has expired
srun: Check SLURM_JOB_ID environment variable. Expired or invalid job 1475216
srun: error: Slurm job 1475216 has expired
srun: Check SLURM_JOB_ID environment variable. Expired or invalid job 1475216
srun: error: Slurm job 1475216 has expired
srun: error: Slurm job 1475216 has expired
srun: Check SLURM_JOB_ID environment variable. Expired or invalid job 1475216
srun: Check SLURM_JOB_ID environment variable. Expired or invalid job 1475216
srun: error: Slurm job 1475216 has expired
srun: Check SLURM_JOB_ID environment variable. Expired or invalid job 1475216
srun: error: Slurm job 1475216 has expired
srun: error: Slurm job 1475216 has expired
srun: error: Task launch for 1475216.0 failed on node enc1-node11: Job credential revoked
srun: error: Application launch failed: Job credential revoked
srun: Check SLURM_JOB_ID environment variable. Expired or invalid job 1475216
srun: error: Slurm job 1475216 has expired
srun: Check SLURM_JOB_ID environment variable. Expired or invalid job 1475216
srun: Job step aborted: Waiting up to 32 seconds for job step to finish.
srun: error: Slurm job 1475216 has expired
srun: Check SLURM_JOB_ID environment variable. Expired or invalid job 1475216
srun: error: Slurm job 1475216 has expired
srun: Check SLURM_JOB_ID environment variable. Expired or invalid job 1475216
srun: error: Slurm job 1475216 has expired
srun: Check SLURM_JOB_ID environment variable. Expired or invalid job 1475216
srun: error: Slurm job 1475216 has expired
srun: Check SLURM_JOB_ID environment variable. Expired or invalid job 1475216
srun: error: Slurm job 1475216 has expired
srun: Check SLURM_JOB_ID environment variable. Expired or invalid job 1475216
srun: error: Slurm job 1475216 has expired
srun: Check SLURM_JOB_ID environment variable. Expired or invalid job 1475216
srun: error: Slurm job 1475216 has expired
srun: error: Slurm job 1475216 has expired
srun: Check SLURM_JOB_ID environment variable. Expired or invalid job 1475216
srun: error: Slurm job 1475216 has expired
srun: error: Slurm job 1475216 has expired
srun: Check SLURM_JOB_ID environment variable. Expired or invalid job 1475216
srun: Check SLURM_JOB_ID environment variable. Expired or invalid job 1475216
srun: error: Slurm job 1475216 has expired
srun: Check SLURM_JOB_ID environment variable. Expired or invalid job 1475216
srun: Check SLURM_JOB_ID environment variable. Expired or invalid job 1475216
srun: error: Slurm job 1475216 has expired
srun: Check SLURM_JOB_ID environment variable. Expired or invalid job 1475216
srun: error: Slurm job 1475216 has expired
srun: Check SLURM_JOB_ID environment variable. Expired or invalid job 1475216
srun: error: Slurm job 1475216 has expired
srun: Check SLURM_JOB_ID environment variable. Expired or invalid job 1475216
srun: error: Slurm job 1475216 has expired
srun: Check SLURM_JOB_ID environment variable. Expired or invalid job 1475216
srun: error: Slurm job 1475216 has expired
srun: Check SLURM_JOB_ID environment variable. Expired or invalid job 1475216
srun: error: Slurm job 1475216 has expired
srun: Check SLURM_JOB_ID environment variable. Expired or invalid job 1475216
srun: error: Slurm job 1475216 has expired
srun: Check SLURM_JOB_ID environment variable. Expired or invalid job 1475216
srun: error: Slurm job 1475216 has expired
srun: Check SLURM_JOB_ID environment variable. Expired or invalid job 1475216
srun: error: Slurm job 1475216 has expired
srun: Check SLURM_JOB_ID environment variable. Expired or invalid job 1475216
srun: error: Slurm job 1475216 has expired
srun: error: Slurm job 1475216 has expired
srun: error: Slurm job 1475216 has expired
srun: error: Slurm job 1475216 has expired
srun: error: Slurm job 1475216 has expired
srun: error: Slurm job 1475216 has expired
srun: error: Slurm job 1475216 has expired
srun: error: Slurm job 1475216 has expired
srun: Check SLURM_JOB_ID environment variable. Expired or invalid job 1475216
srun: error: Slurm job 1475216 has expired
srun: error: Slurm job 1475216 has expired
srun: Check SLURM_JOB_ID environment variable. Expired or invalid job 1475216
srun: Check SLURM_JOB_ID environment variable. Expired or invalid job 1475216
srun: Check SLURM_JOB_ID environment variable. Expired or invalid job 1475216
srun: error: Slurm job 1475216 has expired
srun: error: Slurm job 1475216 has expired
srun: error: Slurm job 1475216 has expired
srun: error: Slurm job 1475216 has expired
srun: error: Slurm job 1475216 has expired
srun: error: Slurm job 1475216 has expired
srun: error: Slurm job 1475216 has expired
srun: error: Slurm job 1475216 has expired
srun: error: Slurm job 1475216 has expired
srun: error: Slurm job 1475216 has expired
srun: error: Slurm job 1475216 has expired
srun: error: Slurm job 1475216 has expired
srun: error: Slurm job 1475216 has expired
srun: error: Slurm job 1475216 has expired
srun: error: Slurm job 1475216 has expired
srun: error: Slurm job 1475216 has expired
srun: error: Slurm job 1475216 has expired
srun: error: Slurm job 1475216 has expired
srun: Check SLURM_JOB_ID environment variable. Expired or invalid job 1475216
srun: error: Slurm job 1475216 has expired
srun: Check SLURM_JOB_ID environment variable. Expired or invalid job 1475216
srun: Check SLURM_JOB_ID environment variable. Expired or invalid job 1475216
srun: Check SLURM_JOB_ID environment variable. Expired or invalid job 1475216
srun: error: Slurm job 1475216 has expired
srun: Check SLURM_JOB_ID environment variable. Expired or invalid job 1475216
srun: Check SLURM_JOB_ID environment variable. Expired or invalid job 1475216
srun: Check SLURM_JOB_ID environment variable. Expired or invalid job 1475216
srun: error: Slurm job 1475216 has expired
srun: Check SLURM_JOB_ID environment variable. Expired or invalid job 1475216
srun: Check SLURM_JOB_ID environment variable. Expired or invalid job 1475216
srun: Check SLURM_JOB_ID environment variable. Expired or invalid job 1475216
srun: Check SLURM_JOB_ID environment variable. Expired or invalid job 1475216
srun: Check SLURM_JOB_ID environment variable. Expired or invalid job 1475216
srun: Check SLURM_JOB_ID environment variable. Expired or invalid job 1475216
srun: Check SLURM_JOB_ID environment variable. Expired or invalid job 1475216
srun: error: Slurm job 1475216 has expired
srun: Check SLURM_JOB_ID environment variable. Expired or invalid job 1475216
srun: Check SLURM_JOB_ID environment variable. Expired or invalid job 1475216
srun: Check SLURM_JOB_ID environment variable. Expired or invalid job 1475216
srun: Check SLURM_JOB_ID environment variable. Expired or invalid job 1475216
srun: Check SLURM_JOB_ID environment variable. Expired or invalid job 1475216
srun: Check SLURM_JOB_ID environment variable. Expired or invalid job 1475216
srun: error: Slurm job 1475216 has expired
srun: Check SLURM_JOB_ID environment variable. Expired or invalid job 1475216
srun: Check SLURM_JOB_ID environment variable. Expired or invalid job 1475216
srun: Check SLURM_JOB_ID environment variable. Expired or invalid job 1475216
srun: Check SLURM_JOB_ID environment variable. Expired or invalid job 1475216
srun: got SIGCONT
srun: Check SLURM_JOB_ID environment variable. Expired or invalid job 1475216
srun: Check SLURM_JOB_ID environment variable. Expired or invalid job 1475216
srun: Check SLURM_JOB_ID environment variable. Expired or invalid job 1475216
srun: Check SLURM_JOB_ID environment variable. Expired or invalid job 1475216
srun: error: Slurm job 1475216 has expired
srun: Check SLURM_JOB_ID environment variable. Expired or invalid job 1475216
srun: Check SLURM_JOB_ID environment variable. Expired or invalid job 1475216
srun: error: Slurm job 1475216 has expired
srun: error: Slurm job 1475216 has expired
srun: Check SLURM_JOB_ID environment variable. Expired or invalid job 1475216
srun: error: Slurm job 1475216 has expired
srun: error: Slurm job 1475216 has expired
srun: error: Slurm job 1475216 has expired
srun: Check SLURM_JOB_ID environment variable. Expired or invalid job 1475216
srun: error: Slurm job 1475216 has expired
srun: error: Slurm job 1475216 has expired
srun: Check SLURM_JOB_ID environment variable. Expired or invalid job 1475216
srun: error: Slurm job 1475216 has expired
srun: Check SLURM_JOB_ID environment variable. Expired or invalid job 1475216
srun: error: Slurm job 1475216 has expired
srun: Check SLURM_JOB_ID environment variable. Expired or invalid job 1475216
srun: Check SLURM_JOB_ID environment variable. Expired or invalid job 1475216
srun: Check SLURM_JOB_ID environment variable. Expired or invalid job 1475216
srun: error: Slurm job 1475216 has expired
srun: Check SLURM_JOB_ID environment variable. Expired or invalid job 1475216
srun: Check SLURM_JOB_ID environment variable. Expired or invalid job 1475216
srun: Check SLURM_JOB_ID environment variable. Expired or invalid job 1475216
srun: Check SLURM_JOB_ID environment variable. Expired or invalid job 1475216
srun: error: Slurm job 1475216 has expired
srun: error: Slurm job 1475216 has expired
srun: Check SLURM_JOB_ID environment variable. Expired or invalid job 1475216
srun: error: Slurm job 1475216 has expired
srun: error: Slurm job 1475216 has expired
srun: Check SLURM_JOB_ID environment variable. Expired or invalid job 1475216
srun: Check SLURM_JOB_ID environment variable. Expired or invalid job 1475216
srun: error: Slurm job 1475216 has expired
srun: Check SLURM_JOB_ID environment variable. Expired or invalid job 1475216
srun: error: Slurm job 1475216 has expired
srun: Check SLURM_JOB_ID environment variable. Expired or invalid job 1475216
srun: Check SLURM_JOB_ID environment variable. Expired or invalid job 1475216
srun: error: Slurm job 1475216 has expired
srun: Check SLURM_JOB_ID environment variable. Expired or invalid job 1475216
srun: error: Slurm job 1475216 has expired
srun: Check SLURM_JOB_ID environment variable. Expired or invalid job 1475216
srun: error: Slurm job 1475216 has expired
srun: Check SLURM_JOB_ID environment variable. Expired or invalid job 1475216
srun: error: Slurm job 1475216 has expired
srun: Check SLURM_JOB_ID environment variable. Expired or invalid job 1475216
srun: error: Slurm job 1475216 has expired
srun: error: Slurm job 1475216 has expired
srun: error: Slurm job 1475216 has expired
srun: Check SLURM_JOB_ID environment variable. Expired or invalid job 1475216
srun: Check SLURM_JOB_ID environment variable. Expired or invalid job 1475216
srun: error: Slurm job 1475216 has expired
srun: error: Slurm job 1475216 has expired
srun: Check SLURM_JOB_ID environment variable. Expired or invalid job 1475216
srun: error: Slurm job 1475216 has expired
srun: Check SLURM_JOB_ID environment variable. Expired or invalid job 1475216
srun: error: Slurm job 1475216 has expired
srun: Check SLURM_JOB_ID environment variable. Expired or invalid job 1475216
slurmstepd-enc0-node2: error: *** JOB 1475216 ON enc0-node2 CANCELLED AT 2021-09-29T15:10:01 ***
srun: Check SLURM_JOB_ID environment variable. Expired or invalid job 1475216
srun: error: Slurm job 1475216 has expired
srun: error: Slurm job 1475216 has expired
srun: error: Slurm job 1475216 has expired
srun: error: Slurm job 1475216 has expired
srun: error: Slurm job 1475216 has expired
srun: error: Slurm job 1475216 has expired
srun: error: Slurm job 1475216 has expired
srun: error: Slurm job 1475216 has expired
srun: Check SLURM_JOB_ID environment variable. Expired or invalid job 1475216
srun: error: Slurm job 1475216 has expired
srun: error: Slurm job 1475216 has expired
srun: error: Slurm job 1475216 has expired
srun: error: Slurm job 1475216 has expired
srun: forcing job termination
srun: Check SLURM_JOB_ID environment variable. Expired or invalid job 1475216
srun: Check SLURM_JOB_ID environment variable. Expired or invalid job 1475216
srun: Check SLURM_JOB_ID environment variable. Expired or invalid job 1475216
srun: Check SLURM_JOB_ID environment variable. Expired or invalid job 1475216
srun: Check SLURM_JOB_ID environment variable. Expired or invalid job 1475216
srun: Check SLURM_JOB_ID environment variable. Expired or invalid job 1475216
srun: Check SLURM_JOB_ID environment variable. Expired or invalid job 1475216
srun: Check SLURM_JOB_ID environment variable. Expired or invalid job 1475216
srun: error: Slurm job 1475216 has expired
srun: Check SLURM_JOB_ID environment variable. Expired or invalid job 1475216
srun: Check SLURM_JOB_ID environment variable. Expired or invalid job 1475216
srun: Check SLURM_JOB_ID environment variable. Expired or invalid job 1475216
srun: Check SLURM_JOB_ID environment variable. Expired or invalid job 1475216
srun: Check SLURM_JOB_ID environment variable. Expired or invalid job 1475216
srun: error: Timed out waiting for job step to complete
