srun: Job step aborted: Waiting up to 32 seconds for job step to finish.
srun: Job step aborted: Waiting up to 32 seconds for job step to finish.
srun: Job step aborted: Waiting up to 32 seconds for job step to finish.
srun: Job step aborted: Waiting up to 32 seconds for job step to finish.
srun: Job step aborted: Waiting up to 32 seconds for job step to finish.
srun: Job step aborted: Waiting up to 32 seconds for job step to finish.
srun: Job step aborted: Waiting up to 32 seconds for job step to finish.
srun: Job step aborted: Waiting up to 32 seconds for job step to finish.
srun: Job step aborted: Waiting up to 32 seconds for job step to finish.
srun: Job step aborted: Waiting up to 32 seconds for job step to finish.
srun: Job step aborted: Waiting up to 32 seconds for job step to finish.
srun: Job step aborted: Waiting up to 32 seconds for job step to finish.
srun: Job step aborted: Waiting up to 32 seconds for job step to finish.
srun: Job step aborted: Waiting up to 32 seconds for job step to finish.
srun: Job step aborted: Waiting up to 32 seconds for job step to finish.
srun: Job step aborted: Waiting up to 32 seconds for job step to finish.
srun: Job step aborted: Waiting up to 32 seconds for job step to finish.
srun: Job step aborted: Waiting up to 32 seconds for job step to finish.
srun: Job step aborted: Waiting up to 32 seconds for job step to finish.
srun: Job step aborted: Waiting up to 32 seconds for job step to finish.
srun: Job step aborted: Waiting up to 32 seconds for job step to finish.
srun: Job step aborted: Waiting up to 32 seconds for job step to finish.
srun: Job step aborted: Waiting up to 32 seconds for job step to finish.
srun: Job step aborted: Waiting up to 32 seconds for job step to finish.
srun: Job step aborted: Waiting up to 32 seconds for job step to finish.
srun: Job step aborted: Waiting up to 32 seconds for job step to finish.
srun: Job step aborted: Waiting up to 32 seconds for job step to finish.
srun: Job step aborted: Waiting up to 32 seconds for job step to finish.
srun: Job step aborted: Waiting up to 32 seconds for job step to finish.
srun: Job step aborted: Waiting up to 32 seconds for job step to finish.
srun: Job step aborted: Waiting up to 32 seconds for job step to finish.
srun: Job step aborted: Waiting up to 32 seconds for job step to finish.
srun: Job step aborted: Waiting up to 32 seconds for job step to finish.
srun: Job step aborted: Waiting up to 32 seconds for job step to finish.
srun: Job step aborted: Waiting up to 32 seconds for job step to finish.
srun: Job step aborted: Waiting up to 32 seconds for job step to finish.
srun: Job step aborted: Waiting up to 32 seconds for job step to finish.
srun: Job step aborted: Waiting up to 32 seconds for job step to finish.
srun: Job step aborted: Waiting up to 32 seconds for job step to finish.
srun: Job step aborted: Waiting up to 32 seconds for job step to finish.
srun: Job step aborted: Waiting up to 32 seconds for job step to finish.
srun: Job step aborted: Waiting up to 32 seconds for job step to finish.
srun: Job step aborted: Waiting up to 32 seconds for job step to finish.
srun: Job step aborted: Waiting up to 32 seconds for job step to finish.
srun: Job step aborted: Waiting up to 32 seconds for job step to finish.
srun: Job step aborted: Waiting up to 32 seconds for job step to finish.
srun: Job step aborted: Waiting up to 32 seconds for job step to finish.
srun: Job step aborted: Waiting up to 32 seconds for job step to finish.
srun: Job step aborted: Waiting up to 32 seconds for job step to finish.
srun: Job step aborted: Waiting up to 32 seconds for job step to finish.
srun: Job step aborted: Waiting up to 32 seconds for job step to finish.
srun: Job step aborted: Waiting up to 32 seconds for job step to finish.
srun: Job step aborted: Waiting up to 32 seconds for job step to finish.
srun: Job step aborted: Waiting up to 32 seconds for job step to finish.
srun: Job step aborted: Waiting up to 32 seconds for job step to finish.
srun: Job step aborted: Waiting up to 32 seconds for job step to finish.
srun: Job step aborted: Waiting up to 32 seconds for job step to finish.
srun: Job step aborted: Waiting up to 32 seconds for job step to finish.
srun: Job step aborted: Waiting up to 32 seconds for job step to finish.
srun: Job step aborted: Waiting up to 32 seconds for job step to finish.
srun: Job step aborted: Waiting up to 32 seconds for job step to finish.
srun: Job step aborted: Waiting up to 32 seconds for job step to finish.
srun: Job step aborted: Waiting up to 32 seconds for job step to finish.
srun: Job step aborted: Waiting up to 32 seconds for job step to finish.
srun: Job step aborted: Waiting up to 32 seconds for job step to finish.
srun: Job step aborted: Waiting up to 32 seconds for job step to finish.
srun: Job step aborted: Waiting up to 32 seconds for job step to finish.
srun: Job step aborted: Waiting up to 32 seconds for job step to finish.
srun: Job step aborted: Waiting up to 32 seconds for job step to finish.
srun: Job step aborted: Waiting up to 32 seconds for job step to finish.
srun: Job step aborted: Waiting up to 32 seconds for job step to finish.
srun: Job step aborted: Waiting up to 32 seconds for job step to finish.
srun: Job step aborted: Waiting up to 32 seconds for job step to finish.
srun: Job step aborted: Waiting up to 32 seconds for job step to finish.
srun: Job step aborted: Waiting up to 32 seconds for job step to finish.
srun: Job step aborted: Waiting up to 32 seconds for job step to finish.
srun: Job step aborted: Waiting up to 32 seconds for job step to finish.
srun: Job step aborted: Waiting up to 32 seconds for job step to finish.
srun: Job step aborted: Waiting up to 32 seconds for job step to finish.
srun: Job step aborted: Waiting up to 32 seconds for job step to finish.
srun: Job step aborted: Waiting up to 32 seconds for job step to finish.
srun: Job step aborted: Waiting up to 32 seconds for job step to finish.
srun: Job step aborted: Waiting up to 32 seconds for job step to finish.
srun: Job step aborted: Waiting up to 32 seconds for job step to finish.
srun: Job step aborted: Waiting up to 32 seconds for job step to finish.
srun: Job step aborted: Waiting up to 32 seconds for job step to finish.
srun: Job step aborted: Waiting up to 32 seconds for job step to finish.
srun: Job step aborted: Waiting up to 32 seconds for job step to finish.
srun: Job step aborted: Waiting up to 32 seconds for job step to finish.
srun: Job step aborted: Waiting up to 32 seconds for job step to finish.
srun: Job step aborted: Waiting up to 32 seconds for job step to finish.
srun: Job step aborted: Waiting up to 32 seconds for job step to finish.
srun: Job step aborted: Waiting up to 32 seconds for job step to finish.
srun: Job step aborted: Waiting up to 32 seconds for job step to finish.
srun: Job step aborted: Waiting up to 32 seconds for job step to finish.
srun: Job step aborted: Waiting up to 32 seconds for job step to finish.
srun: Job step aborted: Waiting up to 32 seconds for job step to finish.
srun: Job step aborted: Waiting up to 32 seconds for job step to finish.
srun: Job step aborted: Waiting up to 32 seconds for job step to finish.
srun: Job step aborted: Waiting up to 32 seconds for job step to finish.
srun: Job step aborted: Waiting up to 32 seconds for job step to finish.
srun: Job step aborted: Waiting up to 32 seconds for job step to finish.
srun: Job step aborted: Waiting up to 32 seconds for job step to finish.
srun: Job step aborted: Waiting up to 32 seconds for job step to finish.
srun: Job step aborted: Waiting up to 32 seconds for job step to finish.
srun: Job step aborted: Waiting up to 32 seconds for job step to finish.
srun: Job step aborted: Waiting up to 32 seconds for job step to finish.
srun: Job step aborted: Waiting up to 32 seconds for job step to finish.
slurmstepd-enc3-node4: error: *** STEP 1475217.93 ON enc3-node4 CANCELLED AT 2021-09-29T15:10:03 ***
slurmstepd-enc3-node5: error: *** STEP 1475217.7 ON enc3-node5 CANCELLED AT 2021-09-29T15:10:03 ***
slurmstepd-enc3-node7: error: *** STEP 1475217.9 ON enc3-node7 CANCELLED AT 2021-09-29T15:10:03 ***
slurmstepd-enc3-node8: error: *** STEP 1475217.105 ON enc3-node8 CANCELLED AT 2021-09-29T15:10:03 ***
slurmstepd-enc3-node6: error: *** STEP 1475217.100 ON enc3-node6 CANCELLED AT 2021-09-29T15:10:03 ***
slurmstepd-enc3-node4: error: *** STEP 1475217.6 ON enc3-node4 CANCELLED AT 2021-09-29T15:10:03 ***
slurmstepd-enc3-node5: error: *** STEP 1475217.97 ON enc3-node5 CANCELLED AT 2021-09-29T15:10:03 ***
slurmstepd-enc3-node2: error: *** STEP 1475217.88 ON enc3-node2 CANCELLED AT 2021-09-29T15:10:03 ***
slurmstepd-enc3-node7: error: *** STEP 1475217.104 ON enc3-node7 CANCELLED AT 2021-09-29T15:10:03 ***
slurmstepd-enc3-node3: error: *** STEP 1475217.90 ON enc3-node3 CANCELLED AT 2021-09-29T15:10:03 ***
slurmstepd-enc3-node4: error: *** STEP 1475217.94 ON enc3-node4 CANCELLED AT 2021-09-29T15:10:03 ***
slurmstepd-enc3-node6: error: *** STEP 1475217.99 ON enc3-node6 CANCELLED AT 2021-09-29T15:10:03 ***
slurmstepd-enc3-node8: error: *** STEP 1475217.106 ON enc3-node8 CANCELLED AT 2021-09-29T15:10:03 ***
srun: got SIGCONT
srun: got SIGCONT
srun: got SIGCONT
srun: got SIGCONT
srun: got SIGCONT
srun: got SIGCONT
srun: got SIGCONT
srun: got SIGCONT
srun: got SIGCONT
srun: got SIGCONT
srun: got SIGCONT
srun: got SIGCONT
srun: got SIGCONT
srun: got SIGCONT
srun: got SIGCONT
srun: got SIGCONT
srun: got SIGCONT
srun: got SIGCONT
srun: got SIGCONT
srun: got SIGCONT
srun: got SIGCONT
srun: got SIGCONT
srun: got SIGCONT
srun: got SIGCONT
srun: got SIGCONT
slurmstepd-enc3-node7: error: *** STEP 1475217.103 ON enc3-node7 CANCELLED AT 2021-09-29T15:10:03 ***
srun: got SIGCONT
srun: got SIGCONT
srun: got SIGCONT
srun: got SIGCONT
srun: got SIGCONT
srun: got SIGCONT
srun: got SIGCONT
srun: got SIGCONT
srun: got SIGCONT
srun: got SIGCONT
srun: got SIGCONT
srun: got SIGCONT
srun: got SIGCONT
srun: got SIGCONT
srun: got SIGCONT
srun: got SIGCONT
srun: got SIGCONT
srun: got SIGCONT
srun: got SIGCONT
srun: got SIGCONT
srun: got SIGCONT
srun: got SIGCONT
slurmstepd-enc3-node5: error: *** STEP 1475217.98 ON enc3-node5 CANCELLED AT 2021-09-29T15:10:03 ***
slurmstepd-enc3-node2: error: *** STEP 1475217.4 ON enc3-node2 CANCELLED AT 2021-09-29T15:10:03 ***
srun: got SIGCONT
srun: got SIGCONT
srun: got SIGCONT
srun: got SIGCONT
srun: got SIGCONT
srun: got SIGCONT
srun: got SIGCONT
srun: got SIGCONT
srun: got SIGCONT
srun: got SIGCONT
srun: got SIGCONT
srun: got SIGCONT
srun: got SIGCONT
srun: got SIGCONT
srun: got SIGCONT
srun: got SIGCONT
srun: got SIGCONT
srun: got SIGCONT
srun: got SIGCONT
srun: got SIGCONT
srun: got SIGCONT
srun: got SIGCONT
srun: got SIGCONT
srun: got SIGCONT
srun: got SIGCONT
srun: got SIGCONT
srun: got SIGCONT
srun: got SIGCONT
srun: got SIGCONT
srun: got SIGCONT
srun: got SIGCONT
srun: got SIGCONT
srun: got SIGCONT
srun: got SIGCONT
srun: got SIGCONT
srun: got SIGCONT
srun: got SIGCONT
srun: got SIGCONT
srun: got SIGCONT
srun: got SIGCONT
srun: got SIGCONT
srun: got SIGCONT
srun: got SIGCONT
srun: got SIGCONT
srun: got SIGCONT
srun: got SIGCONT
srun: got SIGCONT
srun: got SIGCONT
srun: got SIGCONT
srun: got SIGCONT
slurmstepd-enc3-node5: error: *** STEP 1475217.96 ON enc3-node5 CANCELLED AT 2021-09-29T15:10:03 ***
srun: got SIGCONT
srun: got SIGCONT
srun: got SIGCONT
srun: got SIGCONT
srun: got SIGCONT
srun: got SIGCONT
srun: got SIGCONT
srun: got SIGCONT
srun: got SIGCONT
srun: got SIGCONT
srun: got SIGCONT
slurmstepd-enc3-node8: error: *** STEP 1475217.10 ON enc3-node8 CANCELLED AT 2021-09-29T15:10:03 ***
slurmstepd-enc3-node3: error: *** STEP 1475217.5 ON enc3-node3 CANCELLED AT 2021-09-29T15:10:03 ***
slurmstepd-enc3-node4: error: *** STEP 1475217.95 ON enc3-node4 CANCELLED AT 2021-09-29T15:10:03 ***
slurmstepd-enc3-node6: error: *** STEP 1475217.8 ON enc3-node6 CANCELLED AT 2021-09-29T15:10:03 ***
slurmstepd-enc3-node3: error: *** STEP 1475217.91 ON enc3-node3 CANCELLED AT 2021-09-29T15:10:03 ***
slurmstepd-enc3-node8: error: *** STEP 1475217.107 ON enc3-node8 CANCELLED AT 2021-09-29T15:10:03 ***
slurmstepd-enc3-node2: error: *** STEP 1475217.89 ON enc3-node2 CANCELLED AT 2021-09-29T15:10:03 ***
slurmstepd-enc3-node3: error: *** STEP 1475217.92 ON enc3-node3 CANCELLED AT 2021-09-29T15:10:03 ***
slurmstepd-enc3-node7: error: *** STEP 1475217.102 ON enc3-node7 CANCELLED AT 2021-09-29T15:10:03 ***
slurmstepd-enc0-node2: error: *** JOB 1475217 ON enc0-node2 CANCELLED AT 2021-09-29T15:10:03 ***
srun: forcing job termination
srun: forcing job termination
srun: forcing job termination
srun: forcing job termination
srun: forcing job termination
srun: forcing job termination
srun: forcing job termination
srun: forcing job termination
srun: forcing job termination
srun: forcing job termination
slurmstepd-enc0-node2: error: *** STEP 1475217.12 ON enc0-node2 CANCELLED AT 2021-09-29T15:10:03 ***
srun: forcing job termination
srun: forcing job termination
srun: forcing job termination
srun: forcing job termination
srun: forcing job termination
srun: forcing job termination
srun: forcing job termination
srun: forcing job termination
srun: forcing job termination
srun: forcing job termination
srun: forcing job termination
srun: forcing job termination
srun: forcing job termination
srun: forcing job termination
srun: forcing job termination
srun: forcing job termination
srun: forcing job termination
srun: forcing job termination
srun: forcing job termination
srun: forcing job termination
srun: forcing job termination
srun: forcing job termination
srun: forcing job termination
srun: forcing job termination
srun: forcing job termination
srun: forcing job termination
srun: forcing job termination
srun: forcing job termination
srun: forcing job termination
srun: forcing job termination
srun: forcing job termination
srun: forcing job termination
srun: forcing job termination
srun: forcing job termination
srun: forcing job termination
srun: forcing job termination
srun: forcing job termination
srun: forcing job termination
srun: forcing job termination
srun: forcing job termination
srun: forcing job termination
srun: forcing job termination
srun: forcing job termination
srun: forcing job termination
srun: forcing job termination
srun: forcing job termination
srun: forcing job termination
srun: forcing job termination
srun: forcing job termination
srun: forcing job termination
srun: forcing job termination
srun: forcing job termination
srun: forcing job termination
srun: forcing job termination
srun: forcing job termination
srun: forcing job termination
srun: forcing job termination
srun: forcing job termination
srun: forcing job termination
srun: forcing job termination
srun: forcing job termination
srun: forcing job termination
srun: forcing job termination
srun: forcing job termination
srun: forcing job termination
srun: forcing job termination
srun: forcing job termination
srun: forcing job termination
srun: forcing job termination
srun: forcing job termination
srun: forcing job termination
srun: forcing job termination
srun: forcing job termination
srun: forcing job termination
srun: forcing job termination
srun: forcing job termination
srun: forcing job termination
srun: forcing job termination
srun: forcing job termination
srun: forcing job termination
srun: forcing job termination
srun: forcing job termination
srun: forcing job termination
srun: forcing job termination
srun: forcing job termination
srun: forcing job termination
srun: forcing job termination
srun: forcing job termination
srun: forcing job termination
srun: forcing job termination
srun: forcing job termination
srun: forcing job termination
srun: forcing job termination
srun: forcing job termination
srun: forcing job termination
srun: forcing job termination
srun: forcing job termination
srun: forcing job termination
srun: error: enc3-node5: task 0: Terminated
srun: error: enc3-node5: task 0: Terminated
srun: error: enc3-node5: task 0: Terminated
srun: error: enc3-node8: task 0: Terminated
srun: error: enc3-node2: task 0: Terminated
slurmstepd-enc3-node6: error: *** STEP 1475217.101 ON enc3-node6 CANCELLED AT 2021-09-29T15:10:03 ***
srun: error: enc3-node4: task 0: Terminated
srun: error: enc3-node5: task 0: Terminated
srun: error: enc3-node8: task 0: Terminated
srun: error: enc3-node2: task 0: Terminated
srun: error: enc3-node8: task 0: Terminated
srun: error: enc3-node6: task 0: Terminated
srun: error: enc3-node4: task 0: Terminated
srun: error: enc3-node4: task 0: Terminated
srun: error: enc3-node3: task 0: Terminated
slurmstepd-enc1-node11: error: *** STEP 1475217.18 ON enc1-node11 CANCELLED AT 2021-09-29T15:10:03 ***
srun: error: enc3-node3: task 0: Terminated
srun: error: enc3-node3: task 0: Terminated
srun: error: enc3-node8: task 0: Terminated
srun: error: enc3-node3: task 0: Terminated
srun: error: enc3-node7: task 0: Terminated
srun: error: enc3-node7: task 0: Terminated
srun: error: enc3-node7: task 0: Terminated
srun: error: enc3-node4: task 0: Terminated
slurmstepd-enc1-node11: error: *** STEP 1475217.20 ON enc1-node11 CANCELLED AT 2021-09-29T15:10:03 ***
srun: error: enc3-node6: task 0: Terminated
slurmstepd-enc1-node11: error: *** STEP 1475217.30 ON enc1-node11 CANCELLED AT 2021-09-29T15:10:03 ***
slurmstepd-enc1-node14: error: *** STEP 1475217.81 ON enc1-node14 CANCELLED AT 2021-09-29T15:10:03 ***
srun: error: enc3-node6: task 0: Terminated
slurmstepd-enc1-node11: error: *** STEP 1475217.29 ON enc1-node11 CANCELLED AT 2021-09-29T15:10:03 ***
slurmstepd-enc1-node14: error: *** STEP 1475217.82 ON enc1-node14 CANCELLED AT 2021-09-29T15:10:03 ***
srun: error: enc3-node6: task 0: Terminated
srun: error: enc3-node2: task 0: Terminated
slurmstepd-enc1-node11: error: *** STEP 1475217.24 ON enc1-node11 CANCELLED AT 2021-09-29T15:10:03 ***
srun: error: enc3-node7: task 0: Terminated
slurmstepd-enc1-node11: error: *** STEP 1475217.17 ON enc1-node11 CANCELLED AT 2021-09-29T15:10:03 ***
slurmstepd-enc1-node13: error: *** STEP 1475217.62 ON enc1-node13 CANCELLED AT 2021-09-29T15:10:03 ***
slurmstepd-enc1-node14: error: *** STEP 1475217.69 ON enc1-node14 CANCELLED AT 2021-09-29T15:10:03 ***
slurmstepd-enc1-node14: error: *** STEP 1475217.71 ON enc1-node14 CANCELLED AT 2021-09-29T15:10:03 ***
slurmstepd-enc1-node13: error: *** STEP 1475217.66 ON enc1-node13 CANCELLED AT 2021-09-29T15:10:03 ***
slurmstepd-enc1-node13: error: *** STEP 1475217.50 ON enc1-node13 CANCELLED AT 2021-09-29T15:10:03 ***
slurmstepd-enc1-node13: error: *** STEP 1475217.60 ON enc1-node13 CANCELLED AT 2021-09-29T15:10:03 ***
slurmstepd-enc0-node2: error: *** STEP 1475217.11 ON enc0-node2 CANCELLED AT 2021-09-29T15:10:03 ***
slurmstepd-enc1-node11: error: *** STEP 1475217.16 ON enc1-node11 CANCELLED AT 2021-09-29T15:10:03 ***
srun: error: enc1-node11: task 0: Terminated
srun: error: enc1-node11: task 0: Terminated
srun: error: enc1-node11: task 0: Terminated
srun: error: enc1-node11: task 0: Terminated
slurmstepd-enc1-node11: error: *** STEP 1475217.21 ON enc1-node11 CANCELLED AT 2021-09-29T15:10:03 ***
slurmstepd-enc1-node11: error: *** STEP 1475217.28 ON enc1-node11 CANCELLED AT 2021-09-29T15:10:03 ***
srun: error: enc1-node11: task 0: Terminated
slurmstepd-enc1-node11: error: *** STEP 1475217.14 ON enc1-node11 CANCELLED AT 2021-09-29T15:10:03 ***
slurmstepd-enc1-node13: error: *** STEP 1475217.55 ON enc1-node13 CANCELLED AT 2021-09-29T15:10:03 ***
srun: error: enc1-node13: task 0: Terminated
srun: error: enc1-node13: task 0: Terminated
srun: error: enc1-node11: task 0: Terminated
slurmstepd-enc1-node11: error: *** STEP 1475217.15 ON enc1-node11 CANCELLED AT 2021-09-29T15:10:03 ***
slurmstepd-enc1-node11: error: *** STEP 1475217.22 ON enc1-node11 CANCELLED AT 2021-09-29T15:10:03 ***
srun: error: enc1-node14: task 0: Terminated
slurmstepd-enc1-node12: error: *** STEP 1475217.44 ON enc1-node12 CANCELLED AT 2021-09-29T15:10:03 ***
slurmstepd-enc1-node14: error: *** STEP 1475217.79 ON enc1-node14 CANCELLED AT 2021-09-29T15:10:03 ***
slurmstepd-enc1-node13: error: *** STEP 1475217.61 ON enc1-node13 CANCELLED AT 2021-09-29T15:10:03 ***
slurmstepd-enc1-node11: error: *** STEP 1475217.0 ON enc1-node11 CANCELLED AT 2021-09-29T15:10:03 ***
srun: error: enc1-node11: task 0: Terminated
srun: error: enc1-node13: task 0: Terminated
slurmstepd-enc1-node13: error: *** STEP 1475217.53 ON enc1-node13 CANCELLED AT 2021-09-29T15:10:03 ***
slurmstepd-enc1-node14: error: *** STEP 1475217.70 ON enc1-node14 CANCELLED AT 2021-09-29T15:10:03 ***
slurmstepd-enc1-node12: error: *** STEP 1475217.35 ON enc1-node12 CANCELLED AT 2021-09-29T15:10:03 ***
srun: error: enc1-node13: task 0: Terminated
srun: error: enc1-node11: task 0: Terminated
slurmstepd-enc1-node13: error: *** STEP 1475217.67 ON enc1-node13 CANCELLED AT 2021-09-29T15:10:03 ***
srun: error: enc1-node11: task 0: Terminated
slurmstepd-enc1-node11: error: *** STEP 1475217.23 ON enc1-node11 CANCELLED AT 2021-09-29T15:10:03 ***
slurmstepd-enc1-node14: error: *** STEP 1475217.74 ON enc1-node14 CANCELLED AT 2021-09-29T15:10:03 ***
slurmstepd-enc1-node13: error: *** STEP 1475217.51 ON enc1-node13 CANCELLED AT 2021-09-29T15:10:03 ***
srun: error: enc1-node14: task 0: Terminated
slurmstepd-enc1-node11: error: *** STEP 1475217.26 ON enc1-node11 CANCELLED AT 2021-09-29T15:10:03 ***
srun: error: enc1-node11: task 0: Terminated
srun: error: enc1-node14: task 0: Terminated
slurmstepd-enc1-node12: error: *** STEP 1475217.39 ON enc1-node12 CANCELLED AT 2021-09-29T15:10:03 ***
slurmstepd-enc1-node14: error: *** STEP 1475217.3 ON enc1-node14 CANCELLED AT 2021-09-29T15:10:03 ***
srun: error: enc1-node14: task 0: Terminated
srun: error: enc1-node13: task 0: Terminated
srun: error: enc1-node11: task 0: Terminated
slurmstepd-enc1-node13: error: *** STEP 1475217.54 ON enc1-node13 CANCELLED AT 2021-09-29T15:10:03 ***
slurmstepd-enc1-node11: error: *** STEP 1475217.19 ON enc1-node11 CANCELLED AT 2021-09-29T15:10:03 ***
srun: error: enc1-node11: task 0: Terminated
srun: error: enc1-node13: task 0: Terminated
slurmstepd-enc1-node12: error: *** STEP 1475217.1 ON enc1-node12 CANCELLED AT 2021-09-29T15:10:03 ***
slurmstepd-enc1-node14: error: *** STEP 1475217.85 ON enc1-node14 CANCELLED AT 2021-09-29T15:10:03 ***
slurmstepd-enc1-node11: error: *** STEP 1475217.25 ON enc1-node11 CANCELLED AT 2021-09-29T15:10:03 ***
srun: error: enc1-node13: task 0: Terminated
srun: error: enc1-node14: task 0: Terminated
slurmstepd-enc1-node13: error: *** STEP 1475217.52 ON enc1-node13 CANCELLED AT 2021-09-29T15:10:03 ***
slurmstepd-enc1-node14: error: *** STEP 1475217.77 ON enc1-node14 CANCELLED AT 2021-09-29T15:10:03 ***
slurmstepd-enc1-node11: error: *** STEP 1475217.13 ON enc1-node11 CANCELLED AT 2021-09-29T15:10:03 ***
slurmstepd-enc1-node14: error: *** STEP 1475217.73 ON enc1-node14 CANCELLED AT 2021-09-29T15:10:03 ***
slurmstepd-enc1-node13: error: *** STEP 1475217.63 ON enc1-node13 CANCELLED AT 2021-09-29T15:10:03 ***
srun: error: enc1-node13: task 0: Terminated
srun: error: enc1-node11: task 0: Terminated
srun: error: enc1-node11: task 0: Terminated
slurmstepd-enc1-node14: error: *** STEP 1475217.76 ON enc1-node14 CANCELLED AT 2021-09-29T15:10:03 ***
srun: error: enc1-node14: task 0: Terminated
slurmstepd-enc1-node11: error: *** STEP 1475217.27 ON enc1-node11 CANCELLED AT 2021-09-29T15:10:03 ***
srun: error: enc1-node13: task 0: Terminated
slurmstepd-enc1-node13: error: *** STEP 1475217.56 ON enc1-node13 CANCELLED AT 2021-09-29T15:10:03 ***
slurmstepd-enc1-node14: error: *** STEP 1475217.83 ON enc1-node14 CANCELLED AT 2021-09-29T15:10:03 ***
srun: error: enc1-node14: task 0: Terminated
srun: error: enc1-node14: task 0: Terminated
srun: error: enc1-node13: task 0: Terminated
slurmstepd-enc1-node14: error: *** STEP 1475217.75 ON enc1-node14 CANCELLED AT 2021-09-29T15:10:03 ***
slurmstepd-enc1-node13: error: *** STEP 1475217.64 ON enc1-node13 CANCELLED AT 2021-09-29T15:10:03 ***
slurmstepd-enc1-node14: error: *** STEP 1475217.87 ON enc1-node14 CANCELLED AT 2021-09-29T15:10:03 ***
srun: error: enc1-node11: task 0: Terminated
srun: error: enc1-node14: task 0: Terminated
srun: error: enc1-node11: task 0: Terminated
srun: error: enc1-node14: task 0: Terminated
srun: error: enc1-node13: task 0: Terminated
srun: error: enc1-node12: task 0: Terminated
srun: error: enc1-node14: task 0: Terminated
srun: error: enc1-node14: task 0: Terminated
srun: error: enc1-node12: task 0: Terminated
srun: error: enc1-node11: task 0: Terminated
slurmstepd-enc1-node13: error: *** STEP 1475217.2 ON enc1-node13 CANCELLED AT 2021-09-29T15:10:03 ***
slurmstepd-enc1-node14: error: *** STEP 1475217.80 ON enc1-node14 CANCELLED AT 2021-09-29T15:10:03 ***
srun: error: enc1-node13: task 0: Terminated
srun: error: enc1-node11: task 0: Terminated
slurmstepd-enc1-node13: error: *** STEP 1475217.68 ON enc1-node13 CANCELLED AT 2021-09-29T15:10:03 ***
slurmstepd-enc1-node12: error: *** STEP 1475217.42 ON enc1-node12 CANCELLED AT 2021-09-29T15:10:03 ***
slurmstepd-enc1-node14: error: *** STEP 1475217.78 ON enc1-node14 CANCELLED AT 2021-09-29T15:10:03 ***
srun: error: enc1-node11: task 0: Terminated
srun: error: enc1-node14: task 0: Terminated
slurmstepd-enc1-node13: error: *** STEP 1475217.65 ON enc1-node13 CANCELLED AT 2021-09-29T15:10:03 ***
slurmstepd-enc1-node12: error: *** STEP 1475217.31 ON enc1-node12 CANCELLED AT 2021-09-29T15:10:03 ***
slurmstepd-enc1-node14: error: *** STEP 1475217.86 ON enc1-node14 CANCELLED AT 2021-09-29T15:10:03 ***
srun: error: enc1-node13: task 0: Terminated
srun: error: enc1-node14: task 0: Terminated
slurmstepd-enc1-node13: error: *** STEP 1475217.59 ON enc1-node13 CANCELLED AT 2021-09-29T15:10:03 ***
slurmstepd-enc1-node14: error: *** STEP 1475217.72 ON enc1-node14 CANCELLED AT 2021-09-29T15:10:03 ***
srun: error: enc1-node14: task 0: Terminated
srun: error: enc1-node13: task 0: Terminated
srun: error: enc1-node12: task 0: Terminated
slurmstepd-enc1-node13: error: *** STEP 1475217.57 ON enc1-node13 CANCELLED AT 2021-09-29T15:10:03 ***
srun: error: enc0-node2: task 0: Terminated
slurmstepd-enc1-node12: error: *** STEP 1475217.43 ON enc1-node12 CANCELLED AT 2021-09-29T15:10:03 ***
srun: error: enc1-node13: task 0: Terminated
srun: error: enc1-node13: task 0: Terminated
slurmstepd-enc1-node14: error: *** STEP 1475217.84 ON enc1-node14 CANCELLED AT 2021-09-29T15:10:03 ***
srun: error: enc1-node12: task 0: Terminated
slurmstepd-enc1-node13: error: *** STEP 1475217.58 ON enc1-node13 CANCELLED AT 2021-09-29T15:10:03 ***
srun: error: enc1-node14: task 0: Terminated
srun: error: enc1-node14: task 0: Terminated
srun: error: enc1-node13: task 0: Terminated
srun: error: enc1-node14: task 0: Terminated
slurmstepd-enc1-node12: error: *** STEP 1475217.49 ON enc1-node12 CANCELLED AT 2021-09-29T15:10:03 ***
srun: error: enc1-node12: task 0: Terminated
srun: error: enc1-node13: task 0: Terminated
slurmstepd-enc1-node12: error: *** STEP 1475217.48 ON enc1-node12 CANCELLED AT 2021-09-29T15:10:03 ***
srun: error: enc1-node14: task 0: Terminated
srun: error: enc1-node13: task 0: Terminated
srun: error: enc1-node13: task 0: Terminated
srun: error: enc1-node12: task 0: Terminated
srun: error: enc1-node14: task 0: Terminated
slurmstepd-enc1-node12: error: *** STEP 1475217.33 ON enc1-node12 CANCELLED AT 2021-09-29T15:10:03 ***
srun: error: enc0-node2: task 0: Terminated
slurmstepd-enc1-node12: error: *** STEP 1475217.37 ON enc1-node12 CANCELLED AT 2021-09-29T15:10:03 ***
srun: error: enc1-node12: task 0: Terminated
srun: error: enc1-node12: task 0: Terminated
slurmstepd-enc1-node12: error: *** STEP 1475217.32 ON enc1-node12 CANCELLED AT 2021-09-29T15:10:03 ***
slurmstepd-enc1-node12: error: *** STEP 1475217.41 ON enc1-node12 CANCELLED AT 2021-09-29T15:10:03 ***
srun: error: enc1-node12: task 0: Terminated
slurmstepd-enc1-node12: error: *** STEP 1475217.46 ON enc1-node12 CANCELLED AT 2021-09-29T15:10:03 ***
srun: error: enc1-node12: task 0: Terminated
slurmstepd-enc1-node12: error: *** STEP 1475217.38 ON enc1-node12 CANCELLED AT 2021-09-29T15:10:03 ***
srun: error: enc1-node12: task 0: Terminated
srun: error: enc1-node12: task 0: Terminated
slurmstepd-enc1-node12: error: *** STEP 1475217.40 ON enc1-node12 CANCELLED AT 2021-09-29T15:10:03 ***
slurmstepd-enc1-node12: error: *** STEP 1475217.34 ON enc1-node12 CANCELLED AT 2021-09-29T15:10:03 ***
srun: error: enc1-node12: task 0: Terminated
slurmstepd-enc1-node12: error: *** STEP 1475217.36 ON enc1-node12 CANCELLED AT 2021-09-29T15:10:03 ***
srun: error: enc1-node12: task 0: Terminated
slurmstepd-enc1-node12: error: *** STEP 1475217.45 ON enc1-node12 CANCELLED AT 2021-09-29T15:10:03 ***
srun: error: enc1-node12: task 0: Terminated
slurmstepd-enc1-node12: error: *** STEP 1475217.47 ON enc1-node12 CANCELLED AT 2021-09-29T15:10:03 ***
srun: error: enc1-node12: task 0: Terminated
srun: error: enc1-node12: task 0: Terminated
srun: error: enc1-node12: task 0: Terminated
srun: error: enc1-node12: task 0: Terminated
srun: error: enc1-node12: task 0: Terminated
