Setting parameters
Initialising
   making state/history dataframes
   initialising velocity, position and direction
   setting time/run counters
   making the maze walls
   discretising position for later plotting
   handling undefined parameters
   initialising basis features for learning
   calculating state vector at all discretised positions
HBox(children=(HTML(value=''), FloatProgress(value=0.0, max=10000.0), HTML(value='')))

   initialising STDP weight matrix and traces
DONE
HBox(children=(HTML(value=''), FloatProgress(value=0.0, max=6000.0), HTML(value='')))

Calculating place and grid cells
theta: (0.3879609333250625, -6.309431615062195, 0.77167139648217, 0.8004764151431536)
no theta: (0.4153520928373373, -5.640821787711077, 0.7156782928921409, 0.7272550723749099)
Setting parameters
Initialising
   making state/history dataframes
   initialising velocity, position and direction
   setting time/run counters
   making the maze walls
   discretising position for later plotting
   handling undefined parameters
   initialising basis features for learning
   calculating state vector at all discretised positions
HBox(children=(HTML(value=''), FloatProgress(value=0.0, max=10000.0), HTML(value='')))

   initialising STDP weight matrix and traces
DONE
HBox(children=(HTML(value=''), FloatProgress(value=0.0, max=6000.0), HTML(value='')))

Calculating place and grid cells
theta: (0.6609118536277713, -4.397908565484023, 0.5749967822936355, 0.5909749550685502)
no theta: (0.678671753825391, -3.8028629425760583, 0.49353129880392405, 0.5258280456691614)
Setting parameters
Initialising
   making state/history dataframes
   initialising velocity, position and direction
   setting time/run counters
   making the maze walls
   discretising position for later plotting
   handling undefined parameters
   initialising basis features for learning
   calculating state vector at all discretised positions
HBox(children=(HTML(value=''), FloatProgress(value=0.0, max=10000.0), HTML(value='')))

   initialising STDP weight matrix and traces
DONE
HBox(children=(HTML(value=''), FloatProgress(value=0.0, max=6000.0), HTML(value='')))

Calculating place and grid cells
theta: (0.09196077462824521, -10.22638562377111, 1.1469780466907031, 1.2310130137462354)
no theta: (0.2717357065388988, -6.221733132059489, 0.7498968057740001, 0.7918886599212769)
Setting parameters
Initialising
   making state/history dataframes
   initialising velocity, position and direction
   setting time/run counters
   making the maze walls
   discretising position for later plotting
   handling undefined parameters
   initialising basis features for learning
   calculating state vector at all discretised positions
HBox(children=(HTML(value=''), FloatProgress(value=0.0, max=10000.0), HTML(value='')))

   initialising STDP weight matrix and traces
DONE
HBox(children=(HTML(value=''), FloatProgress(value=0.0, max=6000.0), HTML(value='')))

Calculating place and grid cells
theta: (0.14161684640732056, -9.68397935140703, 1.1696156315101476, 1.1712108927901703)
no theta: (0.5829669679070115, -4.376363167232085, 0.5647898323444565, 0.5893735749525585)
Setting parameters
Initialising
   making state/history dataframes
   initialising velocity, position and direction
   setting time/run counters
   making the maze walls
   discretising position for later plotting
   handling undefined parameters
   initialising basis features for learning
   calculating state vector at all discretised positions
HBox(children=(HTML(value=''), FloatProgress(value=0.0, max=10000.0), HTML(value='')))

   initialising STDP weight matrix and traces
DONE
HBox(children=(HTML(value=''), FloatProgress(value=0.0, max=6000.0), HTML(value='')))

Calculating place and grid cells
theta: (0.16001961594774122, -9.996569077144711, 1.3839448674788533, 1.205303368364095)
no theta: (0.2652727123027247, -6.932417535495176, 0.8070339604040532, 0.8694502355897792)
Setting parameters
Initialising
   making state/history dataframes
   initialising velocity, position and direction
   setting time/run counters
   making the maze walls
   discretising position for later plotting
   handling undefined parameters
   initialising basis features for learning
   calculating state vector at all discretised positions
HBox(children=(HTML(value=''), FloatProgress(value=0.0, max=10000.0), HTML(value='')))

   initialising STDP weight matrix and traces
DONE
HBox(children=(HTML(value=''), FloatProgress(value=0.0, max=6000.0), HTML(value='')))

Calculating place and grid cells
theta: (0.5835691591532921, -4.51419882945663, 0.6077911214599963, 0.6043915250185409)
no theta: (0.515193124528098, -5.377442360927836, 0.6869472518150551, 0.6990085474699574)
Setting parameters
Initialising
   making state/history dataframes
   initialising velocity, position and direction
   setting time/run counters
   making the maze walls
   discretising position for later plotting
   handling undefined parameters
   initialising basis features for learning
   calculating state vector at all discretised positions
HBox(children=(HTML(value=''), FloatProgress(value=0.0, max=10000.0), HTML(value='')))

   initialising STDP weight matrix and traces
DONE
HBox(children=(HTML(value=''), FloatProgress(value=0.0, max=6000.0), HTML(value='')))

Calculating place and grid cells
theta: (0.5975293758617285, -3.920641076329532, 0.5862423620577025, 0.5385803854263606)
no theta: (0.5312698128533256, -4.420809648471569, 0.5346475559755448, 0.5933254843237893)
Setting parameters
Initialising
   making state/history dataframes
   initialising velocity, position and direction
   setting time/run counters
   making the maze walls
   discretising position for later plotting
   handling undefined parameters
   initialising basis features for learning
   calculating state vector at all discretised positions
HBox(children=(HTML(value=''), FloatProgress(value=0.0, max=10000.0), HTML(value='')))

   initialising STDP weight matrix and traces
DONE
HBox(children=(HTML(value=''), FloatProgress(value=0.0, max=6000.0), HTML(value='')))

Calculating place and grid cells
theta: (0.2857195855828468, -7.479518702812767, 0.9420298141285176, 0.9295874483396572)
no theta: (0.23667407841083193, -8.390981199308987, 1.0207469056253045, 1.0295086969471003)
Setting parameters
Initialising
   making state/history dataframes
   initialising velocity, position and direction
   setting time/run counters
   making the maze walls
   discretising position for later plotting
   handling undefined parameters
   initialising basis features for learning
   calculating state vector at all discretised positions
HBox(children=(HTML(value=''), FloatProgress(value=0.0, max=10000.0), HTML(value='')))

   initialising STDP weight matrix and traces
DONE
HBox(children=(HTML(value=''), FloatProgress(value=0.0, max=6000.0), HTML(value='')))

Calculating place and grid cells
theta: (0.5651843604043967, -4.248353076256656, 0.5058834886451606, 0.5746639690011595)
no theta: (0.8112127383635026, -2.2073245931929857, 0.29591060995672, 0.3511832862269835)
Setting parameters
Initialising
   making state/history dataframes
   initialising velocity, position and direction
   setting time/run counters
   making the maze walls
   discretising position for later plotting
   handling undefined parameters
   initialising basis features for learning
   calculating state vector at all discretised positions
HBox(children=(HTML(value=''), FloatProgress(value=0.0, max=10000.0), HTML(value='')))

   initialising STDP weight matrix and traces
DONE
HBox(children=(HTML(value=''), FloatProgress(value=0.0, max=6000.0), HTML(value='')))

Calculating place and grid cells
theta: (0.04932599805402898, -11.096760061457436, 1.2044849255381458, 1.3246447850530336)
no theta: (0.1090191514900043, -7.975633786846437, 0.9130765353129376, 0.9828686712712625)
Setting parameters
Initialising
   making state/history dataframes
   initialising velocity, position and direction
   setting time/run counters
   making the maze walls
   discretising position for later plotting
   handling undefined parameters
   initialising basis features for learning
   calculating state vector at all discretised positions
HBox(children=(HTML(value=''), FloatProgress(value=0.0, max=10000.0), HTML(value='')))

   initialising STDP weight matrix and traces
DONE
HBox(children=(HTML(value=''), FloatProgress(value=0.0, max=6000.0), HTML(value='')))

Calculating place and grid cells
theta: (0.19442674017467124, -8.464309599182625, 0.9960402118596193, 1.036633291804203)
no theta: (0.5646869692120201, -4.32805955734075, 0.5488388557085234, 0.5835865638135922)
Setting parameters
Initialising
   making state/history dataframes
   initialising velocity, position and direction
   setting time/run counters
   making the maze walls
   discretising position for later plotting
   handling undefined parameters
   initialising basis features for learning
   calculating state vector at all discretised positions
HBox(children=(HTML(value=''), FloatProgress(value=0.0, max=10000.0), HTML(value='')))

   initialising STDP weight matrix and traces
DONE
HBox(children=(HTML(value=''), FloatProgress(value=0.0, max=6000.0), HTML(value='')))

Calculating place and grid cells
theta: (0.7255592777500283, -5.181749712313274, 0.6971437395144863, 0.6776764295920878)
no theta: (0.7607516634269813, -4.029692695632147, 0.5305602867169676, 0.5513817845345765)
Setting parameters
Initialising
   making state/history dataframes
   initialising velocity, position and direction
   setting time/run counters
   making the maze walls
   discretising position for later plotting
   handling undefined parameters
   initialising basis features for learning
   calculating state vector at all discretised positions
HBox(children=(HTML(value=''), FloatProgress(value=0.0, max=10000.0), HTML(value='')))

   initialising STDP weight matrix and traces
DONE
HBox(children=(HTML(value=''), FloatProgress(value=0.0, max=6000.0), HTML(value='')))

Calculating place and grid cells
theta: (0.2673333421703519, -7.809375640948073, 0.9923585912698105, 0.9646744451646545)
no theta: (0.7418646175418417, -2.8899098972648645, 0.37176969093353285, 0.4259662460574374)
Setting parameters
Initialising
   making state/history dataframes
   initialising velocity, position and direction
   setting time/run counters
   making the maze walls
   discretising position for later plotting
   handling undefined parameters
   initialising basis features for learning
   calculating state vector at all discretised positions
HBox(children=(HTML(value=''), FloatProgress(value=0.0, max=10000.0), HTML(value='')))

   initialising STDP weight matrix and traces
DONE
HBox(children=(HTML(value=''), FloatProgress(value=0.0, max=6000.0), HTML(value='')))

Calculating place and grid cells
theta: (0.7552091197518163, -3.5872603300156998, 0.4941652335491438, 0.5030777245178828)
no theta: (0.7734207714175715, -2.722616860380413, 0.4035795905103622, 0.40825361645993036)
Setting parameters
Initialising
   making state/history dataframes
   initialising velocity, position and direction
   setting time/run counters
   making the maze walls
   discretising position for later plotting
   handling undefined parameters
   initialising basis features for learning
   calculating state vector at all discretised positions
HBox(children=(HTML(value=''), FloatProgress(value=0.0, max=10000.0), HTML(value='')))

   initialising STDP weight matrix and traces
DONE
HBox(children=(HTML(value=''), FloatProgress(value=0.0, max=6000.0), HTML(value='')))

Calculating place and grid cells
theta: (0.15228247900286043, -7.545086303185126, 0.8640526796659562, 0.9357135732163776)
no theta: (0.07291012086274988, -9.77856569957645, 1.088700093596604, 1.180286525735709)
Setting parameters
Initialising
   making state/history dataframes
   initialising velocity, position and direction
   setting time/run counters
   making the maze walls
   discretising position for later plotting
   handling undefined parameters
   initialising basis features for learning
   calculating state vector at all discretised positions
HBox(children=(HTML(value=''), FloatProgress(value=0.0, max=10000.0), HTML(value='')))

   initialising STDP weight matrix and traces
DONE
HBox(children=(HTML(value=''), FloatProgress(value=0.0, max=6000.0), HTML(value='')))

Calculating place and grid cells
theta: (0.15394950474067834, -9.048591301759256, 1.0412080723063795, 1.1006169740364082)
no theta: (0.19466005347696694, -7.446752138273759, 0.8129383545554678, 0.9251683643691248)
Setting parameters
Initialising
   making state/history dataframes
   initialising velocity, position and direction
   setting time/run counters
   making the maze walls
   discretising position for later plotting
   handling undefined parameters
   initialising basis features for learning
   calculating state vector at all discretised positions
HBox(children=(HTML(value=''), FloatProgress(value=0.0, max=10000.0), HTML(value='')))

   initialising STDP weight matrix and traces
DONE
HBox(children=(HTML(value=''), FloatProgress(value=0.0, max=6000.0), HTML(value='')))

Calculating place and grid cells
theta: (0.755945191176606, -3.3039245003637134, 0.4529989335027635, 0.4722695113108342)
no theta: (0.8477768447440033, -2.0932102961368577, 0.362328647055918, 0.3394178765948946)
Setting parameters
Initialising
   making state/history dataframes
   initialising velocity, position and direction
   setting time/run counters
   making the maze walls
   discretising position for later plotting
   handling undefined parameters
   initialising basis features for learning
   calculating state vector at all discretised positions
HBox(children=(HTML(value=''), FloatProgress(value=0.0, max=10000.0), HTML(value='')))

   initialising STDP weight matrix and traces
DONE
HBox(children=(HTML(value=''), FloatProgress(value=0.0, max=6000.0), HTML(value='')))

Calculating place and grid cells
theta: (0.15508353286683363, -7.547636022786747, 0.8486555747502833, 0.9360056394709221)
no theta: (0.09543020426252345, -9.162893612429388, 0.9825998969591061, 1.1128838089523134)
Setting parameters
Initialising
   making state/history dataframes
   initialising velocity, position and direction
   setting time/run counters
   making the maze walls
   discretising position for later plotting
   handling undefined parameters
   initialising basis features for learning
   calculating state vector at all discretised positions
HBox(children=(HTML(value=''), FloatProgress(value=0.0, max=10000.0), HTML(value='')))

   initialising STDP weight matrix and traces
DONE
HBox(children=(HTML(value=''), FloatProgress(value=0.0, max=6000.0), HTML(value='')))

Calculating place and grid cells
theta: (0.32593738540168027, -6.663011924207523, 0.8175518790025299, 0.8421080848430644)
no theta: (0.7211894373182569, -3.2894096809757833, 0.43724001556008096, 0.47137425953142686)
Setting parameters
Initialising
   making state/history dataframes
   initialising velocity, position and direction
   setting time/run counters
   making the maze walls
   discretising position for later plotting
   handling undefined parameters
   initialising basis features for learning
   calculating state vector at all discretised positions
HBox(children=(HTML(value=''), FloatProgress(value=0.0, max=10000.0), HTML(value='')))

   initialising STDP weight matrix and traces
DONE
HBox(children=(HTML(value=''), FloatProgress(value=0.0, max=6000.0), HTML(value='')))

Calculating place and grid cells
theta: (0.6504641032506693, -4.6199650390838345, 0.5915403799049499, 0.6156235469420501)
no theta: (0.7926910222054039, -2.851082768239804, 0.42098744073086597, 0.4218562245251418)
Setting parameters
Initialising
   making state/history dataframes
   initialising velocity, position and direction
   setting time/run counters
   making the maze walls
   discretising position for later plotting
   handling undefined parameters
   initialising basis features for learning
   calculating state vector at all discretised positions
HBox(children=(HTML(value=''), FloatProgress(value=0.0, max=10000.0), HTML(value='')))

   initialising STDP weight matrix and traces
DONE
HBox(children=(HTML(value=''), FloatProgress(value=0.0, max=6000.0), HTML(value='')))

Calculating place and grid cells
theta: (0.5824698819893526, -5.185395005131333, 0.750136761809185, 0.677755773956082)
no theta: (0.690506403535545, -3.9235747932399345, 0.5368427675235686, 0.5394936365187132)
Setting parameters
Initialising
   making state/history dataframes
   initialising velocity, position and direction
   setting time/run counters
   making the maze walls
   discretising position for later plotting
   handling undefined parameters
   initialising basis features for learning
   calculating state vector at all discretised positions
HBox(children=(HTML(value=''), FloatProgress(value=0.0, max=10000.0), HTML(value='')))

   initialising STDP weight matrix and traces
DONE
HBox(children=(HTML(value=''), FloatProgress(value=0.0, max=6000.0), HTML(value='')))

Calculating place and grid cells
theta: (0.26280977789119114, -7.511888773400015, 1.0027312613605435, 0.9342065653988948)
no theta: (0.488632254138273, -4.560044929769325, 0.6190151605289127, 0.6102324191001548)
Setting parameters
Initialising
   making state/history dataframes
   initialising velocity, position and direction
   setting time/run counters
   making the maze walls
   discretising position for later plotting
   handling undefined parameters
   initialising basis features for learning
   calculating state vector at all discretised positions
HBox(children=(HTML(value=''), FloatProgress(value=0.0, max=10000.0), HTML(value='')))

   initialising STDP weight matrix and traces
DONE
HBox(children=(HTML(value=''), FloatProgress(value=0.0, max=6000.0), HTML(value='')))

Calculating place and grid cells
theta: (0.18066795721714843, -8.323910134151733, 0.9832742132222692, 1.0212836262952996)
no theta: (0.2001660333977876, -7.50337100330826, 0.9419877924695828, 0.9314068292211226)
Setting parameters
Initialising
   making state/history dataframes
   initialising velocity, position and direction
   setting time/run counters
   making the maze walls
   discretising position for later plotting
   handling undefined parameters
   initialising basis features for learning
   calculating state vector at all discretised positions
HBox(children=(HTML(value=''), FloatProgress(value=0.0, max=10000.0), HTML(value='')))

   initialising STDP weight matrix and traces
DONE
HBox(children=(HTML(value=''), FloatProgress(value=0.0, max=6000.0), HTML(value='')))

Calculating place and grid cells
theta: (0.047425683671705174, -11.257265552464219, 1.2471949141503502, 1.3425979809617212)
no theta: (0.2008222891760701, -6.699210125598642, 0.7667115894245009, 0.8433319752585945)
Setting parameters
Initialising
   making state/history dataframes
   initialising velocity, position and direction
   setting time/run counters
   making the maze walls
   discretising position for later plotting
   handling undefined parameters
   initialising basis features for learning
   calculating state vector at all discretised positions
HBox(children=(HTML(value=''), FloatProgress(value=0.0, max=10000.0), HTML(value='')))

   initialising STDP weight matrix and traces
DONE
HBox(children=(HTML(value=''), FloatProgress(value=0.0, max=6000.0), HTML(value='')))

Calculating place and grid cells
theta: (0.3496537144513435, -5.944789916567472, 0.6910764654856206, 0.7612862715944868)
no theta: (0.4165354541784389, -5.218388272497181, 0.6564264113618334, 0.6816582906277563)
Setting parameters
Initialising
   making state/history dataframes
   initialising velocity, position and direction
   setting time/run counters
   making the maze walls
   discretising position for later plotting
   handling undefined parameters
   initialising basis features for learning
   calculating state vector at all discretised positions
HBox(children=(HTML(value=''), FloatProgress(value=0.0, max=10000.0), HTML(value='')))

   initialising STDP weight matrix and traces
DONE
HBox(children=(HTML(value=''), FloatProgress(value=0.0, max=6000.0), HTML(value='')))

Calculating place and grid cells
theta: (0.7500561283811368, -2.9598854211534142, 0.38830483133608873, 0.43348608812607026)
no theta: (0.8454652238635462, -1.9419006508365109, 0.32479904648681807, 0.3220479557247403)
Setting parameters
Initialising
   making state/history dataframes
   initialising velocity, position and direction
   setting time/run counters
   making the maze walls
   discretising position for later plotting
   handling undefined parameters
   initialising basis features for learning
   calculating state vector at all discretised positions
HBox(children=(HTML(value=''), FloatProgress(value=0.0, max=10000.0), HTML(value='')))

   initialising STDP weight matrix and traces
DONE
HBox(children=(HTML(value=''), FloatProgress(value=0.0, max=6000.0), HTML(value='')))

Calculating place and grid cells
theta: (0.046090286951814004, -11.067636871083923, 1.2801245129493088, 1.323110525939869)
no theta: (0.14057041722590927, -7.237388707488199, 0.8170269154321573, 0.9031574136317954)
Setting parameters
Initialising
   making state/history dataframes
   initialising velocity, position and direction
   setting time/run counters
   making the maze walls
   discretising position for later plotting
   handling undefined parameters
   initialising basis features for learning
   calculating state vector at all discretised positions
HBox(children=(HTML(value=''), FloatProgress(value=0.0, max=10000.0), HTML(value='')))

   initialising STDP weight matrix and traces
DONE
HBox(children=(HTML(value=''), FloatProgress(value=0.0, max=6000.0), HTML(value='')))

Calculating place and grid cells
theta: (0.13840439161321227, -8.019315925241921, 0.9154882959980528, 0.9891018675566703)
no theta: (0.23665712989079488, -6.4771640552011345, 0.8832976887402633, 0.8199820243937932)
Setting parameters
Initialising
   making state/history dataframes
   initialising velocity, position and direction
   setting time/run counters
   making the maze walls
   discretising position for later plotting
   handling undefined parameters
   initialising basis features for learning
   calculating state vector at all discretised positions
HBox(children=(HTML(value=''), FloatProgress(value=0.0, max=10000.0), HTML(value='')))

   initialising STDP weight matrix and traces
DONE
HBox(children=(HTML(value=''), FloatProgress(value=0.0, max=6000.0), HTML(value='')))

Calculating place and grid cells
theta: (0.15801902181195654, -10.012493245124862, 1.1977430537109914, 1.2075482507636288)
no theta: (0.3341854304736771, -6.065721982945851, 0.7803006499150015, 0.7747746156090051)
Setting parameters
Initialising
   making state/history dataframes
   initialising velocity, position and direction
   setting time/run counters
   making the maze walls
   discretising position for later plotting
   handling undefined parameters
   initialising basis features for learning
   calculating state vector at all discretised positions
HBox(children=(HTML(value=''), FloatProgress(value=0.0, max=10000.0), HTML(value='')))

   initialising STDP weight matrix and traces
DONE
HBox(children=(HTML(value=''), FloatProgress(value=0.0, max=6000.0), HTML(value='')))

Calculating place and grid cells
theta: (0.08884076699229476, -10.218542225390193, 1.1096501799939833, 1.2288651485835622)
no theta: (0.5782811050216062, -4.864664532020529, 0.6023745802328505, 0.6424080514866978)
Setting parameters
Initialising
   making state/history dataframes
   initialising velocity, position and direction
   setting time/run counters
   making the maze walls
   discretising position for later plotting
   handling undefined parameters
   initialising basis features for learning
   calculating state vector at all discretised positions
HBox(children=(HTML(value=''), FloatProgress(value=0.0, max=10000.0), HTML(value='')))

   initialising STDP weight matrix and traces
DONE
HBox(children=(HTML(value=''), FloatProgress(value=0.0, max=6000.0), HTML(value='')))

Calculating place and grid cells
theta: (0.6778439964913529, -4.369807706592507, 0.5764438558827193, 0.5885672166389659)
no theta: (0.8413559549390316, -2.4456793674141153, 0.4058753299664543, 0.37766974638951195)
Setting parameters
Initialising
   making state/history dataframes
   initialising velocity, position and direction
   setting time/run counters
   making the maze walls
   discretising position for later plotting
   handling undefined parameters
   initialising basis features for learning
   calculating state vector at all discretised positions
HBox(children=(HTML(value=''), FloatProgress(value=0.0, max=10000.0), HTML(value='')))

   initialising STDP weight matrix and traces
DONE
HBox(children=(HTML(value=''), FloatProgress(value=0.0, max=6000.0), HTML(value='')))

Calculating place and grid cells
theta: (0.29421095303603195, -6.800900343492815, 0.7985015222346644, 0.8558385598285164)
no theta: (0.34113529499980905, -5.9979773229637745, 0.7696869377478611, 0.7677496917126782)
Setting parameters
Initialising
   making state/history dataframes
   initialising velocity, position and direction
   setting time/run counters
   making the maze walls
   discretising position for later plotting
   handling undefined parameters
   initialising basis features for learning
   calculating state vector at all discretised positions
HBox(children=(HTML(value=''), FloatProgress(value=0.0, max=10000.0), HTML(value='')))

   initialising STDP weight matrix and traces
DONE
HBox(children=(HTML(value=''), FloatProgress(value=0.0, max=6000.0), HTML(value='')))

Calculating place and grid cells
theta: (0.18319000111894707, -8.405596433774008, 1.076531159914495, 1.0296005641661408)
no theta: (0.19232012840790344, -7.909756724370684, 0.9438866944362879, 0.9753225767857283)
Setting parameters
Initialising
   making state/history dataframes
   initialising velocity, position and direction
   setting time/run counters
   making the maze walls
   discretising position for later plotting
   handling undefined parameters
   initialising basis features for learning
   calculating state vector at all discretised positions
HBox(children=(HTML(value=''), FloatProgress(value=0.0, max=10000.0), HTML(value='')))

   initialising STDP weight matrix and traces
DONE
HBox(children=(HTML(value=''), FloatProgress(value=0.0, max=6000.0), HTML(value='')))

Calculating place and grid cells
theta: (0.7866098497368957, -3.0980992588093894, 0.43261037497293287, 0.4491743031480094)
no theta: (0.8316764034163157, -2.4592145870224833, 0.3730785188747306, 0.3791490160286336)
Setting parameters
Initialising
   making state/history dataframes
   initialising velocity, position and direction
   setting time/run counters
   making the maze walls
   discretising position for later plotting
   handling undefined parameters
   initialising basis features for learning
   calculating state vector at all discretised positions
HBox(children=(HTML(value=''), FloatProgress(value=0.0, max=10000.0), HTML(value='')))

   initialising STDP weight matrix and traces
DONE
HBox(children=(HTML(value=''), FloatProgress(value=0.0, max=6000.0), HTML(value='')))

Calculating place and grid cells
theta: (0.10003532367903695, -10.354357502034826, 1.175532557959886, 1.243248879788677)
no theta: (0.5533898896918895, -5.023397018663271, 0.6411826095109511, 0.6595337159882038)
Setting parameters
Initialising
   making state/history dataframes
   initialising velocity, position and direction
   setting time/run counters
   making the maze walls
   discretising position for later plotting
   handling undefined parameters
   initialising basis features for learning
   calculating state vector at all discretised positions
HBox(children=(HTML(value=''), FloatProgress(value=0.0, max=10000.0), HTML(value='')))

   initialising STDP weight matrix and traces
DONE
HBox(children=(HTML(value=''), FloatProgress(value=0.0, max=6000.0), HTML(value='')))

Calculating place and grid cells
theta: (0.40318680144188906, -6.243786170799392, 0.7861233516210957, 0.793471730440981)
no theta: (0.457706071958949, -5.3703757968616985, 0.7585670745190793, 0.6977998781177964)
Setting parameters
Initialising
   making state/history dataframes
   initialising velocity, position and direction
   setting time/run counters
   making the maze walls
   discretising position for later plotting
   handling undefined parameters
   initialising basis features for learning
   calculating state vector at all discretised positions
HBox(children=(HTML(value=''), FloatProgress(value=0.0, max=10000.0), HTML(value='')))

   initialising STDP weight matrix and traces
DONE
HBox(children=(HTML(value=''), FloatProgress(value=0.0, max=6000.0), HTML(value='')))

Calculating place and grid cells
theta: (0.6628073530171145, -4.966961031495602, 0.6033015511461663, 0.6539890262579007)
no theta: (0.7713268276211276, -3.7198486507119553, 0.4782047040961787, 0.5173033989783067)
Setting parameters
Initialising
   making state/history dataframes
   initialising velocity, position and direction
   setting time/run counters
   making the maze walls
   discretising position for later plotting
   handling undefined parameters
   initialising basis features for learning
   calculating state vector at all discretised positions
HBox(children=(HTML(value=''), FloatProgress(value=0.0, max=10000.0), HTML(value='')))

   initialising STDP weight matrix and traces
DONE
HBox(children=(HTML(value=''), FloatProgress(value=0.0, max=6000.0), HTML(value='')))

Calculating place and grid cells
theta: (0.23443437757914184, -7.675944571362855, 0.881275589538193, 0.9511682285570129)
no theta: (0.2198690906667197, -7.923768990519706, 0.9914984223728618, 0.9783379173238885)
Setting parameters
Initialising
   making state/history dataframes
   initialising velocity, position and direction
   setting time/run counters
   making the maze walls
   discretising position for later plotting
   handling undefined parameters
   initialising basis features for learning
   calculating state vector at all discretised positions
HBox(children=(HTML(value=''), FloatProgress(value=0.0, max=10000.0), HTML(value='')))

   initialising STDP weight matrix and traces
DONE
HBox(children=(HTML(value=''), FloatProgress(value=0.0, max=6000.0), HTML(value='')))

Calculating place and grid cells
theta: (0.5308673704875783, -5.084004139463698, 0.6114052403043748, 0.6659431102170268)
no theta: (0.4471129653514716, -5.804922741912549, 0.7823544234501136, 0.7448534405394549)
Setting parameters
Initialising
   making state/history dataframes
   initialising velocity, position and direction
   setting time/run counters
   making the maze walls
   discretising position for later plotting
   handling undefined parameters
   initialising basis features for learning
   calculating state vector at all discretised positions
HBox(children=(HTML(value=''), FloatProgress(value=0.0, max=10000.0), HTML(value='')))

   initialising STDP weight matrix and traces
DONE
HBox(children=(HTML(value=''), FloatProgress(value=0.0, max=6000.0), HTML(value='')))

Calculating place and grid cells
theta: (0.6106892791983576, -5.050270996746673, 0.633795645907516, 0.6629012883775478)
no theta: (0.8070986192414272, -2.545358758941181, 0.3814533103151294, 0.38844919348678514)
Setting parameters
Initialising
   making state/history dataframes
   initialising velocity, position and direction
   setting time/run counters
   making the maze walls
   discretising position for later plotting
   handling undefined parameters
   initialising basis features for learning
   calculating state vector at all discretised positions
HBox(children=(HTML(value=''), FloatProgress(value=0.0, max=10000.0), HTML(value='')))

   initialising STDP weight matrix and traces
DONE
HBox(children=(HTML(value=''), FloatProgress(value=0.0, max=6000.0), HTML(value='')))

Calculating place and grid cells
theta: (0.5361692698890739, -4.680052135407892, 0.6593825868121131, 0.6229520390696577)
no theta: (0.40138385197578913, -6.261189986091627, 0.864033618215813, 0.7963611952979246)
Setting parameters
Initialising
   making state/history dataframes
   initialising velocity, position and direction
   setting time/run counters
   making the maze walls
   discretising position for later plotting
   handling undefined parameters
   initialising basis features for learning
   calculating state vector at all discretised positions
HBox(children=(HTML(value=''), FloatProgress(value=0.0, max=10000.0), HTML(value='')))

   initialising STDP weight matrix and traces
DONE
HBox(children=(HTML(value=''), FloatProgress(value=0.0, max=6000.0), HTML(value='')))

Calculating place and grid cells
theta: (0.6827466126519954, -4.409616875618754, 0.5822999092751582, 0.592993905836081)
no theta: (0.7057837653984017, -3.5070628088308853, 0.41578011493339023, 0.494057313171825)
Setting parameters
Initialising
   making state/history dataframes
   initialising velocity, position and direction
   setting time/run counters
   making the maze walls
   discretising position for later plotting
   handling undefined parameters
   initialising basis features for learning
   calculating state vector at all discretised positions
HBox(children=(HTML(value=''), FloatProgress(value=0.0, max=10000.0), HTML(value='')))

   initialising STDP weight matrix and traces
DONE
HBox(children=(HTML(value=''), FloatProgress(value=0.0, max=6000.0), HTML(value='')))

Calculating place and grid cells
theta: (0.822459991033536, -3.943024628243892, 0.5290751321760334, 0.5413857295900443)
no theta: (0.7835128185705247, -4.946247723550316, 0.6110640261719192, 0.6512639333705117)
Setting parameters
Initialising
   making state/history dataframes
   initialising velocity, position and direction
   setting time/run counters
   making the maze walls
   discretising position for later plotting
   handling undefined parameters
   initialising basis features for learning
   calculating state vector at all discretised positions
HBox(children=(HTML(value=''), FloatProgress(value=0.0, max=10000.0), HTML(value='')))

   initialising STDP weight matrix and traces
DONE
HBox(children=(HTML(value=''), FloatProgress(value=0.0, max=6000.0), HTML(value='')))

Calculating place and grid cells
theta: (0.8333880469051883, -4.427853608531593, 0.6063393324536793, 0.5949363789902181)
no theta: (0.8258715816804927, -4.219608681002602, 0.5832992541788379, 0.5721110612748614)
Setting parameters
Initialising
   making state/history dataframes
   initialising velocity, position and direction
   setting time/run counters
   making the maze walls
   discretising position for later plotting
   handling undefined parameters
   initialising basis features for learning
   calculating state vector at all discretised positions
HBox(children=(HTML(value=''), FloatProgress(value=0.0, max=10000.0), HTML(value='')))

   initialising STDP weight matrix and traces
DONE
HBox(children=(HTML(value=''), FloatProgress(value=0.0, max=6000.0), HTML(value='')))

Calculating place and grid cells
theta: (0.3505690301326711, -7.4713395432212675, 0.8999792886200798, 0.9277009501048044)
no theta: (0.7511971185960822, -2.6267196930589547, 0.39312701637910646, 0.39716402439645637)
Setting parameters
Initialising
   making state/history dataframes
   initialising velocity, position and direction
   setting time/run counters
   making the maze walls
   discretising position for later plotting
   handling undefined parameters
   initialising basis features for learning
   calculating state vector at all discretised positions
HBox(children=(HTML(value=''), FloatProgress(value=0.0, max=10000.0), HTML(value='')))

   initialising STDP weight matrix and traces
DONE
HBox(children=(HTML(value=''), FloatProgress(value=0.0, max=6000.0), HTML(value='')))

Calculating place and grid cells
theta: (0.16700357327844267, -8.52722225449016, 1.0049262651538415, 1.042941686497523)
no theta: (0.15470806830048622, -8.579169611058177, 1.0859487103681795, 1.0486283454439542)
Setting parameters
Initialising
   making state/history dataframes
   initialising velocity, position and direction
   setting time/run counters
   making the maze walls
   discretising position for later plotting
   handling undefined parameters
   initialising basis features for learning
   calculating state vector at all discretised positions
HBox(children=(HTML(value=''), FloatProgress(value=0.0, max=10000.0), HTML(value='')))

   initialising STDP weight matrix and traces
DONE
HBox(children=(HTML(value=''), FloatProgress(value=0.0, max=6000.0), HTML(value='')))

Calculating place and grid cells
theta: (0.48396151986078867, -5.720626363466253, 0.7695684765582134, 0.7365361922717987)
no theta: (0.8104100435302488, -2.099847235447864, 0.3166823454270672, 0.3397227514138231)
Setting parameters
Initialising
   making state/history dataframes
   initialising velocity, position and direction
   setting time/run counters
   making the maze walls
   discretising position for later plotting
   handling undefined parameters
   initialising basis features for learning
   calculating state vector at all discretised positions
HBox(children=(HTML(value=''), FloatProgress(value=0.0, max=10000.0), HTML(value='')))

   initialising STDP weight matrix and traces
DONE
HBox(children=(HTML(value=''), FloatProgress(value=0.0, max=6000.0), HTML(value='')))

Calculating place and grid cells
theta: (0.6058699081446606, -3.755357067305808, 0.4525912659365819, 0.5207085304329232)
no theta: (0.8470120448256186, -2.000954349630904, 0.2721110375671997, 0.3286025648917075)
Setting parameters
Initialising
   making state/history dataframes
   initialising velocity, position and direction
   setting time/run counters
   making the maze walls
   discretising position for later plotting
   handling undefined parameters
   initialising basis features for learning
   calculating state vector at all discretised positions
HBox(children=(HTML(value=''), FloatProgress(value=0.0, max=10000.0), HTML(value='')))

   initialising STDP weight matrix and traces
DONE
HBox(children=(HTML(value=''), FloatProgress(value=0.0, max=6000.0), HTML(value='')))

Calculating place and grid cells
theta: (0.13419018029293966, -8.72078123508661, 1.0300180000440582, 1.0663028035852966)
no theta: (0.20278135358660124, -7.073000233079721, 0.8892954028744348, 0.885552567607079)
Setting parameters
Initialising
   making state/history dataframes
   initialising velocity, position and direction
   setting time/run counters
   making the maze walls
   discretising position for later plotting
   handling undefined parameters
   initialising basis features for learning
   calculating state vector at all discretised positions
HBox(children=(HTML(value=''), FloatProgress(value=0.0, max=10000.0), HTML(value='')))

   initialising STDP weight matrix and traces
DONE
HBox(children=(HTML(value=''), FloatProgress(value=0.0, max=6000.0), HTML(value='')))

Calculating place and grid cells
theta: (0.6392931137906933, -5.200415212071269, 0.6492136806368154, 0.6789594351155145)
no theta: (0.6919680898974018, -4.450170832447619, 0.5651736301330177, 0.5968059852632904)
Setting parameters
Initialising
   making state/history dataframes
   initialising velocity, position and direction
   setting time/run counters
   making the maze walls
   discretising position for later plotting
   handling undefined parameters
   initialising basis features for learning
   calculating state vector at all discretised positions
HBox(children=(HTML(value=''), FloatProgress(value=0.0, max=10000.0), HTML(value='')))

   initialising STDP weight matrix and traces
DONE
HBox(children=(HTML(value=''), FloatProgress(value=0.0, max=6000.0), HTML(value='')))

Calculating place and grid cells
theta: (0.42463783673169053, -6.796337136373682, 0.8673713524757491, 0.8546732776005103)
no theta: (0.837950745205518, -1.8925379337449675, 0.3017457324843891, 0.317094403843021)
Setting parameters
Initialising
   making state/history dataframes
   initialising velocity, position and direction
   setting time/run counters
   making the maze walls
   discretising position for later plotting
   handling undefined parameters
   initialising basis features for learning
   calculating state vector at all discretised positions
HBox(children=(HTML(value=''), FloatProgress(value=0.0, max=10000.0), HTML(value='')))

   initialising STDP weight matrix and traces
DONE
HBox(children=(HTML(value=''), FloatProgress(value=0.0, max=6000.0), HTML(value='')))

Calculating place and grid cells
theta: (0.41625117478892143, -6.90623680392347, 0.8446001880814867, 0.8669902644208329)
no theta: (0.458337676612705, -6.090711808250045, 0.7375995577674462, 0.7775605838818149)
Setting parameters
Initialising
   making state/history dataframes
   initialising velocity, position and direction
   setting time/run counters
   making the maze walls
   discretising position for later plotting
   handling undefined parameters
   initialising basis features for learning
   calculating state vector at all discretised positions
HBox(children=(HTML(value=''), FloatProgress(value=0.0, max=10000.0), HTML(value='')))

   initialising STDP weight matrix and traces
DONE
HBox(children=(HTML(value=''), FloatProgress(value=0.0, max=6000.0), HTML(value='')))

Calculating place and grid cells
theta: (0.38736890662888507, -6.356991665078052, 0.8416998012282938, 0.8072638658135661)
no theta: (0.678994545870824, -3.163140862819822, 0.45049961838571245, 0.45681079167169336)
Setting parameters
Initialising
   making state/history dataframes
   initialising velocity, position and direction
   setting time/run counters
   making the maze walls
   discretising position for later plotting
   handling undefined parameters
   initialising basis features for learning
   calculating state vector at all discretised positions
HBox(children=(HTML(value=''), FloatProgress(value=0.0, max=10000.0), HTML(value='')))

   initialising STDP weight matrix and traces
DONE
HBox(children=(HTML(value=''), FloatProgress(value=0.0, max=6000.0), HTML(value='')))

Calculating place and grid cells
theta: (0.020552876930308446, -11.8537756275272, 1.32448703336565, 1.4089168821634166)
no theta: (0.22485301413936717, -6.905503232515394, 0.8502999812017201, 0.8665311492162057)
Setting parameters
Initialising
   making state/history dataframes
   initialising velocity, position and direction
   setting time/run counters
   making the maze walls
   discretising position for later plotting
   handling undefined parameters
   initialising basis features for learning
   calculating state vector at all discretised positions
HBox(children=(HTML(value=''), FloatProgress(value=0.0, max=10000.0), HTML(value='')))

   initialising STDP weight matrix and traces
DONE
HBox(children=(HTML(value=''), FloatProgress(value=0.0, max=6000.0), HTML(value='')))

Calculating place and grid cells
theta: (0.10763214965865141, -9.666436189877077, 1.1419596160990972, 1.1692248382337633)
no theta: (0.16826330400606965, -7.588407588330952, 0.902571276820521, 0.9414371674282342)
Setting parameters
Initialising
   making state/history dataframes
   initialising velocity, position and direction
   setting time/run counters
   making the maze walls
   discretising position for later plotting
   handling undefined parameters
   initialising basis features for learning
   calculating state vector at all discretised positions
HBox(children=(HTML(value=''), FloatProgress(value=0.0, max=10000.0), HTML(value='')))

   initialising STDP weight matrix and traces
DONE
HBox(children=(HTML(value=''), FloatProgress(value=0.0, max=6000.0), HTML(value='')))

Calculating place and grid cells
theta: (0.12371101905098393, -10.353319354986827, 1.2119749143425322, 1.245723560561528)
no theta: (0.6844688713050069, -4.117158950703365, 0.49853305400562076, 0.5614715193605055)
Setting parameters
Initialising
   making state/history dataframes
   initialising velocity, position and direction
   setting time/run counters
   making the maze walls
   discretising position for later plotting
   handling undefined parameters
   initialising basis features for learning
   calculating state vector at all discretised positions
HBox(children=(HTML(value=''), FloatProgress(value=0.0, max=10000.0), HTML(value='')))

   initialising STDP weight matrix and traces
DONE
HBox(children=(HTML(value=''), FloatProgress(value=0.0, max=6000.0), HTML(value='')))

Calculating place and grid cells
theta: (0.47098401790104555, -5.427682408915303, 0.6381118661486775, 0.703725853396127)
no theta: (0.6551019870853635, -3.4119338057625006, 0.4876293943487337, 0.48303442595126345)
Setting parameters
Initialising
   making state/history dataframes
   initialising velocity, position and direction
   setting time/run counters
   making the maze walls
   discretising position for later plotting
   handling undefined parameters
   initialising basis features for learning
   calculating state vector at all discretised positions
HBox(children=(HTML(value=''), FloatProgress(value=0.0, max=10000.0), HTML(value='')))

   initialising STDP weight matrix and traces
DONE
HBox(children=(HTML(value=''), FloatProgress(value=0.0, max=6000.0), HTML(value='')))

Calculating place and grid cells
theta: (0.10785741261412514, -8.670187574718552, 0.9268735956902712, 1.0600857895152946)
no theta: (0.12949422799969845, -7.60410017037807, 0.8752026491710648, 0.9432168974705112)
Setting parameters
Initialising
   making state/history dataframes
   initialising velocity, position and direction
   setting time/run counters
   making the maze walls
   discretising position for later plotting
   handling undefined parameters
   initialising basis features for learning
   calculating state vector at all discretised positions
HBox(children=(HTML(value=''), FloatProgress(value=0.0, max=10000.0), HTML(value='')))

   initialising STDP weight matrix and traces
DONE
HBox(children=(HTML(value=''), FloatProgress(value=0.0, max=6000.0), HTML(value='')))

Calculating place and grid cells
theta: (0.058216051793046245, -11.929706862031404, 1.3216392010282612, 1.4154581004286848)
no theta: (0.25502444909305244, -6.308263421493161, 0.7838832844033579, 0.8000599526657718)
Setting parameters
Initialising
   making state/history dataframes
   initialising velocity, position and direction
   setting time/run counters
   making the maze walls
   discretising position for later plotting
   handling undefined parameters
   initialising basis features for learning
   calculating state vector at all discretised positions
HBox(children=(HTML(value=''), FloatProgress(value=0.0, max=10000.0), HTML(value='')))

   initialising STDP weight matrix and traces
DONE
HBox(children=(HTML(value=''), FloatProgress(value=0.0, max=6000.0), HTML(value='')))

Calculating place and grid cells
theta: (0.21694617592422374, -7.4407062551457415, 0.9252263201965425, 0.9242853471207437)
no theta: (0.11968116211200988, -10.005970898805828, 1.1125474885625568, 1.2051903389484677)
Setting parameters
Initialising
   making state/history dataframes
   initialising velocity, position and direction
   setting time/run counters
   making the maze walls
   discretising position for later plotting
   handling undefined parameters
   initialising basis features for learning
   calculating state vector at all discretised positions
HBox(children=(HTML(value=''), FloatProgress(value=0.0, max=10000.0), HTML(value='')))

   initialising STDP weight matrix and traces
DONE
HBox(children=(HTML(value=''), FloatProgress(value=0.0, max=6000.0), HTML(value='')))

Calculating place and grid cells
theta: (0.1975923926879438, -8.816161546476978, 1.1145610595082196, 1.074694284180796)
no theta: (0.23526263949501383, -7.171452787129253, 0.9565918307616308, 0.8946280643611488)
Setting parameters
Initialising
   making state/history dataframes
   initialising velocity, position and direction
   setting time/run counters
   making the maze walls
   discretising position for later plotting
   handling undefined parameters
   initialising basis features for learning
   calculating state vector at all discretised positions
HBox(children=(HTML(value=''), FloatProgress(value=0.0, max=10000.0), HTML(value='')))

   initialising STDP weight matrix and traces
DONE
HBox(children=(HTML(value=''), FloatProgress(value=0.0, max=6000.0), HTML(value='')))

Calculating place and grid cells
theta: (0.6057448728913041, -4.539813440908889, 0.5908964518466759, 0.6066106184218917)
no theta: (0.692884374823353, -3.6519278581434396, 0.47193931340732626, 0.509386979359984)
Setting parameters
Initialising
   making state/history dataframes
   initialising velocity, position and direction
   setting time/run counters
   making the maze walls
   discretising position for later plotting
   handling undefined parameters
   initialising basis features for learning
   calculating state vector at all discretised positions
HBox(children=(HTML(value=''), FloatProgress(value=0.0, max=10000.0), HTML(value='')))

   initialising STDP weight matrix and traces
DONE
HBox(children=(HTML(value=''), FloatProgress(value=0.0, max=6000.0), HTML(value='')))

Calculating place and grid cells
theta: (0.04728560416659128, -11.134144498212834, 1.208917495650089, 1.328339601497768)
no theta: (0.1932051707416583, -6.788716215621255, 0.8543711526371764, 0.8526402661152875)
Setting parameters
Initialising
   making state/history dataframes
   initialising velocity, position and direction
   setting time/run counters
   making the maze walls
   discretising position for later plotting
   handling undefined parameters
   initialising basis features for learning
   calculating state vector at all discretised positions
HBox(children=(HTML(value=''), FloatProgress(value=0.0, max=10000.0), HTML(value='')))

   initialising STDP weight matrix and traces
DONE
HBox(children=(HTML(value=''), FloatProgress(value=0.0, max=6000.0), HTML(value='')))

Calculating place and grid cells
theta: (0.5946890719254, -4.360953037378504, 0.5298069959899945, 0.586797539945971)
no theta: (0.7115575853434868, -2.9236147557900827, 0.3507470622481914, 0.4294698107482742)
Setting parameters
Initialising
   making state/history dataframes
   initialising velocity, position and direction
   setting time/run counters
   making the maze walls
   discretising position for later plotting
   handling undefined parameters
   initialising basis features for learning
   calculating state vector at all discretised positions
HBox(children=(HTML(value=''), FloatProgress(value=0.0, max=10000.0), HTML(value='')))

   initialising STDP weight matrix and traces
DONE
HBox(children=(HTML(value=''), FloatProgress(value=0.0, max=6000.0), HTML(value='')))

Calculating place and grid cells
theta: (0.08050859839112603, -11.336846897934066, 1.3871939751258153, 1.3506379930215717)
no theta: (0.12172706348981152, -9.06734098238757, 1.0689573263582028, 1.1021724863743574)
Setting parameters
Initialising
   making state/history dataframes
   initialising velocity, position and direction
   setting time/run counters
   making the maze walls
   discretising position for later plotting
   handling undefined parameters
   initialising basis features for learning
   calculating state vector at all discretised positions
HBox(children=(HTML(value=''), FloatProgress(value=0.0, max=10000.0), HTML(value='')))

   initialising STDP weight matrix and traces
DONE
HBox(children=(HTML(value=''), FloatProgress(value=0.0, max=6000.0), HTML(value='')))

Calculating place and grid cells
theta: (0.541160406357737, -4.848153496178541, 0.6371567587369804, 0.6405062634707493)
no theta: (0.43958425388464384, -5.641857792764912, 0.6874812675763509, 0.7274349963843795)
Setting parameters
Initialising
   making state/history dataframes
   initialising velocity, position and direction
   setting time/run counters
   making the maze walls
   discretising position for later plotting
   handling undefined parameters
   initialising basis features for learning
   calculating state vector at all discretised positions
HBox(children=(HTML(value=''), FloatProgress(value=0.0, max=10000.0), HTML(value='')))

   initialising STDP weight matrix and traces
DONE
HBox(children=(HTML(value=''), FloatProgress(value=0.0, max=6000.0), HTML(value='')))

Calculating place and grid cells
theta: (0.3270692896783477, -6.372781065017371, 0.7653009386471927, 0.8080738946127717)
no theta: (0.4379265464684357, -4.995696230260818, 0.6670703960606384, 0.6571422046818309)
Setting parameters
Initialising
   making state/history dataframes
   initialising velocity, position and direction
   setting time/run counters
   making the maze walls
   discretising position for later plotting
   handling undefined parameters
   initialising basis features for learning
   calculating state vector at all discretised positions
HBox(children=(HTML(value=''), FloatProgress(value=0.0, max=10000.0), HTML(value='')))

   initialising STDP weight matrix and traces
DONE
HBox(children=(HTML(value=''), FloatProgress(value=0.0, max=6000.0), HTML(value='')))

Calculating place and grid cells
theta: (0.5220361111618487, -6.545378282118184, 0.8443948911373622, 0.8266000800713453)
no theta: (0.5396012791632246, -5.797294009256538, 0.8014565382151362, 0.7446470623793072)
Setting parameters
Initialising
   making state/history dataframes
   initialising velocity, position and direction
   setting time/run counters
   making the maze walls
   discretising position for later plotting
   handling undefined parameters
   initialising basis features for learning
   calculating state vector at all discretised positions
HBox(children=(HTML(value=''), FloatProgress(value=0.0, max=10000.0), HTML(value='')))

   initialising STDP weight matrix and traces
DONE
HBox(children=(HTML(value=''), FloatProgress(value=0.0, max=6000.0), HTML(value='')))

Calculating place and grid cells
theta: (0.10760910927869266, -10.519635214631736, 1.178269227984906, 1.2627251581914363)
no theta: (0.42732274353385724, -5.185160128771858, 0.6320904871034714, 0.6779865122918729)
Setting parameters
Initialising
   making state/history dataframes
   initialising velocity, position and direction
   setting time/run counters
   making the maze walls
   discretising position for later plotting
   handling undefined parameters
   initialising basis features for learning
   calculating state vector at all discretised positions
HBox(children=(HTML(value=''), FloatProgress(value=0.0, max=10000.0), HTML(value='')))

   initialising STDP weight matrix and traces
DONE
HBox(children=(HTML(value=''), FloatProgress(value=0.0, max=6000.0), HTML(value='')))

Calculating place and grid cells
theta: (0.23680136625768713, -8.162651172984445, 0.8833586915736736, 1.0042611261473953)
no theta: (0.46579083736325877, -4.724341594668784, 0.5671122592486987, 0.6274094285357347)
Setting parameters
Initialising
   making state/history dataframes
   initialising velocity, position and direction
   setting time/run counters
   making the maze walls
   discretising position for later plotting
   handling undefined parameters
   initialising basis features for learning
   calculating state vector at all discretised positions
HBox(children=(HTML(value=''), FloatProgress(value=0.0, max=10000.0), HTML(value='')))

   initialising STDP weight matrix and traces
DONE
HBox(children=(HTML(value=''), FloatProgress(value=0.0, max=6000.0), HTML(value='')))

Calculating place and grid cells
theta: (0.3317838069073467, -5.798946373233308, 0.6470921077684282, 0.7453854878565178)
no theta: (0.36671235553821907, -5.463722727831073, 0.6709411453641496, 0.7086340815720237)
Setting parameters
Initialising
   making state/history dataframes
   initialising velocity, position and direction
   setting time/run counters
   making the maze walls
   discretising position for later plotting
   handling undefined parameters
   initialising basis features for learning
   calculating state vector at all discretised positions
HBox(children=(HTML(value=''), FloatProgress(value=0.0, max=10000.0), HTML(value='')))

   initialising STDP weight matrix and traces
DONE
HBox(children=(HTML(value=''), FloatProgress(value=0.0, max=6000.0), HTML(value='')))

Calculating place and grid cells
theta: (0.6748760721078748, -3.5042590548218753, 0.5287398703991177, 0.4938438651019198)
no theta: (0.6120493920070331, -4.207990126600313, 0.5230540541571556, 0.5710004558418199)
Setting parameters
Initialising
   making state/history dataframes
   initialising velocity, position and direction
   setting time/run counters
   making the maze walls
   discretising position for later plotting
   handling undefined parameters
   initialising basis features for learning
   calculating state vector at all discretised positions
HBox(children=(HTML(value=''), FloatProgress(value=0.0, max=10000.0), HTML(value='')))

   initialising STDP weight matrix and traces
DONE
HBox(children=(HTML(value=''), FloatProgress(value=0.0, max=6000.0), HTML(value='')))

Calculating place and grid cells
theta: (0.3006074718792549, -8.035176481674291, 0.9647818149569065, 0.9912654585277862)
no theta: (0.7426690438046558, -2.752242511309956, 0.3775673198040774, 0.4116652730608167)
Setting parameters
Initialising
   making state/history dataframes
   initialising velocity, position and direction
   setting time/run counters
   making the maze walls
   discretising position for later plotting
   handling undefined parameters
   initialising basis features for learning
   calculating state vector at all discretised positions
HBox(children=(HTML(value=''), FloatProgress(value=0.0, max=10000.0), HTML(value='')))

   initialising STDP weight matrix and traces
DONE
HBox(children=(HTML(value=''), FloatProgress(value=0.0, max=6000.0), HTML(value='')))

Calculating place and grid cells
theta: (0.6762763731147534, -4.640200081782325, 0.5836385047913517, 0.6180718499899094)
no theta: (0.7096815732627917, -3.5436286607123604, 0.4697848806250299, 0.4979059131367256)
Setting parameters
Initialising
   making state/history dataframes
   initialising velocity, position and direction
   setting time/run counters
   making the maze walls
   discretising position for later plotting
   handling undefined parameters
   initialising basis features for learning
   calculating state vector at all discretised positions
HBox(children=(HTML(value=''), FloatProgress(value=0.0, max=10000.0), HTML(value='')))

   initialising STDP weight matrix and traces
DONE
HBox(children=(HTML(value=''), FloatProgress(value=0.0, max=6000.0), HTML(value='')))

Calculating place and grid cells
theta: (0.16879677071234847, -7.344378767355606, 0.8576258353794447, 0.9149633376981904)
no theta: (0.07838958631457046, -9.666854456646494, 1.098147976915159, 1.1696234109812635)
