srun: Job step aborted: Waiting up to 32 seconds for job step to finish.
srun: Job step aborted: Waiting up to 32 seconds for job step to finish.
srun: Job step aborted: Waiting up to 32 seconds for job step to finish.
srun: Job step aborted: Waiting up to 32 seconds for job step to finish.
srun: Job step aborted: Waiting up to 32 seconds for job step to finish.
srun: Job step aborted: Waiting up to 32 seconds for job step to finish.
srun: Job step aborted: Waiting up to 32 seconds for job step to finish.
srun: Job step aborted: Waiting up to 32 seconds for job step to finish.
srun: Job step aborted: Waiting up to 32 seconds for job step to finish.
srun: Job step aborted: Waiting up to 32 seconds for job step to finish.
srun: Job step aborted: Waiting up to 32 seconds for job step to finish.
srun: Job step aborted: Waiting up to 32 seconds for job step to finish.
srun: Job step aborted: Waiting up to 32 seconds for job step to finish.
srun: Job step aborted: Waiting up to 32 seconds for job step to finish.
srun: Job step aborted: Waiting up to 32 seconds for job step to finish.
srun: Job step aborted: Waiting up to 32 seconds for job step to finish.
srun: Job step aborted: Waiting up to 32 seconds for job step to finish.
srun: Job step aborted: Waiting up to 32 seconds for job step to finish.
srun: Job step aborted: Waiting up to 32 seconds for job step to finish.
srun: Job step aborted: Waiting up to 32 seconds for job step to finish.
srun: Job step aborted: Waiting up to 32 seconds for job step to finish.
srun: Job step aborted: Waiting up to 32 seconds for job step to finish.
srun: Job step aborted: Waiting up to 32 seconds for job step to finish.
srun: Job step aborted: Waiting up to 32 seconds for job step to finish.
srun: Job step aborted: Waiting up to 32 seconds for job step to finish.
srun: Job step aborted: Waiting up to 32 seconds for job step to finish.
srun: Job step aborted: Waiting up to 32 seconds for job step to finish.
srun: Job step aborted: Waiting up to 32 seconds for job step to finish.
srun: Job step aborted: Waiting up to 32 seconds for job step to finish.
srun: Job step aborted: Waiting up to 32 seconds for job step to finish.
srun: Job step aborted: Waiting up to 32 seconds for job step to finish.
srun: Job step aborted: Waiting up to 32 seconds for job step to finish.
srun: Job step aborted: Waiting up to 32 seconds for job step to finish.
srun: Job step aborted: Waiting up to 32 seconds for job step to finish.
srun: Job step aborted: Waiting up to 32 seconds for job step to finish.
srun: Job step aborted: Waiting up to 32 seconds for job step to finish.
srun: Job step aborted: Waiting up to 32 seconds for job step to finish.
srun: Job step aborted: Waiting up to 32 seconds for job step to finish.
srun: Job step aborted: Waiting up to 32 seconds for job step to finish.
srun: Job step aborted: Waiting up to 32 seconds for job step to finish.
srun: Job step aborted: Waiting up to 32 seconds for job step to finish.
srun: Job step aborted: Waiting up to 32 seconds for job step to finish.
srun: Job step aborted: Waiting up to 32 seconds for job step to finish.
srun: Job step aborted: Waiting up to 32 seconds for job step to finish.
srun: Job step aborted: Waiting up to 32 seconds for job step to finish.
srun: Job step aborted: Waiting up to 32 seconds for job step to finish.
srun: Job step aborted: Waiting up to 32 seconds for job step to finish.
srun: Job step aborted: Waiting up to 32 seconds for job step to finish.
srun: Job step aborted: Waiting up to 32 seconds for job step to finish.
srun: Job step aborted: Waiting up to 32 seconds for job step to finish.
srun: Job step aborted: Waiting up to 32 seconds for job step to finish.
srun: Job step aborted: Waiting up to 32 seconds for job step to finish.
srun: Job step aborted: Waiting up to 32 seconds for job step to finish.
srun: Job step aborted: Waiting up to 32 seconds for job step to finish.
srun: Job step aborted: Waiting up to 32 seconds for job step to finish.
srun: Job step aborted: Waiting up to 32 seconds for job step to finish.
srun: Job step aborted: Waiting up to 32 seconds for job step to finish.
srun: Job step aborted: Waiting up to 32 seconds for job step to finish.
srun: Job step aborted: Waiting up to 32 seconds for job step to finish.
srun: Job step aborted: Waiting up to 32 seconds for job step to finish.
srun: Job step aborted: Waiting up to 32 seconds for job step to finish.
srun: Job step aborted: Waiting up to 32 seconds for job step to finish.
srun: Job step aborted: Waiting up to 32 seconds for job step to finish.
srun: Job step aborted: Waiting up to 32 seconds for job step to finish.
srun: Job step aborted: Waiting up to 32 seconds for job step to finish.
srun: Job step aborted: Waiting up to 32 seconds for job step to finish.
srun: Job step aborted: Waiting up to 32 seconds for job step to finish.
srun: Job step aborted: Waiting up to 32 seconds for job step to finish.
srun: Job step aborted: Waiting up to 32 seconds for job step to finish.
srun: Job step aborted: Waiting up to 32 seconds for job step to finish.
srun: Job step aborted: Waiting up to 32 seconds for job step to finish.
srun: Job step aborted: Waiting up to 32 seconds for job step to finish.
srun: Job step aborted: Waiting up to 32 seconds for job step to finish.
srun: Job step aborted: Waiting up to 32 seconds for job step to finish.
srun: Job step aborted: Waiting up to 32 seconds for job step to finish.
srun: Job step aborted: Waiting up to 32 seconds for job step to finish.
srun: Job step aborted: Waiting up to 32 seconds for job step to finish.
srun: Job step aborted: Waiting up to 32 seconds for job step to finish.
srun: Job step aborted: Waiting up to 32 seconds for job step to finish.
srun: Job step aborted: Waiting up to 32 seconds for job step to finish.
srun: Job step aborted: Waiting up to 32 seconds for job step to finish.
srun: Job step aborted: Waiting up to 32 seconds for job step to finish.
srun: Job step aborted: Waiting up to 32 seconds for job step to finish.
srun: Job step aborted: Waiting up to 32 seconds for job step to finish.
srun: Job step aborted: Waiting up to 32 seconds for job step to finish.
srun: Job step aborted: Waiting up to 32 seconds for job step to finish.
srun: Job step aborted: Waiting up to 32 seconds for job step to finish.
srun: Job step aborted: Waiting up to 32 seconds for job step to finish.
srun: Job step aborted: Waiting up to 32 seconds for job step to finish.
srun: Job step aborted: Waiting up to 32 seconds for job step to finish.
srun: Job step aborted: Waiting up to 32 seconds for job step to finish.
srun: Job step aborted: Waiting up to 32 seconds for job step to finish.
srun: Job step aborted: Waiting up to 32 seconds for job step to finish.
srun: Job step aborted: Waiting up to 32 seconds for job step to finish.
srun: Job step aborted: Waiting up to 32 seconds for job step to finish.
srun: Job step aborted: Waiting up to 32 seconds for job step to finish.
srun: Job step aborted: Waiting up to 32 seconds for job step to finish.
srun: Job step aborted: Waiting up to 32 seconds for job step to finish.
srun: Job step aborted: Waiting up to 32 seconds for job step to finish.
srun: Job step aborted: Waiting up to 32 seconds for job step to finish.
srun: Job step aborted: Waiting up to 32 seconds for job step to finish.
srun: got SIGCONT
srun: got SIGCONT
srun: got SIGCONT
srun: got SIGCONT
srun: got SIGCONT
srun: got SIGCONT
srun: got SIGCONT
srun: got SIGCONT
srun: got SIGCONT
srun: got SIGCONT
srun: got SIGCONT
srun: got SIGCONT
srun: got SIGCONT
srun: got SIGCONT
srun: got SIGCONT
srun: got SIGCONT
srun: got SIGCONT
srun: got SIGCONT
srun: got SIGCONT
srun: got SIGCONT
srun: got SIGCONT
srun: got SIGCONT
srun: got SIGCONT
srun: got SIGCONT
srun: got SIGCONT
srun: got SIGCONT
srun: got SIGCONT
srun: got SIGCONT
srun: got SIGCONT
srun: got SIGCONT
srun: got SIGCONT
srun: got SIGCONT
srun: got SIGCONT
srun: got SIGCONT
srun: got SIGCONT
srun: got SIGCONT
srun: got SIGCONT
srun: got SIGCONT
srun: got SIGCONT
srun: got SIGCONT
srun: got SIGCONT
srun: got SIGCONT
srun: got SIGCONT
srun: got SIGCONT
srun: got SIGCONT
srun: got SIGCONT
srun: got SIGCONT
srun: got SIGCONT
srun: got SIGCONT
srun: got SIGCONT
srun: got SIGCONT
srun: got SIGCONT
srun: got SIGCONT
srun: got SIGCONT
srun: got SIGCONT
srun: got SIGCONT
srun: got SIGCONT
srun: got SIGCONT
srun: got SIGCONT
srun: got SIGCONT
srun: got SIGCONT
srun: got SIGCONT
srun: got SIGCONT
srun: got SIGCONT
srun: got SIGCONT
srun: got SIGCONT
srun: got SIGCONT
srun: got SIGCONT
srun: got SIGCONT
srun: got SIGCONT
srun: got SIGCONT
srun: got SIGCONT
srun: got SIGCONT
srun: got SIGCONT
srun: got SIGCONT
srun: got SIGCONT
srun: got SIGCONT
srun: got SIGCONT
srun: got SIGCONT
srun: got SIGCONT
srun: got SIGCONT
srun: got SIGCONT
srun: got SIGCONT
srun: got SIGCONT
srun: got SIGCONT
srun: got SIGCONT
srun: got SIGCONT
srun: got SIGCONT
srun: got SIGCONT
srun: got SIGCONT
srun: got SIGCONT
srun: got SIGCONT
srun: got SIGCONT
srun: got SIGCONT
srun: got SIGCONT
srun: got SIGCONT
srun: got SIGCONT
srun: got SIGCONT
srun: got SIGCONT
srun: got SIGCONT
srun: got SIGCONT
slurmstepd-enc1-node5: error: *** JOB 1475214 ON enc1-node5 CANCELLED AT 2021-09-29T15:10:10 ***
srun: forcing job termination
srun: forcing job termination
srun: forcing job termination
srun: forcing job termination
srun: forcing job termination
srun: forcing job termination
srun: forcing job termination
srun: forcing job termination
srun: forcing job termination
srun: forcing job termination
srun: forcing job termination
srun: forcing job termination
srun: forcing job termination
srun: forcing job termination
srun: forcing job termination
srun: forcing job termination
srun: forcing job termination
srun: forcing job termination
srun: forcing job termination
srun: forcing job termination
srun: forcing job termination
srun: forcing job termination
srun: forcing job termination
srun: forcing job termination
srun: forcing job termination
srun: forcing job termination
srun: forcing job termination
srun: forcing job termination
srun: forcing job termination
srun: forcing job termination
srun: forcing job termination
srun: forcing job termination
srun: forcing job termination
srun: forcing job termination
srun: forcing job termination
srun: forcing job termination
srun: forcing job termination
srun: forcing job termination
srun: forcing job termination
srun: forcing job termination
srun: forcing job termination
srun: forcing job termination
srun: forcing job termination
srun: forcing job termination
srun: forcing job termination
srun: forcing job termination
srun: forcing job termination
srun: forcing job termination
srun: forcing job termination
srun: forcing job termination
srun: forcing job termination
srun: forcing job termination
srun: forcing job termination
srun: forcing job termination
srun: forcing job termination
srun: forcing job termination
srun: forcing job termination
srun: forcing job termination
srun: forcing job termination
srun: forcing job termination
srun: forcing job termination
srun: forcing job termination
srun: forcing job termination
srun: forcing job termination
srun: forcing job termination
srun: forcing job termination
srun: forcing job termination
srun: forcing job termination
srun: forcing job termination
srun: forcing job termination
srun: forcing job termination
srun: forcing job termination
srun: forcing job termination
srun: forcing job termination
srun: forcing job termination
srun: forcing job termination
srun: forcing job termination
srun: forcing job termination
srun: forcing job termination
srun: forcing job termination
srun: forcing job termination
srun: forcing job termination
srun: forcing job termination
srun: forcing job termination
srun: forcing job termination
srun: forcing job termination
srun: forcing job termination
srun: forcing job termination
srun: forcing job termination
srun: forcing job termination
srun: forcing job termination
srun: forcing job termination
srun: forcing job termination
srun: forcing job termination
srun: forcing job termination
srun: forcing job termination
srun: forcing job termination
srun: forcing job termination
srun: forcing job termination
srun: forcing job termination
srun: forcing job termination
slurmstepd-enc1-node11: error: *** STEP 1475214.5 ON enc1-node11 CANCELLED AT 2021-09-29T15:10:10 ***
srun: error: enc1-node11: task 0: Terminated
slurmstepd-enc1-node6: error: *** STEP 1475214.24 ON enc1-node6 CANCELLED AT 2021-09-29T15:10:10 ***
slurmstepd-enc1-node6: error: *** STEP 1475214.19 ON enc1-node6 CANCELLED AT 2021-09-29T15:10:10 ***
slurmstepd-enc1-node8: error: *** STEP 1475214.53 ON enc1-node8 CANCELLED AT 2021-09-29T15:10:10 ***
slurmstepd-enc1-node6: error: *** STEP 1475214.13 ON enc1-node6 CANCELLED AT 2021-09-29T15:10:10 ***
slurmstepd-enc1-node7: error: *** STEP 1475214.43 ON enc1-node7 CANCELLED AT 2021-09-29T15:10:10 ***
slurmstepd-enc1-node9: error: *** STEP 1475214.82 ON enc1-node9 CANCELLED AT 2021-09-29T15:10:10 ***
slurmstepd-enc1-node8: error: *** STEP 1475214.2 ON enc1-node8 CANCELLED AT 2021-09-29T15:10:10 ***
slurmstepd-enc1-node6: error: *** STEP 1475214.17 ON enc1-node6 CANCELLED AT 2021-09-29T15:10:10 ***
slurmstepd-enc1-node8: error: *** STEP 1475214.67 ON enc1-node8 CANCELLED AT 2021-09-29T15:10:10 ***
slurmstepd-enc1-node10: error: *** STEP 1475214.92 ON enc1-node10 CANCELLED AT 2021-09-29T15:10:10 ***
slurmstepd-enc1-node7: error: *** STEP 1475214.40 ON enc1-node7 CANCELLED AT 2021-09-29T15:10:10 ***
slurmstepd-enc1-node8: error: *** STEP 1475214.68 ON enc1-node8 CANCELLED AT 2021-09-29T15:10:10 ***
slurmstepd-enc1-node9: error: *** STEP 1475214.78 ON enc1-node9 CANCELLED AT 2021-09-29T15:10:11 ***
slurmstepd-enc1-node8: error: *** STEP 1475214.55 ON enc1-node8 CANCELLED AT 2021-09-29T15:10:11 ***
slurmstepd-enc1-node7: error: *** STEP 1475214.34 ON enc1-node7 CANCELLED AT 2021-09-29T15:10:11 ***
slurmstepd-enc1-node10: error: *** STEP 1475214.103 ON enc1-node10 CANCELLED AT 2021-09-29T15:10:11 ***
slurmstepd-enc1-node9: error: *** STEP 1475214.76 ON enc1-node9 CANCELLED AT 2021-09-29T15:10:11 ***
slurmstepd-enc1-node10: error: *** STEP 1475214.104 ON enc1-node10 CANCELLED AT 2021-09-29T15:10:11 ***
slurmstepd-enc1-node9: error: *** STEP 1475214.87 ON enc1-node9 CANCELLED AT 2021-09-29T15:10:11 ***
slurmstepd-enc1-node10: error: *** STEP 1475214.91 ON enc1-node10 CANCELLED AT 2021-09-29T15:10:11 ***
slurmstepd-enc1-node6: error: *** STEP 1475214.20 ON enc1-node6 CANCELLED AT 2021-09-29T15:10:11 ***
srun: error: enc1-node6: task 0: Terminated
srun: error: enc1-node6: task 0: Terminated
slurmstepd-enc1-node6: error: *** STEP 1475214.21 ON enc1-node6 CANCELLED AT 2021-09-29T15:10:11 ***
slurmstepd-enc1-node6: error: *** STEP 1475214.30 ON enc1-node6 CANCELLED AT 2021-09-29T15:10:11 ***
slurmstepd-enc1-node7: error: *** STEP 1475214.48 ON enc1-node7 CANCELLED AT 2021-09-29T15:10:11 ***
srun: error: enc1-node6: task 0: Terminated
slurmstepd-enc1-node6: error: *** STEP 1475214.26 ON enc1-node6 CANCELLED AT 2021-09-29T15:10:11 ***
slurmstepd-enc1-node8: error: *** STEP 1475214.66 ON enc1-node8 CANCELLED AT 2021-09-29T15:10:11 ***
srun: error: enc1-node8: task 0: Terminated
slurmstepd-enc1-node6: error: *** STEP 1475214.29 ON enc1-node6 CANCELLED AT 2021-09-29T15:10:11 ***
slurmstepd-enc1-node6: error: *** STEP 1475214.14 ON enc1-node6 CANCELLED AT 2021-09-29T15:10:11 ***
slurmstepd-enc1-node7: error: *** STEP 1475214.32 ON enc1-node7 CANCELLED AT 2021-09-29T15:10:11 ***
srun: error: enc1-node6: task 0: Terminated
srun: error: enc1-node7: task 0: Terminated
srun: error: enc1-node7: task 0: Terminated
slurmstepd-enc1-node6: error: *** STEP 1475214.0 ON enc1-node6 CANCELLED AT 2021-09-29T15:10:11 ***
srun: error: enc1-node8: task 0: Terminated
slurmstepd-enc1-node8: error: *** STEP 1475214.52 ON enc1-node8 CANCELLED AT 2021-09-29T15:10:11 ***
slurmstepd-enc1-node9: error: *** STEP 1475214.74 ON enc1-node9 CANCELLED AT 2021-09-29T15:10:11 ***
srun: error: enc1-node8: task 0: Terminated
srun: error: enc1-node8: task 0: Terminated
slurmstepd-enc1-node7: error: *** STEP 1475214.39 ON enc1-node7 CANCELLED AT 2021-09-29T15:10:11 ***
srun: error: enc1-node9: task 0: Terminated
srun: error: enc1-node6: task 0: Terminated
slurmstepd-enc1-node6: error: *** STEP 1475214.22 ON enc1-node6 CANCELLED AT 2021-09-29T15:10:11 ***
slurmstepd-enc1-node8: error: *** STEP 1475214.60 ON enc1-node8 CANCELLED AT 2021-09-29T15:10:11 ***
slurmstepd-enc1-node9: error: *** STEP 1475214.3 ON enc1-node9 CANCELLED AT 2021-09-29T15:10:11 ***
slurmstepd-enc1-node7: error: *** STEP 1475214.35 ON enc1-node7 CANCELLED AT 2021-09-29T15:10:11 ***
slurmstepd-enc1-node6: error: *** STEP 1475214.25 ON enc1-node6 CANCELLED AT 2021-09-29T15:10:11 ***
srun: error: enc1-node6: task 0: Terminated
slurmstepd-enc1-node8: error: *** STEP 1475214.57 ON enc1-node8 CANCELLED AT 2021-09-29T15:10:11 ***
slurmstepd-enc1-node6: error: *** STEP 1475214.18 ON enc1-node6 CANCELLED AT 2021-09-29T15:10:11 ***
srun: error: enc1-node6: task 0: Terminated
slurmstepd-enc1-node7: error: *** STEP 1475214.38 ON enc1-node7 CANCELLED AT 2021-09-29T15:10:11 ***
srun: error: enc1-node7: task 0: Terminated
slurmstepd-enc1-node9: error: *** STEP 1475214.85 ON enc1-node9 CANCELLED AT 2021-09-29T15:10:11 ***
slurmstepd-enc1-node8: error: *** STEP 1475214.65 ON enc1-node8 CANCELLED AT 2021-09-29T15:10:11 ***
srun: error: enc1-node9: task 0: Terminated
srun: error: enc1-node8: task 0: Terminated
srun: error: enc1-node8: task 0: Terminated
srun: error: enc1-node9: task 0: Terminated
srun: error: enc1-node7: task 0: Terminated
slurmstepd-enc1-node6: error: *** STEP 1475214.27 ON enc1-node6 CANCELLED AT 2021-09-29T15:10:11 ***
srun: error: enc1-node6: task 0: Terminated
slurmstepd-enc1-node7: error: *** STEP 1475214.33 ON enc1-node7 CANCELLED AT 2021-09-29T15:10:11 ***
slurmstepd-enc1-node10: error: *** STEP 1475214.96 ON enc1-node10 CANCELLED AT 2021-09-29T15:10:11 ***
slurmstepd-enc1-node9: error: *** STEP 1475214.70 ON enc1-node9 CANCELLED AT 2021-09-29T15:10:11 ***
srun: error: enc1-node10: task 0: Terminated
srun: error: enc1-node6: task 0: Terminated
slurmstepd-enc1-node8: error: *** STEP 1475214.61 ON enc1-node8 CANCELLED AT 2021-09-29T15:10:11 ***
slurmstepd-enc1-node6: error: *** STEP 1475214.16 ON enc1-node6 CANCELLED AT 2021-09-29T15:10:11 ***
slurmstepd-enc1-node7: error: *** STEP 1475214.47 ON enc1-node7 CANCELLED AT 2021-09-29T15:10:11 ***
srun: error: enc1-node6: task 0: Terminated
slurmstepd-enc1-node7: error: *** STEP 1475214.37 ON enc1-node7 CANCELLED AT 2021-09-29T15:10:11 ***
slurmstepd-enc1-node6: error: *** STEP 1475214.23 ON enc1-node6 CANCELLED AT 2021-09-29T15:10:11 ***
slurmstepd-enc1-node9: error: *** STEP 1475214.80 ON enc1-node9 CANCELLED AT 2021-09-29T15:10:11 ***
srun: error: enc1-node7: task 0: Terminated
slurmstepd-enc1-node10: error: *** STEP 1475214.95 ON enc1-node10 CANCELLED AT 2021-09-29T15:10:11 ***
slurmstepd-enc1-node9: error: *** STEP 1475214.83 ON enc1-node9 CANCELLED AT 2021-09-29T15:10:11 ***
srun: error: enc1-node6: task 0: Terminated
slurmstepd-enc1-node6: error: *** STEP 1475214.28 ON enc1-node6 CANCELLED AT 2021-09-29T15:10:11 ***
srun: error: enc1-node7: task 0: Terminated
srun: error: enc1-node9: task 0: Terminated
slurmstepd-enc1-node8: error: *** STEP 1475214.64 ON enc1-node8 CANCELLED AT 2021-09-29T15:10:11 ***
slurmstepd-enc1-node6: error: *** STEP 1475214.31 ON enc1-node6 CANCELLED AT 2021-09-29T15:10:11 ***
srun: error: enc1-node8: task 0: Terminated
srun: error: enc1-node6: task 0: Terminated
slurmstepd-enc1-node10: error: *** STEP 1475214.97 ON enc1-node10 CANCELLED AT 2021-09-29T15:10:11 ***
slurmstepd-enc1-node9: error: *** STEP 1475214.73 ON enc1-node9 CANCELLED AT 2021-09-29T15:10:11 ***
srun: error: enc1-node6: task 0: Terminated
srun: error: enc1-node10: task 0: Terminated
slurmstepd-enc1-node8: error: *** STEP 1475214.51 ON enc1-node8 CANCELLED AT 2021-09-29T15:10:11 ***
srun: error: enc1-node10: task 0: Terminated
srun: error: enc1-node7: task 0: Terminated
slurmstepd-enc1-node7: error: *** STEP 1475214.36 ON enc1-node7 CANCELLED AT 2021-09-29T15:10:11 ***
srun: error: enc1-node9: task 0: Terminated
slurmstepd-enc1-node6: error: *** STEP 1475214.15 ON enc1-node6 CANCELLED AT 2021-09-29T15:10:11 ***
srun: error: enc1-node8: task 0: Terminated
slurmstepd-enc1-node8: error: *** STEP 1475214.62 ON enc1-node8 CANCELLED AT 2021-09-29T15:10:11 ***
srun: error: enc1-node8: task 0: Terminated
slurmstepd-enc1-node10: error: *** STEP 1475214.98 ON enc1-node10 CANCELLED AT 2021-09-29T15:10:11 ***
slurmstepd-enc1-node7: error: *** STEP 1475214.44 ON enc1-node7 CANCELLED AT 2021-09-29T15:10:11 ***
srun: error: enc1-node9: task 0: Terminated
srun: error: enc1-node6: task 0: Terminated
srun: error: enc1-node9: task 0: Terminated
srun: error: enc1-node8: task 0: Terminated
srun: error: enc1-node7: task 0: Terminated
srun: error: enc1-node6: task 0: Terminated
slurmstepd-enc1-node7: error: *** STEP 1475214.49 ON enc1-node7 CANCELLED AT 2021-09-29T15:10:11 ***
slurmstepd-enc1-node8: error: *** STEP 1475214.63 ON enc1-node8 CANCELLED AT 2021-09-29T15:10:11 ***
srun: error: enc1-node6: task 0: Terminated
srun: error: enc1-node7: task 0: Terminated
slurmstepd-enc1-node10: error: *** STEP 1475214.89 ON enc1-node10 CANCELLED AT 2021-09-29T15:10:11 ***
srun: error: enc1-node7: task 0: Terminated
slurmstepd-enc1-node7: error: *** STEP 1475214.50 ON enc1-node7 CANCELLED AT 2021-09-29T15:10:11 ***
srun: error: enc1-node6: task 0: Terminated
srun: error: enc1-node8: task 0: Terminated
slurmstepd-enc1-node9: error: *** STEP 1475214.71 ON enc1-node9 CANCELLED AT 2021-09-29T15:10:11 ***
slurmstepd-enc1-node7: error: *** STEP 1475214.42 ON enc1-node7 CANCELLED AT 2021-09-29T15:10:11 ***
slurmstepd-enc1-node10: error: *** STEP 1475214.99 ON enc1-node10 CANCELLED AT 2021-09-29T15:10:11 ***
srun: error: enc1-node9: task 0: Terminated
srun: error: enc1-node7: task 0: Terminated
slurmstepd-enc1-node8: error: *** STEP 1475214.58 ON enc1-node8 CANCELLED AT 2021-09-29T15:10:11 ***
srun: error: enc1-node10: task 0: Terminated
srun: error: enc1-node6: task 0: Terminated
slurmstepd-enc1-node9: error: *** STEP 1475214.77 ON enc1-node9 CANCELLED AT 2021-09-29T15:10:11 ***
srun: error: enc1-node9: task 0: Terminated
srun: error: enc1-node9: task 0: Terminated
slurmstepd-enc1-node7: error: *** STEP 1475214.46 ON enc1-node7 CANCELLED AT 2021-09-29T15:10:11 ***
slurmstepd-enc1-node10: error: *** STEP 1475214.4 ON enc1-node10 CANCELLED AT 2021-09-29T15:10:11 ***
slurmstepd-enc1-node8: error: *** STEP 1475214.54 ON enc1-node8 CANCELLED AT 2021-09-29T15:10:11 ***
srun: error: enc1-node10: task 0: Terminated
srun: error: enc1-node8: task 0: Terminated
slurmstepd-enc1-node9: error: *** STEP 1475214.79 ON enc1-node9 CANCELLED AT 2021-09-29T15:10:11 ***
slurmstepd-enc1-node7: error: *** STEP 1475214.41 ON enc1-node7 CANCELLED AT 2021-09-29T15:10:11 ***
slurmstepd-enc1-node8: error: *** STEP 1475214.56 ON enc1-node8 CANCELLED AT 2021-09-29T15:10:11 ***
slurmstepd-enc1-node10: error: *** STEP 1475214.102 ON enc1-node10 CANCELLED AT 2021-09-29T15:10:11 ***
srun: error: enc1-node6: task 0: Terminated
slurmstepd-enc1-node9: error: *** STEP 1475214.72 ON enc1-node9 CANCELLED AT 2021-09-29T15:10:11 ***
srun: error: enc1-node10: task 0: Terminated
srun: error: enc1-node6: task 0: Terminated
srun: error: enc1-node8: task 0: Terminated
slurmstepd-enc1-node7: error: *** STEP 1475214.45 ON enc1-node7 CANCELLED AT 2021-09-29T15:10:11 ***
slurmstepd-enc1-node8: error: *** STEP 1475214.59 ON enc1-node8 CANCELLED AT 2021-09-29T15:10:11 ***
slurmstepd-enc1-node10: error: *** STEP 1475214.100 ON enc1-node10 CANCELLED AT 2021-09-29T15:10:11 ***
slurmstepd-enc1-node9: error: *** STEP 1475214.88 ON enc1-node9 CANCELLED AT 2021-09-29T15:10:11 ***
srun: error: enc1-node9: task 0: Terminated
slurmstepd-enc1-node7: error: *** STEP 1475214.1 ON enc1-node7 CANCELLED AT 2021-09-29T15:10:11 ***
slurmstepd-enc1-node8: error: *** STEP 1475214.69 ON enc1-node8 CANCELLED AT 2021-09-29T15:10:11 ***
srun: error: enc1-node7: task 0: Terminated
srun: error: enc1-node7: task 0: Terminated
slurmstepd-enc1-node10: error: *** STEP 1475214.101 ON enc1-node10 CANCELLED AT 2021-09-29T15:10:11 ***
srun: error: enc1-node7: task 0: Terminated
slurmstepd-enc1-node9: error: *** STEP 1475214.81 ON enc1-node9 CANCELLED AT 2021-09-29T15:10:11 ***
srun: error: enc1-node10: task 0: Terminated
srun: error: enc1-node8: task 0: Terminated
srun: error: enc1-node10: task 0: Terminated
srun: error: enc1-node8: task 0: Terminated
slurmstepd-enc1-node10: error: *** STEP 1475214.107 ON enc1-node10 CANCELLED AT 2021-09-29T15:10:11 ***
slurmstepd-enc1-node9: error: *** STEP 1475214.84 ON enc1-node9 CANCELLED AT 2021-09-29T15:10:11 ***
srun: error: enc1-node10: task 0: Terminated
srun: error: enc1-node7: task 0: Terminated
slurmstepd-enc1-node9: error: *** STEP 1475214.86 ON enc1-node9 CANCELLED AT 2021-09-29T15:10:11 ***
srun: error: enc1-node8: task 0: Terminated
srun: error: enc1-node9: task 0: Terminated
srun: error: enc1-node7: task 0: Terminated
slurmstepd-enc1-node10: error: *** STEP 1475214.94 ON enc1-node10 CANCELLED AT 2021-09-29T15:10:11 ***
srun: error: enc1-node10: task 0: Terminated
srun: error: enc1-node9: task 0: Terminated
slurmstepd-enc1-node9: error: *** STEP 1475214.75 ON enc1-node9 CANCELLED AT 2021-09-29T15:10:11 ***
srun: error: enc1-node9: task 0: Terminated
srun: error: enc1-node8: task 0: Terminated
srun: error: enc1-node8: task 0: Terminated
srun: error: enc1-node7: task 0: Terminated
slurmstepd-enc1-node10: error: *** STEP 1475214.90 ON enc1-node10 CANCELLED AT 2021-09-29T15:10:11 ***
srun: error: enc1-node9: task 0: Terminated
srun: error: enc1-node10: task 0: Terminated
srun: error: enc1-node10: task 0: Terminated
srun: error: enc1-node7: task 0: Terminated
slurmstepd-enc1-node10: error: *** STEP 1475214.93 ON enc1-node10 CANCELLED AT 2021-09-29T15:10:11 ***
srun: error: enc1-node8: task 0: Terminated
srun: error: enc1-node8: task 0: Terminated
slurmstepd-enc1-node10: error: *** STEP 1475214.106 ON enc1-node10 CANCELLED AT 2021-09-29T15:10:11 ***
srun: error: enc1-node9: task 0: Terminated
srun: error: enc1-node7: task 0: Terminated
srun: error: enc1-node7: task 0: Terminated
srun: error: enc1-node10: task 0: Terminated
slurmstepd-enc1-node10: error: *** STEP 1475214.105 ON enc1-node10 CANCELLED AT 2021-09-29T15:10:11 ***
srun: error: enc1-node10: task 0: Terminated
srun: error: enc1-node9: task 0: Terminated
srun: error: enc1-node9: task 0: Terminated
srun: error: enc1-node10: task 0: Terminated
srun: error: enc1-node10: task 0: Terminated
srun: error: enc1-node9: task 0: Terminated
srun: error: enc1-node10: task 0: Terminated
srun: error: enc1-node9: task 0: Terminated
srun: error: enc1-node10: task 0: Terminated
srun: error: enc1-node10: task 0: Terminated
srun: error: enc1-node10: task 0: Terminated
