srun: error: task 0 launch failed: Slurmd could not execve job
srun: error: task 0 launch failed: Slurmd could not execve job
srun: error: task 0 launch failed: Slurmd could not execve job
srun: error: task 0 launch failed: Slurmd could not execve job
srun: error: task 0 launch failed: Slurmd could not execve job
srun: error: task 0 launch failed: Slurmd could not execve job
srun: error: task 0 launch failed: Slurmd could not execve job
srun: error: task 0 launch failed: Slurmd could not execve job
srun: error: task 0 launch failed: Slurmd could not execve job
srun: error: task 0 launch failed: Slurmd could not execve job
srun: error: task 0 launch failed: Slurmd could not execve job
srun: error: task 0 launch failed: Slurmd could not execve job
srun: error: task 0 launch failed: Slurmd could not execve job
srun: error: task 0 launch failed: Slurmd could not execve job
srun: error: task 0 launch failed: Slurmd could not execve job
srun: error: task 0 launch failed: Slurmd could not execve job
srun: error: task 0 launch failed: Slurmd could not execve job
srun: error: task 0 launch failed: Slurmd could not execve job
srun: error: task 0 launch failed: Slurmd could not execve job
srun: error: task 0 launch failed: Slurmd could not execve job
srun: error: task 0 launch failed: Slurmd could not execve job
srun: error: task 0 launch failed: Slurmd could not execve job
srun: error: task 0 launch failed: Slurmd could not execve job
srun: error: task 0 launch failed: Slurmd could not execve job
srun: error: task 0 launch failed: Slurmd could not execve job
srun: error: task 0 launch failed: Slurmd could not execve job
srun: error: task 0 launch failed: Slurmd could not execve job
srun: Job step aborted: Waiting up to 32 seconds for job step to finish.
srun: Job step aborted: Waiting up to 32 seconds for job step to finish.
srun: Job step aborted: Waiting up to 32 seconds for job step to finish.
srun: Job step aborted: Waiting up to 32 seconds for job step to finish.
srun: Job step aborted: Waiting up to 32 seconds for job step to finish.
srun: Job step aborted: Waiting up to 32 seconds for job step to finish.
srun: Job step aborted: Waiting up to 32 seconds for job step to finish.
srun: Job step aborted: Waiting up to 32 seconds for job step to finish.
srun: Job step aborted: Waiting up to 32 seconds for job step to finish.
srun: Job step aborted: Waiting up to 32 seconds for job step to finish.
srun: Job step aborted: Waiting up to 32 seconds for job step to finish.
srun: Job step aborted: Waiting up to 32 seconds for job step to finish.
srun: Job step aborted: Waiting up to 32 seconds for job step to finish.
srun: Job step aborted: Waiting up to 32 seconds for job step to finish.
srun: Job step aborted: Waiting up to 32 seconds for job step to finish.
srun: Job step aborted: Waiting up to 32 seconds for job step to finish.
srun: Job step aborted: Waiting up to 32 seconds for job step to finish.
srun: Job step aborted: Waiting up to 32 seconds for job step to finish.
srun: Job step aborted: Waiting up to 32 seconds for job step to finish.
srun: Job step aborted: Waiting up to 32 seconds for job step to finish.
srun: Job step aborted: Waiting up to 32 seconds for job step to finish.
srun: Job step aborted: Waiting up to 32 seconds for job step to finish.
srun: Job step aborted: Waiting up to 32 seconds for job step to finish.
srun: Job step aborted: Waiting up to 32 seconds for job step to finish.
srun: Job step aborted: Waiting up to 32 seconds for job step to finish.
srun: Job step aborted: Waiting up to 32 seconds for job step to finish.
srun: Job step aborted: Waiting up to 32 seconds for job step to finish.
srun: Job step aborted: Waiting up to 32 seconds for job step to finish.
srun: Job step aborted: Waiting up to 32 seconds for job step to finish.
srun: Job step aborted: Waiting up to 32 seconds for job step to finish.
srun: Job step aborted: Waiting up to 32 seconds for job step to finish.
srun: Job step aborted: Waiting up to 32 seconds for job step to finish.
srun: Job step aborted: Waiting up to 32 seconds for job step to finish.
srun: Job step aborted: Waiting up to 32 seconds for job step to finish.
srun: Job step aborted: Waiting up to 32 seconds for job step to finish.
srun: Job step aborted: Waiting up to 32 seconds for job step to finish.
srun: Job step aborted: Waiting up to 32 seconds for job step to finish.
srun: Job step aborted: Waiting up to 32 seconds for job step to finish.
srun: Job step aborted: Waiting up to 32 seconds for job step to finish.
srun: Job step aborted: Waiting up to 32 seconds for job step to finish.
srun: Job step aborted: Waiting up to 32 seconds for job step to finish.
srun: Job step aborted: Waiting up to 32 seconds for job step to finish.
srun: Job step aborted: Waiting up to 32 seconds for job step to finish.
srun: Job step aborted: Waiting up to 32 seconds for job step to finish.
srun: Job step aborted: Waiting up to 32 seconds for job step to finish.
srun: Job step aborted: Waiting up to 32 seconds for job step to finish.
srun: Job step aborted: Waiting up to 32 seconds for job step to finish.
srun: Job step aborted: Waiting up to 32 seconds for job step to finish.
srun: Job step aborted: Waiting up to 32 seconds for job step to finish.
srun: Job step aborted: Waiting up to 32 seconds for job step to finish.
srun: Job step aborted: Waiting up to 32 seconds for job step to finish.
srun: Job step aborted: Waiting up to 32 seconds for job step to finish.
srun: Job step aborted: Waiting up to 32 seconds for job step to finish.
srun: Job step aborted: Waiting up to 32 seconds for job step to finish.
srun: Job step aborted: Waiting up to 32 seconds for job step to finish.
srun: Job step aborted: Waiting up to 32 seconds for job step to finish.
srun: Job step aborted: Waiting up to 32 seconds for job step to finish.
srun: Job step aborted: Waiting up to 32 seconds for job step to finish.
srun: Job step aborted: Waiting up to 32 seconds for job step to finish.
srun: Job step aborted: Waiting up to 32 seconds for job step to finish.
srun: Job step aborted: Waiting up to 32 seconds for job step to finish.
srun: Job step aborted: Waiting up to 32 seconds for job step to finish.
srun: Job step aborted: Waiting up to 32 seconds for job step to finish.
srun: Job step aborted: Waiting up to 32 seconds for job step to finish.
srun: Job step aborted: Waiting up to 32 seconds for job step to finish.
srun: Job step aborted: Waiting up to 32 seconds for job step to finish.
srun: Job step aborted: Waiting up to 32 seconds for job step to finish.
srun: Job step aborted: Waiting up to 32 seconds for job step to finish.
srun: Job step aborted: Waiting up to 32 seconds for job step to finish.
srun: Job step aborted: Waiting up to 32 seconds for job step to finish.
srun: Job step aborted: Waiting up to 32 seconds for job step to finish.
srun: Job step aborted: Waiting up to 32 seconds for job step to finish.
srun: Job step aborted: Waiting up to 32 seconds for job step to finish.
srun: Job step aborted: Waiting up to 32 seconds for job step to finish.
srun: Job step aborted: Waiting up to 32 seconds for job step to finish.
srun: Job step aborted: Waiting up to 32 seconds for job step to finish.
srun: Job step aborted: Waiting up to 32 seconds for job step to finish.
srun: Job step aborted: Waiting up to 32 seconds for job step to finish.
srun: Job step aborted: Waiting up to 32 seconds for job step to finish.
srun: Job step aborted: Waiting up to 32 seconds for job step to finish.
srun: Job step aborted: Waiting up to 32 seconds for job step to finish.
srun: Job step aborted: Waiting up to 32 seconds for job step to finish.
srun: Job step aborted: Waiting up to 32 seconds for job step to finish.
srun: Job step aborted: Waiting up to 32 seconds for job step to finish.
srun: Job step aborted: Waiting up to 32 seconds for job step to finish.
srun: Job step aborted: Waiting up to 32 seconds for job step to finish.
srun: Job step aborted: Waiting up to 32 seconds for job step to finish.
srun: Job step aborted: Waiting up to 32 seconds for job step to finish.
srun: Job step aborted: Waiting up to 32 seconds for job step to finish.
srun: Job step aborted: Waiting up to 32 seconds for job step to finish.
srun: Job step aborted: Waiting up to 32 seconds for job step to finish.
srun: Job step aborted: Waiting up to 32 seconds for job step to finish.
srun: Job step aborted: Waiting up to 32 seconds for job step to finish.
srun: Job step aborted: Waiting up to 32 seconds for job step to finish.
srun: Job step aborted: Waiting up to 32 seconds for job step to finish.
srun: Job step aborted: Waiting up to 32 seconds for job step to finish.
srun: Job step aborted: Waiting up to 32 seconds for job step to finish.
srun: Job step aborted: Waiting up to 32 seconds for job step to finish.
srun: Job step aborted: Waiting up to 32 seconds for job step to finish.
srun: Job step aborted: Waiting up to 32 seconds for job step to finish.
srun: Job step aborted: Waiting up to 32 seconds for job step to finish.
srun: Job step aborted: Waiting up to 32 seconds for job step to finish.
srun: Job step aborted: Waiting up to 32 seconds for job step to finish.
srun: Job step aborted: Waiting up to 32 seconds for job step to finish.
srun: Job step aborted: Waiting up to 32 seconds for job step to finish.
srun: Job step aborted: Waiting up to 32 seconds for job step to finish.
srun: Job step aborted: Waiting up to 32 seconds for job step to finish.
srun: Job step aborted: Waiting up to 32 seconds for job step to finish.
srun: Job step aborted: Waiting up to 32 seconds for job step to finish.
srun: Job step aborted: Waiting up to 32 seconds for job step to finish.
srun: Job step aborted: Waiting up to 32 seconds for job step to finish.
srun: Job step aborted: Waiting up to 32 seconds for job step to finish.
srun: Job step aborted: Waiting up to 32 seconds for job step to finish.
srun: Job step aborted: Waiting up to 32 seconds for job step to finish.
srun: Job step aborted: Waiting up to 32 seconds for job step to finish.
srun: Job step aborted: Waiting up to 32 seconds for job step to finish.
srun: Job step aborted: Waiting up to 32 seconds for job step to finish.
srun: Job step aborted: Waiting up to 32 seconds for job step to finish.
srun: Job step aborted: Waiting up to 32 seconds for job step to finish.
srun: Job step aborted: Waiting up to 32 seconds for job step to finish.
srun: Job step aborted: Waiting up to 32 seconds for job step to finish.
srun: Job step aborted: Waiting up to 32 seconds for job step to finish.
srun: Job step aborted: Waiting up to 32 seconds for job step to finish.
srun: Job step aborted: Waiting up to 32 seconds for job step to finish.
srun: Job step aborted: Waiting up to 32 seconds for job step to finish.
srun: Job step aborted: Waiting up to 32 seconds for job step to finish.
srun: Job step aborted: Waiting up to 32 seconds for job step to finish.
srun: Job step aborted: Waiting up to 32 seconds for job step to finish.
srun: Job step aborted: Waiting up to 32 seconds for job step to finish.
srun: Job step aborted: Waiting up to 32 seconds for job step to finish.
srun: Job step aborted: Waiting up to 32 seconds for job step to finish.
srun: Job step aborted: Waiting up to 32 seconds for job step to finish.
srun: Job step aborted: Waiting up to 32 seconds for job step to finish.
srun: Job step aborted: Waiting up to 32 seconds for job step to finish.
srun: Job step aborted: Waiting up to 32 seconds for job step to finish.
srun: Job step aborted: Waiting up to 32 seconds for job step to finish.
srun: Job step aborted: Waiting up to 32 seconds for job step to finish.
srun: Job step aborted: Waiting up to 32 seconds for job step to finish.
srun: Job step aborted: Waiting up to 32 seconds for job step to finish.
srun: Job step aborted: Waiting up to 32 seconds for job step to finish.
srun: Job step aborted: Waiting up to 32 seconds for job step to finish.
srun: Job step aborted: Waiting up to 32 seconds for job step to finish.
srun: Job step aborted: Waiting up to 32 seconds for job step to finish.
srun: Job step aborted: Waiting up to 32 seconds for job step to finish.
srun: Job step aborted: Waiting up to 32 seconds for job step to finish.
srun: Job step aborted: Waiting up to 32 seconds for job step to finish.
srun: Job step aborted: Waiting up to 32 seconds for job step to finish.
srun: Job step aborted: Waiting up to 32 seconds for job step to finish.
srun: Job step aborted: Waiting up to 32 seconds for job step to finish.
srun: Job step aborted: Waiting up to 32 seconds for job step to finish.
srun: Job step aborted: Waiting up to 32 seconds for job step to finish.
srun: Job step aborted: Waiting up to 32 seconds for job step to finish.
srun: Job step aborted: Waiting up to 32 seconds for job step to finish.
srun: Job step aborted: Waiting up to 32 seconds for job step to finish.
srun: Job step aborted: Waiting up to 32 seconds for job step to finish.
srun: Job step aborted: Waiting up to 32 seconds for job step to finish.
srun: Job step aborted: Waiting up to 32 seconds for job step to finish.
srun: Job step aborted: Waiting up to 32 seconds for job step to finish.
srun: Job step aborted: Waiting up to 32 seconds for job step to finish.
srun: Job step aborted: Waiting up to 32 seconds for job step to finish.
srun: Job step aborted: Waiting up to 32 seconds for job step to finish.
srun: Job step aborted: Waiting up to 32 seconds for job step to finish.
srun: Job step aborted: Waiting up to 32 seconds for job step to finish.
srun: Job step aborted: Waiting up to 32 seconds for job step to finish.
srun: Job step aborted: Waiting up to 32 seconds for job step to finish.
srun: Job step aborted: Waiting up to 32 seconds for job step to finish.
srun: Job step aborted: Waiting up to 32 seconds for job step to finish.
srun: Job step aborted: Waiting up to 32 seconds for job step to finish.
srun: Job step aborted: Waiting up to 32 seconds for job step to finish.
srun: Job step aborted: Waiting up to 32 seconds for job step to finish.
srun: Job step aborted: Waiting up to 32 seconds for job step to finish.
srun: Job step aborted: Waiting up to 32 seconds for job step to finish.
srun: Job step aborted: Waiting up to 32 seconds for job step to finish.
srun: Job step aborted: Waiting up to 32 seconds for job step to finish.
srun: Job step aborted: Waiting up to 32 seconds for job step to finish.
srun: Job step aborted: Waiting up to 32 seconds for job step to finish.
srun: Job step aborted: Waiting up to 32 seconds for job step to finish.
srun: Job step aborted: Waiting up to 32 seconds for job step to finish.
srun: Job step aborted: Waiting up to 32 seconds for job step to finish.
srun: Job step aborted: Waiting up to 32 seconds for job step to finish.
srun: Job step aborted: Waiting up to 32 seconds for job step to finish.
srun: Job step aborted: Waiting up to 32 seconds for job step to finish.
srun: Job step aborted: Waiting up to 32 seconds for job step to finish.
srun: Job step aborted: Waiting up to 32 seconds for job step to finish.
srun: Job step aborted: Waiting up to 32 seconds for job step to finish.
srun: Job step aborted: Waiting up to 32 seconds for job step to finish.
srun: Job step aborted: Waiting up to 32 seconds for job step to finish.
srun: Job step aborted: Waiting up to 32 seconds for job step to finish.
srun: Job step aborted: Waiting up to 32 seconds for job step to finish.
srun: Job step aborted: Waiting up to 32 seconds for job step to finish.
srun: Job step aborted: Waiting up to 32 seconds for job step to finish.
srun: Job step aborted: Waiting up to 32 seconds for job step to finish.
srun: Job step aborted: Waiting up to 32 seconds for job step to finish.
srun: Job step aborted: Waiting up to 32 seconds for job step to finish.
srun: Job step aborted: Waiting up to 32 seconds for job step to finish.
srun: Job step aborted: Waiting up to 32 seconds for job step to finish.
srun: Job step aborted: Waiting up to 32 seconds for job step to finish.
srun: Job step aborted: Waiting up to 32 seconds for job step to finish.
srun: Job step aborted: Waiting up to 32 seconds for job step to finish.
srun: Job step aborted: Waiting up to 32 seconds for job step to finish.
srun: Job step aborted: Waiting up to 32 seconds for job step to finish.
srun: Job step aborted: Waiting up to 32 seconds for job step to finish.
srun: Job step aborted: Waiting up to 32 seconds for job step to finish.
srun: Job step aborted: Waiting up to 32 seconds for job step to finish.
srun: Job step aborted: Waiting up to 32 seconds for job step to finish.
srun: Job step aborted: Waiting up to 32 seconds for job step to finish.
srun: Job step aborted: Waiting up to 32 seconds for job step to finish.
srun: Job step aborted: Waiting up to 32 seconds for job step to finish.
srun: Job step aborted: Waiting up to 32 seconds for job step to finish.
srun: Job step aborted: Waiting up to 32 seconds for job step to finish.
srun: Job step aborted: Waiting up to 32 seconds for job step to finish.
srun: Job step aborted: Waiting up to 32 seconds for job step to finish.
srun: Job step aborted: Waiting up to 32 seconds for job step to finish.
srun: Job step aborted: Waiting up to 32 seconds for job step to finish.
srun: Job step aborted: Waiting up to 32 seconds for job step to finish.
srun: Job step aborted: Waiting up to 32 seconds for job step to finish.
srun: Job step aborted: Waiting up to 32 seconds for job step to finish.
srun: Job step aborted: Waiting up to 32 seconds for job step to finish.
srun: Job step aborted: Waiting up to 32 seconds for job step to finish.
srun: Job step aborted: Waiting up to 32 seconds for job step to finish.
srun: Job step aborted: Waiting up to 32 seconds for job step to finish.
srun: Job step aborted: Waiting up to 32 seconds for job step to finish.
srun: Job step aborted: Waiting up to 32 seconds for job step to finish.
srun: Job step aborted: Waiting up to 32 seconds for job step to finish.
srun: Job step aborted: Waiting up to 32 seconds for job step to finish.
srun: Job step aborted: Waiting up to 32 seconds for job step to finish.
srun: Job step aborted: Waiting up to 32 seconds for job step to finish.
srun: Job step aborted: Waiting up to 32 seconds for job step to finish.
srun: Job step aborted: Waiting up to 32 seconds for job step to finish.
srun: Job step aborted: Waiting up to 32 seconds for job step to finish.
srun: Job step aborted: Waiting up to 32 seconds for job step to finish.
srun: Job step aborted: Waiting up to 32 seconds for job step to finish.
srun: Job step aborted: Waiting up to 32 seconds for job step to finish.
srun: Job step aborted: Waiting up to 32 seconds for job step to finish.
srun: Job step aborted: Waiting up to 32 seconds for job step to finish.
srun: Job step aborted: Waiting up to 32 seconds for job step to finish.
srun: Job step aborted: Waiting up to 32 seconds for job step to finish.
srun: Job step aborted: Waiting up to 32 seconds for job step to finish.
srun: Job step aborted: Waiting up to 32 seconds for job step to finish.
srun: Job step aborted: Waiting up to 32 seconds for job step to finish.
srun: Job step aborted: Waiting up to 32 seconds for job step to finish.
srun: Job step aborted: Waiting up to 32 seconds for job step to finish.
srun: Job step aborted: Waiting up to 32 seconds for job step to finish.
srun: Job step aborted: Waiting up to 32 seconds for job step to finish.
srun: Job step aborted: Waiting up to 32 seconds for job step to finish.
srun: Job step aborted: Waiting up to 32 seconds for job step to finish.
srun: Job step aborted: Waiting up to 32 seconds for job step to finish.
srun: Job step aborted: Waiting up to 32 seconds for job step to finish.
srun: Job step aborted: Waiting up to 32 seconds for job step to finish.
srun: Job step aborted: Waiting up to 32 seconds for job step to finish.
srun: Job step aborted: Waiting up to 32 seconds for job step to finish.
srun: Job step aborted: Waiting up to 32 seconds for job step to finish.
srun: Job step aborted: Waiting up to 32 seconds for job step to finish.
srun: Job step aborted: Waiting up to 32 seconds for job step to finish.
srun: Job step aborted: Waiting up to 32 seconds for job step to finish.
srun: Job step aborted: Waiting up to 32 seconds for job step to finish.
srun: Job step aborted: Waiting up to 32 seconds for job step to finish.
srun: Job step aborted: Waiting up to 32 seconds for job step to finish.
srun: Job step aborted: Waiting up to 32 seconds for job step to finish.
srun: Job step aborted: Waiting up to 32 seconds for job step to finish.
srun: Job step aborted: Waiting up to 32 seconds for job step to finish.
srun: Job step aborted: Waiting up to 32 seconds for job step to finish.
srun: Job step aborted: Waiting up to 32 seconds for job step to finish.
srun: Job step aborted: Waiting up to 32 seconds for job step to finish.
srun: Job step aborted: Waiting up to 32 seconds for job step to finish.
srun: Job step aborted: Waiting up to 32 seconds for job step to finish.
srun: Job step aborted: Waiting up to 32 seconds for job step to finish.
srun: Job step aborted: Waiting up to 32 seconds for job step to finish.
srun: Job step aborted: Waiting up to 32 seconds for job step to finish.
srun: Job step aborted: Waiting up to 32 seconds for job step to finish.
srun: Job step aborted: Waiting up to 32 seconds for job step to finish.
srun: Job step aborted: Waiting up to 32 seconds for job step to finish.
srun: Job step aborted: Waiting up to 32 seconds for job step to finish.
srun: Job step aborted: Waiting up to 32 seconds for job step to finish.
srun: Job step aborted: Waiting up to 32 seconds for job step to finish.
srun: Job step aborted: Waiting up to 32 seconds for job step to finish.
srun: Job step aborted: Waiting up to 32 seconds for job step to finish.
srun: Job step aborted: Waiting up to 32 seconds for job step to finish.
srun: Job step aborted: Waiting up to 32 seconds for job step to finish.
srun: Job step aborted: Waiting up to 32 seconds for job step to finish.
srun: Job step aborted: Waiting up to 32 seconds for job step to finish.
srun: Job step aborted: Waiting up to 32 seconds for job step to finish.
srun: Job step aborted: Waiting up to 32 seconds for job step to finish.
srun: Job step aborted: Waiting up to 32 seconds for job step to finish.
srun: Job step aborted: Waiting up to 32 seconds for job step to finish.
srun: Job step aborted: Waiting up to 32 seconds for job step to finish.
srun: Job step aborted: Waiting up to 32 seconds for job step to finish.
srun: Job step aborted: Waiting up to 32 seconds for job step to finish.
srun: Job step aborted: Waiting up to 32 seconds for job step to finish.
srun: Job step aborted: Waiting up to 32 seconds for job step to finish.
srun: Job step aborted: Waiting up to 32 seconds for job step to finish.
srun: Job step aborted: Waiting up to 32 seconds for job step to finish.
srun: Job step aborted: Waiting up to 32 seconds for job step to finish.
srun: Job step aborted: Waiting up to 32 seconds for job step to finish.
srun: Job step aborted: Waiting up to 32 seconds for job step to finish.
srun: Job step aborted: Waiting up to 32 seconds for job step to finish.
srun: Job step aborted: Waiting up to 32 seconds for job step to finish.
srun: Job step aborted: Waiting up to 32 seconds for job step to finish.
srun: Job step aborted: Waiting up to 32 seconds for job step to finish.
srun: Job step aborted: Waiting up to 32 seconds for job step to finish.
srun: Job step aborted: Waiting up to 32 seconds for job step to finish.
srun: Job step aborted: Waiting up to 32 seconds for job step to finish.
srun: Job step aborted: Waiting up to 32 seconds for job step to finish.
srun: Job step aborted: Waiting up to 32 seconds for job step to finish.
srun: Job step aborted: Waiting up to 32 seconds for job step to finish.
srun: Job step aborted: Waiting up to 32 seconds for job step to finish.
srun: Job step aborted: Waiting up to 32 seconds for job step to finish.
srun: Job step aborted: Waiting up to 32 seconds for job step to finish.
srun: Job step aborted: Waiting up to 32 seconds for job step to finish.
srun: Job step aborted: Waiting up to 32 seconds for job step to finish.
srun: Job step aborted: Waiting up to 32 seconds for job step to finish.
srun: Job step aborted: Waiting up to 32 seconds for job step to finish.
srun: Job step aborted: Waiting up to 32 seconds for job step to finish.
srun: Job step aborted: Waiting up to 32 seconds for job step to finish.
srun: Job step aborted: Waiting up to 32 seconds for job step to finish.
srun: Job step aborted: Waiting up to 32 seconds for job step to finish.
srun: Job step aborted: Waiting up to 32 seconds for job step to finish.
srun: Job step aborted: Waiting up to 32 seconds for job step to finish.
srun: Job step aborted: Waiting up to 32 seconds for job step to finish.
srun: Job step aborted: Waiting up to 32 seconds for job step to finish.
srun: Job step aborted: Waiting up to 32 seconds for job step to finish.
srun: Job step aborted: Waiting up to 32 seconds for job step to finish.
srun: Job step aborted: Waiting up to 32 seconds for job step to finish.
srun: Job step aborted: Waiting up to 32 seconds for job step to finish.
srun: Job step aborted: Waiting up to 32 seconds for job step to finish.
srun: Job step aborted: Waiting up to 32 seconds for job step to finish.
srun: Job step aborted: Waiting up to 32 seconds for job step to finish.
srun: Job step aborted: Waiting up to 32 seconds for job step to finish.
srun: Job step aborted: Waiting up to 32 seconds for job step to finish.
srun: Job step aborted: Waiting up to 32 seconds for job step to finish.
srun: Job step aborted: Waiting up to 32 seconds for job step to finish.
srun: Job step aborted: Waiting up to 32 seconds for job step to finish.
srun: Job step aborted: Waiting up to 32 seconds for job step to finish.
srun: Job step aborted: Waiting up to 32 seconds for job step to finish.
srun: Job step aborted: Waiting up to 32 seconds for job step to finish.
srun: Job step aborted: Waiting up to 32 seconds for job step to finish.
srun: Job step aborted: Waiting up to 32 seconds for job step to finish.
srun: Job step aborted: Waiting up to 32 seconds for job step to finish.
srun: Job step aborted: Waiting up to 32 seconds for job step to finish.
srun: Job step aborted: Waiting up to 32 seconds for job step to finish.
srun: Job step aborted: Waiting up to 32 seconds for job step to finish.
srun: Job step aborted: Waiting up to 32 seconds for job step to finish.
srun: Job step aborted: Waiting up to 32 seconds for job step to finish.
srun: Job step aborted: Waiting up to 32 seconds for job step to finish.
srun: Job step aborted: Waiting up to 32 seconds for job step to finish.
srun: Job step aborted: Waiting up to 32 seconds for job step to finish.
srun: Job step aborted: Waiting up to 32 seconds for job step to finish.
srun: Job step aborted: Waiting up to 32 seconds for job step to finish.
srun: Job step aborted: Waiting up to 32 seconds for job step to finish.
srun: Job step aborted: Waiting up to 32 seconds for job step to finish.
srun: Job step aborted: Waiting up to 32 seconds for job step to finish.
srun: Job step aborted: Waiting up to 32 seconds for job step to finish.
srun: Job step aborted: Waiting up to 32 seconds for job step to finish.
srun: Job step aborted: Waiting up to 32 seconds for job step to finish.
srun: Job step aborted: Waiting up to 32 seconds for job step to finish.
srun: Job step aborted: Waiting up to 32 seconds for job step to finish.
srun: Job step aborted: Waiting up to 32 seconds for job step to finish.
srun: Job step aborted: Waiting up to 32 seconds for job step to finish.
srun: Job step aborted: Waiting up to 32 seconds for job step to finish.
srun: Job step aborted: Waiting up to 32 seconds for job step to finish.
srun: Job step aborted: Waiting up to 32 seconds for job step to finish.
srun: Job step aborted: Waiting up to 32 seconds for job step to finish.
srun: Job step aborted: Waiting up to 32 seconds for job step to finish.
srun: Job step aborted: Waiting up to 32 seconds for job step to finish.
srun: Job step aborted: Waiting up to 32 seconds for job step to finish.
srun: Job step aborted: Waiting up to 32 seconds for job step to finish.
srun: Job step aborted: Waiting up to 32 seconds for job step to finish.
srun: Job step aborted: Waiting up to 32 seconds for job step to finish.
srun: Job step aborted: Waiting up to 32 seconds for job step to finish.
srun: Job step aborted: Waiting up to 32 seconds for job step to finish.
srun: Job step aborted: Waiting up to 32 seconds for job step to finish.
srun: Job step aborted: Waiting up to 32 seconds for job step to finish.
srun: Job step aborted: Waiting up to 32 seconds for job step to finish.
srun: Job step aborted: Waiting up to 32 seconds for job step to finish.
srun: Job step aborted: Waiting up to 32 seconds for job step to finish.
srun: Job step aborted: Waiting up to 32 seconds for job step to finish.
srun: Job step aborted: Waiting up to 32 seconds for job step to finish.
srun: Job step aborted: Waiting up to 32 seconds for job step to finish.
srun: Job step aborted: Waiting up to 32 seconds for job step to finish.
srun: Job step aborted: Waiting up to 32 seconds for job step to finish.
srun: Job step aborted: Waiting up to 32 seconds for job step to finish.
srun: Job step aborted: Waiting up to 32 seconds for job step to finish.
srun: Job step aborted: Waiting up to 32 seconds for job step to finish.
srun: Job step aborted: Waiting up to 32 seconds for job step to finish.
srun: Job step aborted: Waiting up to 32 seconds for job step to finish.
srun: Job step aborted: Waiting up to 32 seconds for job step to finish.
srun: Job step aborted: Waiting up to 32 seconds for job step to finish.
srun: Job step aborted: Waiting up to 32 seconds for job step to finish.
srun: Job step aborted: Waiting up to 32 seconds for job step to finish.
srun: Job step aborted: Waiting up to 32 seconds for job step to finish.
srun: Job step aborted: Waiting up to 32 seconds for job step to finish.
srun: Job step aborted: Waiting up to 32 seconds for job step to finish.
srun: Job step aborted: Waiting up to 32 seconds for job step to finish.
srun: Job step aborted: Waiting up to 32 seconds for job step to finish.
srun: Job step aborted: Waiting up to 32 seconds for job step to finish.
srun: Job step aborted: Waiting up to 32 seconds for job step to finish.
srun: Job step aborted: Waiting up to 32 seconds for job step to finish.
srun: Job step aborted: Waiting up to 32 seconds for job step to finish.
srun: Job step aborted: Waiting up to 32 seconds for job step to finish.
srun: Job step aborted: Waiting up to 32 seconds for job step to finish.
srun: Job step aborted: Waiting up to 32 seconds for job step to finish.
srun: Job step aborted: Waiting up to 32 seconds for job step to finish.
srun: Job step aborted: Waiting up to 32 seconds for job step to finish.
srun: Job step aborted: Waiting up to 32 seconds for job step to finish.
srun: Job step aborted: Waiting up to 32 seconds for job step to finish.
srun: Job step aborted: Waiting up to 32 seconds for job step to finish.
srun: Job step aborted: Waiting up to 32 seconds for job step to finish.
srun: Job step aborted: Waiting up to 32 seconds for job step to finish.
srun: Job step aborted: Waiting up to 32 seconds for job step to finish.
srun: Job step aborted: Waiting up to 32 seconds for job step to finish.
srun: Job step aborted: Waiting up to 32 seconds for job step to finish.
srun: Job step aborted: Waiting up to 32 seconds for job step to finish.
srun: Job step aborted: Waiting up to 32 seconds for job step to finish.
srun: Job step aborted: Waiting up to 32 seconds for job step to finish.
srun: Job step aborted: Waiting up to 32 seconds for job step to finish.
srun: Job step aborted: Waiting up to 32 seconds for job step to finish.
srun: Job step aborted: Waiting up to 32 seconds for job step to finish.
srun: Job step aborted: Waiting up to 32 seconds for job step to finish.
srun: Job step aborted: Waiting up to 32 seconds for job step to finish.
srun: Job step aborted: Waiting up to 32 seconds for job step to finish.
srun: Job step aborted: Waiting up to 32 seconds for job step to finish.
slurmstepd-enc3-node6: error: *** STEP 1516862.30 ON enc3-node6 CANCELLED AT 2021-10-13T14:00:23 ***
slurmstepd-enc3-node5: error: *** STEP 1516862.29 ON enc3-node5 CANCELLED AT 2021-10-13T14:00:23 ***
slurmstepd-enc2-node9: error: *** STEP 1516862.26 ON enc2-node9 CANCELLED AT 2021-10-13T14:00:23 ***
slurmstepd-enc2-node9: error: *** STEP 1516862.439 ON enc2-node9 CANCELLED AT 2021-10-13T14:00:23 ***
slurmstepd-enc3-node3: error: *** STEP 1516862.441 ON enc3-node3 CANCELLED AT 2021-10-13T14:00:23 ***
slurmstepd-enc3-node4: error: *** STEP 1516862.443 ON enc3-node4 CANCELLED AT 2021-10-13T14:00:23 ***
slurmstepd-enc3-node4: error: *** STEP 1516862.447 ON enc3-node4 CANCELLED AT 2021-10-13T14:00:24 ***
slurmstepd-enc2-node5: error: *** STEP 1516862.403 ON enc2-node5 CANCELLED AT 2021-10-13T14:00:23 ***
slurmstepd-enc3-node3: error: *** STEP 1516862.440 ON enc3-node3 CANCELLED AT 2021-10-13T14:00:24 ***
slurmstepd-enc0-node7: error: *** STEP 1516862.114 ON enc0-node7 CANCELLED AT 2021-10-13T14:00:23 ***
slurmstepd-enc2-node4: error: *** STEP 1516862.394 ON enc2-node4 CANCELLED AT 2021-10-13T14:00:23 ***
slurmstepd-enc3-node4: error: *** STEP 1516862.28 ON enc3-node4 CANCELLED AT 2021-10-13T14:00:24 ***
slurmstepd-enc2-node5: error: *** STEP 1516862.402 ON enc2-node5 CANCELLED AT 2021-10-13T14:00:23 ***
slurmstepd-enc0-node3: error: *** STEP 1516862.74 ON enc0-node3 CANCELLED AT 2021-10-13T14:00:23 ***
slurmstepd-enc2-node8: error: *** STEP 1516862.435 ON enc2-node8 CANCELLED AT 2021-10-13T14:00:23 ***
slurmstepd-enc0-node6: error: *** STEP 1516862.101 ON enc0-node6 CANCELLED AT 2021-10-13T14:00:23 ***
slurmstepd-enc2-node4: error: *** STEP 1516862.399 ON enc2-node4 CANCELLED AT 2021-10-13T14:00:23 ***
slurmstepd-enc3-node3: error: *** STEP 1516862.442 ON enc3-node3 CANCELLED AT 2021-10-13T14:00:24 ***
slurmstepd-enc2-node5: error: *** STEP 1516862.22 ON enc2-node5 CANCELLED AT 2021-10-13T14:00:23 ***
slurmstepd-enc0-node7: error: *** STEP 1516862.110 ON enc0-node7 CANCELLED AT 2021-10-13T14:00:23 ***
slurmstepd-enc3-node4: error: *** STEP 1516862.444 ON enc3-node4 CANCELLED AT 2021-10-13T14:00:24 ***
slurmstepd-enc0-node3: error: *** STEP 1516862.71 ON enc0-node3 CANCELLED AT 2021-10-13T14:00:23 ***
slurmstepd-enc0-node4: error: *** STEP 1516862.85 ON enc0-node4 CANCELLED AT 2021-10-13T14:00:23 ***
slurmstepd-enc2-node8: error: *** STEP 1516862.434 ON enc2-node8 CANCELLED AT 2021-10-13T14:00:23 ***
slurmstepd-enc0-node6: error: *** STEP 1516862.4 ON enc0-node6 CANCELLED AT 2021-10-13T14:00:23 ***
slurmstepd-enc2-node4: error: *** STEP 1516862.392 ON enc2-node4 CANCELLED AT 2021-10-13T14:00:23 ***
slurmstepd-enc0-node7: error: *** STEP 1516862.112 ON enc0-node7 CANCELLED AT 2021-10-13T14:00:23 ***
slurmstepd-enc2-node5: error: *** STEP 1516862.407 ON enc2-node5 CANCELLED AT 2021-10-13T14:00:23 ***
slurmstepd-enc0-node3: error: *** STEP 1516862.77 ON enc0-node3 CANCELLED AT 2021-10-13T14:00:23 ***
slurmstepd-enc3-node4: error: *** STEP 1516862.446 ON enc3-node4 CANCELLED AT 2021-10-13T14:00:24 ***
slurmstepd-enc0-node5: error: *** STEP 1516862.96 ON enc0-node5 CANCELLED AT 2021-10-13T14:00:23 ***
slurmstepd-enc2-node8: error: *** STEP 1516862.433 ON enc2-node8 CANCELLED AT 2021-10-13T14:00:23 ***
slurmstepd-enc0-node6: error: *** STEP 1516862.104 ON enc0-node6 CANCELLED AT 2021-10-13T14:00:23 ***
slurmstepd-enc0-node7: error: *** STEP 1516862.106 ON enc0-node7 CANCELLED AT 2021-10-13T14:00:23 ***
slurmstepd-enc0-node4: error: *** STEP 1516862.79 ON enc0-node4 CANCELLED AT 2021-10-13T14:00:23 ***
slurmstepd-enc2-node5: error: *** STEP 1516862.406 ON enc2-node5 CANCELLED AT 2021-10-13T14:00:23 ***
slurmstepd-enc2-node4: error: *** STEP 1516862.397 ON enc2-node4 CANCELLED AT 2021-10-13T14:00:23 ***
slurmstepd-enc0-node3: error: *** STEP 1516862.76 ON enc0-node3 CANCELLED AT 2021-10-13T14:00:23 ***
slurmstepd-enc3-node4: error: *** STEP 1516862.445 ON enc3-node4 CANCELLED AT 2021-10-13T14:00:24 ***
slurmstepd-enc0-node7: error: *** STEP 1516862.107 ON enc0-node7 CANCELLED AT 2021-10-13T14:00:23 ***
slurmstepd-enc0-node6: error: *** STEP 1516862.98 ON enc0-node6 CANCELLED AT 2021-10-13T14:00:23 ***
slurmstepd-enc2-node8: error: *** STEP 1516862.25 ON enc2-node8 CANCELLED AT 2021-10-13T14:00:23 ***
slurmstepd-enc0-node5: error: *** STEP 1516862.3 ON enc0-node5 CANCELLED AT 2021-10-13T14:00:23 ***
slurmstepd-enc2-node5: error: *** STEP 1516862.409 ON enc2-node5 CANCELLED AT 2021-10-13T14:00:23 ***
slurmstepd-enc0-node4: error: *** STEP 1516862.2 ON enc0-node4 CANCELLED AT 2021-10-13T14:00:23 ***
slurmstepd-enc2-node4: error: *** STEP 1516862.395 ON enc2-node4 CANCELLED AT 2021-10-13T14:00:23 ***
slurmstepd-enc0-node7: error: *** STEP 1516862.111 ON enc0-node7 CANCELLED AT 2021-10-13T14:00:23 ***
slurmstepd-enc0-node3: error: *** STEP 1516862.75 ON enc0-node3 CANCELLED AT 2021-10-13T14:00:23 ***
slurmstepd-enc0-node6: error: *** STEP 1516862.97 ON enc0-node6 CANCELLED AT 2021-10-13T14:00:23 ***
slurmstepd-enc2-node8: error: *** STEP 1516862.438 ON enc2-node8 CANCELLED AT 2021-10-13T14:00:23 ***
slurmstepd-enc2-node5: error: *** STEP 1516862.404 ON enc2-node5 CANCELLED AT 2021-10-13T14:00:23 ***
slurmstepd-enc0-node4: error: *** STEP 1516862.81 ON enc0-node4 CANCELLED AT 2021-10-13T14:00:23 ***
slurmstepd-enc2-node3: error: *** STEP 1516862.387 ON enc2-node3 CANCELLED AT 2021-10-13T14:00:23 ***
slurmstepd-enc0-node5: error: *** STEP 1516862.93 ON enc0-node5 CANCELLED AT 2021-10-13T14:00:23 ***
slurmstepd-enc0-node6: error: *** STEP 1516862.103 ON enc0-node6 CANCELLED AT 2021-10-13T14:00:23 ***
slurmstepd-enc2-node5: error: *** STEP 1516862.405 ON enc2-node5 CANCELLED AT 2021-10-13T14:00:23 ***
slurmstepd-enc0-node4: error: *** STEP 1516862.86 ON enc0-node4 CANCELLED AT 2021-10-13T14:00:23 ***
slurmstepd-enc2-node4: error: *** STEP 1516862.400 ON enc2-node4 CANCELLED AT 2021-10-13T14:00:23 ***
slurmstepd-enc1-node11: error: *** STEP 1516862.313 ON enc1-node11 CANCELLED AT 2021-10-13T14:00:23 ***
slurmstepd-enc3-node3: error: *** STEP 1516862.27 ON enc3-node3 CANCELLED AT 2021-10-13T14:00:24 ***
slurmstepd-enc0-node5: error: *** STEP 1516862.95 ON enc0-node5 CANCELLED AT 2021-10-13T14:00:23 ***
srun: error: enc3-node5: task 0: Terminated
slurmstepd-enc1-node11: error: *** STEP 1516862.309 ON enc1-node11 CANCELLED AT 2021-10-13T14:00:23 ***
srun: error: enc3-node6: task 0: Terminated
slurmstepd-enc0-node4: error: *** STEP 1516862.82 ON enc0-node4 CANCELLED AT 2021-10-13T14:00:23 ***
slurmstepd-enc2-node3: error: *** STEP 1516862.388 ON enc2-node3 CANCELLED AT 2021-10-13T14:00:23 ***
slurmstepd-enc0-node5: error: *** STEP 1516862.90 ON enc0-node5 CANCELLED AT 2021-10-13T14:00:23 ***
slurmstepd-enc1-node11: error: *** STEP 1516862.319 ON enc1-node11 CANCELLED AT 2021-10-13T14:00:23 ***
slurmstepd-enc0-node7: error: *** STEP 1516862.113 ON enc0-node7 CANCELLED AT 2021-10-13T14:00:23 ***
srun: error: enc0-node7: task 0: Terminated
slurmstepd-enc1-node2: error: *** STEP 1516862.152 ON enc1-node2 CANCELLED AT 2021-10-13T14:00:23 ***
srun: error: enc0-node7: task 0: Terminated
slurmstepd-enc1-node11: error: *** STEP 1516862.311 ON enc1-node11 CANCELLED AT 2021-10-13T14:00:23 ***
slurmstepd-enc0-node7: error: *** STEP 1516862.108 ON enc0-node7 CANCELLED AT 2021-10-13T14:00:23 ***
slurmstepd-enc1-node14: error: *** STEP 1516862.385 ON enc1-node14 CANCELLED AT 2021-10-13T14:00:23 ***
slurmstepd-enc1-node13: error: *** STEP 1516862.366 ON enc1-node13 CANCELLED AT 2021-10-13T14:00:23 ***
slurmstepd-enc1-node2: error: *** STEP 1516862.140 ON enc1-node2 CANCELLED AT 2021-10-13T14:00:23 ***
srun: error: enc0-node7: task 0: Terminated
slurmstepd-enc1-node11: error: *** STEP 1516862.323 ON enc1-node11 CANCELLED AT 2021-10-13T14:00:23 ***
srun: error: enc0-node7: task 0: Terminated
srun: error: enc2-node5: task 0: Terminated
slurmstepd-enc1-node14: error: *** STEP 1516862.380 ON enc1-node14 CANCELLED AT 2021-10-13T14:00:23 ***
srun: error: enc2-node5: task 0: Terminated
slurmstepd-enc1-node2: error: *** STEP 1516862.146 ON enc1-node2 CANCELLED AT 2021-10-13T14:00:23 ***
slurmstepd-enc0-node7: error: *** STEP 1516862.109 ON enc0-node7 CANCELLED AT 2021-10-13T14:00:23 ***
srun: error: enc0-node7: task 0: Terminated
slurmstepd-enc1-node11: error: *** STEP 1516862.327 ON enc1-node11 CANCELLED AT 2021-10-13T14:00:23 ***
slurmstepd-enc2-node3: error: *** STEP 1516862.391 ON enc2-node3 CANCELLED AT 2021-10-13T14:00:23 ***
slurmstepd-enc2-node5: error: *** STEP 1516862.408 ON enc2-node5 CANCELLED AT 2021-10-13T14:00:23 ***
slurmstepd-enc0-node6: error: *** STEP 1516862.102 ON enc0-node6 CANCELLED AT 2021-10-13T14:00:23 ***
srun: error: enc2-node5: task 0: Terminated
srun: error: enc2-node5: task 0: Terminated
slurmstepd-enc0-node7: error: *** STEP 1516862.5 ON enc0-node7 CANCELLED AT 2021-10-13T14:00:23 ***
slurmstepd-enc2-node4: error: *** STEP 1516862.393 ON enc2-node4 CANCELLED AT 2021-10-13T14:00:23 ***
srun: error: enc2-node5: task 0: Terminated
srun: error: enc0-node6: task 0: Terminated
srun: error: enc0-node6: task 0: Terminated
srun: error: enc3-node4: task 0: Terminated
slurmstepd-enc1-node11: error: *** STEP 1516862.322 ON enc1-node11 CANCELLED AT 2021-10-13T14:00:23 ***
srun: error: enc3-node4: task 0: Terminated
slurmstepd-enc1-node14: error: *** STEP 1516862.367 ON enc1-node14 CANCELLED AT 2021-10-13T14:00:23 ***
srun: error: enc2-node4: task 0: Terminated
srun: error: enc0-node3: task 0: Terminated
srun: error: enc2-node4: task 0: Terminated
slurmstepd-enc1-node2: error: *** STEP 1516862.139 ON enc1-node2 CANCELLED AT 2021-10-13T14:00:23 ***
slurmstepd-enc2-node5: error: *** STEP 1516862.401 ON enc2-node5 CANCELLED AT 2021-10-13T14:00:23 ***
slurmstepd-enc0-node6: error: *** STEP 1516862.100 ON enc0-node6 CANCELLED AT 2021-10-13T14:00:23 ***
slurmstepd-enc0-node3: error: *** STEP 1516862.73 ON enc0-node3 CANCELLED AT 2021-10-13T14:00:23 ***
slurmstepd-enc2-node4: error: *** STEP 1516862.398 ON enc2-node4 CANCELLED AT 2021-10-13T14:00:23 ***
slurmstepd-enc1-node14: error: *** STEP 1516862.375 ON enc1-node14 CANCELLED AT 2021-10-13T14:00:23 ***
srun: error: enc0-node3: task 0: Terminated
srun: error: enc0-node7: task 0: Terminated
slurmstepd-enc1-node2: error: *** STEP 1516862.137 ON enc1-node2 CANCELLED AT 2021-10-13T14:00:23 ***
srun: error: enc0-node3: task 0: Terminated
srun: error: enc2-node4: task 0: Terminated
srun: error: enc0-node7: task 0: Terminated
slurmstepd-enc0-node3: error: *** STEP 1516862.72 ON enc0-node3 CANCELLED AT 2021-10-13T14:00:23 ***
srun: error: enc2-node9: task 0: Terminated
srun: error: enc2-node9: task 0: Terminated
slurmstepd-enc2-node8: error: *** STEP 1516862.430 ON enc2-node8 CANCELLED AT 2021-10-13T14:00:23 ***
srun: error: enc2-node8: task 0: Terminated
srun: error: enc2-node4: task 0: Terminated
srun: error: enc2-node4: task 0: Terminated
srun: error: enc0-node6: task 0: Terminated
slurmstepd-enc0-node2: error: *** STEP 1516862.64 ON enc0-node2 CANCELLED AT 2021-10-13T14:00:23 ***
slurmstepd-enc2-node3: error: *** STEP 1516862.390 ON enc2-node3 CANCELLED AT 2021-10-13T14:00:23 ***
srun: error: enc0-node7: task 0: Terminated
slurmstepd-enc1-node14: error: *** STEP 1516862.379 ON enc1-node14 CANCELLED AT 2021-10-13T14:00:23 ***
slurmstepd-enc0-node6: error: *** STEP 1516862.99 ON enc0-node6 CANCELLED AT 2021-10-13T14:00:23 ***
slurmstepd-enc2-node4: error: *** STEP 1516862.21 ON enc2-node4 CANCELLED AT 2021-10-13T14:00:23 ***
slurmstepd-enc2-node8: error: *** STEP 1516862.432 ON enc2-node8 CANCELLED AT 2021-10-13T14:00:23 ***
srun: error: enc3-node4: task 0: Terminated
srun: error: enc0-node7: task 0: Terminated
slurmstepd-enc0-node4: error: *** STEP 1516862.84 ON enc0-node4 CANCELLED AT 2021-10-13T14:00:23 ***
srun: error: enc3-node4: task 0: Terminated
srun: error: enc2-node5: task 0: Terminated
slurmstepd-enc0-node2: error: *** STEP 1516862.63 ON enc0-node2 CANCELLED AT 2021-10-13T14:00:23 ***
srun: error: enc0-node6: task 0: Terminated
slurmstepd-enc1-node14: error: *** STEP 1516862.377 ON enc1-node14 CANCELLED AT 2021-10-13T14:00:23 ***
srun: error: enc0-node6: task 0: Terminated
srun: error: enc2-node5: task 0: Terminated
srun: error: enc2-node5: task 0: Terminated
srun: error: enc0-node7: task 0: Terminated
slurmstepd-enc0-node3: error: *** STEP 1516862.1 ON enc0-node3 CANCELLED AT 2021-10-13T14:00:23 ***
slurmstepd-enc2-node4: error: *** STEP 1516862.396 ON enc2-node4 CANCELLED AT 2021-10-13T14:00:23 ***
slurmstepd-enc2-node3: error: *** STEP 1516862.20 ON enc2-node3 CANCELLED AT 2021-10-13T14:00:23 ***
slurmstepd-enc0-node6: error: *** STEP 1516862.105 ON enc0-node6 CANCELLED AT 2021-10-13T14:00:23 ***
slurmstepd-enc2-node8: error: *** STEP 1516862.431 ON enc2-node8 CANCELLED AT 2021-10-13T14:00:23 ***
slurmstepd-enc0-node5: error: *** STEP 1516862.89 ON enc0-node5 CANCELLED AT 2021-10-13T14:00:23 ***
srun: error: enc2-node8: task 0: Terminated
slurmstepd-enc1-node1: error: *** STEP 1516862.132 ON enc1-node1 CANCELLED AT 2021-10-13T14:00:23 ***
srun: error: enc0-node6: task 0: Terminated
slurmstepd-enc1-node12: error: *** STEP 1516862.335 ON enc1-node12 CANCELLED AT 2021-10-13T14:00:23 ***
srun: error: enc2-node4: task 0: Terminated
srun: error: enc1-node11: task 0: Terminated
srun: error: enc2-node4: task 0: Terminated
srun: error: enc0-node3: task 0: Terminated
slurmstepd-enc0-node4: error: *** STEP 1516862.83 ON enc0-node4 CANCELLED AT 2021-10-13T14:00:23 ***
srun: error: enc2-node5: task 0: Terminated
srun: error: enc1-node11: task 0: Terminated
srun: error: enc0-node6: task 0: Terminated
slurmstepd-enc1-node6: error: *** STEP 1516862.226 ON enc1-node6 CANCELLED AT 2021-10-13T14:00:23 ***
srun: error: enc0-node4: task 0: Terminated
slurmstepd-enc1-node7: error: *** STEP 1516862.232 ON enc1-node7 CANCELLED AT 2021-10-13T14:00:23 ***
srun: error: enc0-node5: task 0: Terminated
slurmstepd-enc1-node3: error: *** STEP 1516862.166 ON enc1-node3 CANCELLED AT 2021-10-13T14:00:23 ***
srun: error: enc2-node8: task 0: Terminated
slurmstepd-enc0-node2: error: *** STEP 1516862.60 ON enc0-node2 CANCELLED AT 2021-10-13T14:00:23 ***
srun: error: enc0-node5: task 0: Terminated
slurmstepd-enc0-node3: error: *** STEP 1516862.70 ON enc0-node3 CANCELLED AT 2021-10-13T14:00:23 ***
srun: error: enc0-node4: task 0: Terminated
slurmstepd-enc1-node13: error: *** STEP 1516862.352 ON enc1-node13 CANCELLED AT 2021-10-13T14:00:23 ***
slurmstepd-enc2-node8: error: *** STEP 1516862.437 ON enc2-node8 CANCELLED AT 2021-10-13T14:00:23 ***
slurmstepd-enc1-node11: error: *** STEP 1516862.310 ON enc1-node11 CANCELLED AT 2021-10-13T14:00:23 ***
slurmstepd-enc0-node5: error: *** STEP 1516862.94 ON enc0-node5 CANCELLED AT 2021-10-13T14:00:23 ***
srun: error: enc2-node4: task 0: Terminated
srun: error: enc2-node8: task 0: Terminated
srun: error: enc2-node8: task 0: Terminated
srun: error: enc0-node3: task 0: Terminated
srun: error: enc0-node6: task 0: Terminated
slurmstepd-enc1-node8: error: *** STEP 1516862.262 ON enc1-node8 CANCELLED AT 2021-10-13T14:00:23 ***
srun: error: enc0-node5: task 0: Terminated
srun: error: enc3-node4: task 0: Terminated
slurmstepd-enc1-node10: error: *** STEP 1516862.292 ON enc1-node10 CANCELLED AT 2021-10-13T14:00:23 ***
slurmstepd-enc0-node3: error: *** STEP 1516862.78 ON enc0-node3 CANCELLED AT 2021-10-13T14:00:23 ***
slurmstepd-enc1-node6: error: *** STEP 1516862.217 ON enc1-node6 CANCELLED AT 2021-10-13T14:00:23 ***
slurmstepd-enc1-node7: error: *** STEP 1516862.245 ON enc1-node7 CANCELLED AT 2021-10-13T14:00:23 ***
slurmstepd-enc2-node3: error: *** STEP 1516862.386 ON enc2-node3 CANCELLED AT 2021-10-13T14:00:23 ***
slurmstepd-enc1-node2: error: *** STEP 1516862.138 ON enc1-node2 CANCELLED AT 2021-10-13T14:00:23 ***
slurmstepd-enc1-node1: error: *** STEP 1516862.124 ON enc1-node1 CANCELLED AT 2021-10-13T14:00:23 ***
slurmstepd-enc0-node4: error: *** STEP 1516862.87 ON enc0-node4 CANCELLED AT 2021-10-13T14:00:23 ***
slurmstepd-enc0-node2: error: *** STEP 1516862.58 ON enc0-node2 CANCELLED AT 2021-10-13T14:00:23 ***
slurmstepd-enc1-node13: error: *** STEP 1516862.353 ON enc1-node13 CANCELLED AT 2021-10-13T14:00:23 ***
slurmstepd-enc2-node8: error: *** STEP 1516862.436 ON enc2-node8 CANCELLED AT 2021-10-13T14:00:23 ***
slurmstepd-enc0-node5: error: *** STEP 1516862.88 ON enc0-node5 CANCELLED AT 2021-10-13T14:00:23 ***
slurmstepd-enc1-node11: error: *** STEP 1516862.16 ON enc1-node11 CANCELLED AT 2021-10-13T14:00:23 ***
srun: error: enc2-node4: task 0: Terminated
slurmstepd-enc0-node4: error: *** STEP 1516862.80 ON enc0-node4 CANCELLED AT 2021-10-13T14:00:23 ***
slurmstepd-enc1-node4: error: *** STEP 1516862.191 ON enc1-node4 CANCELLED AT 2021-10-13T14:00:23 ***
slurmstepd-enc0-node2: error: *** STEP 1516862.52 ON enc0-node2 CANCELLED AT 2021-10-13T14:00:23 ***
slurmstepd-enc1-node13: error: *** STEP 1516862.364 ON enc1-node13 CANCELLED AT 2021-10-13T14:00:23 ***
slurmstepd-enc1-node7: error: *** STEP 1516862.231 ON enc1-node7 CANCELLED AT 2021-10-13T14:00:23 ***
slurmstepd-enc1-node1: error: *** STEP 1516862.119 ON enc1-node1 CANCELLED AT 2021-10-13T14:00:23 ***
slurmstepd-enc1-node11: error: *** STEP 1516862.326 ON enc1-node11 CANCELLED AT 2021-10-13T14:00:23 ***
slurmstepd-enc0-node5: error: *** STEP 1516862.92 ON enc0-node5 CANCELLED AT 2021-10-13T14:00:23 ***
srun: error: enc3-node3: task 0: Terminated
srun: error: enc1-node2: task 0: Terminated
srun: error: enc2-node8: task 0: Terminated
srun: error: enc0-node3: task 0: Terminated
srun: error: enc1-node11: task 0: Terminated
srun: error: enc2-node4: task 0: Terminated
srun: error: enc0-node3: task 0: Terminated
srun: error: enc0-node5: task 0: Terminated
srun: error: enc1-node11: task 0: Terminated
srun: error: enc0-node4: task 0: Terminated
srun: error: enc0-node4: task 0: Terminated
srun: error: enc2-node5: task 0: Terminated
srun: error: enc0-node5: task 0: Terminated
srun: error: enc0-node6: task 0: Terminated
srun: error: enc1-node11: task 0: Terminated
srun: error: enc0-node4: task 0: Terminated
slurmstepd-enc1-node13: error: *** STEP 1516862.354 ON enc1-node13 CANCELLED AT 2021-10-13T14:00:23 ***
srun: error: enc0-node4: task 0: Terminated
srun: error: enc3-node4: task 0: Terminated
srun: error: enc3-node3: task 0: Terminated
srun: error: enc2-node8: task 0: Terminated
slurmstepd-enc1-node13: error: *** STEP 1516862.360 ON enc1-node13 CANCELLED AT 2021-10-13T14:00:23 ***
slurmstepd-enc0-node2: error: *** STEP 1516862.66 ON enc0-node2 CANCELLED AT 2021-10-13T14:00:23 ***
slurmstepd-enc1-node1: error: *** STEP 1516862.127 ON enc1-node1 CANCELLED AT 2021-10-13T14:00:23 ***
slurmstepd-enc1-node4: error: *** STEP 1516862.189 ON enc1-node4 CANCELLED AT 2021-10-13T14:00:23 ***
slurmstepd-enc1-node10: error: *** STEP 1516862.306 ON enc1-node10 CANCELLED AT 2021-10-13T14:00:23 ***
srun: error: enc1-node11: task 0: Terminated
slurmstepd-enc1-node11: error: *** STEP 1516862.324 ON enc1-node11 CANCELLED AT 2021-10-13T14:00:23 ***
slurmstepd-enc1-node2: error: *** STEP 1516862.136 ON enc1-node2 CANCELLED AT 2021-10-13T14:00:23 ***
slurmstepd-enc1-node3: error: *** STEP 1516862.170 ON enc1-node3 CANCELLED AT 2021-10-13T14:00:23 ***
slurmstepd-enc1-node7: error: *** STEP 1516862.250 ON enc1-node7 CANCELLED AT 2021-10-13T14:00:23 ***
srun: error: enc1-node14: task 0: Terminated
slurmstepd-enc0-node5: error: *** STEP 1516862.91 ON enc0-node5 CANCELLED AT 2021-10-13T14:00:23 ***
slurmstepd-enc1-node12: error: *** STEP 1516862.345 ON enc1-node12 CANCELLED AT 2021-10-13T14:00:23 ***
slurmstepd-enc1-node14: error: *** STEP 1516862.369 ON enc1-node14 CANCELLED AT 2021-10-13T14:00:23 ***
slurmstepd-enc1-node10: error: *** STEP 1516862.296 ON enc1-node10 CANCELLED AT 2021-10-13T14:00:23 ***
slurmstepd-enc1-node11: error: *** STEP 1516862.312 ON enc1-node11 CANCELLED AT 2021-10-13T14:00:23 ***
srun: error: enc0-node3: task 0: Terminated
slurmstepd-enc1-node4: error: *** STEP 1516862.172 ON enc1-node4 CANCELLED AT 2021-10-13T14:00:23 ***
srun: error: enc1-node2: task 0: Terminated
srun: error: enc2-node8: task 0: Terminated
srun: error: enc1-node2: task 0: Terminated
srun: error: enc1-node11: task 0: Terminated
srun: error: enc0-node5: task 0: Terminated
srun: error: enc1-node14: task 0: Terminated
slurmstepd-enc1-node8: error: *** STEP 1516862.267 ON enc1-node8 CANCELLED AT 2021-10-13T14:00:23 ***
srun: error: enc0-node4: task 0: Terminated
srun: error: enc0-node6: task 0: Terminated
srun: error: enc2-node8: task 0: Terminated
srun: error: enc3-node3: task 0: Terminated
srun: error: enc0-node3: task 0: Terminated
srun: error: enc1-node11: task 0: Terminated
srun: error: enc0-node4: task 0: Terminated
slurmstepd-enc1-node2: error: *** STEP 1516862.151 ON enc1-node2 CANCELLED AT 2021-10-13T14:00:23 ***
srun: error: enc1-node2: task 0: Terminated
srun: error: enc1-node2: task 0: Terminated
srun: error: enc2-node8: task 0: Terminated
srun: error: enc0-node3: task 0: Terminated
srun: error: enc1-node11: task 0: Terminated
srun: error: enc0-node4: task 0: Terminated
slurmstepd-enc1-node14: error: *** STEP 1516862.372 ON enc1-node14 CANCELLED AT 2021-10-13T14:00:23 ***
slurmstepd-enc1-node11: error: *** STEP 1516862.316 ON enc1-node11 CANCELLED AT 2021-10-13T14:00:23 ***
slurmstepd-enc1-node6: error: *** STEP 1516862.11 ON enc1-node6 CANCELLED AT 2021-10-13T14:00:23 ***
slurmstepd-enc1-node7: error: *** STEP 1516862.241 ON enc1-node7 CANCELLED AT 2021-10-13T14:00:23 ***
slurmstepd-enc1-node12: error: *** STEP 1516862.329 ON enc1-node12 CANCELLED AT 2021-10-13T14:00:23 ***
slurmstepd-enc1-node2: error: *** STEP 1516862.149 ON enc1-node2 CANCELLED AT 2021-10-13T14:00:23 ***
slurmstepd-enc1-node10: error: *** STEP 1516862.293 ON enc1-node10 CANCELLED AT 2021-10-13T14:00:23 ***
srun: error: enc0-node5: task 0: Terminated
srun: error: enc1-node14: task 0: Terminated
srun: error: enc1-node14: task 0: Terminated
srun: error: enc1-node14: task 0: Terminated
slurmstepd-enc1-node11: error: *** STEP 1516862.314 ON enc1-node11 CANCELLED AT 2021-10-13T14:00:23 ***
slurmstepd-enc1-node11: error: *** STEP 1516862.320 ON enc1-node11 CANCELLED AT 2021-10-13T14:00:23 ***
slurmstepd-enc1-node14: error: *** STEP 1516862.373 ON enc1-node14 CANCELLED AT 2021-10-13T14:00:23 ***
slurmstepd-enc1-node8: error: *** STEP 1516862.255 ON enc1-node8 CANCELLED AT 2021-10-13T14:00:23 ***
slurmstepd-enc1-node4: error: *** STEP 1516862.184 ON enc1-node4 CANCELLED AT 2021-10-13T14:00:23 ***
slurmstepd-enc1-node9: error: *** STEP 1516862.271 ON enc1-node9 CANCELLED AT 2021-10-13T14:00:23 ***
slurmstepd-enc1-node2: error: *** STEP 1516862.141 ON enc1-node2 CANCELLED AT 2021-10-13T14:00:23 ***
slurmstepd-enc1-node14: error: *** STEP 1516862.371 ON enc1-node14 CANCELLED AT 2021-10-13T14:00:23 ***
srun: error: enc1-node11: task 0: Terminated
srun: error: enc0-node5: task 0: Terminated
slurmstepd-enc1-node12: error: *** STEP 1516862.17 ON enc1-node12 CANCELLED AT 2021-10-13T14:00:23 ***
srun: error: enc0-node4: task 0: Terminated
slurmstepd-enc1-node10: error: *** STEP 1516862.297 ON enc1-node10 CANCELLED AT 2021-10-13T14:00:23 ***
slurmstepd-enc1-node11: error: *** STEP 1516862.315 ON enc1-node11 CANCELLED AT 2021-10-13T14:00:23 ***
slurmstepd-enc1-node2: error: *** STEP 1516862.134 ON enc1-node2 CANCELLED AT 2021-10-13T14:00:23 ***
srun: error: enc0-node5: task 0: Terminated
slurmstepd-enc1-node4: error: *** STEP 1516862.177 ON enc1-node4 CANCELLED AT 2021-10-13T14:00:23 ***
srun: error: enc1-node14: task 0: Terminated
srun: error: enc1-node11: task 0: Terminated
slurmstepd-enc1-node14: error: *** STEP 1516862.384 ON enc1-node14 CANCELLED AT 2021-10-13T14:00:23 ***
srun: error: enc1-node1: task 0: Terminated
srun: error: enc1-node11: task 0: Terminated
srun: error: enc1-node13: task 0: Terminated
slurmstepd-enc1-node8: error: *** STEP 1516862.264 ON enc1-node8 CANCELLED AT 2021-10-13T14:00:23 ***
slurmstepd-enc1-node1: error: *** STEP 1516862.120 ON enc1-node1 CANCELLED AT 2021-10-13T14:00:23 ***
slurmstepd-enc1-node3: error: *** STEP 1516862.160 ON enc1-node3 CANCELLED AT 2021-10-13T14:00:23 ***
slurmstepd-enc1-node6: error: *** STEP 1516862.216 ON enc1-node6 CANCELLED AT 2021-10-13T14:00:23 ***
slurmstepd-enc1-node11: error: *** STEP 1516862.317 ON enc1-node11 CANCELLED AT 2021-10-13T14:00:23 ***
slurmstepd-enc1-node2: error: *** STEP 1516862.144 ON enc1-node2 CANCELLED AT 2021-10-13T14:00:23 ***
slurmstepd-enc1-node13: error: *** STEP 1516862.361 ON enc1-node13 CANCELLED AT 2021-10-13T14:00:23 ***
slurmstepd-enc1-node14: error: *** STEP 1516862.374 ON enc1-node14 CANCELLED AT 2021-10-13T14:00:23 ***
slurmstepd-enc1-node3: error: *** STEP 1516862.162 ON enc1-node3 CANCELLED AT 2021-10-13T14:00:23 ***
slurmstepd-enc1-node11: error: *** STEP 1516862.325 ON enc1-node11 CANCELLED AT 2021-10-13T14:00:23 ***
srun: error: enc1-node2: task 0: Terminated
srun: error: enc1-node11: task 0: Terminated
slurmstepd-enc1-node2: error: *** STEP 1516862.150 ON enc1-node2 CANCELLED AT 2021-10-13T14:00:23 ***
srun: error: enc1-node14: task 0: Terminated
srun: error: enc0-node5: task 0: Terminated
slurmstepd-enc0-node2: error: *** STEP 1516862.57 ON enc0-node2 CANCELLED AT 2021-10-13T14:00:23 ***
srun: error: enc0-node2: task 0: Terminated
slurmstepd-enc1-node8: error: *** STEP 1516862.260 ON enc1-node8 CANCELLED AT 2021-10-13T14:00:23 ***
srun: error: enc1-node13: task 0: Terminated
srun: error: enc1-node11: task 0: Terminated
slurmstepd-enc1-node13: error: *** STEP 1516862.348 ON enc1-node13 CANCELLED AT 2021-10-13T14:00:23 ***
srun: error: enc1-node1: task 0: Terminated
srun: error: enc1-node1: task 0: Terminated
slurmstepd-enc1-node1: error: *** STEP 1516862.129 ON enc1-node1 CANCELLED AT 2021-10-13T14:00:23 ***
slurmstepd-enc1-node14: error: *** STEP 1516862.376 ON enc1-node14 CANCELLED AT 2021-10-13T14:00:23 ***
slurmstepd-enc1-node2: error: *** STEP 1516862.143 ON enc1-node2 CANCELLED AT 2021-10-13T14:00:23 ***
slurmstepd-enc1-node3: error: *** STEP 1516862.159 ON enc1-node3 CANCELLED AT 2021-10-13T14:00:23 ***
slurmstepd-enc1-node11: error: *** STEP 1516862.318 ON enc1-node11 CANCELLED AT 2021-10-13T14:00:23 ***
srun: error: enc0-node2: task 0: Terminated
srun: error: enc1-node2: task 0: Terminated
srun: error: enc1-node2: task 0: Terminated
slurmstepd-enc1-node13: error: *** STEP 1516862.357 ON enc1-node13 CANCELLED AT 2021-10-13T14:00:23 ***
slurmstepd-enc1-node14: error: *** STEP 1516862.370 ON enc1-node14 CANCELLED AT 2021-10-13T14:00:23 ***
slurmstepd-enc1-node2: error: *** STEP 1516862.148 ON enc1-node2 CANCELLED AT 2021-10-13T14:00:23 ***
slurmstepd-enc1-node11: error: *** STEP 1516862.321 ON enc1-node11 CANCELLED AT 2021-10-13T14:00:23 ***
srun: error: enc1-node14: task 0: Terminated
srun: error: enc3-node3: task 0: Terminated
srun: error: enc1-node13: task 0: Terminated
srun: error: enc1-node14: task 0: Terminated
srun: error: enc1-node13: task 0: Terminated
srun: error: enc1-node11: task 0: Terminated
slurmstepd-enc1-node13: error: *** STEP 1516862.356 ON enc1-node13 CANCELLED AT 2021-10-13T14:00:23 ***
slurmstepd-enc1-node1: error: *** STEP 1516862.6 ON enc1-node1 CANCELLED AT 2021-10-13T14:00:23 ***
slurmstepd-enc1-node2: error: *** STEP 1516862.147 ON enc1-node2 CANCELLED AT 2021-10-13T14:00:23 ***
srun: error: enc1-node2: task 0: Terminated
srun: error: enc1-node14: task 0: Terminated
slurmstepd-enc0-node2: error: *** STEP 1516862.67 ON enc0-node2 CANCELLED AT 2021-10-13T14:00:23 ***
srun: error: enc1-node11: task 0: Terminated
srun: error: enc1-node2: task 0: Terminated
srun: error: enc0-node2: task 0: Terminated
srun: error: enc1-node14: task 0: Terminated
srun: error: enc0-node2: task 0: Terminated
slurmstepd-enc1-node9: error: *** STEP 1516862.280 ON enc1-node9 CANCELLED AT 2021-10-13T14:00:23 ***
slurmstepd-enc2-node3: error: *** STEP 1516862.389 ON enc2-node3 CANCELLED AT 2021-10-13T14:00:23 ***
slurmstepd-enc1-node13: error: *** STEP 1516862.363 ON enc1-node13 CANCELLED AT 2021-10-13T14:00:23 ***
slurmstepd-enc1-node14: error: *** STEP 1516862.19 ON enc1-node14 CANCELLED AT 2021-10-13T14:00:23 ***
srun: error: enc1-node4: task 0: Terminated
srun: error: enc1-node11: task 0: Terminated
srun: error: enc0-node2: task 0: Terminated
slurmstepd-enc1-node2: error: *** STEP 1516862.7 ON enc1-node2 CANCELLED AT 2021-10-13T14:00:23 ***
srun: error: enc1-node11: task 0: Terminated
slurmstepd-enc1-node1: error: *** STEP 1516862.115 ON enc1-node1 CANCELLED AT 2021-10-13T14:00:23 ***
srun: error: enc1-node1: task 0: Terminated
srun: error: enc1-node13: task 0: Terminated
slurmstepd-enc1-node4: error: *** STEP 1516862.181 ON enc1-node4 CANCELLED AT 2021-10-13T14:00:23 ***
srun: error: enc1-node13: task 0: Terminated
slurmstepd-enc1-node13: error: *** STEP 1516862.355 ON enc1-node13 CANCELLED AT 2021-10-13T14:00:24 ***
slurmstepd-enc0-node2: error: *** STEP 1516862.53 ON enc0-node2 CANCELLED AT 2021-10-13T14:00:24 ***
slurmstepd-enc1-node2: error: *** STEP 1516862.145 ON enc1-node2 CANCELLED AT 2021-10-13T14:00:24 ***
slurmstepd-enc1-node14: error: *** STEP 1516862.383 ON enc1-node14 CANCELLED AT 2021-10-13T14:00:24 ***
slurmstepd-enc1-node9: error: *** STEP 1516862.277 ON enc1-node9 CANCELLED AT 2021-10-13T14:00:24 ***
slurmstepd-enc1-node13: error: *** STEP 1516862.349 ON enc1-node13 CANCELLED AT 2021-10-13T14:00:24 ***
slurmstepd-enc1-node1: error: *** STEP 1516862.131 ON enc1-node1 CANCELLED AT 2021-10-13T14:00:24 ***
slurmstepd-enc1-node10: error: *** STEP 1516862.291 ON enc1-node10 CANCELLED AT 2021-10-13T14:00:24 ***
slurmstepd-enc1-node4: error: *** STEP 1516862.183 ON enc1-node4 CANCELLED AT 2021-10-13T14:00:24 ***
srun: error: enc1-node2: task 0: Terminated
srun: error: enc2-node3: task 0: Terminated
srun: error: enc1-node2: task 0: Terminated
srun: error: enc2-node3: task 0: Terminated
slurmstepd-enc1-node2: error: *** STEP 1516862.142 ON enc1-node2 CANCELLED AT 2021-10-13T14:00:24 ***
srun: error: enc2-node3: task 0: Terminated
srun: error: enc1-node13: task 0: Terminated
slurmstepd-enc0-node2: error: *** STEP 1516862.68 ON enc0-node2 CANCELLED AT 2021-10-13T14:00:24 ***
srun: error: enc1-node1: task 0: Terminated
srun: error: enc1-node10: task 0: Terminated
srun: error: enc1-node14: task 0: Terminated
srun: error: enc1-node10: task 0: Terminated
srun: error: enc1-node11: task 0: Terminated
slurmstepd-enc1-node7: error: *** STEP 1516862.242 ON enc1-node7 CANCELLED AT 2021-10-13T14:00:24 ***
slurmstepd-enc1-node14: error: *** STEP 1516862.378 ON enc1-node14 CANCELLED AT 2021-10-13T14:00:24 ***
slurmstepd-enc1-node1: error: *** STEP 1516862.128 ON enc1-node1 CANCELLED AT 2021-10-13T14:00:24 ***
slurmstepd-enc1-node13: error: *** STEP 1516862.365 ON enc1-node13 CANCELLED AT 2021-10-13T14:00:24 ***
srun: error: enc1-node14: task 0: Terminated
slurmstepd-enc1-node2: error: *** STEP 1516862.135 ON enc1-node2 CANCELLED AT 2021-10-13T14:00:24 ***
srun: error: enc1-node4: task 0: Terminated
srun: error: enc1-node4: task 0: Terminated
srun: error: enc1-node13: task 0: Terminated
srun: error: enc1-node11: task 0: Terminated
srun: error: enc1-node12: task 0: Terminated
srun: error: enc1-node2: task 0: Terminated
srun: error: enc0-node2: task 0: Terminated
srun: error: enc1-node1: task 0: Terminated
srun: error: enc1-node13: task 0: Terminated
srun: error: enc0-node2: task 0: Terminated
srun: error: enc2-node3: task 0: Terminated
srun: error: enc1-node2: task 0: Terminated
srun: error: enc1-node12: task 0: Terminated
srun: error: enc1-node13: task 0: Terminated
srun: error: enc1-node4: task 0: Terminated
srun: error: enc1-node8: task 0: Terminated
srun: error: enc1-node8: task 0: Terminated
srun: error: enc1-node14: task 0: Terminated
srun: error: enc1-node10: task 0: Terminated
slurmstepd-enc1-node12: error: *** STEP 1516862.340 ON enc1-node12 CANCELLED AT 2021-10-13T14:00:24 ***
srun: error: enc1-node10: task 0: Terminated
srun: error: enc1-node2: task 0: Terminated
slurmstepd-enc1-node14: error: *** STEP 1516862.382 ON enc1-node14 CANCELLED AT 2021-10-13T14:00:24 ***
srun: error: enc2-node3: task 0: Terminated
slurmstepd-enc1-node9: error: *** STEP 1516862.281 ON enc1-node9 CANCELLED AT 2021-10-13T14:00:24 ***
srun: error: enc1-node7: task 0: Terminated
slurmstepd-enc0-node2: error: *** STEP 1516862.54 ON enc0-node2 CANCELLED AT 2021-10-13T14:00:24 ***
slurmstepd-enc1-node1: error: *** STEP 1516862.122 ON enc1-node1 CANCELLED AT 2021-10-13T14:00:24 ***
slurmstepd-enc1-node4: error: *** STEP 1516862.179 ON enc1-node4 CANCELLED AT 2021-10-13T14:00:24 ***
slurmstepd-enc1-node13: error: *** STEP 1516862.359 ON enc1-node13 CANCELLED AT 2021-10-13T14:00:24 ***
slurmstepd-enc1-node10: error: *** STEP 1516862.307 ON enc1-node10 CANCELLED AT 2021-10-13T14:00:24 ***
slurmstepd-enc1-node14: error: *** STEP 1516862.368 ON enc1-node14 CANCELLED AT 2021-10-13T14:00:24 ***
slurmstepd-enc1-node7: error: *** STEP 1516862.12 ON enc1-node7 CANCELLED AT 2021-10-13T14:00:24 ***
slurmstepd-enc1-node1: error: *** STEP 1516862.126 ON enc1-node1 CANCELLED AT 2021-10-13T14:00:24 ***
srun: error: enc1-node3: task 0: Terminated
srun: error: enc2-node3: task 0: Terminated
srun: error: enc1-node7: task 0: Terminated
srun: error: enc1-node10: task 0: Terminated
srun: error: enc1-node12: task 0: Terminated
srun: error: enc1-node2: task 0: Terminated
srun: error: enc1-node7: task 0: Terminated
slurmstepd-enc1-node13: error: *** STEP 1516862.351 ON enc1-node13 CANCELLED AT 2021-10-13T14:00:24 ***
slurmstepd-enc0-node2: error: *** STEP 1516862.0 ON enc0-node2 CANCELLED AT 2021-10-13T14:00:24 ***
slurmstepd-enc1-node4: error: *** STEP 1516862.190 ON enc1-node4 CANCELLED AT 2021-10-13T14:00:24 ***
slurmstepd-enc1-node8: error: *** STEP 1516862.252 ON enc1-node8 CANCELLED AT 2021-10-13T14:00:24 ***
slurmstepd-enc1-node14: error: *** STEP 1516862.381 ON enc1-node14 CANCELLED AT 2021-10-13T14:00:24 ***
slurmstepd-enc1-node1: error: *** STEP 1516862.125 ON enc1-node1 CANCELLED AT 2021-10-13T14:00:24 ***
slurmstepd-enc1-node13: error: *** STEP 1516862.350 ON enc1-node13 CANCELLED AT 2021-10-13T14:00:24 ***
slurmstepd-enc1-node3: error: *** STEP 1516862.168 ON enc1-node3 CANCELLED AT 2021-10-13T14:00:24 ***
slurmstepd-enc1-node12: error: *** STEP 1516862.331 ON enc1-node12 CANCELLED AT 2021-10-13T14:00:24 ***
slurmstepd-enc1-node7: error: *** STEP 1516862.235 ON enc1-node7 CANCELLED AT 2021-10-13T14:00:24 ***
slurmstepd-enc1-node9: error: *** STEP 1516862.288 ON enc1-node9 CANCELLED AT 2021-10-13T14:00:24 ***
srun: error: enc1-node14: task 0: Terminated
slurmstepd-enc0-node2: error: *** STEP 1516862.61 ON enc0-node2 CANCELLED AT 2021-10-13T14:00:24 ***
slurmstepd-enc1-node10: error: *** STEP 1516862.289 ON enc1-node10 CANCELLED AT 2021-10-13T14:00:24 ***
slurmstepd-enc1-node13: error: *** STEP 1516862.362 ON enc1-node13 CANCELLED AT 2021-10-13T14:00:24 ***
srun: error: enc1-node13: task 0: Terminated
srun: error: enc1-node4: task 0: Terminated
srun: error: enc1-node3: task 0: Terminated
srun: error: enc1-node7: task 0: Terminated
srun: error: enc1-node14: task 0: Terminated
slurmstepd-enc1-node4: error: *** STEP 1516862.185 ON enc1-node4 CANCELLED AT 2021-10-13T14:00:24 ***
slurmstepd-enc1-node8: error: *** STEP 1516862.258 ON enc1-node8 CANCELLED AT 2021-10-13T14:00:24 ***
slurmstepd-enc1-node7: error: *** STEP 1516862.249 ON enc1-node7 CANCELLED AT 2021-10-13T14:00:24 ***
slurmstepd-enc0-node2: error: *** STEP 1516862.59 ON enc0-node2 CANCELLED AT 2021-10-13T14:00:24 ***
slurmstepd-enc1-node10: error: *** STEP 1516862.299 ON enc1-node10 CANCELLED AT 2021-10-13T14:00:24 ***
slurmstepd-enc1-node3: error: *** STEP 1516862.158 ON enc1-node3 CANCELLED AT 2021-10-13T14:00:24 ***
slurmstepd-enc1-node12: error: *** STEP 1516862.332 ON enc1-node12 CANCELLED AT 2021-10-13T14:00:24 ***
srun: error: enc1-node2: task 0: Terminated
srun: error: enc1-node14: task 0: Terminated
srun: error: enc1-node12: task 0: Terminated
srun: error: enc1-node1: task 0: Terminated
srun: error: enc1-node1: task 0: Terminated
slurmstepd-enc1-node10: error: *** STEP 1516862.308 ON enc1-node10 CANCELLED AT 2021-10-13T14:00:24 ***
srun: error: enc0-node2: task 0: Terminated
slurmstepd-enc1-node4: error: *** STEP 1516862.9 ON enc1-node4 CANCELLED AT 2021-10-13T14:00:24 ***
srun: error: enc1-node4: task 0: Terminated
srun: error: enc1-node13: task 0: Terminated
slurmstepd-enc0-node2: error: *** STEP 1516862.51 ON enc0-node2 CANCELLED AT 2021-10-13T14:00:24 ***
srun: error: enc1-node14: task 0: Terminated
srun: error: enc1-node1: task 0: Terminated
slurmstepd-enc1-node7: error: *** STEP 1516862.240 ON enc1-node7 CANCELLED AT 2021-10-13T14:00:24 ***
srun: error: enc1-node8: task 0: Terminated
srun: error: enc1-node8: task 0: Terminated
srun: error: enc1-node2: task 0: Terminated
srun: error: enc1-node2: task 0: Terminated
srun: error: enc1-node13: task 0: Terminated
slurmstepd-enc1-node12: error: *** STEP 1516862.330 ON enc1-node12 CANCELLED AT 2021-10-13T14:00:24 ***
slurmstepd-enc1-node3: error: *** STEP 1516862.169 ON enc1-node3 CANCELLED AT 2021-10-13T14:00:24 ***
slurmstepd-enc1-node1: error: *** STEP 1516862.123 ON enc1-node1 CANCELLED AT 2021-10-13T14:00:24 ***
slurmstepd-enc1-node8: error: *** STEP 1516862.259 ON enc1-node8 CANCELLED AT 2021-10-13T14:00:24 ***
slurmstepd-enc1-node13: error: *** STEP 1516862.358 ON enc1-node13 CANCELLED AT 2021-10-13T14:00:24 ***
slurmstepd-enc1-node10: error: *** STEP 1516862.304 ON enc1-node10 CANCELLED AT 2021-10-13T14:00:24 ***
srun: error: enc1-node4: task 0: Terminated
srun: error: enc1-node1: task 0: Terminated
slurmstepd-enc1-node7: error: *** STEP 1516862.233 ON enc1-node7 CANCELLED AT 2021-10-13T14:00:24 ***
srun: error: enc1-node1: task 0: Terminated
srun: error: enc0-node2: task 0: Terminated
slurmstepd-enc1-node1: error: *** STEP 1516862.121 ON enc1-node1 CANCELLED AT 2021-10-13T14:00:24 ***
srun: error: enc1-node10: task 0: Terminated
srun: error: enc1-node14: task 0: Terminated
srun: error: enc1-node4: task 0: Terminated
srun: error: enc1-node13: task 0: Terminated
srun: error: enc1-node7: task 0: Terminated
srun: error: enc1-node7: task 0: Terminated
srun: error: enc0-node2: task 0: Terminated
srun: error: enc0-node2: task 0: Terminated
srun: error: enc1-node3: task 0: Terminated
srun: error: enc1-node2: task 0: Terminated
srun: error: enc1-node3: task 0: Terminated
srun: error: enc1-node14: task 0: Terminated
srun: error: enc1-node13: task 0: Terminated
srun: error: enc2-node3: task 0: Terminated
slurmstepd-enc1-node1: error: *** STEP 1516862.116 ON enc1-node1 CANCELLED AT 2021-10-13T14:00:24 ***
slurmstepd-enc1-node4: error: *** STEP 1516862.180 ON enc1-node4 CANCELLED AT 2021-10-13T14:00:24 ***
slurmstepd-enc0-node2: error: *** STEP 1516862.65 ON enc0-node2 CANCELLED AT 2021-10-13T14:00:24 ***
slurmstepd-enc1-node3: error: *** STEP 1516862.163 ON enc1-node3 CANCELLED AT 2021-10-13T14:00:24 ***
slurmstepd-enc1-node13: error: *** STEP 1516862.18 ON enc1-node13 CANCELLED AT 2021-10-13T14:00:24 ***
slurmstepd-enc1-node8: error: *** STEP 1516862.251 ON enc1-node8 CANCELLED AT 2021-10-13T14:00:24 ***
slurmstepd-enc1-node7: error: *** STEP 1516862.239 ON enc1-node7 CANCELLED AT 2021-10-13T14:00:24 ***
slurmstepd-enc1-node12: error: *** STEP 1516862.337 ON enc1-node12 CANCELLED AT 2021-10-13T14:00:24 ***
slurmstepd-enc1-node10: error: *** STEP 1516862.300 ON enc1-node10 CANCELLED AT 2021-10-13T14:00:24 ***
srun: error: enc1-node7: task 0: Terminated
slurmstepd-enc1-node4: error: *** STEP 1516862.187 ON enc1-node4 CANCELLED AT 2021-10-13T14:00:24 ***
slurmstepd-enc1-node12: error: *** STEP 1516862.328 ON enc1-node12 CANCELLED AT 2021-10-13T14:00:24 ***
slurmstepd-enc1-node3: error: *** STEP 1516862.171 ON enc1-node3 CANCELLED AT 2021-10-13T14:00:24 ***
slurmstepd-enc0-node2: error: *** STEP 1516862.69 ON enc0-node2 CANCELLED AT 2021-10-13T14:00:24 ***
srun: error: enc0-node2: task 0: Terminated
slurmstepd-enc1-node7: error: *** STEP 1516862.237 ON enc1-node7 CANCELLED AT 2021-10-13T14:00:24 ***
slurmstepd-enc1-node1: error: *** STEP 1516862.130 ON enc1-node1 CANCELLED AT 2021-10-13T14:00:24 ***
srun: error: enc1-node13: task 0: Terminated
srun: error: enc1-node10: task 0: Terminated
srun: error: enc1-node12: task 0: Terminated
slurmstepd-enc1-node9: error: *** STEP 1516862.285 ON enc1-node9 CANCELLED AT 2021-10-13T14:00:24 ***
srun: error: enc1-node8: task 0: Terminated
srun: error: enc1-node13: task 0: Terminated
srun: error: enc1-node3: task 0: Terminated
srun: error: enc1-node1: task 0: Terminated
srun: error: enc1-node9: task 0: Terminated
srun: error: enc1-node13: task 0: Terminated
srun: error: enc1-node3: task 0: Terminated
slurmstepd-enc1-node10: error: *** STEP 1516862.302 ON enc1-node10 CANCELLED AT 2021-10-13T14:00:24 ***
srun: error: enc1-node9: task 0: Terminated
srun: error: enc0-node2: task 0: Terminated
srun: error: enc1-node7: task 0: Terminated
slurmstepd-enc1-node8: error: *** STEP 1516862.253 ON enc1-node8 CANCELLED AT 2021-10-13T14:00:24 ***
srun: error: enc1-node12: task 0: Terminated
slurmstepd-enc1-node4: error: *** STEP 1516862.174 ON enc1-node4 CANCELLED AT 2021-10-13T14:00:24 ***
slurmstepd-enc0-node2: error: *** STEP 1516862.56 ON enc0-node2 CANCELLED AT 2021-10-13T14:00:24 ***
slurmstepd-enc1-node7: error: *** STEP 1516862.248 ON enc1-node7 CANCELLED AT 2021-10-13T14:00:24 ***
slurmstepd-enc1-node1: error: *** STEP 1516862.118 ON enc1-node1 CANCELLED AT 2021-10-13T14:00:24 ***
slurmstepd-enc1-node6: error: *** STEP 1516862.220 ON enc1-node6 CANCELLED AT 2021-10-13T14:00:24 ***
slurmstepd-enc1-node8: error: *** STEP 1516862.261 ON enc1-node8 CANCELLED AT 2021-10-13T14:00:24 ***
srun: error: enc1-node10: task 0: Terminated
srun: error: enc1-node6: task 0: Terminated
srun: error: enc1-node6: task 0: Terminated
srun: error: enc1-node4: task 0: Terminated
srun: error: enc1-node3: task 0: Terminated
slurmstepd-enc1-node3: error: *** STEP 1516862.161 ON enc1-node3 CANCELLED AT 2021-10-13T14:00:24 ***
srun: error: enc1-node7: task 0: Terminated
srun: error: enc1-node8: task 0: Terminated
srun: error: enc1-node1: task 0: Terminated
srun: error: enc1-node10: task 0: Terminated
slurmstepd-enc1-node12: error: *** STEP 1516862.336 ON enc1-node12 CANCELLED AT 2021-10-13T14:00:24 ***
srun: error: enc1-node1: task 0: Terminated
srun: error: enc0-node2: task 0: Terminated
slurmstepd-enc0-node2: error: *** STEP 1516862.62 ON enc0-node2 CANCELLED AT 2021-10-13T14:00:24 ***
slurmstepd-enc1-node9: error: *** STEP 1516862.279 ON enc1-node9 CANCELLED AT 2021-10-13T14:00:24 ***
slurmstepd-enc1-node10: error: *** STEP 1516862.303 ON enc1-node10 CANCELLED AT 2021-10-13T14:00:24 ***
slurmstepd-enc1-node4: error: *** STEP 1516862.178 ON enc1-node4 CANCELLED AT 2021-10-13T14:00:24 ***
slurmstepd-enc1-node7: error: *** STEP 1516862.246 ON enc1-node7 CANCELLED AT 2021-10-13T14:00:24 ***
srun: error: enc1-node12: task 0: Terminated
slurmstepd-enc1-node1: error: *** STEP 1516862.117 ON enc1-node1 CANCELLED AT 2021-10-13T14:00:24 ***
slurmstepd-enc1-node3: error: *** STEP 1516862.165 ON enc1-node3 CANCELLED AT 2021-10-13T14:00:24 ***
slurmstepd-enc1-node8: error: *** STEP 1516862.254 ON enc1-node8 CANCELLED AT 2021-10-13T14:00:24 ***
srun: error: enc1-node1: task 0: Terminated
slurmstepd-enc0-node2: error: *** STEP 1516862.55 ON enc0-node2 CANCELLED AT 2021-10-13T14:00:24 ***
srun: error: enc1-node4: task 0: Terminated
srun: error: enc1-node13: task 0: Terminated
slurmstepd-enc1-node10: error: *** STEP 1516862.305 ON enc1-node10 CANCELLED AT 2021-10-13T14:00:24 ***
slurmstepd-enc1-node7: error: *** STEP 1516862.238 ON enc1-node7 CANCELLED AT 2021-10-13T14:00:24 ***
srun: error: enc1-node8: task 0: Terminated
srun: error: enc1-node7: task 0: Terminated
srun: error: enc1-node9: task 0: Terminated
srun: error: enc1-node3: task 0: Terminated
slurmstepd-enc1-node12: error: *** STEP 1516862.346 ON enc1-node12 CANCELLED AT 2021-10-13T14:00:24 ***
srun: error: enc1-node13: task 0: Terminated
slurmstepd-enc1-node6: error: *** STEP 1516862.223 ON enc1-node6 CANCELLED AT 2021-10-13T14:00:24 ***
srun: error: enc0-node2: task 0: Terminated
srun: error: enc1-node8: task 0: Terminated
srun: error: enc1-node9: task 0: Terminated
slurmstepd-enc1-node1: error: *** STEP 1516862.133 ON enc1-node1 CANCELLED AT 2021-10-13T14:00:24 ***
srun: error: enc1-node7: task 0: Terminated
slurmstepd-enc1-node9: error: *** STEP 1516862.287 ON enc1-node9 CANCELLED AT 2021-10-13T14:00:24 ***
srun: error: enc1-node10: task 0: Terminated
srun: error: enc1-node4: task 0: Terminated
slurmstepd-enc1-node3: error: *** STEP 1516862.157 ON enc1-node3 CANCELLED AT 2021-10-13T14:00:24 ***
srun: error: enc1-node1: task 0: Terminated
slurmstepd-enc1-node8: error: *** STEP 1516862.268 ON enc1-node8 CANCELLED AT 2021-10-13T14:00:24 ***
srun: error: enc1-node7: task 0: Terminated
srun: error: enc1-node10: task 0: Terminated
srun: error: enc0-node2: task 0: Terminated
slurmstepd-enc1-node7: error: *** STEP 1516862.236 ON enc1-node7 CANCELLED AT 2021-10-13T14:00:24 ***
slurmstepd-enc1-node6: error: *** STEP 1516862.222 ON enc1-node6 CANCELLED AT 2021-10-13T14:00:24 ***
srun: error: enc1-node12: task 0: Terminated
slurmstepd-enc1-node4: error: *** STEP 1516862.182 ON enc1-node4 CANCELLED AT 2021-10-13T14:00:24 ***
slurmstepd-enc1-node10: error: *** STEP 1516862.290 ON enc1-node10 CANCELLED AT 2021-10-13T14:00:24 ***
slurmstepd-enc1-node3: error: *** STEP 1516862.155 ON enc1-node3 CANCELLED AT 2021-10-13T14:00:24 ***
srun: error: enc1-node6: task 0: Terminated
srun: error: enc1-node10: task 0: Terminated
srun: error: enc1-node7: task 0: Terminated
slurmstepd-enc1-node9: error: *** STEP 1516862.14 ON enc1-node9 CANCELLED AT 2021-10-13T14:00:24 ***
srun: error: enc1-node3: task 0: Terminated
slurmstepd-enc1-node8: error: *** STEP 1516862.257 ON enc1-node8 CANCELLED AT 2021-10-13T14:00:24 ***
srun: error: enc1-node12: task 0: Terminated
srun: error: enc1-node4: task 0: Terminated
slurmstepd-enc1-node7: error: *** STEP 1516862.243 ON enc1-node7 CANCELLED AT 2021-10-13T14:00:24 ***
srun: error: enc1-node8: task 0: Terminated
slurmstepd-enc1-node12: error: *** STEP 1516862.343 ON enc1-node12 CANCELLED AT 2021-10-13T14:00:24 ***
slurmstepd-enc1-node10: error: *** STEP 1516862.298 ON enc1-node10 CANCELLED AT 2021-10-13T14:00:24 ***
srun: error: enc1-node1: task 0: Terminated
slurmstepd-enc1-node4: error: *** STEP 1516862.176 ON enc1-node4 CANCELLED AT 2021-10-13T14:00:24 ***
slurmstepd-enc1-node6: error: *** STEP 1516862.219 ON enc1-node6 CANCELLED AT 2021-10-13T14:00:24 ***
srun: error: enc1-node8: task 0: Terminated
slurmstepd-enc1-node3: error: *** STEP 1516862.8 ON enc1-node3 CANCELLED AT 2021-10-13T14:00:24 ***
slurmstepd-enc1-node9: error: *** STEP 1516862.284 ON enc1-node9 CANCELLED AT 2021-10-13T14:00:24 ***
srun: error: enc1-node4: task 0: Terminated
slurmstepd-enc1-node7: error: *** STEP 1516862.244 ON enc1-node7 CANCELLED AT 2021-10-13T14:00:24 ***
srun: error: enc0-node2: task 0: Terminated
srun: error: enc1-node3: task 0: Terminated
slurmstepd-enc1-node8: error: *** STEP 1516862.269 ON enc1-node8 CANCELLED AT 2021-10-13T14:00:24 ***
slurmstepd-enc1-node12: error: *** STEP 1516862.344 ON enc1-node12 CANCELLED AT 2021-10-13T14:00:24 ***
srun: error: enc1-node10: task 0: Terminated
srun: error: enc1-node4: task 0: Terminated
srun: error: enc1-node7: task 0: Terminated
slurmstepd-enc1-node4: error: *** STEP 1516862.186 ON enc1-node4 CANCELLED AT 2021-10-13T14:00:24 ***
srun: error: enc1-node12: task 0: Terminated
srun: error: enc1-node1: task 0: Terminated
srun: error: enc0-node2: task 0: Terminated
srun: error: enc1-node6: task 0: Terminated
slurmstepd-enc1-node6: error: *** STEP 1516862.212 ON enc1-node6 CANCELLED AT 2021-10-13T14:00:24 ***
slurmstepd-enc1-node10: error: *** STEP 1516862.301 ON enc1-node10 CANCELLED AT 2021-10-13T14:00:24 ***
slurmstepd-enc1-node3: error: *** STEP 1516862.154 ON enc1-node3 CANCELLED AT 2021-10-13T14:00:24 ***
slurmstepd-enc1-node9: error: *** STEP 1516862.274 ON enc1-node9 CANCELLED AT 2021-10-13T14:00:24 ***
slurmstepd-enc1-node7: error: *** STEP 1516862.234 ON enc1-node7 CANCELLED AT 2021-10-13T14:00:24 ***
slurmstepd-enc1-node8: error: *** STEP 1516862.256 ON enc1-node8 CANCELLED AT 2021-10-13T14:00:24 ***
srun: error: enc1-node8: task 0: Terminated
srun: error: enc0-node2: task 0: Terminated
srun: error: enc1-node9: task 0: Terminated
srun: error: enc1-node1: task 0: Terminated
srun: error: enc1-node3: task 0: Terminated
srun: error: enc1-node9: task 0: Terminated
slurmstepd-enc1-node4: error: *** STEP 1516862.173 ON enc1-node4 CANCELLED AT 2021-10-13T14:00:24 ***
slurmstepd-enc1-node12: error: *** STEP 1516862.334 ON enc1-node12 CANCELLED AT 2021-10-13T14:00:24 ***
srun: error: enc1-node1: task 0: Terminated
slurmstepd-enc1-node3: error: *** STEP 1516862.153 ON enc1-node3 CANCELLED AT 2021-10-13T14:00:24 ***
srun: error: enc1-node7: task 0: Terminated
srun: error: enc1-node10: task 0: Terminated
srun: error: enc1-node8: task 0: Terminated
slurmstepd-enc1-node6: error: *** STEP 1516862.224 ON enc1-node6 CANCELLED AT 2021-10-13T14:00:24 ***
srun: error: enc1-node12: task 0: Terminated
slurmstepd-enc1-node8: error: *** STEP 1516862.266 ON enc1-node8 CANCELLED AT 2021-10-13T14:00:24 ***
slurmstepd-enc1-node9: error: *** STEP 1516862.275 ON enc1-node9 CANCELLED AT 2021-10-13T14:00:24 ***
slurmstepd-enc1-node10: error: *** STEP 1516862.295 ON enc1-node10 CANCELLED AT 2021-10-13T14:00:24 ***
srun: error: enc1-node7: task 0: Terminated
srun: error: enc1-node3: task 0: Terminated
srun: error: enc1-node9: task 0: Terminated
slurmstepd-enc1-node3: error: *** STEP 1516862.156 ON enc1-node3 CANCELLED AT 2021-10-13T14:00:24 ***
srun: error: enc1-node9: task 0: Terminated
slurmstepd-enc1-node12: error: *** STEP 1516862.347 ON enc1-node12 CANCELLED AT 2021-10-13T14:00:24 ***
srun: error: enc1-node6: task 0: Terminated
srun: error: enc1-node10: task 0: Terminated
slurmstepd-enc1-node4: error: *** STEP 1516862.175 ON enc1-node4 CANCELLED AT 2021-10-13T14:00:24 ***
slurmstepd-enc1-node9: error: *** STEP 1516862.276 ON enc1-node9 CANCELLED AT 2021-10-13T14:00:24 ***
slurmstepd-enc1-node6: error: *** STEP 1516862.230 ON enc1-node6 CANCELLED AT 2021-10-13T14:00:24 ***
srun: error: enc1-node4: task 0: Terminated
slurmstepd-enc1-node8: error: *** STEP 1516862.13 ON enc1-node8 CANCELLED AT 2021-10-13T14:00:24 ***
srun: error: enc1-node6: task 0: Terminated
srun: error: enc0-node2: task 0: Terminated
srun: error: enc1-node12: task 0: Terminated
slurmstepd-enc1-node10: error: *** STEP 1516862.15 ON enc1-node10 CANCELLED AT 2021-10-13T14:00:24 ***
slurmstepd-enc1-node12: error: *** STEP 1516862.341 ON enc1-node12 CANCELLED AT 2021-10-13T14:00:24 ***
srun: error: enc1-node8: task 0: Terminated
srun: error: enc1-node3: task 0: Terminated
srun: error: enc1-node8: task 0: Terminated
slurmstepd-enc1-node9: error: *** STEP 1516862.283 ON enc1-node9 CANCELLED AT 2021-10-13T14:00:24 ***
slurmstepd-enc1-node3: error: *** STEP 1516862.164 ON enc1-node3 CANCELLED AT 2021-10-13T14:00:24 ***
slurmstepd-enc1-node8: error: *** STEP 1516862.265 ON enc1-node8 CANCELLED AT 2021-10-13T14:00:24 ***
srun: error: enc1-node7: task 0: Terminated
srun: error: enc1-node10: task 0: Terminated
srun: error: enc1-node12: task 0: Terminated
srun: error: enc1-node9: task 0: Terminated
srun: error: enc1-node6: task 0: Terminated
slurmstepd-enc1-node12: error: *** STEP 1516862.333 ON enc1-node12 CANCELLED AT 2021-10-13T14:00:24 ***
srun: error: enc1-node4: task 0: Terminated
srun: error: enc1-node3: task 0: Terminated
slurmstepd-enc1-node6: error: *** STEP 1516862.215 ON enc1-node6 CANCELLED AT 2021-10-13T14:00:24 ***
srun: error: enc1-node3: task 0: Terminated
slurmstepd-enc1-node3: error: *** STEP 1516862.167 ON enc1-node3 CANCELLED AT 2021-10-13T14:00:24 ***
slurmstepd-enc1-node9: error: *** STEP 1516862.273 ON enc1-node9 CANCELLED AT 2021-10-13T14:00:24 ***
srun: error: enc1-node7: task 0: Terminated
srun: error: enc1-node4: task 0: Terminated
srun: error: enc1-node9: task 0: Terminated
slurmstepd-enc1-node8: error: *** STEP 1516862.263 ON enc1-node8 CANCELLED AT 2021-10-13T14:00:24 ***
slurmstepd-enc1-node6: error: *** STEP 1516862.214 ON enc1-node6 CANCELLED AT 2021-10-13T14:00:24 ***
srun: error: enc1-node8: task 0: Terminated
slurmstepd-enc1-node12: error: *** STEP 1516862.342 ON enc1-node12 CANCELLED AT 2021-10-13T14:00:24 ***
srun: error: enc1-node3: task 0: Terminated
srun: error: enc1-node12: task 0: Terminated
srun: error: enc1-node8: task 0: Terminated
srun: error: enc1-node7: task 0: Terminated
srun: error: enc1-node7: task 0: Terminated
srun: error: enc1-node10: task 0: Terminated
slurmstepd-enc1-node9: error: *** STEP 1516862.286 ON enc1-node9 CANCELLED AT 2021-10-13T14:00:24 ***
slurmstepd-enc1-node12: error: *** STEP 1516862.338 ON enc1-node12 CANCELLED AT 2021-10-13T14:00:24 ***
srun: error: enc1-node4: task 0: Terminated
srun: error: enc1-node9: task 0: Terminated
slurmstepd-enc1-node6: error: *** STEP 1516862.218 ON enc1-node6 CANCELLED AT 2021-10-13T14:00:24 ***
slurmstepd-enc1-node9: error: *** STEP 1516862.282 ON enc1-node9 CANCELLED AT 2021-10-13T14:00:24 ***
srun: error: enc1-node4: task 0: Terminated
srun: error: enc1-node3: task 0: Terminated
srun: error: enc1-node10: task 0: Terminated
srun: error: enc1-node12: task 0: Terminated
srun: error: enc1-node10: task 0: Terminated
srun: error: enc1-node9: task 0: Terminated
slurmstepd-enc1-node6: error: *** STEP 1516862.221 ON enc1-node6 CANCELLED AT 2021-10-13T14:00:24 ***
srun: error: enc1-node8: task 0: Terminated
slurmstepd-enc1-node9: error: *** STEP 1516862.270 ON enc1-node9 CANCELLED AT 2021-10-13T14:00:24 ***
srun: error: enc1-node9: task 0: Terminated
srun: error: enc1-node3: task 0: Terminated
srun: error: enc1-node4: task 0: Terminated
srun: error: enc1-node12: task 0: Terminated
srun: error: enc1-node8: task 0: Terminated
srun: error: enc1-node12: task 0: Terminated
slurmstepd-enc1-node9: error: *** STEP 1516862.278 ON enc1-node9 CANCELLED AT 2021-10-13T14:00:24 ***
srun: error: enc1-node6: task 0: Terminated
srun: error: enc1-node6: task 0: Terminated
srun: error: enc1-node6: task 0: Terminated
srun: error: enc1-node6: task 0: Terminated
srun: error: enc1-node3: task 0: Terminated
slurmstepd-enc1-node6: error: *** STEP 1516862.225 ON enc1-node6 CANCELLED AT 2021-10-13T14:00:24 ***
srun: error: enc1-node10: task 0: Terminated
srun: error: enc1-node8: task 0: Terminated
srun: error: enc1-node12: task 0: Terminated
srun: error: enc1-node9: task 0: Terminated
slurmstepd-enc1-node6: error: *** STEP 1516862.213 ON enc1-node6 CANCELLED AT 2021-10-13T14:00:24 ***
srun: error: enc1-node12: task 0: Terminated
slurmstepd-enc1-node9: error: *** STEP 1516862.272 ON enc1-node9 CANCELLED AT 2021-10-13T14:00:24 ***
srun: error: enc1-node9: task 0: Terminated
srun: error: enc1-node6: task 0: Terminated
srun: error: enc1-node3: task 0: Terminated
srun: error: enc1-node8: task 0: Terminated
srun: error: enc1-node6: task 0: Terminated
slurmstepd-enc1-node6: error: *** STEP 1516862.228 ON enc1-node6 CANCELLED AT 2021-10-13T14:00:24 ***
srun: error: enc1-node9: task 0: Terminated
srun: error: enc1-node12: task 0: Terminated
slurmstepd-enc1-node6: error: *** STEP 1516862.229 ON enc1-node6 CANCELLED AT 2021-10-13T14:00:24 ***
srun: error: enc1-node6: task 0: Terminated
srun: error: enc1-node9: task 0: Terminated
srun: error: enc1-node9: task 0: Terminated
slurmstepd-enc1-node6: error: *** STEP 1516862.227 ON enc1-node6 CANCELLED AT 2021-10-13T14:00:24 ***
srun: error: enc1-node6: task 0: Terminated
srun: error: enc1-node6: task 0: Terminated
srun: error: enc1-node9: task 0: Terminated
srun: got SIGCONT
srun: got SIGCONT
srun: got SIGCONT
srun: got SIGCONT
srun: got SIGCONT
srun: got SIGCONT
srun: got SIGCONT
srun: got SIGCONT
srun: got SIGCONT
srun: got SIGCONT
srun: got SIGCONT
srun: got SIGCONT
srun: got SIGCONT
srun: got SIGCONT
srun: got SIGCONT
srun: got SIGCONT
srun: got SIGCONT
srun: got SIGCONT
srun: got SIGCONT
srun: got SIGCONT
srun: got SIGCONT
srun: got SIGCONT
srun: got SIGCONT
srun: got SIGCONT
srun: got SIGCONT
srun: got SIGCONT
srun: got SIGCONT
srun: got SIGCONT
srun: got SIGCONT
srun: got SIGCONT
srun: got SIGCONT
srun: got SIGCONT
srun: got SIGCONT
srun: got SIGCONT
srun: got SIGCONT
srun: got SIGCONT
srun: error: enc1-node9: task 0: Terminated
srun: got SIGCONT
srun: got SIGCONT
srun: got SIGCONT
srun: got SIGCONT
srun: got SIGCONT
srun: got SIGCONT
srun: got SIGCONT
srun: got SIGCONT
srun: got SIGCONT
slurmstepd-enc0-node1: error: *** STEP 1516862.49 ON enc0-node1 CANCELLED AT 2021-10-13T14:00:24 ***
srun: error: enc1-node6: task 0: Terminated
srun: error: enc1-node6: task 0: Terminated
srun: error: enc1-node6: task 0: Terminated
srun: error: enc1-node6: task 0: Terminated
slurmstepd-enc0-node1: error: *** STEP 1516862.46 ON enc0-node1 CANCELLED AT 2021-10-13T14:00:24 ***
slurmstepd-enc0-node1: error: *** STEP 1516862.43 ON enc0-node1 CANCELLED AT 2021-10-13T14:00:24 ***
slurmstepd-enc0-node1: error: *** STEP 1516862.40 ON enc0-node1 CANCELLED AT 2021-10-13T14:00:24 ***
slurmstepd-enc1-node5: error: *** STEP 1516862.211 ON enc1-node5 CANCELLED AT 2021-10-13T14:00:24 ***
slurmstepd-enc1-node5: error: *** STEP 1516862.203 ON enc1-node5 CANCELLED AT 2021-10-13T14:00:24 ***
slurmstepd-enc1-node5: error: *** STEP 1516862.198 ON enc1-node5 CANCELLED AT 2021-10-13T14:00:24 ***
slurmstepd-enc0-node1: error: *** STEP 1516862.50 ON enc0-node1 CANCELLED AT 2021-10-13T14:00:24 ***
slurmstepd-enc1-node5: error: *** STEP 1516862.209 ON enc1-node5 CANCELLED AT 2021-10-13T14:00:24 ***
srun: error: enc0-node1: task 0: Terminated
slurmstepd-enc1-node5: error: *** STEP 1516862.200 ON enc1-node5 CANCELLED AT 2021-10-13T14:00:24 ***
slurmstepd-enc0-node1: error: *** STEP 1516862.32 ON enc0-node1 CANCELLED AT 2021-10-13T14:00:24 ***
srun: error: enc0-node1: task 0: Terminated
srun: error: enc0-node1: task 0: Terminated
slurmstepd-enc0-node1: error: *** STEP 1516862.37 ON enc0-node1 CANCELLED AT 2021-10-13T14:00:24 ***
srun: error: enc0-node1: task 0: Terminated
slurmstepd-enc1-node5: error: *** STEP 1516862.202 ON enc1-node5 CANCELLED AT 2021-10-13T14:00:24 ***
slurmstepd-enc0-node1: error: *** STEP 1516862.39 ON enc0-node1 CANCELLED AT 2021-10-13T14:00:24 ***
srun: error: enc1-node5: task 0: Terminated
srun: error: enc1-node5: task 0: Terminated
slurmstepd-enc1-node5: error: *** STEP 1516862.208 ON enc1-node5 CANCELLED AT 2021-10-13T14:00:24 ***
slurmstepd-enc1-node5: error: *** STEP 1516862.194 ON enc1-node5 CANCELLED AT 2021-10-13T14:00:24 ***
srun: error: enc0-node1: task 0: Terminated
srun: error: enc1-node5: task 0: Terminated
srun: error: enc1-node5: task 0: Terminated
slurmstepd-enc0-node1: error: *** STEP 1516862.31 ON enc0-node1 CANCELLED AT 2021-10-13T14:00:24 ***
slurmstepd-enc1-node5: error: *** STEP 1516862.207 ON enc1-node5 CANCELLED AT 2021-10-13T14:00:24 ***
slurmstepd-enc1-node5: error: *** STEP 1516862.204 ON enc1-node5 CANCELLED AT 2021-10-13T14:00:24 ***
slurmstepd-enc1-node5: error: *** STEP 1516862.192 ON enc1-node5 CANCELLED AT 2021-10-13T14:00:24 ***
srun: error: enc1-node5: task 0: Terminated
slurmstepd-enc1-node5: error: *** STEP 1516862.10 ON enc1-node5 CANCELLED AT 2021-10-13T14:00:24 ***
slurmstepd-enc0-node1: error: *** STEP 1516862.36 ON enc0-node1 CANCELLED AT 2021-10-13T14:00:24 ***
srun: error: enc0-node1: task 0: Terminated
slurmstepd-enc1-node5: error: *** STEP 1516862.196 ON enc1-node5 CANCELLED AT 2021-10-13T14:00:24 ***
srun: error: enc1-node5: task 0: Terminated
slurmstepd-enc1-node5: error: *** STEP 1516862.199 ON enc1-node5 CANCELLED AT 2021-10-13T14:00:24 ***
srun: error: enc1-node5: task 0: Terminated
srun: error: enc1-node5: task 0: Terminated
slurmstepd-enc1-node5: error: *** STEP 1516862.210 ON enc1-node5 CANCELLED AT 2021-10-13T14:00:24 ***
slurmstepd-enc1-node5: error: *** STEP 1516862.205 ON enc1-node5 CANCELLED AT 2021-10-13T14:00:24 ***
slurmstepd-enc0-node1: error: *** STEP 1516862.42 ON enc0-node1 CANCELLED AT 2021-10-13T14:00:24 ***
srun: error: enc1-node5: task 0: Terminated
slurmstepd-enc1-node5: error: *** STEP 1516862.206 ON enc1-node5 CANCELLED AT 2021-10-13T14:00:24 ***
srun: error: enc1-node5: task 0: Terminated
srun: error: enc0-node1: task 0: Terminated
slurmstepd-enc1-node5: error: *** STEP 1516862.197 ON enc1-node5 CANCELLED AT 2021-10-13T14:00:24 ***
srun: error: enc1-node5: task 0: Terminated
slurmstepd-enc1-node5: error: *** STEP 1516862.193 ON enc1-node5 CANCELLED AT 2021-10-13T14:00:24 ***
slurmstepd-enc0-node1: error: *** STEP 1516862.48 ON enc0-node1 CANCELLED AT 2021-10-13T14:00:24 ***
srun: error: enc0-node1: task 0: Terminated
slurmstepd-enc1-node5: error: *** STEP 1516862.201 ON enc1-node5 CANCELLED AT 2021-10-13T14:00:24 ***
srun: error: enc1-node5: task 0: Terminated
srun: error: enc1-node5: task 0: Terminated
srun: error: enc1-node5: task 0: Terminated
srun: error: enc0-node1: task 0: Terminated
slurmstepd-enc0-node1: error: *** STEP 1516862.44 ON enc0-node1 CANCELLED AT 2021-10-13T14:00:24 ***
srun: error: enc1-node5: task 0: Terminated
srun: error: enc1-node5: task 0: Terminated
srun: error: enc1-node5: task 0: Terminated
srun: error: enc0-node1: task 0: Terminated
srun: error: enc1-node5: task 0: Terminated
srun: error: enc1-node5: task 0: Terminated
slurmstepd-enc0-node1: error: *** STEP 1516862.38 ON enc0-node1 CANCELLED AT 2021-10-13T14:00:24 ***
srun: error: enc1-node5: task 0: Terminated
srun: error: enc0-node1: task 0: Terminated
slurmstepd-enc0-node1: error: *** STEP 1516862.33 ON enc0-node1 CANCELLED AT 2021-10-13T14:00:24 ***
slurmstepd-enc0-node1: error: *** STEP 1516862.41 ON enc0-node1 CANCELLED AT 2021-10-13T14:00:24 ***
srun: error: enc0-node1: task 0: Terminated
slurmstepd-enc0-node1: error: *** STEP 1516862.45 ON enc0-node1 CANCELLED AT 2021-10-13T14:00:24 ***
srun: error: enc0-node1: task 0: Terminated
slurmstepd-enc0-node1: error: *** STEP 1516862.34 ON enc0-node1 CANCELLED AT 2021-10-13T14:00:24 ***
slurmstepd-enc0-node1: error: *** STEP 1516862.35 ON enc0-node1 CANCELLED AT 2021-10-13T14:00:24 ***
srun: error: enc0-node1: task 0: Terminated
slurmstepd-enc0-node1: error: *** STEP 1516862.47 ON enc0-node1 CANCELLED AT 2021-10-13T14:00:24 ***
srun: error: enc0-node1: task 0: Terminated
slurmstepd-enc0-node1: error: *** JOB 1516862 ON enc0-node1 CANCELLED AT 2021-10-13T14:00:24 ***
srun: error: enc0-node1: task 0: Terminated
srun: forcing job termination
srun: forcing job termination
srun: forcing job termination
srun: forcing job termination
srun: error: enc0-node1: task 0: Terminated
srun: error: enc0-node1: task 0: Terminated
srun: error: enc0-node1: task 0: Terminated
srun: error: enc0-node1: task 0: Terminated
