srun: error: task 0 launch failed: Slurmd could not execve job
srun: error: task 0 launch failed: Slurmd could not execve job
Traceback (most recent call last):
  File "clusterSweep.py", line 89, in <module>
    data = [str(t_sr_),str(t_stdp_plus_),str(t_stdp_minus_),str(a_stdp_), str(f_), str(k_), str(fr_), str(round(R_w,5)), str(round(R_nw,5)), str(round(SNR_w,5)), str(round(SNR_nw,5)), str(round(skew_w,5)), str(round(skew_nw,5)), str(round(skew_m,5))]
TypeError: type numpy.ndarray doesn't define __round__ method
srun: error: enc2-node12: task 0: Exited with exit code 1
Traceback (most recent call last):
  File "clusterSweep.py", line 89, in <module>
    data = [str(t_sr_),str(t_stdp_plus_),str(t_stdp_minus_),str(a_stdp_), str(f_), str(k_), str(fr_), str(round(R_w,5)), str(round(R_nw,5)), str(round(SNR_w,5)), str(round(SNR_nw,5)), str(round(skew_w,5)), str(round(skew_nw,5)), str(round(skew_m,5))]
TypeError: type numpy.ndarray doesn't define __round__ method
srun: error: enc2-node12: task 0: Exited with exit code 1
Traceback (most recent call last):
  File "clusterSweep.py", line 89, in <module>
    data = [str(t_sr_),str(t_stdp_plus_),str(t_stdp_minus_),str(a_stdp_), str(f_), str(k_), str(fr_), str(round(R_w,5)), str(round(R_nw,5)), str(round(SNR_w,5)), str(round(SNR_nw,5)), str(round(skew_w,5)), str(round(skew_nw,5)), str(round(skew_m,5))]
TypeError: type numpy.ndarray doesn't define __round__ method
srun: error: enc2-node12: task 0: Exited with exit code 1
Traceback (most recent call last):
  File "clusterSweep.py", line 89, in <module>
    data = [str(t_sr_),str(t_stdp_plus_),str(t_stdp_minus_),str(a_stdp_), str(f_), str(k_), str(fr_), str(round(R_w,5)), str(round(R_nw,5)), str(round(SNR_w,5)), str(round(SNR_nw,5)), str(round(skew_w,5)), str(round(skew_nw,5)), str(round(skew_m,5))]
TypeError: type numpy.ndarray doesn't define __round__ method
srun: error: enc2-node12: task 0: Exited with exit code 1
Traceback (most recent call last):
  File "clusterSweep.py", line 89, in <module>
    data = [str(t_sr_),str(t_stdp_plus_),str(t_stdp_minus_),str(a_stdp_), str(f_), str(k_), str(fr_), str(round(R_w,5)), str(round(R_nw,5)), str(round(SNR_w,5)), str(round(SNR_nw,5)), str(round(skew_w,5)), str(round(skew_nw,5)), str(round(skew_m,5))]
TypeError: type numpy.ndarray doesn't define __round__ method
srun: error: enc2-node11: task 0: Exited with exit code 1
Traceback (most recent call last):
  File "clusterSweep.py", line 89, in <module>
    data = [str(t_sr_),str(t_stdp_plus_),str(t_stdp_minus_),str(a_stdp_), str(f_), str(k_), str(fr_), str(round(R_w,5)), str(round(R_nw,5)), str(round(SNR_w,5)), str(round(SNR_nw,5)), str(round(skew_w,5)), str(round(skew_nw,5)), str(round(skew_m,5))]
TypeError: type numpy.ndarray doesn't define __round__ method
srun: error: enc2-node11: task 0: Exited with exit code 1
