Setting parameters
Initialising
   making state/history dataframes
   initialising velocity, position and direction
   setting time/run counters
   making the maze walls
   discretising position for later plotting
   handling undefined parameters
   initialising basis features for learning
   calculating state vector at all discretised positions
HBox(children=(HTML(value=''), FloatProgress(value=0.0, max=2500.0), HTML(value='')))

   initialising STDP weight matrix and traces
DONE
HBox(children=(HTML(value=''), FloatProgress(value=0.0, max=12000.0), HTML(value='')))

Calculating place and grid cells
              R2        SNR        skew        peak 
W             0.02      1.80       -0.71        -0.45 
W (no theta)  0.00      0.67       -0.77        -0.15 
M             -         -          -0.13        0.05 
Setting parameters
Initialising
   making state/history dataframes
   initialising velocity, position and direction
   setting time/run counters
   making the maze walls
   discretising position for later plotting
   handling undefined parameters
   initialising basis features for learning
   calculating state vector at all discretised positions
HBox(children=(HTML(value=''), FloatProgress(value=0.0, max=2500.0), HTML(value='')))

   initialising STDP weight matrix and traces
DONE
HBox(children=(HTML(value=''), FloatProgress(value=0.0, max=12000.0), HTML(value='')))

Calculating place and grid cells
              R2        SNR        skew        peak 
W             0.01      1.02       -1.00        -0.35 
W (no theta)  0.00      0.71       nan        -0.15 
M             -         -          -0.14        0.05 
Setting parameters
Initialising
   making state/history dataframes
   initialising velocity, position and direction
   setting time/run counters
   making the maze walls
   discretising position for later plotting
   handling undefined parameters
   initialising basis features for learning
   calculating state vector at all discretised positions
HBox(children=(HTML(value=''), FloatProgress(value=0.0, max=2500.0), HTML(value='')))

   initialising STDP weight matrix and traces
DONE
HBox(children=(HTML(value=''), FloatProgress(value=0.0, max=12000.0), HTML(value='')))

Calculating place and grid cells
              R2        SNR        skew        peak 
W             0.90      5.54       0.00        -0.05 
W (no theta)  0.89      6.33       0.00        -0.05 
M             -         -          -0.14        0.05 
Setting parameters
Initialising
   making state/history dataframes
   initialising velocity, position and direction
   setting time/run counters
   making the maze walls
   discretising position for later plotting
   handling undefined parameters
   initialising basis features for learning
   calculating state vector at all discretised positions
HBox(children=(HTML(value=''), FloatProgress(value=0.0, max=2500.0), HTML(value='')))

   initialising STDP weight matrix and traces
DONE
HBox(children=(HTML(value=''), FloatProgress(value=0.0, max=12000.0), HTML(value='')))

Calculating place and grid cells
              R2        SNR        skew        peak 
W             0.17      1.62       -0.45        -0.15 
W (no theta)  0.00      1.05       -1.00        0.05 
M             -         -          -0.14        0.05 
Setting parameters
Initialising
   making state/history dataframes
   initialising velocity, position and direction
   setting time/run counters
   making the maze walls
   discretising position for later plotting
   handling undefined parameters
   initialising basis features for learning
   calculating state vector at all discretised positions
HBox(children=(HTML(value=''), FloatProgress(value=0.0, max=2500.0), HTML(value='')))

   initialising STDP weight matrix and traces
DONE
HBox(children=(HTML(value=''), FloatProgress(value=0.0, max=12000.0), HTML(value='')))

Calculating place and grid cells
              R2        SNR        skew        peak 
W             0.78      3.92       0.16        -0.05 
W (no theta)  0.69      3.12       0.00        -0.15 
M             -         -          -0.14        0.05 
Setting parameters
Initialising
   making state/history dataframes
   initialising velocity, position and direction
   setting time/run counters
   making the maze walls
   discretising position for later plotting
   handling undefined parameters
   initialising basis features for learning
   calculating state vector at all discretised positions
HBox(children=(HTML(value=''), FloatProgress(value=0.0, max=2500.0), HTML(value='')))

   initialising STDP weight matrix and traces
DONE
HBox(children=(HTML(value=''), FloatProgress(value=0.0, max=12000.0), HTML(value='')))

Calculating place and grid cells
              R2        SNR        skew        peak 
W             0.91      6.82       0.01        -0.05 
W (no theta)  0.89      6.72       -0.00        0.15 
M             -         -          -0.14        0.05 
