srun: error: task 0 launch failed: Slurmd could not execve job
srun: error: task 0 launch failed: Slurmd could not execve job
srun: error: task 0 launch failed: Slurmd could not execve job
srun: error: task 0 launch failed: Slurmd could not execve job
srun: error: task 0 launch failed: Slurmd could not execve job
srun: error: task 0 launch failed: Slurmd could not execve job
srun: error: task 0 launch failed: Slurmd could not execve job
srun: error: task 0 launch failed: Slurmd could not execve job
srun: error: task 0 launch failed: Slurmd could not execve job
srun: error: task 0 launch failed: Slurmd could not execve job
srun: error: task 0 launch failed: Slurmd could not execve job
srun: error: task 0 launch failed: Slurmd could not execve job
srun: error: task 0 launch failed: Slurmd could not execve job
srun: error: task 0 launch failed: Slurmd could not execve job
srun: error: task 0 launch failed: Slurmd could not execve job
srun: error: task 0 launch failed: Slurmd could not execve job
srun: error: task 0 launch failed: Slurmd could not execve job
srun: error: task 0 launch failed: Slurmd could not execve job
srun: error: task 0 launch failed: Slurmd could not execve job
srun: error: task 0 launch failed: Slurmd could not execve job
srun: error: task 0 launch failed: Slurmd could not execve job
srun: error: task 0 launch failed: Slurmd could not execve job
srun: error: task 0 launch failed: Slurmd could not execve job
srun: error: task 0 launch failed: Slurmd could not execve job
srun: error: task 0 launch failed: Slurmd could not execve job
srun: error: task 0 launch failed: Slurmd could not execve job
srun: error: task 0 launch failed: Slurmd could not execve job
srun: error: task 0 launch failed: Slurmd could not execve job
srun: Job step aborted: Waiting up to 32 seconds for job step to finish.
srun: Job step aborted: Waiting up to 32 seconds for job step to finish.
srun: Job step aborted: Waiting up to 32 seconds for job step to finish.
srun: Job step aborted: Waiting up to 32 seconds for job step to finish.
srun: Job step aborted: Waiting up to 32 seconds for job step to finish.
srun: Job step aborted: Waiting up to 32 seconds for job step to finish.
srun: Job step aborted: Waiting up to 32 seconds for job step to finish.
srun: Job step aborted: Waiting up to 32 seconds for job step to finish.
srun: Job step aborted: Waiting up to 32 seconds for job step to finish.
srun: Job step aborted: Waiting up to 32 seconds for job step to finish.
srun: Job step aborted: Waiting up to 32 seconds for job step to finish.
srun: Job step aborted: Waiting up to 32 seconds for job step to finish.
srun: Job step aborted: Waiting up to 32 seconds for job step to finish.
srun: Job step aborted: Waiting up to 32 seconds for job step to finish.
srun: Job step aborted: Waiting up to 32 seconds for job step to finish.
srun: Job step aborted: Waiting up to 32 seconds for job step to finish.
srun: Job step aborted: Waiting up to 32 seconds for job step to finish.
srun: Job step aborted: Waiting up to 32 seconds for job step to finish.
srun: Job step aborted: Waiting up to 32 seconds for job step to finish.
srun: Job step aborted: Waiting up to 32 seconds for job step to finish.
srun: Job step aborted: Waiting up to 32 seconds for job step to finish.
srun: Job step aborted: Waiting up to 32 seconds for job step to finish.
srun: Job step aborted: Waiting up to 32 seconds for job step to finish.
srun: Job step aborted: Waiting up to 32 seconds for job step to finish.
srun: Job step aborted: Waiting up to 32 seconds for job step to finish.
srun: Job step aborted: Waiting up to 32 seconds for job step to finish.
srun: Job step aborted: Waiting up to 32 seconds for job step to finish.
srun: Job step aborted: Waiting up to 32 seconds for job step to finish.
srun: Job step aborted: Waiting up to 32 seconds for job step to finish.
srun: Job step aborted: Waiting up to 32 seconds for job step to finish.
srun: Job step aborted: Waiting up to 32 seconds for job step to finish.
srun: Job step aborted: Waiting up to 32 seconds for job step to finish.
srun: Job step aborted: Waiting up to 32 seconds for job step to finish.
srun: Job step aborted: Waiting up to 32 seconds for job step to finish.
srun: Job step aborted: Waiting up to 32 seconds for job step to finish.
srun: Job step aborted: Waiting up to 32 seconds for job step to finish.
srun: Job step aborted: Waiting up to 32 seconds for job step to finish.
srun: Job step aborted: Waiting up to 32 seconds for job step to finish.
srun: Job step aborted: Waiting up to 32 seconds for job step to finish.
srun: Job step aborted: Waiting up to 32 seconds for job step to finish.
srun: Job step aborted: Waiting up to 32 seconds for job step to finish.
srun: Job step aborted: Waiting up to 32 seconds for job step to finish.
srun: Job step aborted: Waiting up to 32 seconds for job step to finish.
srun: Job step aborted: Waiting up to 32 seconds for job step to finish.
srun: Job step aborted: Waiting up to 32 seconds for job step to finish.
srun: Job step aborted: Waiting up to 32 seconds for job step to finish.
srun: Job step aborted: Waiting up to 32 seconds for job step to finish.
srun: Job step aborted: Waiting up to 32 seconds for job step to finish.
srun: Job step aborted: Waiting up to 32 seconds for job step to finish.
srun: Job step aborted: Waiting up to 32 seconds for job step to finish.
srun: Job step aborted: Waiting up to 32 seconds for job step to finish.
srun: Job step aborted: Waiting up to 32 seconds for job step to finish.
srun: Job step aborted: Waiting up to 32 seconds for job step to finish.
srun: Job step aborted: Waiting up to 32 seconds for job step to finish.
srun: Job step aborted: Waiting up to 32 seconds for job step to finish.
srun: Job step aborted: Waiting up to 32 seconds for job step to finish.
srun: Job step aborted: Waiting up to 32 seconds for job step to finish.
srun: Job step aborted: Waiting up to 32 seconds for job step to finish.
srun: Job step aborted: Waiting up to 32 seconds for job step to finish.
srun: Job step aborted: Waiting up to 32 seconds for job step to finish.
srun: Job step aborted: Waiting up to 32 seconds for job step to finish.
srun: Job step aborted: Waiting up to 32 seconds for job step to finish.
slurmstepd-enc3-node5: error: *** STEP 1516864.29 ON enc3-node5 CANCELLED AT 2021-10-13T14:04:00 ***
srun: Job step aborted: Waiting up to 32 seconds for job step to finish.
srun: Job step aborted: Waiting up to 32 seconds for job step to finish.
srun: Job step aborted: Waiting up to 32 seconds for job step to finish.
srun: Job step aborted: Waiting up to 32 seconds for job step to finish.
srun: Job step aborted: Waiting up to 32 seconds for job step to finish.
srun: Job step aborted: Waiting up to 32 seconds for job step to finish.
srun: Job step aborted: Waiting up to 32 seconds for job step to finish.
srun: Job step aborted: Waiting up to 32 seconds for job step to finish.
srun: Job step aborted: Waiting up to 32 seconds for job step to finish.
srun: Job step aborted: Waiting up to 32 seconds for job step to finish.
srun: Job step aborted: Waiting up to 32 seconds for job step to finish.
srun: Job step aborted: Waiting up to 32 seconds for job step to finish.
srun: Job step aborted: Waiting up to 32 seconds for job step to finish.
srun: Job step aborted: Waiting up to 32 seconds for job step to finish.
srun: Job step aborted: Waiting up to 32 seconds for job step to finish.
srun: Job step aborted: Waiting up to 32 seconds for job step to finish.
srun: Job step aborted: Waiting up to 32 seconds for job step to finish.
srun: Job step aborted: Waiting up to 32 seconds for job step to finish.
srun: Job step aborted: Waiting up to 32 seconds for job step to finish.
srun: Job step aborted: Waiting up to 32 seconds for job step to finish.
srun: Job step aborted: Waiting up to 32 seconds for job step to finish.
srun: Job step aborted: Waiting up to 32 seconds for job step to finish.
srun: Job step aborted: Waiting up to 32 seconds for job step to finish.
srun: Job step aborted: Waiting up to 32 seconds for job step to finish.
srun: Job step aborted: Waiting up to 32 seconds for job step to finish.
srun: Job step aborted: Waiting up to 32 seconds for job step to finish.
srun: Job step aborted: Waiting up to 32 seconds for job step to finish.
srun: Job step aborted: Waiting up to 32 seconds for job step to finish.
srun: Job step aborted: Waiting up to 32 seconds for job step to finish.
srun: Job step aborted: Waiting up to 32 seconds for job step to finish.
slurmstepd-enc2-node9: error: *** STEP 1516864.26 ON enc2-node9 CANCELLED AT 2021-10-13T14:04:00 ***
srun: Job step aborted: Waiting up to 32 seconds for job step to finish.
srun: Job step aborted: Waiting up to 32 seconds for job step to finish.
srun: Job step aborted: Waiting up to 32 seconds for job step to finish.
srun: Job step aborted: Waiting up to 32 seconds for job step to finish.
srun: Job step aborted: Waiting up to 32 seconds for job step to finish.
slurmstepd-enc3-node6: error: *** STEP 1516864.30 ON enc3-node6 CANCELLED AT 2021-10-13T14:04:00 ***
srun: Job step aborted: Waiting up to 32 seconds for job step to finish.
srun: Job step aborted: Waiting up to 32 seconds for job step to finish.
srun: Job step aborted: Waiting up to 32 seconds for job step to finish.
srun: Job step aborted: Waiting up to 32 seconds for job step to finish.
srun: Job step aborted: Waiting up to 32 seconds for job step to finish.
slurmstepd-enc3-node4: error: *** STEP 1516864.445 ON enc3-node4 CANCELLED AT 2021-10-13T14:04:00 ***
srun: Job step aborted: Waiting up to 32 seconds for job step to finish.
srun: Job step aborted: Waiting up to 32 seconds for job step to finish.
srun: Job step aborted: Waiting up to 32 seconds for job step to finish.
srun: Job step aborted: Waiting up to 32 seconds for job step to finish.
srun: Job step aborted: Waiting up to 32 seconds for job step to finish.
srun: Job step aborted: Waiting up to 32 seconds for job step to finish.
srun: Job step aborted: Waiting up to 32 seconds for job step to finish.
slurmstepd-enc2-node9: error: *** STEP 1516864.440 ON enc2-node9 CANCELLED AT 2021-10-13T14:04:00 ***
srun: Job step aborted: Waiting up to 32 seconds for job step to finish.
srun: Job step aborted: Waiting up to 32 seconds for job step to finish.
srun: Job step aborted: Waiting up to 32 seconds for job step to finish.
srun: Job step aborted: Waiting up to 32 seconds for job step to finish.
srun: Job step aborted: Waiting up to 32 seconds for job step to finish.
srun: Job step aborted: Waiting up to 32 seconds for job step to finish.
srun: Job step aborted: Waiting up to 32 seconds for job step to finish.
srun: Job step aborted: Waiting up to 32 seconds for job step to finish.
srun: Job step aborted: Waiting up to 32 seconds for job step to finish.
slurmstepd-enc3-node4: error: *** STEP 1516864.447 ON enc3-node4 CANCELLED AT 2021-10-13T14:04:00 ***
srun: Job step aborted: Waiting up to 32 seconds for job step to finish.
srun: Job step aborted: Waiting up to 32 seconds for job step to finish.
srun: Job step aborted: Waiting up to 32 seconds for job step to finish.
srun: Job step aborted: Waiting up to 32 seconds for job step to finish.
srun: Job step aborted: Waiting up to 32 seconds for job step to finish.
srun: Job step aborted: Waiting up to 32 seconds for job step to finish.
srun: Job step aborted: Waiting up to 32 seconds for job step to finish.
srun: Job step aborted: Waiting up to 32 seconds for job step to finish.
srun: Job step aborted: Waiting up to 32 seconds for job step to finish.
srun: Job step aborted: Waiting up to 32 seconds for job step to finish.
srun: Job step aborted: Waiting up to 32 seconds for job step to finish.
slurmstepd-enc3-node4: error: *** STEP 1516864.446 ON enc3-node4 CANCELLED AT 2021-10-13T14:04:00 ***
srun: Job step aborted: Waiting up to 32 seconds for job step to finish.
slurmstepd-enc0-node7: error: *** STEP 1516864.113 ON enc0-node7 CANCELLED AT 2021-10-13T14:04:00 ***
slurmstepd-enc2-node4: error: *** STEP 1516864.399 ON enc2-node4 CANCELLED AT 2021-10-13T14:04:00 ***
srun: Job step aborted: Waiting up to 32 seconds for job step to finish.
srun: Job step aborted: Waiting up to 32 seconds for job step to finish.
srun: Job step aborted: Waiting up to 32 seconds for job step to finish.
srun: Job step aborted: Waiting up to 32 seconds for job step to finish.
slurmstepd-enc0-node7: error: *** STEP 1516864.5 ON enc0-node7 CANCELLED AT 2021-10-13T14:04:00 ***
srun: Job step aborted: Waiting up to 32 seconds for job step to finish.
srun: Job step aborted: Waiting up to 32 seconds for job step to finish.
srun: Job step aborted: Waiting up to 32 seconds for job step to finish.
srun: Job step aborted: Waiting up to 32 seconds for job step to finish.
slurmstepd-enc3-node4: error: *** STEP 1516864.444 ON enc3-node4 CANCELLED AT 2021-10-13T14:04:00 ***
srun: Job step aborted: Waiting up to 32 seconds for job step to finish.
srun: Job step aborted: Waiting up to 32 seconds for job step to finish.
srun: Job step aborted: Waiting up to 32 seconds for job step to finish.
slurmstepd-enc0-node4: error: *** STEP 1516864.86 ON enc0-node4 CANCELLED AT 2021-10-13T14:04:00 ***
srun: Job step aborted: Waiting up to 32 seconds for job step to finish.
srun: Job step aborted: Waiting up to 32 seconds for job step to finish.
srun: Job step aborted: Waiting up to 32 seconds for job step to finish.
srun: Job step aborted: Waiting up to 32 seconds for job step to finish.
slurmstepd-enc0-node7: error: *** STEP 1516864.114 ON enc0-node7 CANCELLED AT 2021-10-13T14:04:00 ***
srun: Job step aborted: Waiting up to 32 seconds for job step to finish.
srun: Job step aborted: Waiting up to 32 seconds for job step to finish.
slurmstepd-enc2-node5: error: *** STEP 1516864.408 ON enc2-node5 CANCELLED AT 2021-10-13T14:04:00 ***
srun: Job step aborted: Waiting up to 32 seconds for job step to finish.
srun: Job step aborted: Waiting up to 32 seconds for job step to finish.
srun: Job step aborted: Waiting up to 32 seconds for job step to finish.
srun: Job step aborted: Waiting up to 32 seconds for job step to finish.
srun: Job step aborted: Waiting up to 32 seconds for job step to finish.
srun: Job step aborted: Waiting up to 32 seconds for job step to finish.
srun: Job step aborted: Waiting up to 32 seconds for job step to finish.
srun: Job step aborted: Waiting up to 32 seconds for job step to finish.
slurmstepd-enc0-node4: error: *** STEP 1516864.84 ON enc0-node4 CANCELLED AT 2021-10-13T14:04:00 ***
srun: Job step aborted: Waiting up to 32 seconds for job step to finish.
srun: Job step aborted: Waiting up to 32 seconds for job step to finish.
slurmstepd-enc2-node4: error: *** STEP 1516864.403 ON enc2-node4 CANCELLED AT 2021-10-13T14:04:00 ***
srun: Job step aborted: Waiting up to 32 seconds for job step to finish.
srun: Job step aborted: Waiting up to 32 seconds for job step to finish.
slurmstepd-enc0-node7: error: *** STEP 1516864.110 ON enc0-node7 CANCELLED AT 2021-10-13T14:04:00 ***
srun: Job step aborted: Waiting up to 32 seconds for job step to finish.
srun: Job step aborted: Waiting up to 32 seconds for job step to finish.
slurmstepd-enc3-node4: error: *** STEP 1516864.28 ON enc3-node4 CANCELLED AT 2021-10-13T14:04:00 ***
srun: Job step aborted: Waiting up to 32 seconds for job step to finish.
slurmstepd-enc2-node5: error: *** STEP 1516864.410 ON enc2-node5 CANCELLED AT 2021-10-13T14:04:00 ***
srun: Job step aborted: Waiting up to 32 seconds for job step to finish.
srun: Job step aborted: Waiting up to 32 seconds for job step to finish.
slurmstepd-enc0-node3: error: *** STEP 1516864.75 ON enc0-node3 CANCELLED AT 2021-10-13T14:04:00 ***
srun: Job step aborted: Waiting up to 32 seconds for job step to finish.
srun: Job step aborted: Waiting up to 32 seconds for job step to finish.
slurmstepd-enc2-node4: error: *** STEP 1516864.402 ON enc2-node4 CANCELLED AT 2021-10-13T14:04:00 ***
srun: Job step aborted: Waiting up to 32 seconds for job step to finish.
srun: Job step aborted: Waiting up to 32 seconds for job step to finish.
slurmstepd-enc2-node3: error: *** STEP 1516864.393 ON enc2-node3 CANCELLED AT 2021-10-13T14:04:00 ***
srun: Job step aborted: Waiting up to 32 seconds for job step to finish.
slurmstepd-enc0-node4: error: *** STEP 1516864.85 ON enc0-node4 CANCELLED AT 2021-10-13T14:04:00 ***
srun: Job step aborted: Waiting up to 32 seconds for job step to finish.
slurmstepd-enc0-node7: error: *** STEP 1516864.111 ON enc0-node7 CANCELLED AT 2021-10-13T14:04:00 ***
slurmstepd-enc0-node6: error: *** STEP 1516864.104 ON enc0-node6 CANCELLED AT 2021-10-13T14:04:00 ***
slurmstepd-enc0-node3: error: *** STEP 1516864.78 ON enc0-node3 CANCELLED AT 2021-10-13T14:04:00 ***
slurmstepd-enc2-node5: error: *** STEP 1516864.405 ON enc2-node5 CANCELLED AT 2021-10-13T14:04:00 ***
slurmstepd-enc0-node7: error: *** STEP 1516864.107 ON enc0-node7 CANCELLED AT 2021-10-13T14:04:00 ***
slurmstepd-enc2-node4: error: *** STEP 1516864.401 ON enc2-node4 CANCELLED AT 2021-10-13T14:04:00 ***
srun: Job step aborted: Waiting up to 32 seconds for job step to finish.
srun: Job step aborted: Waiting up to 32 seconds for job step to finish.
srun: Job step aborted: Waiting up to 32 seconds for job step to finish.
srun: Job step aborted: Waiting up to 32 seconds for job step to finish.
slurmstepd-enc0-node4: error: *** STEP 1516864.2 ON enc0-node4 CANCELLED AT 2021-10-13T14:04:00 ***
srun: Job step aborted: Waiting up to 32 seconds for job step to finish.
srun: Job step aborted: Waiting up to 32 seconds for job step to finish.
srun: Job step aborted: Waiting up to 32 seconds for job step to finish.
srun: Job step aborted: Waiting up to 32 seconds for job step to finish.
slurmstepd-enc2-node3: error: *** STEP 1516864.388 ON enc2-node3 CANCELLED AT 2021-10-13T14:04:00 ***
srun: Job step aborted: Waiting up to 32 seconds for job step to finish.
srun: Job step aborted: Waiting up to 32 seconds for job step to finish.
slurmstepd-enc0-node3: error: *** STEP 1516864.70 ON enc0-node3 CANCELLED AT 2021-10-13T14:04:00 ***
srun: Job step aborted: Waiting up to 32 seconds for job step to finish.
srun: Job step aborted: Waiting up to 32 seconds for job step to finish.
slurmstepd-enc0-node6: error: *** STEP 1516864.101 ON enc0-node6 CANCELLED AT 2021-10-13T14:04:00 ***
slurmstepd-enc2-node5: error: *** STEP 1516864.409 ON enc2-node5 CANCELLED AT 2021-10-13T14:04:00 ***
slurmstepd-enc2-node4: error: *** STEP 1516864.398 ON enc2-node4 CANCELLED AT 2021-10-13T14:04:00 ***
slurmstepd-enc0-node7: error: *** STEP 1516864.112 ON enc0-node7 CANCELLED AT 2021-10-13T14:04:00 ***
srun: Job step aborted: Waiting up to 32 seconds for job step to finish.
srun: Job step aborted: Waiting up to 32 seconds for job step to finish.
srun: Job step aborted: Waiting up to 32 seconds for job step to finish.
srun: Job step aborted: Waiting up to 32 seconds for job step to finish.
slurmstepd-enc0-node4: error: *** STEP 1516864.79 ON enc0-node4 CANCELLED AT 2021-10-13T14:04:00 ***
srun: Job step aborted: Waiting up to 32 seconds for job step to finish.
srun: Job step aborted: Waiting up to 32 seconds for job step to finish.
slurmstepd-enc0-node3: error: *** STEP 1516864.73 ON enc0-node3 CANCELLED AT 2021-10-13T14:04:00 ***
srun: Job step aborted: Waiting up to 32 seconds for job step to finish.
slurmstepd-enc2-node3: error: *** STEP 1516864.391 ON enc2-node3 CANCELLED AT 2021-10-13T14:04:00 ***
srun: Job step aborted: Waiting up to 32 seconds for job step to finish.
srun: Job step aborted: Waiting up to 32 seconds for job step to finish.
srun: Job step aborted: Waiting up to 32 seconds for job step to finish.
slurmstepd-enc2-node5: error: *** STEP 1516864.406 ON enc2-node5 CANCELLED AT 2021-10-13T14:04:00 ***
srun: Job step aborted: Waiting up to 32 seconds for job step to finish.
srun: Job step aborted: Waiting up to 32 seconds for job step to finish.
slurmstepd-enc2-node4: error: *** STEP 1516864.395 ON enc2-node4 CANCELLED AT 2021-10-13T14:04:00 ***
slurmstepd-enc0-node5: error: *** STEP 1516864.3 ON enc0-node5 CANCELLED AT 2021-10-13T14:04:00 ***
slurmstepd-enc0-node6: error: *** STEP 1516864.102 ON enc0-node6 CANCELLED AT 2021-10-13T14:04:00 ***
slurmstepd-enc0-node3: error: *** STEP 1516864.74 ON enc0-node3 CANCELLED AT 2021-10-13T14:04:00 ***
srun: Job step aborted: Waiting up to 32 seconds for job step to finish.
srun: Job step aborted: Waiting up to 32 seconds for job step to finish.
slurmstepd-enc2-node4: error: *** STEP 1516864.21 ON enc2-node4 CANCELLED AT 2021-10-13T14:04:00 ***
srun: Job step aborted: Waiting up to 32 seconds for job step to finish.
srun: Job step aborted: Waiting up to 32 seconds for job step to finish.
srun: Job step aborted: Waiting up to 32 seconds for job step to finish.
srun: Job step aborted: Waiting up to 32 seconds for job step to finish.
slurmstepd-enc0-node7: error: *** STEP 1516864.109 ON enc0-node7 CANCELLED AT 2021-10-13T14:04:00 ***
srun: Job step aborted: Waiting up to 32 seconds for job step to finish.
srun: Job step aborted: Waiting up to 32 seconds for job step to finish.
slurmstepd-enc0-node6: error: *** STEP 1516864.98 ON enc0-node6 CANCELLED AT 2021-10-13T14:04:00 ***
srun: Job step aborted: Waiting up to 32 seconds for job step to finish.
srun: Job step aborted: Waiting up to 32 seconds for job step to finish.
srun: Job step aborted: Waiting up to 32 seconds for job step to finish.
slurmstepd-enc0-node5: error: *** STEP 1516864.90 ON enc0-node5 CANCELLED AT 2021-10-13T14:04:00 ***
srun: Job step aborted: Waiting up to 32 seconds for job step to finish.
srun: Job step aborted: Waiting up to 32 seconds for job step to finish.
slurmstepd-enc2-node3: error: *** STEP 1516864.392 ON enc2-node3 CANCELLED AT 2021-10-13T14:04:00 ***
srun: Job step aborted: Waiting up to 32 seconds for job step to finish.
srun: Job step aborted: Waiting up to 32 seconds for job step to finish.
slurmstepd-enc0-node3: error: *** STEP 1516864.72 ON enc0-node3 CANCELLED AT 2021-10-13T14:04:00 ***
srun: Job step aborted: Waiting up to 32 seconds for job step to finish.
srun: Job step aborted: Waiting up to 32 seconds for job step to finish.
slurmstepd-enc0-node7: error: *** STEP 1516864.108 ON enc0-node7 CANCELLED AT 2021-10-13T14:04:00 ***
slurmstepd-enc0-node6: error: *** STEP 1516864.4 ON enc0-node6 CANCELLED AT 2021-10-13T14:04:00 ***
srun: Job step aborted: Waiting up to 32 seconds for job step to finish.
srun: Job step aborted: Waiting up to 32 seconds for job step to finish.
srun: Job step aborted: Waiting up to 32 seconds for job step to finish.
srun: Job step aborted: Waiting up to 32 seconds for job step to finish.
srun: error: enc0-node7: task 0: Terminated
srun: Job step aborted: Waiting up to 32 seconds for job step to finish.
slurmstepd-enc0-node3: error: *** STEP 1516864.1 ON enc0-node3 CANCELLED AT 2021-10-13T14:04:00 ***
srun: error: enc0-node7: task 0: Terminated
srun: Job step aborted: Waiting up to 32 seconds for job step to finish.
slurmstepd-enc0-node7: error: *** STEP 1516864.106 ON enc0-node7 CANCELLED AT 2021-10-13T14:04:00 ***
srun: Job step aborted: Waiting up to 32 seconds for job step to finish.
srun: Job step aborted: Waiting up to 32 seconds for job step to finish.
srun: Job step aborted: Waiting up to 32 seconds for job step to finish.
slurmstepd-enc0-node5: error: *** STEP 1516864.94 ON enc0-node5 CANCELLED AT 2021-10-13T14:04:00 ***
srun: error: enc0-node7: task 0: Terminated
slurmstepd-enc1-node2: error: *** STEP 1516864.154 ON enc1-node2 CANCELLED AT 2021-10-13T14:04:00 ***
srun: Job step aborted: Waiting up to 32 seconds for job step to finish.
srun: Job step aborted: Waiting up to 32 seconds for job step to finish.
slurmstepd-enc1-node11: error: *** STEP 1516864.327 ON enc1-node11 CANCELLED AT 2021-10-13T14:04:00 ***
srun: Job step aborted: Waiting up to 32 seconds for job step to finish.
srun: Job step aborted: Waiting up to 32 seconds for job step to finish.
slurmstepd-enc2-node3: error: *** STEP 1516864.394 ON enc2-node3 CANCELLED AT 2021-10-13T14:04:00 ***
srun: Job step aborted: Waiting up to 32 seconds for job step to finish.
srun: Job step aborted: Waiting up to 32 seconds for job step to finish.
slurmstepd-enc1-node2: error: *** STEP 1516864.142 ON enc1-node2 CANCELLED AT 2021-10-13T14:04:00 ***
srun: Job step aborted: Waiting up to 32 seconds for job step to finish.
srun: Job step aborted: Waiting up to 32 seconds for job step to finish.
slurmstepd-enc1-node11: error: *** STEP 1516864.310 ON enc1-node11 CANCELLED AT 2021-10-13T14:04:00 ***
srun: Job step aborted: Waiting up to 32 seconds for job step to finish.
srun: Job step aborted: Waiting up to 32 seconds for job step to finish.
srun: Job step aborted: Waiting up to 32 seconds for job step to finish.
srun: Job step aborted: Waiting up to 32 seconds for job step to finish.
srun: Job step aborted: Waiting up to 32 seconds for job step to finish.
srun: Job step aborted: Waiting up to 32 seconds for job step to finish.
srun: Job step aborted: Waiting up to 32 seconds for job step to finish.
srun: Job step aborted: Waiting up to 32 seconds for job step to finish.
srun: error: enc0-node4: task 0: Terminated
slurmstepd-enc0-node4: error: *** STEP 1516864.82 ON enc0-node4 CANCELLED AT 2021-10-13T14:04:00 ***
srun: Job step aborted: Waiting up to 32 seconds for job step to finish.
srun: Job step aborted: Waiting up to 32 seconds for job step to finish.
slurmstepd-enc2-node3: error: *** STEP 1516864.389 ON enc2-node3 CANCELLED AT 2021-10-13T14:04:00 ***
srun: Job step aborted: Waiting up to 32 seconds for job step to finish.
srun: Job step aborted: Waiting up to 32 seconds for job step to finish.
slurmstepd-enc1-node2: error: *** STEP 1516864.152 ON enc1-node2 CANCELLED AT 2021-10-13T14:04:00 ***
srun: Job step aborted: Waiting up to 32 seconds for job step to finish.
srun: error: enc0-node7: task 0: Terminated
slurmstepd-enc1-node11: error: *** STEP 1516864.318 ON enc1-node11 CANCELLED AT 2021-10-13T14:04:00 ***
srun: Job step aborted: Waiting up to 32 seconds for job step to finish.
slurmstepd-enc3-node3: error: *** STEP 1516864.27 ON enc3-node3 CANCELLED AT 2021-10-13T14:04:01 ***
srun: Job step aborted: Waiting up to 32 seconds for job step to finish.
srun: error: enc0-node7: task 0: Terminated
slurmstepd-enc1-node14: error: *** STEP 1516864.376 ON enc1-node14 CANCELLED AT 2021-10-13T14:04:00 ***
slurmstepd-enc1-node11: error: *** STEP 1516864.323 ON enc1-node11 CANCELLED AT 2021-10-13T14:04:00 ***
slurmstepd-enc0-node4: error: *** STEP 1516864.87 ON enc0-node4 CANCELLED AT 2021-10-13T14:04:00 ***
slurmstepd-enc1-node2: error: *** STEP 1516864.148 ON enc1-node2 CANCELLED AT 2021-10-13T14:04:00 ***
slurmstepd-enc1-node11: error: *** STEP 1516864.16 ON enc1-node11 CANCELLED AT 2021-10-13T14:04:00 ***
srun: Job step aborted: Waiting up to 32 seconds for job step to finish.
slurmstepd-enc1-node14: error: *** STEP 1516864.382 ON enc1-node14 CANCELLED AT 2021-10-13T14:04:00 ***
srun: Job step aborted: Waiting up to 32 seconds for job step to finish.
srun: Job step aborted: Waiting up to 32 seconds for job step to finish.
slurmstepd-enc0-node6: error: *** STEP 1516864.97 ON enc0-node6 CANCELLED AT 2021-10-13T14:04:00 ***
srun: Job step aborted: Waiting up to 32 seconds for job step to finish.
slurmstepd-enc0-node4: error: *** STEP 1516864.81 ON enc0-node4 CANCELLED AT 2021-10-13T14:04:00 ***
srun: Job step aborted: Waiting up to 32 seconds for job step to finish.
srun: Job step aborted: Waiting up to 32 seconds for job step to finish.
slurmstepd-enc1-node2: error: *** STEP 1516864.146 ON enc1-node2 CANCELLED AT 2021-10-13T14:04:00 ***
srun: error: enc0-node6: task 0: Terminated
srun: Job step aborted: Waiting up to 32 seconds for job step to finish.
slurmstepd-enc1-node11: error: *** STEP 1516864.315 ON enc1-node11 CANCELLED AT 2021-10-13T14:04:00 ***
srun: error: enc0-node4: task 0: Terminated
srun: Job step aborted: Waiting up to 32 seconds for job step to finish.
slurmstepd-enc0-node5: error: *** STEP 1516864.95 ON enc0-node5 CANCELLED AT 2021-10-13T14:04:00 ***
srun: Job step aborted: Waiting up to 32 seconds for job step to finish.
slurmstepd-enc0-node4: error: *** STEP 1516864.83 ON enc0-node4 CANCELLED AT 2021-10-13T14:04:00 ***
slurmstepd-enc1-node14: error: *** STEP 1516864.380 ON enc1-node14 CANCELLED AT 2021-10-13T14:04:00 ***
slurmstepd-enc0-node6: error: *** STEP 1516864.103 ON enc0-node6 CANCELLED AT 2021-10-13T14:04:00 ***
slurmstepd-enc1-node14: error: *** STEP 1516864.373 ON enc1-node14 CANCELLED AT 2021-10-13T14:04:00 ***
slurmstepd-enc1-node11: error: *** STEP 1516864.324 ON enc1-node11 CANCELLED AT 2021-10-13T14:04:00 ***
slurmstepd-enc1-node2: error: *** STEP 1516864.140 ON enc1-node2 CANCELLED AT 2021-10-13T14:04:00 ***
srun: Job step aborted: Waiting up to 32 seconds for job step to finish.
slurmstepd-enc1-node11: error: *** STEP 1516864.326 ON enc1-node11 CANCELLED AT 2021-10-13T14:04:00 ***
srun: Job step aborted: Waiting up to 32 seconds for job step to finish.
srun: Job step aborted: Waiting up to 32 seconds for job step to finish.
srun: error: enc3-node4: task 0: Terminated
slurmstepd-enc1-node14: error: *** STEP 1516864.377 ON enc1-node14 CANCELLED AT 2021-10-13T14:04:00 ***
srun: Job step aborted: Waiting up to 32 seconds for job step to finish.
srun: error: enc3-node4: task 0: Terminated
srun: Job step aborted: Waiting up to 32 seconds for job step to finish.
slurmstepd-enc0-node6: error: *** STEP 1516864.99 ON enc0-node6 CANCELLED AT 2021-10-13T14:04:00 ***
srun: Job step aborted: Waiting up to 32 seconds for job step to finish.
srun: Job step aborted: Waiting up to 32 seconds for job step to finish.
srun: error: enc0-node7: task 0: Terminated
srun: Job step aborted: Waiting up to 32 seconds for job step to finish.
srun: Job step aborted: Waiting up to 32 seconds for job step to finish.
srun: error: enc2-node4: task 0: Terminated
srun: error: enc3-node5: task 0: Terminated
srun: error: enc2-node4: task 0: Terminated
srun: Job step aborted: Waiting up to 32 seconds for job step to finish.
srun: Job step aborted: Waiting up to 32 seconds for job step to finish.
slurmstepd-enc3-node3: error: *** STEP 1516864.441 ON enc3-node3 CANCELLED AT 2021-10-13T14:04:01 ***
srun: error: enc0-node6: task 0: Terminated
slurmstepd-enc1-node14: error: *** STEP 1516864.372 ON enc1-node14 CANCELLED AT 2021-10-13T14:04:00 ***
slurmstepd-enc2-node4: error: *** STEP 1516864.400 ON enc2-node4 CANCELLED AT 2021-10-13T14:04:00 ***
srun: Job step aborted: Waiting up to 32 seconds for job step to finish.
srun: error: enc0-node3: task 0: Terminated
srun: Job step aborted: Waiting up to 32 seconds for job step to finish.
srun: Job step aborted: Waiting up to 32 seconds for job step to finish.
srun: Job step aborted: Waiting up to 32 seconds for job step to finish.
srun: error: enc0-node4: task 0: Terminated
slurmstepd-enc0-node4: error: *** STEP 1516864.80 ON enc0-node4 CANCELLED AT 2021-10-13T14:04:00 ***
srun: Job step aborted: Waiting up to 32 seconds for job step to finish.
srun: Job step aborted: Waiting up to 32 seconds for job step to finish.
srun: Job step aborted: Waiting up to 32 seconds for job step to finish.
slurmstepd-enc0-node3: error: *** STEP 1516864.71 ON enc0-node3 CANCELLED AT 2021-10-13T14:04:00 ***
srun: Job step aborted: Waiting up to 32 seconds for job step to finish.
srun: Job step aborted: Waiting up to 32 seconds for job step to finish.
srun: Job step aborted: Waiting up to 32 seconds for job step to finish.
srun: Job step aborted: Waiting up to 32 seconds for job step to finish.
srun: Job step aborted: Waiting up to 32 seconds for job step to finish.
srun: error: enc2-node4: task 0: Terminated
srun: Job step aborted: Waiting up to 32 seconds for job step to finish.
srun: Job step aborted: Waiting up to 32 seconds for job step to finish.
srun: error: enc3-node4: task 0: Terminated
srun: Job step aborted: Waiting up to 32 seconds for job step to finish.
srun: Job step aborted: Waiting up to 32 seconds for job step to finish.
srun: Job step aborted: Waiting up to 32 seconds for job step to finish.
srun: Job step aborted: Waiting up to 32 seconds for job step to finish.
srun: Job step aborted: Waiting up to 32 seconds for job step to finish.
srun: Job step aborted: Waiting up to 32 seconds for job step to finish.
srun: Job step aborted: Waiting up to 32 seconds for job step to finish.
srun: Job step aborted: Waiting up to 32 seconds for job step to finish.
srun: Job step aborted: Waiting up to 32 seconds for job step to finish.
slurmstepd-enc2-node3: error: *** STEP 1516864.20 ON enc2-node3 CANCELLED AT 2021-10-13T14:04:00 ***
srun: Job step aborted: Waiting up to 32 seconds for job step to finish.
srun: Job step aborted: Waiting up to 32 seconds for job step to finish.
srun: Job step aborted: Waiting up to 32 seconds for job step to finish.
srun: Job step aborted: Waiting up to 32 seconds for job step to finish.
srun: Job step aborted: Waiting up to 32 seconds for job step to finish.
srun: error: enc0-node4: task 0: Terminated
srun: error: enc2-node4: task 0: Terminated
srun: error: enc0-node4: task 0: Terminated
srun: error: enc2-node4: task 0: Terminated
srun: Job step aborted: Waiting up to 32 seconds for job step to finish.
srun: Job step aborted: Waiting up to 32 seconds for job step to finish.
srun: error: enc2-node9: task 0: Terminated
srun: Job step aborted: Waiting up to 32 seconds for job step to finish.
srun: error: enc2-node5: task 0: Terminated
srun: Job step aborted: Waiting up to 32 seconds for job step to finish.
srun: Job step aborted: Waiting up to 32 seconds for job step to finish.
srun: Job step aborted: Waiting up to 32 seconds for job step to finish.
srun: Job step aborted: Waiting up to 32 seconds for job step to finish.
srun: Job step aborted: Waiting up to 32 seconds for job step to finish.
srun: Job step aborted: Waiting up to 32 seconds for job step to finish.
srun: Job step aborted: Waiting up to 32 seconds for job step to finish.
srun: Job step aborted: Waiting up to 32 seconds for job step to finish.
srun: error: enc2-node5: task 0: Terminated
srun: Job step aborted: Waiting up to 32 seconds for job step to finish.
srun: Job step aborted: Waiting up to 32 seconds for job step to finish.
srun: Job step aborted: Waiting up to 32 seconds for job step to finish.
srun: Job step aborted: Waiting up to 32 seconds for job step to finish.
slurmstepd-enc0-node2: error: *** STEP 1516864.65 ON enc0-node2 CANCELLED AT 2021-10-13T14:04:00 ***
srun: Job step aborted: Waiting up to 32 seconds for job step to finish.
srun: Job step aborted: Waiting up to 32 seconds for job step to finish.
srun: error: enc2-node4: task 0: Terminated
srun: Job step aborted: Waiting up to 32 seconds for job step to finish.
srun: Job step aborted: Waiting up to 32 seconds for job step to finish.
srun: Job step aborted: Waiting up to 32 seconds for job step to finish.
srun: Job step aborted: Waiting up to 32 seconds for job step to finish.
slurmstepd-enc1-node14: error: *** STEP 1516864.383 ON enc1-node14 CANCELLED AT 2021-10-13T14:04:00 ***
srun: error: enc0-node4: task 0: Terminated
srun: Job step aborted: Waiting up to 32 seconds for job step to finish.
srun: error: enc2-node4: task 0: Terminated
srun: Job step aborted: Waiting up to 32 seconds for job step to finish.
srun: Job step aborted: Waiting up to 32 seconds for job step to finish.
srun: Job step aborted: Waiting up to 32 seconds for job step to finish.
srun: Job step aborted: Waiting up to 32 seconds for job step to finish.
srun: Job step aborted: Waiting up to 32 seconds for job step to finish.
srun: Job step aborted: Waiting up to 32 seconds for job step to finish.
srun: Job step aborted: Waiting up to 32 seconds for job step to finish.
srun: Job step aborted: Waiting up to 32 seconds for job step to finish.
srun: Job step aborted: Waiting up to 32 seconds for job step to finish.
srun: Job step aborted: Waiting up to 32 seconds for job step to finish.
slurmstepd-enc0-node6: error: *** STEP 1516864.105 ON enc0-node6 CANCELLED AT 2021-10-13T14:04:00 ***
srun: Job step aborted: Waiting up to 32 seconds for job step to finish.
srun: Job step aborted: Waiting up to 32 seconds for job step to finish.
slurmstepd-enc2-node4: error: *** STEP 1516864.397 ON enc2-node4 CANCELLED AT 2021-10-13T14:04:00 ***
srun: error: enc1-node11: task 0: Terminated
srun: error: enc0-node6: task 0: Terminated
srun: error: enc2-node3: task 0: Terminated
slurmstepd-enc1-node3: error: *** STEP 1516864.168 ON enc1-node3 CANCELLED AT 2021-10-13T14:04:00 ***
srun: error: enc0-node6: task 0: Terminated
srun: Job step aborted: Waiting up to 32 seconds for job step to finish.
srun: error: enc1-node11: task 0: Terminated
srun: error: enc1-node11: task 0: Terminated
slurmstepd-enc1-node6: error: *** STEP 1516864.225 ON enc1-node6 CANCELLED AT 2021-10-13T14:04:00 ***
slurmstepd-enc1-node1: error: *** STEP 1516864.122 ON enc1-node1 CANCELLED AT 2021-10-13T14:04:00 ***
slurmstepd-enc0-node2: error: *** STEP 1516864.64 ON enc0-node2 CANCELLED AT 2021-10-13T14:04:00 ***
slurmstepd-enc0-node3: error: *** STEP 1516864.77 ON enc0-node3 CANCELLED AT 2021-10-13T14:04:00 ***
srun: Job step aborted: Waiting up to 32 seconds for job step to finish.
srun: error: enc0-node4: task 0: Terminated
srun: Job step aborted: Waiting up to 32 seconds for job step to finish.
slurmstepd-enc1-node7: error: *** STEP 1516864.235 ON enc1-node7 CANCELLED AT 2021-10-13T14:04:00 ***
srun: error: enc0-node4: task 0: Terminated
slurmstepd-enc0-node6: error: *** STEP 1516864.100 ON enc0-node6 CANCELLED AT 2021-10-13T14:04:00 ***
slurmstepd-enc2-node5: error: *** STEP 1516864.22 ON enc2-node5 CANCELLED AT 2021-10-13T14:04:00 ***
srun: Job step aborted: Waiting up to 32 seconds for job step to finish.
srun: error: enc0-node6: task 0: Terminated
srun: Job step aborted: Waiting up to 32 seconds for job step to finish.
srun: Job step aborted: Waiting up to 32 seconds for job step to finish.
srun: Job step aborted: Waiting up to 32 seconds for job step to finish.
srun: Job step aborted: Waiting up to 32 seconds for job step to finish.
srun: Job step aborted: Waiting up to 32 seconds for job step to finish.
srun: Job step aborted: Waiting up to 32 seconds for job step to finish.
srun: Job step aborted: Waiting up to 32 seconds for job step to finish.
srun: error: enc1-node2: task 0: Terminated
srun: error: enc1-node2: task 0: Terminated
slurmstepd-enc2-node4: error: *** STEP 1516864.396 ON enc2-node4 CANCELLED AT 2021-10-13T14:04:00 ***
srun: error: enc2-node3: task 0: Terminated
slurmstepd-enc1-node11: error: *** STEP 1516864.312 ON enc1-node11 CANCELLED AT 2021-10-13T14:04:00 ***
srun: Job step aborted: Waiting up to 32 seconds for job step to finish.
srun: Job step aborted: Waiting up to 32 seconds for job step to finish.
srun: error: enc1-node14: task 0: Terminated
srun: Job step aborted: Waiting up to 32 seconds for job step to finish.
slurmstepd-enc0-node5: error: *** STEP 1516864.92 ON enc0-node5 CANCELLED AT 2021-10-13T14:04:00 ***
slurmstepd-enc1-node11: error: *** STEP 1516864.311 ON enc1-node11 CANCELLED AT 2021-10-13T14:04:00 ***
srun: Job step aborted: Waiting up to 32 seconds for job step to finish.
srun: error: enc0-node5: task 0: Terminated
srun: error: enc0-node6: task 0: Terminated
srun: error: enc0-node5: task 0: Terminated
srun: Job step aborted: Waiting up to 32 seconds for job step to finish.
srun: Job step aborted: Waiting up to 32 seconds for job step to finish.
srun: Job step aborted: Waiting up to 32 seconds for job step to finish.
srun: Job step aborted: Waiting up to 32 seconds for job step to finish.
srun: Job step aborted: Waiting up to 32 seconds for job step to finish.
slurmstepd-enc0-node3: error: *** STEP 1516864.76 ON enc0-node3 CANCELLED AT 2021-10-13T14:04:00 ***
srun: Job step aborted: Waiting up to 32 seconds for job step to finish.
srun: Job step aborted: Waiting up to 32 seconds for job step to finish.
srun: Job step aborted: Waiting up to 32 seconds for job step to finish.
slurmstepd-enc1-node12: error: *** STEP 1516864.336 ON enc1-node12 CANCELLED AT 2021-10-13T14:04:00 ***
srun: Job step aborted: Waiting up to 32 seconds for job step to finish.
srun: error: enc1-node14: task 0: Terminated
slurmstepd-enc1-node1: error: *** STEP 1516864.133 ON enc1-node1 CANCELLED AT 2021-10-13T14:04:00 ***
srun: Job step aborted: Waiting up to 32 seconds for job step to finish.
srun: Job step aborted: Waiting up to 32 seconds for job step to finish.
slurmstepd-enc1-node7: error: *** STEP 1516864.244 ON enc1-node7 CANCELLED AT 2021-10-13T14:04:00 ***
srun: error: enc0-node5: task 0: Terminated
srun: error: enc0-node4: task 0: Terminated
srun: error: enc1-node14: task 0: Terminated
srun: Job step aborted: Waiting up to 32 seconds for job step to finish.
srun: Job step aborted: Waiting up to 32 seconds for job step to finish.
slurmstepd-enc1-node3: error: *** STEP 1516864.171 ON enc1-node3 CANCELLED AT 2021-10-13T14:04:00 ***
srun: Job step aborted: Waiting up to 32 seconds for job step to finish.
srun: Job step aborted: Waiting up to 32 seconds for job step to finish.
srun: Job step aborted: Waiting up to 32 seconds for job step to finish.
slurmstepd-enc0-node2: error: *** STEP 1516864.0 ON enc0-node2 CANCELLED AT 2021-10-13T14:04:00 ***
srun: Job step aborted: Waiting up to 32 seconds for job step to finish.
srun: error: enc0-node5: task 0: Terminated
srun: error: enc0-node5: task 0: Terminated
srun: Job step aborted: Waiting up to 32 seconds for job step to finish.
srun: Job step aborted: Waiting up to 32 seconds for job step to finish.
slurmstepd-enc1-node11: error: *** STEP 1516864.313 ON enc1-node11 CANCELLED AT 2021-10-13T14:04:00 ***
srun: error: enc0-node3: task 0: Terminated
slurmstepd-enc1-node6: error: *** STEP 1516864.229 ON enc1-node6 CANCELLED AT 2021-10-13T14:04:00 ***
slurmstepd-enc0-node5: error: *** STEP 1516864.93 ON enc0-node5 CANCELLED AT 2021-10-13T14:04:00 ***
slurmstepd-enc2-node5: error: *** STEP 1516864.404 ON enc2-node5 CANCELLED AT 2021-10-13T14:04:00 ***
srun: error: enc1-node14: task 0: Terminated
srun: error: enc2-node5: task 0: Terminated
srun: error: enc1-node11: task 0: Terminated
slurmstepd-enc1-node7: error: *** STEP 1516864.245 ON enc1-node7 CANCELLED AT 2021-10-13T14:04:00 ***
srun: error: enc2-node3: task 0: Terminated
srun: error: enc0-node2: task 0: Terminated
slurmstepd-enc1-node12: error: *** STEP 1516864.340 ON enc1-node12 CANCELLED AT 2021-10-13T14:04:00 ***
srun: error: enc0-node2: task 0: Terminated
slurmstepd-enc1-node4: error: *** STEP 1516864.190 ON enc1-node4 CANCELLED AT 2021-10-13T14:04:00 ***
srun: error: enc0-node2: task 0: Terminated
slurmstepd-enc3-node3: error: *** STEP 1516864.443 ON enc3-node3 CANCELLED AT 2021-10-13T14:04:01 ***
slurmstepd-enc0-node2: error: *** STEP 1516864.60 ON enc0-node2 CANCELLED AT 2021-10-13T14:04:00 ***
srun: Job step aborted: Waiting up to 32 seconds for job step to finish.
srun: Job step aborted: Waiting up to 32 seconds for job step to finish.
srun: Job step aborted: Waiting up to 32 seconds for job step to finish.
srun: Job step aborted: Waiting up to 32 seconds for job step to finish.
srun: error: enc0-node5: task 0: Terminated
srun: error: enc0-node3: task 0: Terminated
srun: Job step aborted: Waiting up to 32 seconds for job step to finish.
srun: Job step aborted: Waiting up to 32 seconds for job step to finish.
srun: error: enc0-node6: task 0: Terminated
srun: error: enc0-node7: task 0: Terminated
srun: error: enc0-node7: task 0: Terminated
srun: error: enc1-node2: task 0: Terminated
srun: error: enc1-node1: task 0: Terminated
srun: error: enc1-node1: task 0: Terminated
slurmstepd-enc0-node5: error: *** STEP 1516864.96 ON enc0-node5 CANCELLED AT 2021-10-13T14:04:00 ***
srun: Job step aborted: Waiting up to 32 seconds for job step to finish.
srun: Job step aborted: Waiting up to 32 seconds for job step to finish.
srun: error: enc2-node5: task 0: Terminated
srun: Job step aborted: Waiting up to 32 seconds for job step to finish.
slurmstepd-enc1-node6: error: *** STEP 1516864.222 ON enc1-node6 CANCELLED AT 2021-10-13T14:04:00 ***
srun: error: enc0-node3: task 0: Terminated
srun: Job step aborted: Waiting up to 32 seconds for job step to finish.
srun: error: enc0-node3: task 0: Terminated
srun: error: enc0-node5: task 0: Terminated
srun: error: enc0-node5: task 0: Terminated
srun: error: enc1-node14: task 0: Terminated
srun: error: enc1-node2: task 0: Terminated
srun: error: enc0-node3: task 0: Terminated
srun: Job step aborted: Waiting up to 32 seconds for job step to finish.
srun: Job step aborted: Waiting up to 32 seconds for job step to finish.
srun: error: enc1-node2: task 0: Terminated
srun: Job step aborted: Waiting up to 32 seconds for job step to finish.
srun: Job step aborted: Waiting up to 32 seconds for job step to finish.
srun: Job step aborted: Waiting up to 32 seconds for job step to finish.
srun: Job step aborted: Waiting up to 32 seconds for job step to finish.
srun: Job step aborted: Waiting up to 32 seconds for job step to finish.
srun: error: enc2-node3: task 0: Terminated
srun: error: enc0-node6: task 0: Terminated
srun: error: enc2-node5: task 0: Terminated
srun: error: enc1-node11: task 0: Terminated
slurmstepd-enc2-node5: error: *** STEP 1516864.411 ON enc2-node5 CANCELLED AT 2021-10-13T14:04:00 ***
srun: error: enc1-node7: task 0: Terminated
slurmstepd-enc1-node3: error: *** STEP 1516864.163 ON enc1-node3 CANCELLED AT 2021-10-13T14:04:00 ***
slurmstepd-enc1-node1: error: *** STEP 1516864.131 ON enc1-node1 CANCELLED AT 2021-10-13T14:04:00 ***
slurmstepd-enc1-node7: error: *** STEP 1516864.234 ON enc1-node7 CANCELLED AT 2021-10-13T14:04:00 ***
srun: error: enc1-node7: task 0: Terminated
slurmstepd-enc1-node2: error: *** STEP 1516864.136 ON enc1-node2 CANCELLED AT 2021-10-13T14:04:00 ***
slurmstepd-enc1-node4: error: *** STEP 1516864.189 ON enc1-node4 CANCELLED AT 2021-10-13T14:04:00 ***
slurmstepd-enc0-node2: error: *** STEP 1516864.52 ON enc0-node2 CANCELLED AT 2021-10-13T14:04:00 ***
slurmstepd-enc1-node12: error: *** STEP 1516864.17 ON enc1-node12 CANCELLED AT 2021-10-13T14:04:00 ***
srun: error: enc1-node11: task 0: Terminated
slurmstepd-enc0-node5: error: *** STEP 1516864.91 ON enc0-node5 CANCELLED AT 2021-10-13T14:04:00 ***
slurmstepd-enc2-node5: error: *** STEP 1516864.407 ON enc2-node5 CANCELLED AT 2021-10-13T14:04:00 ***
slurmstepd-enc1-node7: error: *** STEP 1516864.241 ON enc1-node7 CANCELLED AT 2021-10-13T14:04:00 ***
slurmstepd-enc3-node3: error: *** STEP 1516864.442 ON enc3-node3 CANCELLED AT 2021-10-13T14:04:01 ***
slurmstepd-enc1-node2: error: *** STEP 1516864.139 ON enc1-node2 CANCELLED AT 2021-10-13T14:04:00 ***
slurmstepd-enc1-node6: error: *** STEP 1516864.11 ON enc1-node6 CANCELLED AT 2021-10-13T14:04:00 ***
slurmstepd-enc1-node11: error: *** STEP 1516864.325 ON enc1-node11 CANCELLED AT 2021-10-13T14:04:00 ***
slurmstepd-enc1-node4: error: *** STEP 1516864.188 ON enc1-node4 CANCELLED AT 2021-10-13T14:04:00 ***
slurmstepd-enc1-node1: error: *** STEP 1516864.135 ON enc1-node1 CANCELLED AT 2021-10-13T14:04:00 ***
slurmstepd-enc1-node3: error: *** STEP 1516864.161 ON enc1-node3 CANCELLED AT 2021-10-13T14:04:00 ***
slurmstepd-enc0-node2: error: *** STEP 1516864.55 ON enc0-node2 CANCELLED AT 2021-10-13T14:04:00 ***
slurmstepd-enc2-node5: error: *** STEP 1516864.412 ON enc2-node5 CANCELLED AT 2021-10-13T14:04:00 ***
srun: Job step aborted: Waiting up to 32 seconds for job step to finish.
srun: Job step aborted: Waiting up to 32 seconds for job step to finish.
srun: error: enc0-node7: task 0: Terminated
srun: error: enc2-node5: task 0: Terminated
srun: Job step aborted: Waiting up to 32 seconds for job step to finish.
srun: error: enc2-node9: task 0: Terminated
srun: error: enc1-node14: task 0: Terminated
srun: Job step aborted: Waiting up to 32 seconds for job step to finish.
srun: error: enc1-node4: task 0: Terminated
srun: error: enc1-node2: task 0: Terminated
srun: error: enc0-node6: task 0: Terminated
srun: Job step aborted: Waiting up to 32 seconds for job step to finish.
srun: error: enc0-node7: task 0: Terminated
srun: Job step aborted: Waiting up to 32 seconds for job step to finish.
srun: error: enc0-node4: task 0: Terminated
srun: error: enc1-node1: task 0: Terminated
srun: error: enc3-node6: task 0: Terminated
srun: error: enc1-node6: task 0: Terminated
srun: error: enc1-node14: task 0: Terminated
srun: Job step aborted: Waiting up to 32 seconds for job step to finish.
srun: error: enc1-node11: task 0: Terminated
srun: error: enc1-node2: task 0: Terminated
srun: Job step aborted: Waiting up to 32 seconds for job step to finish.
slurmstepd-enc0-node5: error: *** STEP 1516864.89 ON enc0-node5 CANCELLED AT 2021-10-13T14:04:00 ***
slurmstepd-enc1-node7: error: *** STEP 1516864.243 ON enc1-node7 CANCELLED AT 2021-10-13T14:04:00 ***
slurmstepd-enc1-node6: error: *** STEP 1516864.214 ON enc1-node6 CANCELLED AT 2021-10-13T14:04:00 ***
slurmstepd-enc1-node2: error: *** STEP 1516864.147 ON enc1-node2 CANCELLED AT 2021-10-13T14:04:00 ***
slurmstepd-enc1-node14: error: *** STEP 1516864.385 ON enc1-node14 CANCELLED AT 2021-10-13T14:04:00 ***
slurmstepd-enc0-node5: error: *** STEP 1516864.88 ON enc0-node5 CANCELLED AT 2021-10-13T14:04:00 ***
srun: Job step aborted: Waiting up to 32 seconds for job step to finish.
srun: error: enc1-node2: task 0: Terminated
slurmstepd-enc1-node2: error: *** STEP 1516864.153 ON enc1-node2 CANCELLED AT 2021-10-13T14:04:00 ***
slurmstepd-enc1-node12: error: *** STEP 1516864.348 ON enc1-node12 CANCELLED AT 2021-10-13T14:04:00 ***
slurmstepd-enc1-node4: error: *** STEP 1516864.176 ON enc1-node4 CANCELLED AT 2021-10-13T14:04:00 ***
slurmstepd-enc1-node10: error: *** STEP 1516864.15 ON enc1-node10 CANCELLED AT 2021-10-13T14:04:00 ***
slurmstepd-enc1-node14: error: *** STEP 1516864.386 ON enc1-node14 CANCELLED AT 2021-10-13T14:04:00 ***
slurmstepd-enc1-node3: error: *** STEP 1516864.172 ON enc1-node3 CANCELLED AT 2021-10-13T14:04:00 ***
slurmstepd-enc1-node2: error: *** STEP 1516864.149 ON enc1-node2 CANCELLED AT 2021-10-13T14:04:00 ***
srun: error: enc0-node3: task 0: Terminated
srun: error: enc1-node12: task 0: Terminated
srun: error: enc0-node2: task 0: Terminated
srun: error: enc1-node14: task 0: Terminated
srun: error: enc3-node3: task 0: Terminated
srun: Job step aborted: Waiting up to 32 seconds for job step to finish.
srun: Job step aborted: Waiting up to 32 seconds for job step to finish.
srun: error: enc0-node3: task 0: Terminated
srun: Job step aborted: Waiting up to 32 seconds for job step to finish.
srun: error: enc1-node12: task 0: Terminated
srun: error: enc1-node2: task 0: Terminated
srun: error: enc1-node11: task 0: Terminated
srun: error: enc1-node7: task 0: Terminated
srun: error: enc1-node2: task 0: Terminated
srun: error: enc1-node12: task 0: Terminated
srun: error: enc1-node4: task 0: Terminated
srun: error: enc1-node3: task 0: Terminated
srun: error: enc1-node3: task 0: Terminated
srun: error: enc1-node2: task 0: Terminated
srun: error: enc0-node2: task 0: Terminated
srun: error: enc1-node4: task 0: Terminated
srun: error: enc1-node11: task 0: Terminated
srun: error: enc1-node14: task 0: Terminated
slurmstepd-enc1-node12: error: *** STEP 1516864.331 ON enc1-node12 CANCELLED AT 2021-10-13T14:04:00 ***
slurmstepd-enc1-node3: error: *** STEP 1516864.166 ON enc1-node3 CANCELLED AT 2021-10-13T14:04:00 ***
slurmstepd-enc0-node2: error: *** STEP 1516864.67 ON enc0-node2 CANCELLED AT 2021-10-13T14:04:00 ***
slurmstepd-enc1-node4: error: *** STEP 1516864.178 ON enc1-node4 CANCELLED AT 2021-10-13T14:04:00 ***
srun: error: enc1-node7: task 0: Terminated
srun: error: enc1-node7: task 0: Terminated
slurmstepd-enc1-node14: error: *** STEP 1516864.384 ON enc1-node14 CANCELLED AT 2021-10-13T14:04:00 ***
slurmstepd-enc1-node11: error: *** STEP 1516864.320 ON enc1-node11 CANCELLED AT 2021-10-13T14:04:00 ***
slurmstepd-enc1-node2: error: *** STEP 1516864.7 ON enc1-node2 CANCELLED AT 2021-10-13T14:04:00 ***
srun: error: enc1-node3: task 0: Terminated
slurmstepd-enc1-node10: error: *** STEP 1516864.293 ON enc1-node10 CANCELLED AT 2021-10-13T14:04:00 ***
srun: error: enc1-node2: task 0: Terminated
slurmstepd-enc1-node12: error: *** STEP 1516864.343 ON enc1-node12 CANCELLED AT 2021-10-13T14:04:00 ***
srun: Job step aborted: Waiting up to 32 seconds for job step to finish.
srun: Job step aborted: Waiting up to 32 seconds for job step to finish.
srun: Job step aborted: Waiting up to 32 seconds for job step to finish.
slurmstepd-enc1-node12: error: *** STEP 1516864.345 ON enc1-node12 CANCELLED AT 2021-10-13T14:04:00 ***
srun: Job step aborted: Waiting up to 32 seconds for job step to finish.
srun: Job step aborted: Waiting up to 32 seconds for job step to finish.
srun: Job step aborted: Waiting up to 32 seconds for job step to finish.
slurmstepd-enc1-node4: error: *** STEP 1516864.181 ON enc1-node4 CANCELLED AT 2021-10-13T14:04:00 ***
srun: error: enc2-node4: task 0: Terminated
srun: error: enc1-node12: task 0: Terminated
srun: error: enc1-node11: task 0: Terminated
srun: error: enc0-node3: task 0: Terminated
srun: error: enc0-node2: task 0: Terminated
srun: error: enc2-node5: task 0: Terminated
srun: error: enc1-node6: task 0: Terminated
srun: error: enc0-node2: task 0: Terminated
srun: error: enc1-node6: task 0: Terminated
srun: error: enc1-node6: task 0: Terminated
srun: error: enc1-node12: task 0: Terminated
srun: Job step aborted: Waiting up to 32 seconds for job step to finish.
slurmstepd-enc1-node14: error: *** STEP 1516864.369 ON enc1-node14 CANCELLED AT 2021-10-13T14:04:00 ***
srun: Job step aborted: Waiting up to 32 seconds for job step to finish.
srun: error: enc1-node10: task 0: Terminated
srun: Job step aborted: Waiting up to 32 seconds for job step to finish.
slurmstepd-enc1-node3: error: *** STEP 1516864.159 ON enc1-node3 CANCELLED AT 2021-10-13T14:04:00 ***
srun: error: enc1-node11: task 0: Terminated
srun: error: enc2-node5: task 0: Terminated
srun: Job step aborted: Waiting up to 32 seconds for job step to finish.
srun: Job step aborted: Waiting up to 32 seconds for job step to finish.
srun: error: enc2-node4: task 0: Terminated
srun: Job step aborted: Waiting up to 32 seconds for job step to finish.
srun: Job step aborted: Waiting up to 32 seconds for job step to finish.
srun: error: enc1-node2: task 0: Terminated
srun: error: enc2-node4: task 0: Terminated
srun: error: enc0-node2: task 0: Terminated
srun: Job step aborted: Waiting up to 32 seconds for job step to finish.
srun: error: enc1-node14: task 0: Terminated
srun: error: enc1-node2: task 0: Terminated
srun: error: enc1-node11: task 0: Terminated
srun: Job step aborted: Waiting up to 32 seconds for job step to finish.
srun: Job step aborted: Waiting up to 32 seconds for job step to finish.
srun: error: enc1-node11: task 0: Terminated
srun: Job step aborted: Waiting up to 32 seconds for job step to finish.
srun: error: enc3-node4: task 0: Terminated
srun: error: enc1-node14: task 0: Terminated
srun: error: enc1-node1: task 0: Terminated
srun: error: enc1-node1: task 0: Terminated
srun: error: enc1-node6: task 0: Terminated
srun: error: enc1-node4: task 0: Terminated
srun: error: enc0-node2: task 0: Terminated
srun: error: enc1-node11: task 0: Terminated
srun: Job step aborted: Waiting up to 32 seconds for job step to finish.
srun: Job step aborted: Waiting up to 32 seconds for job step to finish.
srun: Job step aborted: Waiting up to 32 seconds for job step to finish.
srun: error: enc1-node3: task 0: Terminated
srun: Job step aborted: Waiting up to 32 seconds for job step to finish.
srun: error: enc1-node2: task 0: Terminated
srun: Job step aborted: Waiting up to 32 seconds for job step to finish.
srun: error: enc1-node3: task 0: Terminated
srun: error: enc1-node2: task 0: Terminated
srun: error: enc1-node7: task 0: Terminated
srun: error: enc3-node3: task 0: Terminated
srun: error: enc1-node2: task 0: Terminated
srun: error: enc1-node14: task 0: Terminated
srun: error: enc0-node2: task 0: Terminated
srun: error: enc1-node10: task 0: Terminated
srun: error: enc1-node12: task 0: Terminated
srun: error: enc0-node5: task 0: Terminated
srun: error: enc1-node4: task 0: Terminated
srun: error: enc1-node14: task 0: Terminated
srun: error: enc1-node10: task 0: Terminated
srun: error: enc1-node11: task 0: Terminated
srun: Job step aborted: Waiting up to 32 seconds for job step to finish.
srun: error: enc1-node1: task 0: Terminated
srun: Job step aborted: Waiting up to 32 seconds for job step to finish.
srun: error: enc1-node6: task 0: Terminated
srun: error: enc0-node3: task 0: Terminated
srun: Job step aborted: Waiting up to 32 seconds for job step to finish.
srun: error: enc3-node3: task 0: Terminated
srun: error: enc1-node11: task 0: Terminated
srun: error: enc1-node10: task 0: Terminated
slurmstepd-enc1-node14: error: *** STEP 1516864.378 ON enc1-node14 CANCELLED AT 2021-10-13T14:04:00 ***
srun: error: enc1-node12: task 0: Terminated
srun: error: enc1-node1: task 0: Terminated
slurmstepd-enc1-node2: error: *** STEP 1516864.144 ON enc1-node2 CANCELLED AT 2021-10-13T14:04:00 ***
slurmstepd-enc1-node11: error: *** STEP 1516864.317 ON enc1-node11 CANCELLED AT 2021-10-13T14:04:00 ***
slurmstepd-enc1-node10: error: *** STEP 1516864.303 ON enc1-node10 CANCELLED AT 2021-10-13T14:04:00 ***
srun: Job step aborted: Waiting up to 32 seconds for job step to finish.
srun: Job step aborted: Waiting up to 32 seconds for job step to finish.
srun: Job step aborted: Waiting up to 32 seconds for job step to finish.
slurmstepd-enc1-node6: error: *** STEP 1516864.228 ON enc1-node6 CANCELLED AT 2021-10-13T14:04:01 ***
slurmstepd-enc1-node3: error: *** STEP 1516864.169 ON enc1-node3 CANCELLED AT 2021-10-13T14:04:01 ***
srun: Job step aborted: Waiting up to 32 seconds for job step to finish.
srun: error: enc1-node6: task 0: Terminated
srun: Job step aborted: Waiting up to 32 seconds for job step to finish.
srun: Job step aborted: Waiting up to 32 seconds for job step to finish.
srun: error: enc2-node5: task 0: Terminated
srun: Job step aborted: Waiting up to 32 seconds for job step to finish.
srun: error: enc1-node14: task 0: Terminated
srun: error: enc1-node4: task 0: Terminated
srun: error: enc2-node3: task 0: Terminated
srun: error: enc1-node7: task 0: Terminated
srun: error: enc1-node12: task 0: Terminated
srun: error: enc1-node6: task 0: Terminated
srun: error: enc1-node4: task 0: Terminated
srun: error: enc1-node12: task 0: Terminated
srun: error: enc3-node3: task 0: Terminated
srun: error: enc1-node14: task 0: Terminated
srun: error: enc1-node1: task 0: Terminated
srun: error: enc1-node14: task 0: Terminated
srun: error: enc0-node2: task 0: Terminated
srun: error: enc1-node11: task 0: Terminated
srun: error: enc2-node5: task 0: Terminated
srun: error: enc1-node6: task 0: Terminated
srun: error: enc1-node7: task 0: Terminated
srun: error: enc1-node11: task 0: Terminated
srun: error: enc1-node3: task 0: Terminated
srun: error: enc2-node3: task 0: Terminated
srun: error: enc1-node12: task 0: Terminated
srun: error: enc1-node2: task 0: Terminated
srun: error: enc1-node2: task 0: Terminated
slurmstepd-enc1-node2: error: *** STEP 1516864.145 ON enc1-node2 CANCELLED AT 2021-10-13T14:04:00 ***
slurmstepd-enc1-node14: error: *** STEP 1516864.371 ON enc1-node14 CANCELLED AT 2021-10-13T14:04:00 ***
slurmstepd-enc0-node2: error: *** STEP 1516864.54 ON enc0-node2 CANCELLED AT 2021-10-13T14:04:00 ***
slurmstepd-enc1-node10: error: *** STEP 1516864.299 ON enc1-node10 CANCELLED AT 2021-10-13T14:04:00 ***
slurmstepd-enc1-node1: error: *** STEP 1516864.132 ON enc1-node1 CANCELLED AT 2021-10-13T14:04:00 ***
slurmstepd-enc1-node11: error: *** STEP 1516864.329 ON enc1-node11 CANCELLED AT 2021-10-13T14:04:00 ***
slurmstepd-enc1-node2: error: *** STEP 1516864.137 ON enc1-node2 CANCELLED AT 2021-10-13T14:04:00 ***
slurmstepd-enc1-node1: error: *** STEP 1516864.121 ON enc1-node1 CANCELLED AT 2021-10-13T14:04:01 ***
slurmstepd-enc1-node14: error: *** STEP 1516864.381 ON enc1-node14 CANCELLED AT 2021-10-13T14:04:00 ***
slurmstepd-enc1-node2: error: *** STEP 1516864.141 ON enc1-node2 CANCELLED AT 2021-10-13T14:04:00 ***
slurmstepd-enc0-node2: error: *** STEP 1516864.62 ON enc0-node2 CANCELLED AT 2021-10-13T14:04:00 ***
slurmstepd-enc1-node11: error: *** STEP 1516864.322 ON enc1-node11 CANCELLED AT 2021-10-13T14:04:00 ***
slurmstepd-enc1-node1: error: *** STEP 1516864.129 ON enc1-node1 CANCELLED AT 2021-10-13T14:04:00 ***
slurmstepd-enc1-node7: error: *** STEP 1516864.239 ON enc1-node7 CANCELLED AT 2021-10-13T14:04:00 ***
srun: error: enc0-node2: task 0: Terminated
srun: error: enc1-node3: task 0: Terminated
slurmstepd-enc1-node12: error: *** STEP 1516864.338 ON enc1-node12 CANCELLED AT 2021-10-13T14:04:01 ***
slurmstepd-enc1-node10: error: *** STEP 1516864.304 ON enc1-node10 CANCELLED AT 2021-10-13T14:04:00 ***
slurmstepd-enc1-node2: error: *** STEP 1516864.143 ON enc1-node2 CANCELLED AT 2021-10-13T14:04:00 ***
slurmstepd-enc1-node14: error: *** STEP 1516864.387 ON enc1-node14 CANCELLED AT 2021-10-13T14:04:00 ***
slurmstepd-enc1-node12: error: *** STEP 1516864.330 ON enc1-node12 CANCELLED AT 2021-10-13T14:04:00 ***
slurmstepd-enc0-node2: error: *** STEP 1516864.68 ON enc0-node2 CANCELLED AT 2021-10-13T14:04:00 ***
srun: error: enc1-node3: task 0: Terminated
srun: error: enc1-node10: task 0: Terminated
srun: error: enc1-node3: task 0: Terminated
slurmstepd-enc1-node11: error: *** STEP 1516864.314 ON enc1-node11 CANCELLED AT 2021-10-13T14:04:00 ***
srun: error: enc1-node7: task 0: Terminated
srun: error: enc1-node6: task 0: Terminated
slurmstepd-enc1-node14: error: *** STEP 1516864.375 ON enc1-node14 CANCELLED AT 2021-10-13T14:04:00 ***
srun: error: enc1-node14: task 0: Terminated
srun: error: enc1-node11: task 0: Terminated
slurmstepd-enc1-node1: error: *** STEP 1516864.124 ON enc1-node1 CANCELLED AT 2021-10-13T14:04:00 ***
srun: error: enc0-node2: task 0: Terminated
slurmstepd-enc1-node2: error: *** STEP 1516864.150 ON enc1-node2 CANCELLED AT 2021-10-13T14:04:00 ***
slurmstepd-enc1-node10: error: *** STEP 1516864.307 ON enc1-node10 CANCELLED AT 2021-10-13T14:04:00 ***
slurmstepd-enc1-node4: error: *** STEP 1516864.180 ON enc1-node4 CANCELLED AT 2021-10-13T14:04:00 ***
slurmstepd-enc0-node2: error: *** STEP 1516864.69 ON enc0-node2 CANCELLED AT 2021-10-13T14:04:00 ***
slurmstepd-enc1-node6: error: *** STEP 1516864.212 ON enc1-node6 CANCELLED AT 2021-10-13T14:04:00 ***
srun: error: enc1-node2: task 0: Terminated
srun: error: enc2-node3: task 0: Terminated
srun: error: enc1-node14: task 0: Terminated
srun: error: enc1-node11: task 0: Terminated
srun: error: enc1-node12: task 0: Terminated
srun: error: enc1-node4: task 0: Terminated
slurmstepd-enc1-node11: error: *** STEP 1516864.321 ON enc1-node11 CANCELLED AT 2021-10-13T14:04:00 ***
slurmstepd-enc1-node14: error: *** STEP 1516864.374 ON enc1-node14 CANCELLED AT 2021-10-13T14:04:00 ***
srun: error: enc1-node6: task 0: Terminated
slurmstepd-enc1-node6: error: *** STEP 1516864.218 ON enc1-node6 CANCELLED AT 2021-10-13T14:04:01 ***
slurmstepd-enc1-node2: error: *** STEP 1516864.138 ON enc1-node2 CANCELLED AT 2021-10-13T14:04:00 ***
slurmstepd-enc1-node1: error: *** STEP 1516864.120 ON enc1-node1 CANCELLED AT 2021-10-13T14:04:00 ***
slurmstepd-enc1-node12: error: *** STEP 1516864.346 ON enc1-node12 CANCELLED AT 2021-10-13T14:04:00 ***
slurmstepd-enc1-node7: error: *** STEP 1516864.246 ON enc1-node7 CANCELLED AT 2021-10-13T14:04:00 ***
slurmstepd-enc0-node2: error: *** STEP 1516864.63 ON enc0-node2 CANCELLED AT 2021-10-13T14:04:00 ***
slurmstepd-enc1-node2: error: *** STEP 1516864.151 ON enc1-node2 CANCELLED AT 2021-10-13T14:04:00 ***
slurmstepd-enc1-node11: error: *** STEP 1516864.319 ON enc1-node11 CANCELLED AT 2021-10-13T14:04:00 ***
srun: error: enc1-node3: task 0: Terminated
srun: error: enc1-node1: task 0: Terminated
srun: error: enc1-node4: task 0: Terminated
slurmstepd-enc1-node14: error: *** STEP 1516864.379 ON enc1-node14 CANCELLED AT 2021-10-13T14:04:00 ***
slurmstepd-enc1-node1: error: *** STEP 1516864.127 ON enc1-node1 CANCELLED AT 2021-10-13T14:04:00 ***
srun: error: enc1-node4: task 0: Terminated
srun: error: enc1-node10: task 0: Terminated
slurmstepd-enc1-node4: error: *** STEP 1516864.175 ON enc1-node4 CANCELLED AT 2021-10-13T14:04:00 ***
srun: error: enc0-node2: task 0: Terminated
slurmstepd-enc1-node6: error: *** STEP 1516864.224 ON enc1-node6 CANCELLED AT 2021-10-13T14:04:00 ***
slurmstepd-enc0-node2: error: *** STEP 1516864.66 ON enc0-node2 CANCELLED AT 2021-10-13T14:04:00 ***
srun: error: enc0-node2: task 0: Terminated
srun: error: enc1-node3: task 0: Terminated
slurmstepd-enc1-node12: error: *** STEP 1516864.339 ON enc1-node12 CANCELLED AT 2021-10-13T14:04:00 ***
srun: error: enc1-node12: task 0: Terminated
slurmstepd-enc1-node1: error: *** STEP 1516864.126 ON enc1-node1 CANCELLED AT 2021-10-13T14:04:00 ***
slurmstepd-enc1-node14: error: *** STEP 1516864.19 ON enc1-node14 CANCELLED AT 2021-10-13T14:04:00 ***
slurmstepd-enc1-node11: error: *** STEP 1516864.328 ON enc1-node11 CANCELLED AT 2021-10-13T14:04:00 ***
slurmstepd-enc1-node7: error: *** STEP 1516864.238 ON enc1-node7 CANCELLED AT 2021-10-13T14:04:00 ***
slurmstepd-enc1-node3: error: *** STEP 1516864.155 ON enc1-node3 CANCELLED AT 2021-10-13T14:04:00 ***
slurmstepd-enc2-node8: error: *** STEP 1516864.435 ON enc2-node8 CANCELLED AT 2021-10-13T14:04:00 ***
slurmstepd-enc1-node6: error: *** STEP 1516864.221 ON enc1-node6 CANCELLED AT 2021-10-13T14:04:00 ***
slurmstepd-enc1-node14: error: *** STEP 1516864.370 ON enc1-node14 CANCELLED AT 2021-10-13T14:04:00 ***
slurmstepd-enc1-node1: error: *** STEP 1516864.118 ON enc1-node1 CANCELLED AT 2021-10-13T14:04:00 ***
slurmstepd-enc1-node10: error: *** STEP 1516864.294 ON enc1-node10 CANCELLED AT 2021-10-13T14:04:00 ***
slurmstepd-enc1-node12: error: *** STEP 1516864.334 ON enc1-node12 CANCELLED AT 2021-10-13T14:04:00 ***
slurmstepd-enc1-node4: error: *** STEP 1516864.187 ON enc1-node4 CANCELLED AT 2021-10-13T14:04:00 ***
slurmstepd-enc0-node2: error: *** STEP 1516864.51 ON enc0-node2 CANCELLED AT 2021-10-13T14:04:00 ***
slurmstepd-enc1-node3: error: *** STEP 1516864.173 ON enc1-node3 CANCELLED AT 2021-10-13T14:04:01 ***
slurmstepd-enc1-node6: error: *** STEP 1516864.215 ON enc1-node6 CANCELLED AT 2021-10-13T14:04:00 ***
srun: error: enc1-node7: task 0: Terminated
srun: error: enc1-node1: task 0: Terminated
srun: error: enc1-node10: task 0: Terminated
srun: error: enc1-node1: task 0: Terminated
srun: error: enc2-node8: task 0: Terminated
srun: error: enc1-node1: task 0: Terminated
srun: error: enc1-node7: task 0: Terminated
srun: error: enc1-node6: task 0: Terminated
slurmstepd-enc1-node7: error: *** STEP 1516864.12 ON enc1-node7 CANCELLED AT 2021-10-13T14:04:00 ***
srun: error: enc1-node6: task 0: Terminated
srun: error: enc1-node12: task 0: Terminated
slurmstepd-enc1-node1: error: *** STEP 1516864.115 ON enc1-node1 CANCELLED AT 2021-10-13T14:04:00 ***
slurmstepd-enc2-node8: error: *** STEP 1516864.432 ON enc2-node8 CANCELLED AT 2021-10-13T14:04:00 ***
slurmstepd-enc0-node2: error: *** STEP 1516864.53 ON enc0-node2 CANCELLED AT 2021-10-13T14:04:00 ***
slurmstepd-enc1-node12: error: *** STEP 1516864.342 ON enc1-node12 CANCELLED AT 2021-10-13T14:04:00 ***
srun: error: enc1-node1: task 0: Terminated
slurmstepd-enc1-node6: error: *** STEP 1516864.220 ON enc1-node6 CANCELLED AT 2021-10-13T14:04:00 ***
slurmstepd-enc1-node4: error: *** STEP 1516864.192 ON enc1-node4 CANCELLED AT 2021-10-13T14:04:01 ***
slurmstepd-enc2-node8: error: *** STEP 1516864.434 ON enc2-node8 CANCELLED AT 2021-10-13T14:04:00 ***
slurmstepd-enc1-node1: error: *** STEP 1516864.128 ON enc1-node1 CANCELLED AT 2021-10-13T14:04:00 ***
slurmstepd-enc1-node10: error: *** STEP 1516864.297 ON enc1-node10 CANCELLED AT 2021-10-13T14:04:00 ***
slurmstepd-enc1-node3: error: *** STEP 1516864.170 ON enc1-node3 CANCELLED AT 2021-10-13T14:04:00 ***
slurmstepd-enc1-node7: error: *** STEP 1516864.248 ON enc1-node7 CANCELLED AT 2021-10-13T14:04:01 ***
slurmstepd-enc0-node2: error: *** STEP 1516864.56 ON enc0-node2 CANCELLED AT 2021-10-13T14:04:01 ***
srun: error: enc1-node12: task 0: Terminated
slurmstepd-enc1-node6: error: *** STEP 1516864.213 ON enc1-node6 CANCELLED AT 2021-10-13T14:04:01 ***
slurmstepd-enc1-node3: error: *** STEP 1516864.156 ON enc1-node3 CANCELLED AT 2021-10-13T14:04:01 ***
slurmstepd-enc2-node8: error: *** STEP 1516864.436 ON enc2-node8 CANCELLED AT 2021-10-13T14:04:01 ***
slurmstepd-enc1-node1: error: *** STEP 1516864.125 ON enc1-node1 CANCELLED AT 2021-10-13T14:04:01 ***
slurmstepd-enc2-node8: error: *** STEP 1516864.437 ON enc2-node8 CANCELLED AT 2021-10-13T14:04:01 ***
slurmstepd-enc1-node12: error: *** STEP 1516864.347 ON enc1-node12 CANCELLED AT 2021-10-13T14:04:01 ***
srun: error: enc1-node10: task 0: Terminated
srun: error: enc1-node4: task 0: Terminated
slurmstepd-enc1-node7: error: *** STEP 1516864.236 ON enc1-node7 CANCELLED AT 2021-10-13T14:04:01 ***
srun: error: enc0-node2: task 0: Terminated
srun: error: enc1-node7: task 0: Terminated
slurmstepd-enc0-node2: error: *** STEP 1516864.59 ON enc0-node2 CANCELLED AT 2021-10-13T14:04:01 ***
srun: error: enc1-node1: task 0: Terminated
slurmstepd-enc1-node4: error: *** STEP 1516864.179 ON enc1-node4 CANCELLED AT 2021-10-13T14:04:01 ***
slurmstepd-enc1-node10: error: *** STEP 1516864.290 ON enc1-node10 CANCELLED AT 2021-10-13T14:04:01 ***
slurmstepd-enc1-node1: error: *** STEP 1516864.116 ON enc1-node1 CANCELLED AT 2021-10-13T14:04:01 ***
slurmstepd-enc1-node4: error: *** STEP 1516864.186 ON enc1-node4 CANCELLED AT 2021-10-13T14:04:01 ***
slurmstepd-enc0-node2: error: *** STEP 1516864.58 ON enc0-node2 CANCELLED AT 2021-10-13T14:04:01 ***
slurmstepd-enc1-node10: error: *** STEP 1516864.298 ON enc1-node10 CANCELLED AT 2021-10-13T14:04:01 ***
srun: error: enc0-node2: task 0: Terminated
srun: error: enc1-node3: task 0: Terminated
srun: error: enc0-node2: task 0: Terminated
srun: error: enc1-node14: task 0: Terminated
srun: error: enc1-node14: task 0: Terminated
srun: error: enc1-node1: task 0: Terminated
slurmstepd-enc1-node3: error: *** STEP 1516864.8 ON enc1-node3 CANCELLED AT 2021-10-13T14:04:01 ***
slurmstepd-enc1-node12: error: *** STEP 1516864.332 ON enc1-node12 CANCELLED AT 2021-10-13T14:04:01 ***
slurmstepd-enc1-node7: error: *** STEP 1516864.232 ON enc1-node7 CANCELLED AT 2021-10-13T14:04:01 ***
slurmstepd-enc1-node6: error: *** STEP 1516864.216 ON enc1-node6 CANCELLED AT 2021-10-13T14:04:01 ***
srun: error: enc0-node5: task 0: Terminated
srun: error: enc3-node4: task 0: Terminated
srun: error: enc1-node12: task 0: Terminated
srun: error: enc1-node7: task 0: Terminated
srun: error: enc1-node10: task 0: Terminated
srun: error: enc0-node6: task 0: Terminated
srun: error: enc1-node3: task 0: Terminated
srun: error: enc1-node6: task 0: Terminated
slurmstepd-enc1-node4: error: *** STEP 1516864.191 ON enc1-node4 CANCELLED AT 2021-10-13T14:04:01 ***
slurmstepd-enc1-node7: error: *** STEP 1516864.233 ON enc1-node7 CANCELLED AT 2021-10-13T14:04:01 ***
srun: error: enc1-node3: task 0: Terminated
srun: error: enc0-node2: task 0: Terminated
slurmstepd-enc1-node1: error: *** STEP 1516864.119 ON enc1-node1 CANCELLED AT 2021-10-13T14:04:01 ***
slurmstepd-enc0-node2: error: *** STEP 1516864.61 ON enc0-node2 CANCELLED AT 2021-10-13T14:04:01 ***
slurmstepd-enc1-node3: error: *** STEP 1516864.157 ON enc1-node3 CANCELLED AT 2021-10-13T14:04:01 ***
slurmstepd-enc1-node4: error: *** STEP 1516864.183 ON enc1-node4 CANCELLED AT 2021-10-13T14:04:01 ***
slurmstepd-enc1-node6: error: *** STEP 1516864.219 ON enc1-node6 CANCELLED AT 2021-10-13T14:04:01 ***
slurmstepd-enc1-node12: error: *** STEP 1516864.337 ON enc1-node12 CANCELLED AT 2021-10-13T14:04:01 ***
slurmstepd-enc1-node7: error: *** STEP 1516864.240 ON enc1-node7 CANCELLED AT 2021-10-13T14:04:01 ***
slurmstepd-enc0-node2: error: *** STEP 1516864.57 ON enc0-node2 CANCELLED AT 2021-10-13T14:04:01 ***
slurmstepd-enc1-node10: error: *** STEP 1516864.306 ON enc1-node10 CANCELLED AT 2021-10-13T14:04:01 ***
slurmstepd-enc1-node3: error: *** STEP 1516864.158 ON enc1-node3 CANCELLED AT 2021-10-13T14:04:01 ***
slurmstepd-enc1-node6: error: *** STEP 1516864.223 ON enc1-node6 CANCELLED AT 2021-10-13T14:04:01 ***
slurmstepd-enc1-node4: error: *** STEP 1516864.9 ON enc1-node4 CANCELLED AT 2021-10-13T14:04:01 ***
slurmstepd-enc1-node10: error: *** STEP 1516864.300 ON enc1-node10 CANCELLED AT 2021-10-13T14:04:01 ***
slurmstepd-enc1-node7: error: *** STEP 1516864.237 ON enc1-node7 CANCELLED AT 2021-10-13T14:04:01 ***
srun: error: enc1-node1: task 0: Terminated
srun: error: enc1-node10: task 0: Terminated
srun: error: enc1-node4: task 0: Terminated
srun: error: enc0-node2: task 0: Terminated
slurmstepd-enc1-node1: error: *** STEP 1516864.134 ON enc1-node1 CANCELLED AT 2021-10-13T14:04:01 ***
slurmstepd-enc1-node12: error: *** STEP 1516864.335 ON enc1-node12 CANCELLED AT 2021-10-13T14:04:01 ***
slurmstepd-enc1-node3: error: *** STEP 1516864.167 ON enc1-node3 CANCELLED AT 2021-10-13T14:04:01 ***
slurmstepd-enc1-node4: error: *** STEP 1516864.184 ON enc1-node4 CANCELLED AT 2021-10-13T14:04:01 ***
slurmstepd-enc1-node7: error: *** STEP 1516864.247 ON enc1-node7 CANCELLED AT 2021-10-13T14:04:01 ***
slurmstepd-enc1-node1: error: *** STEP 1516864.6 ON enc1-node1 CANCELLED AT 2021-10-13T14:04:01 ***
slurmstepd-enc1-node10: error: *** STEP 1516864.292 ON enc1-node10 CANCELLED AT 2021-10-13T14:04:01 ***
slurmstepd-enc1-node12: error: *** STEP 1516864.344 ON enc1-node12 CANCELLED AT 2021-10-13T14:04:01 ***
slurmstepd-enc1-node3: error: *** STEP 1516864.165 ON enc1-node3 CANCELLED AT 2021-10-13T14:04:01 ***
slurmstepd-enc1-node4: error: *** STEP 1516864.174 ON enc1-node4 CANCELLED AT 2021-10-13T14:04:01 ***
srun: error: enc1-node6: task 0: Terminated
slurmstepd-enc1-node12: error: *** STEP 1516864.333 ON enc1-node12 CANCELLED AT 2021-10-13T14:04:01 ***
srun: error: enc1-node12: task 0: Terminated
slurmstepd-enc1-node1: error: *** STEP 1516864.117 ON enc1-node1 CANCELLED AT 2021-10-13T14:04:01 ***
slurmstepd-enc1-node6: error: *** STEP 1516864.226 ON enc1-node6 CANCELLED AT 2021-10-13T14:04:01 ***
slurmstepd-enc1-node10: error: *** STEP 1516864.295 ON enc1-node10 CANCELLED AT 2021-10-13T14:04:01 ***
slurmstepd-enc1-node7: error: *** STEP 1516864.249 ON enc1-node7 CANCELLED AT 2021-10-13T14:04:01 ***
slurmstepd-enc2-node8: error: *** STEP 1516864.439 ON enc2-node8 CANCELLED AT 2021-10-13T14:04:01 ***
slurmstepd-enc1-node6: error: *** STEP 1516864.227 ON enc1-node6 CANCELLED AT 2021-10-13T14:04:01 ***
srun: error: enc2-node8: task 0: Terminated
srun: error: enc2-node8: task 0: Terminated
srun: error: enc1-node1: task 0: Terminated
srun: error: enc1-node10: task 0: Terminated
slurmstepd-enc1-node12: error: *** STEP 1516864.341 ON enc1-node12 CANCELLED AT 2021-10-13T14:04:01 ***
srun: error: enc1-node10: task 0: Terminated
srun: error: enc1-node3: task 0: Terminated
srun: error: enc1-node1: task 0: Terminated
srun: error: enc1-node6: task 0: Terminated
slurmstepd-enc1-node10: error: *** STEP 1516864.302 ON enc1-node10 CANCELLED AT 2021-10-13T14:04:01 ***
srun: error: enc1-node4: task 0: Terminated
slurmstepd-enc1-node4: error: *** STEP 1516864.177 ON enc1-node4 CANCELLED AT 2021-10-13T14:04:01 ***
slurmstepd-enc1-node3: error: *** STEP 1516864.164 ON enc1-node3 CANCELLED AT 2021-10-13T14:04:01 ***
slurmstepd-enc1-node6: error: *** STEP 1516864.217 ON enc1-node6 CANCELLED AT 2021-10-13T14:04:01 ***
slurmstepd-enc1-node7: error: *** STEP 1516864.231 ON enc1-node7 CANCELLED AT 2021-10-13T14:04:01 ***
slurmstepd-enc1-node10: error: *** STEP 1516864.296 ON enc1-node10 CANCELLED AT 2021-10-13T14:04:01 ***
slurmstepd-enc2-node8: error: *** STEP 1516864.433 ON enc2-node8 CANCELLED AT 2021-10-13T14:04:01 ***
srun: error: enc1-node4: task 0: Terminated
slurmstepd-enc1-node3: error: *** STEP 1516864.162 ON enc1-node3 CANCELLED AT 2021-10-13T14:04:01 ***
slurmstepd-enc2-node8: error: *** STEP 1516864.438 ON enc2-node8 CANCELLED AT 2021-10-13T14:04:01 ***
slurmstepd-enc1-node6: error: *** STEP 1516864.230 ON enc1-node6 CANCELLED AT 2021-10-13T14:04:01 ***
slurmstepd-enc2-node8: error: *** STEP 1516864.25 ON enc2-node8 CANCELLED AT 2021-10-13T14:04:01 ***
slurmstepd-enc1-node3: error: *** STEP 1516864.160 ON enc1-node3 CANCELLED AT 2021-10-13T14:04:01 ***
srun: error: enc2-node8: task 0: Terminated
slurmstepd-enc1-node10: error: *** STEP 1516864.291 ON enc1-node10 CANCELLED AT 2021-10-13T14:04:01 ***
srun: error: enc1-node1: task 0: Terminated
slurmstepd-enc2-node8: error: *** STEP 1516864.431 ON enc2-node8 CANCELLED AT 2021-10-13T14:04:01 ***
slurmstepd-enc1-node7: error: *** STEP 1516864.242 ON enc1-node7 CANCELLED AT 2021-10-13T14:04:01 ***
slurmstepd-enc1-node4: error: *** STEP 1516864.185 ON enc1-node4 CANCELLED AT 2021-10-13T14:04:01 ***
srun: error: enc1-node12: task 0: Terminated
srun: error: enc2-node8: task 0: Terminated
srun: error: enc1-node4: task 0: Terminated
slurmstepd-enc1-node4: error: *** STEP 1516864.182 ON enc1-node4 CANCELLED AT 2021-10-13T14:04:01 ***
srun: error: enc1-node7: task 0: Terminated
slurmstepd-enc1-node10: error: *** STEP 1516864.309 ON enc1-node10 CANCELLED AT 2021-10-13T14:04:01 ***
srun: error: enc1-node7: task 0: Terminated
srun: error: enc1-node1: task 0: Terminated
srun: error: enc1-node3: task 0: Terminated
srun: error: enc1-node6: task 0: Terminated
srun: error: enc1-node7: task 0: Terminated
srun: error: enc1-node12: task 0: Terminated
srun: error: enc2-node8: task 0: Terminated
srun: error: enc1-node7: task 0: Terminated
srun: error: enc1-node10: task 0: Terminated
srun: error: enc1-node12: task 0: Terminated
slurmstepd-enc1-node10: error: *** STEP 1516864.308 ON enc1-node10 CANCELLED AT 2021-10-13T14:04:01 ***
srun: error: enc1-node12: task 0: Terminated
srun: error: enc2-node8: task 0: Terminated
srun: error: enc1-node10: task 0: Terminated
srun: error: enc1-node6: task 0: Terminated
srun: error: enc1-node3: task 0: Terminated
srun: error: enc1-node7: task 0: Terminated
srun: error: enc1-node4: task 0: Terminated
srun: error: enc1-node4: task 0: Terminated
srun: error: enc1-node6: task 0: Terminated
srun: error: enc1-node3: task 0: Terminated
slurmstepd-enc1-node10: error: *** STEP 1516864.305 ON enc1-node10 CANCELLED AT 2021-10-13T14:04:01 ***
srun: error: enc1-node6: task 0: Terminated
srun: error: enc1-node7: task 0: Terminated
srun: error: enc2-node8: task 0: Terminated
srun: error: enc1-node3: task 0: Terminated
srun: error: enc2-node8: task 0: Terminated
srun: error: enc1-node10: task 0: Terminated
srun: error: enc1-node3: task 0: Terminated
srun: error: enc2-node8: task 0: Terminated
srun: error: enc1-node4: task 0: Terminated
srun: error: enc1-node4: task 0: Terminated
srun: error: enc1-node7: task 0: Terminated
srun: error: enc1-node10: task 0: Terminated
srun: error: enc1-node4: task 0: Terminated
srun: error: enc1-node10: task 0: Terminated
srun: error: enc1-node10: task 0: Terminated
srun: error: enc1-node10: task 0: Terminated
srun: error: enc1-node10: task 0: Terminated
srun: got SIGCONT
srun: got SIGCONT
srun: got SIGCONT
srun: got SIGCONT
srun: got SIGCONT
srun: got SIGCONT
srun: got SIGCONT
srun: got SIGCONT
srun: got SIGCONT
srun: got SIGCONT
srun: got SIGCONT
srun: got SIGCONT
srun: got SIGCONT
srun: got SIGCONT
srun: got SIGCONT
srun: got SIGCONT
srun: got SIGCONT
srun: got SIGCONT
srun: got SIGCONT
srun: got SIGCONT
srun: got SIGCONT
srun: got SIGCONT
srun: got SIGCONT
srun: got SIGCONT
srun: got SIGCONT
srun: got SIGCONT
srun: got SIGCONT
srun: got SIGCONT
srun: got SIGCONT
srun: got SIGCONT
srun: got SIGCONT
srun: got SIGCONT
srun: got SIGCONT
srun: got SIGCONT
srun: got SIGCONT
srun: got SIGCONT
srun: got SIGCONT
srun: got SIGCONT
srun: got SIGCONT
srun: got SIGCONT
srun: got SIGCONT
srun: got SIGCONT
srun: got SIGCONT
srun: got SIGCONT
srun: got SIGCONT
srun: got SIGCONT
srun: got SIGCONT
srun: got SIGCONT
srun: got SIGCONT
srun: got SIGCONT
srun: got SIGCONT
srun: got SIGCONT
srun: got SIGCONT
srun: got SIGCONT
srun: got SIGCONT
srun: got SIGCONT
srun: got SIGCONT
srun: got SIGCONT
srun: got SIGCONT
srun: got SIGCONT
srun: got SIGCONT
srun: got SIGCONT
srun: got SIGCONT
srun: got SIGCONT
srun: got SIGCONT
srun: got SIGCONT
srun: got SIGCONT
srun: got SIGCONT
srun: got SIGCONT
srun: got SIGCONT
srun: got SIGCONT
srun: got SIGCONT
srun: got SIGCONT
srun: got SIGCONT
srun: got SIGCONT
srun: got SIGCONT
srun: got SIGCONT
srun: got SIGCONT
srun: got SIGCONT
srun: got SIGCONT
srun: got SIGCONT
srun: got SIGCONT
srun: got SIGCONT
srun: got SIGCONT
srun: got SIGCONT
srun: got SIGCONT
srun: got SIGCONT
srun: got SIGCONT
srun: got SIGCONT
srun: got SIGCONT
srun: got SIGCONT
srun: got SIGCONT
srun: got SIGCONT
srun: got SIGCONT
srun: got SIGCONT
srun: got SIGCONT
srun: got SIGCONT
srun: got SIGCONT
srun: got SIGCONT
srun: got SIGCONT
slurmstepd-enc1-node5: error: *** STEP 1516864.208 ON enc1-node5 CANCELLED AT 2021-10-13T14:04:01 ***
slurmstepd-enc1-node13: error: *** STEP 1516864.367 ON enc1-node13 CANCELLED AT 2021-10-13T14:04:01 ***
slurmstepd-enc0-node1: error: *** STEP 1516864.46 ON enc0-node1 CANCELLED AT 2021-10-13T14:04:01 ***
slurmstepd-enc1-node5: error: *** STEP 1516864.193 ON enc1-node5 CANCELLED AT 2021-10-13T14:04:01 ***
slurmstepd-enc1-node5: error: *** STEP 1516864.203 ON enc1-node5 CANCELLED AT 2021-10-13T14:04:01 ***
slurmstepd-enc1-node13: error: *** STEP 1516864.349 ON enc1-node13 CANCELLED AT 2021-10-13T14:04:01 ***
slurmstepd-enc1-node5: error: *** STEP 1516864.200 ON enc1-node5 CANCELLED AT 2021-10-13T14:04:01 ***
slurmstepd-enc1-node13: error: *** STEP 1516864.361 ON enc1-node13 CANCELLED AT 2021-10-13T14:04:01 ***
slurmstepd-enc1-node5: error: *** STEP 1516864.198 ON enc1-node5 CANCELLED AT 2021-10-13T14:04:01 ***
slurmstepd-enc1-node5: error: *** STEP 1516864.202 ON enc1-node5 CANCELLED AT 2021-10-13T14:04:01 ***
slurmstepd-enc1-node13: error: *** STEP 1516864.368 ON enc1-node13 CANCELLED AT 2021-10-13T14:04:01 ***
slurmstepd-enc1-node5: error: *** STEP 1516864.10 ON enc1-node5 CANCELLED AT 2021-10-13T14:04:01 ***
slurmstepd-enc1-node5: error: *** STEP 1516864.209 ON enc1-node5 CANCELLED AT 2021-10-13T14:04:01 ***
slurmstepd-enc1-node5: error: *** STEP 1516864.196 ON enc1-node5 CANCELLED AT 2021-10-13T14:04:01 ***
slurmstepd-enc1-node5: error: *** STEP 1516864.194 ON enc1-node5 CANCELLED AT 2021-10-13T14:04:01 ***
slurmstepd-enc0-node1: error: *** STEP 1516864.49 ON enc0-node1 CANCELLED AT 2021-10-13T14:04:01 ***
slurmstepd-enc0-node1: error: *** STEP 1516864.36 ON enc0-node1 CANCELLED AT 2021-10-13T14:04:01 ***
slurmstepd-enc0-node1: error: *** STEP 1516864.50 ON enc0-node1 CANCELLED AT 2021-10-13T14:04:01 ***
slurmstepd-enc1-node13: error: *** STEP 1516864.351 ON enc1-node13 CANCELLED AT 2021-10-13T14:04:01 ***
slurmstepd-enc1-node13: error: *** STEP 1516864.350 ON enc1-node13 CANCELLED AT 2021-10-13T14:04:01 ***
srun: error: enc1-node13: task 0: Terminated
srun: error: enc1-node13: task 0: Terminated
srun: error: enc1-node13: task 0: Terminated
slurmstepd-enc1-node13: error: *** STEP 1516864.356 ON enc1-node13 CANCELLED AT 2021-10-13T14:04:01 ***
slurmstepd-enc1-node5: error: *** STEP 1516864.206 ON enc1-node5 CANCELLED AT 2021-10-13T14:04:01 ***
slurmstepd-enc1-node13: error: *** STEP 1516864.357 ON enc1-node13 CANCELLED AT 2021-10-13T14:04:01 ***
srun: error: enc1-node5: task 0: Terminated
srun: error: enc1-node5: task 0: Terminated
srun: error: enc1-node5: task 0: Terminated
srun: error: enc1-node5: task 0: Terminated
srun: error: enc1-node5: task 0: Terminated
srun: error: enc1-node5: task 0: Terminated
slurmstepd-enc1-node5: error: *** STEP 1516864.199 ON enc1-node5 CANCELLED AT 2021-10-13T14:04:01 ***
slurmstepd-enc1-node13: error: *** STEP 1516864.365 ON enc1-node13 CANCELLED AT 2021-10-13T14:04:01 ***
srun: error: enc1-node13: task 0: Terminated
slurmstepd-enc1-node13: error: *** STEP 1516864.18 ON enc1-node13 CANCELLED AT 2021-10-13T14:04:01 ***
slurmstepd-enc1-node5: error: *** STEP 1516864.195 ON enc1-node5 CANCELLED AT 2021-10-13T14:04:01 ***
srun: error: enc1-node5: task 0: Terminated
srun: error: enc1-node5: task 0: Terminated
slurmstepd-enc1-node13: error: *** STEP 1516864.358 ON enc1-node13 CANCELLED AT 2021-10-13T14:04:01 ***
srun: error: enc1-node13: task 0: Terminated
slurmstepd-enc1-node5: error: *** STEP 1516864.197 ON enc1-node5 CANCELLED AT 2021-10-13T14:04:01 ***
slurmstepd-enc1-node13: error: *** STEP 1516864.353 ON enc1-node13 CANCELLED AT 2021-10-13T14:04:01 ***
slurmstepd-enc1-node5: error: *** STEP 1516864.210 ON enc1-node5 CANCELLED AT 2021-10-13T14:04:01 ***
srun: error: enc1-node13: task 0: Terminated
slurmstepd-enc1-node13: error: *** STEP 1516864.366 ON enc1-node13 CANCELLED AT 2021-10-13T14:04:01 ***
slurmstepd-enc1-node5: error: *** STEP 1516864.205 ON enc1-node5 CANCELLED AT 2021-10-13T14:04:01 ***
slurmstepd-enc1-node13: error: *** STEP 1516864.360 ON enc1-node13 CANCELLED AT 2021-10-13T14:04:01 ***
srun: error: enc1-node13: task 0: Terminated
srun: error: enc1-node5: task 0: Terminated
srun: error: enc1-node5: task 0: Terminated
slurmstepd-enc1-node5: error: *** STEP 1516864.207 ON enc1-node5 CANCELLED AT 2021-10-13T14:04:01 ***
slurmstepd-enc1-node13: error: *** STEP 1516864.355 ON enc1-node13 CANCELLED AT 2021-10-13T14:04:01 ***
srun: error: enc1-node13: task 0: Terminated
slurmstepd-enc1-node13: error: *** STEP 1516864.352 ON enc1-node13 CANCELLED AT 2021-10-13T14:04:01 ***
slurmstepd-enc0-node1: error: *** STEP 1516864.34 ON enc0-node1 CANCELLED AT 2021-10-13T14:04:01 ***
srun: error: enc1-node13: task 0: Terminated
slurmstepd-enc1-node13: error: *** STEP 1516864.354 ON enc1-node13 CANCELLED AT 2021-10-13T14:04:01 ***
slurmstepd-enc1-node5: error: *** STEP 1516864.204 ON enc1-node5 CANCELLED AT 2021-10-13T14:04:01 ***
srun: error: enc1-node5: task 0: Terminated
slurmstepd-enc1-node5: error: *** STEP 1516864.211 ON enc1-node5 CANCELLED AT 2021-10-13T14:04:01 ***
slurmstepd-enc1-node13: error: *** STEP 1516864.364 ON enc1-node13 CANCELLED AT 2021-10-13T14:04:01 ***
slurmstepd-enc1-node5: error: *** STEP 1516864.201 ON enc1-node5 CANCELLED AT 2021-10-13T14:04:01 ***
srun: error: enc0-node1: task 0: Terminated
srun: error: enc1-node5: task 0: Terminated
slurmstepd-enc1-node13: error: *** STEP 1516864.362 ON enc1-node13 CANCELLED AT 2021-10-13T14:04:01 ***
srun: error: enc1-node13: task 0: Terminated
srun: error: enc1-node13: task 0: Terminated
slurmstepd-enc0-node1: error: *** STEP 1516864.41 ON enc0-node1 CANCELLED AT 2021-10-13T14:04:01 ***
slurmstepd-enc1-node13: error: *** STEP 1516864.359 ON enc1-node13 CANCELLED AT 2021-10-13T14:04:01 ***
srun: error: enc1-node5: task 0: Terminated
srun: error: enc1-node5: task 0: Terminated
srun: error: enc1-node13: task 0: Terminated
srun: error: enc1-node13: task 0: Terminated
srun: error: enc1-node5: task 0: Terminated
srun: error: enc1-node5: task 0: Terminated
srun: error: enc1-node5: task 0: Terminated
srun: error: enc1-node13: task 0: Terminated
slurmstepd-enc0-node1: error: *** STEP 1516864.39 ON enc0-node1 CANCELLED AT 2021-10-13T14:04:01 ***
srun: error: enc0-node1: task 0: Terminated
srun: error: enc1-node13: task 0: Terminated
srun: error: enc1-node5: task 0: Terminated
srun: error: enc0-node1: task 0: Terminated
srun: error: enc1-node5: task 0: Terminated
srun: error: enc1-node13: task 0: Terminated
srun: error: enc1-node13: task 0: Terminated
slurmstepd-enc0-node1: error: *** STEP 1516864.35 ON enc0-node1 CANCELLED AT 2021-10-13T14:04:01 ***
srun: error: enc1-node13: task 0: Terminated
slurmstepd-enc1-node8: error: *** STEP 1516864.268 ON enc1-node8 CANCELLED AT 2021-10-13T14:04:01 ***
srun: error: enc1-node13: task 0: Terminated
srun: error: enc1-node5: task 0: Terminated
srun: error: enc1-node13: task 0: Terminated
slurmstepd-enc0-node1: error: *** STEP 1516864.43 ON enc0-node1 CANCELLED AT 2021-10-13T14:04:01 ***
slurmstepd-enc1-node8: error: *** STEP 1516864.261 ON enc1-node8 CANCELLED AT 2021-10-13T14:04:01 ***
srun: error: enc0-node1: task 0: Terminated
slurmstepd-enc1-node8: error: *** STEP 1516864.262 ON enc1-node8 CANCELLED AT 2021-10-13T14:04:01 ***
slurmstepd-enc0-node1: error: *** STEP 1516864.45 ON enc0-node1 CANCELLED AT 2021-10-13T14:04:01 ***
slurmstepd-enc1-node9: error: *** STEP 1516864.286 ON enc1-node9 CANCELLED AT 2021-10-13T14:04:01 ***
srun: error: enc0-node1: task 0: Terminated
slurmstepd-enc1-node9: error: *** STEP 1516864.278 ON enc1-node9 CANCELLED AT 2021-10-13T14:04:01 ***
slurmstepd-enc1-node8: error: *** STEP 1516864.265 ON enc1-node8 CANCELLED AT 2021-10-13T14:04:01 ***
slurmstepd-enc0-node1: error: *** STEP 1516864.48 ON enc0-node1 CANCELLED AT 2021-10-13T14:04:01 ***
srun: error: enc0-node1: task 0: Terminated
slurmstepd-enc1-node8: error: *** STEP 1516864.13 ON enc1-node8 CANCELLED AT 2021-10-13T14:04:01 ***
slurmstepd-enc0-node1: error: *** STEP 1516864.44 ON enc0-node1 CANCELLED AT 2021-10-13T14:04:01 ***
srun: error: enc0-node1: task 0: Terminated
slurmstepd-enc1-node9: error: *** STEP 1516864.275 ON enc1-node9 CANCELLED AT 2021-10-13T14:04:01 ***
slurmstepd-enc0-node1: error: *** STEP 1516864.33 ON enc0-node1 CANCELLED AT 2021-10-13T14:04:01 ***
srun: error: enc0-node1: task 0: Terminated
slurmstepd-enc1-node9: error: *** STEP 1516864.270 ON enc1-node9 CANCELLED AT 2021-10-13T14:04:01 ***
slurmstepd-enc0-node1: error: *** STEP 1516864.38 ON enc0-node1 CANCELLED AT 2021-10-13T14:04:01 ***
srun: error: enc0-node1: task 0: Terminated
slurmstepd-enc1-node9: error: *** STEP 1516864.14 ON enc1-node9 CANCELLED AT 2021-10-13T14:04:01 ***
srun: error: enc0-node1: task 0: Terminated
slurmstepd-enc0-node1: error: *** STEP 1516864.42 ON enc0-node1 CANCELLED AT 2021-10-13T14:04:01 ***
srun: error: enc0-node1: task 0: Terminated
slurmstepd-enc0-node1: error: *** STEP 1516864.40 ON enc0-node1 CANCELLED AT 2021-10-13T14:04:01 ***
slurmstepd-enc0-node1: error: *** STEP 1516864.32 ON enc0-node1 CANCELLED AT 2021-10-13T14:04:01 ***
srun: error: enc0-node1: task 0: Terminated
srun: error: enc0-node1: task 0: Terminated
slurmstepd-enc0-node1: error: *** STEP 1516864.47 ON enc0-node1 CANCELLED AT 2021-10-13T14:04:01 ***
slurmstepd-enc1-node8: error: *** STEP 1516864.266 ON enc1-node8 CANCELLED AT 2021-10-13T14:04:01 ***
srun: error: enc0-node1: task 0: Terminated
slurmstepd-enc0-node1: error: *** JOB 1516864 ON enc0-node1 CANCELLED AT 2021-10-13T14:04:01 ***
slurmstepd-enc1-node8: error: *** STEP 1516864.253 ON enc1-node8 CANCELLED AT 2021-10-13T14:04:01 ***
srun: error: enc1-node8: task 0: Terminated
srun: forcing job termination
srun: forcing job termination
srun: forcing job termination
srun: forcing job termination
srun: forcing job termination
srun: forcing job termination
srun: forcing job termination
srun: forcing job termination
srun: forcing job termination
srun: forcing job termination
srun: forcing job termination
srun: forcing job termination
srun: forcing job termination
srun: forcing job termination
srun: forcing job termination
slurmstepd-enc0-node1: error: *** STEP 1516864.37 ON enc0-node1 CANCELLED AT 2021-10-13T14:04:01 ***
srun: forcing job termination
srun: forcing job termination
srun: forcing job termination
srun: forcing job termination
srun: forcing job termination
srun: forcing job termination
srun: forcing job termination
srun: forcing job termination
srun: forcing job termination
srun: forcing job termination
srun: forcing job termination
srun: forcing job termination
srun: forcing job termination
srun: forcing job termination
srun: forcing job termination
srun: forcing job termination
srun: forcing job termination
srun: forcing job termination
srun: forcing job termination
srun: forcing job termination
srun: forcing job termination
srun: forcing job termination
srun: forcing job termination
srun: forcing job termination
srun: forcing job termination
srun: forcing job termination
srun: forcing job termination
srun: forcing job termination
srun: forcing job termination
srun: forcing job termination
slurmstepd-enc1-node8: error: *** STEP 1516864.267 ON enc1-node8 CANCELLED AT 2021-10-13T14:04:01 ***
srun: error: enc1-node8: task 0: Terminated
srun: error: enc1-node8: task 0: Terminated
srun: error: enc1-node8: task 0: Terminated
srun: error: enc0-node1: task 0: Terminated
srun: error: enc1-node8: task 0: Terminated
slurmstepd-enc0-node1: error: *** STEP 1516864.31 ON enc0-node1 CANCELLED AT 2021-10-13T14:04:01 ***
slurmstepd-enc1-node8: error: *** STEP 1516864.259 ON enc1-node8 CANCELLED AT 2021-10-13T14:04:01 ***
srun: error: enc0-node1: task 0: Terminated
slurmstepd-enc1-node8: error: *** STEP 1516864.250 ON enc1-node8 CANCELLED AT 2021-10-13T14:04:01 ***
srun: error: enc0-node1: task 0: Terminated
slurmstepd-enc1-node9: error: *** STEP 1516864.285 ON enc1-node9 CANCELLED AT 2021-10-13T14:04:01 ***
slurmstepd-enc1-node8: error: *** STEP 1516864.257 ON enc1-node8 CANCELLED AT 2021-10-13T14:04:01 ***
srun: error: enc1-node9: task 0: Terminated
srun: error: enc1-node9: task 0: Terminated
srun: error: enc0-node1: task 0: Terminated
srun: error: enc1-node8: task 0: Terminated
slurmstepd-enc1-node8: error: *** STEP 1516864.252 ON enc1-node8 CANCELLED AT 2021-10-13T14:04:01 ***
slurmstepd-enc1-node9: error: *** STEP 1516864.276 ON enc1-node9 CANCELLED AT 2021-10-13T14:04:01 ***
slurmstepd-enc1-node8: error: *** STEP 1516864.269 ON enc1-node8 CANCELLED AT 2021-10-13T14:04:01 ***
slurmstepd-enc1-node9: error: *** STEP 1516864.279 ON enc1-node9 CANCELLED AT 2021-10-13T14:04:01 ***
srun: error: enc1-node8: task 0: Terminated
srun: error: enc0-node1: task 0: Terminated
srun: error: enc1-node9: task 0: Terminated
srun: error: enc1-node9: task 0: Terminated
slurmstepd-enc1-node8: error: *** STEP 1516864.254 ON enc1-node8 CANCELLED AT 2021-10-13T14:04:01 ***
srun: error: enc0-node1: task 0: Terminated
srun: error: enc1-node8: task 0: Terminated
slurmstepd-enc1-node9: error: *** STEP 1516864.289 ON enc1-node9 CANCELLED AT 2021-10-13T14:04:01 ***
srun: error: enc1-node8: task 0: Terminated
slurmstepd-enc1-node8: error: *** STEP 1516864.256 ON enc1-node8 CANCELLED AT 2021-10-13T14:04:01 ***
srun: error: enc1-node8: task 0: Terminated
slurmstepd-enc1-node8: error: *** STEP 1516864.258 ON enc1-node8 CANCELLED AT 2021-10-13T14:04:01 ***
slurmstepd-enc1-node8: error: *** STEP 1516864.251 ON enc1-node8 CANCELLED AT 2021-10-13T14:04:01 ***
srun: error: enc1-node9: task 0: Terminated
srun: error: enc1-node8: task 0: Terminated
slurmstepd-enc1-node9: error: *** STEP 1516864.287 ON enc1-node9 CANCELLED AT 2021-10-13T14:04:01 ***
slurmstepd-enc1-node8: error: *** STEP 1516864.260 ON enc1-node8 CANCELLED AT 2021-10-13T14:04:01 ***
srun: error: enc1-node9: task 0: Terminated
srun: error: enc1-node8: task 0: Terminated
slurmstepd-enc1-node9: error: *** STEP 1516864.273 ON enc1-node9 CANCELLED AT 2021-10-13T14:04:01 ***
srun: error: enc1-node8: task 0: Terminated
slurmstepd-enc1-node8: error: *** STEP 1516864.263 ON enc1-node8 CANCELLED AT 2021-10-13T14:04:01 ***
srun: error: enc1-node9: task 0: Terminated
slurmstepd-enc1-node9: error: *** STEP 1516864.282 ON enc1-node9 CANCELLED AT 2021-10-13T14:04:01 ***
slurmstepd-enc1-node8: error: *** STEP 1516864.264 ON enc1-node8 CANCELLED AT 2021-10-13T14:04:01 ***
srun: error: enc1-node8: task 0: Terminated
slurmstepd-enc1-node9: error: *** STEP 1516864.281 ON enc1-node9 CANCELLED AT 2021-10-13T14:04:01 ***
srun: error: enc1-node9: task 0: Terminated
srun: error: enc1-node8: task 0: Terminated
srun: error: enc1-node9: task 0: Terminated
srun: error: enc1-node8: task 0: Terminated
srun: error: enc1-node9: task 0: Terminated
srun: error: enc1-node8: task 0: Terminated
slurmstepd-enc1-node9: error: *** STEP 1516864.277 ON enc1-node9 CANCELLED AT 2021-10-13T14:04:01 ***
srun: error: enc1-node8: task 0: Terminated
slurmstepd-enc1-node9: error: *** STEP 1516864.280 ON enc1-node9 CANCELLED AT 2021-10-13T14:04:01 ***
srun: error: enc1-node8: task 0: Terminated
srun: error: enc1-node9: task 0: Terminated
srun: error: enc1-node8: task 0: Terminated
srun: error: enc1-node9: task 0: Terminated
slurmstepd-enc1-node9: error: *** STEP 1516864.274 ON enc1-node9 CANCELLED AT 2021-10-13T14:04:01 ***
slurmstepd-enc1-node9: error: *** STEP 1516864.284 ON enc1-node9 CANCELLED AT 2021-10-13T14:04:01 ***
srun: error: enc1-node9: task 0: Terminated
slurmstepd-enc1-node9: error: *** STEP 1516864.283 ON enc1-node9 CANCELLED AT 2021-10-13T14:04:01 ***
slurmstepd-enc1-node9: error: *** STEP 1516864.272 ON enc1-node9 CANCELLED AT 2021-10-13T14:04:01 ***
srun: error: enc1-node9: task 0: Terminated
slurmstepd-enc1-node9: error: *** STEP 1516864.271 ON enc1-node9 CANCELLED AT 2021-10-13T14:04:01 ***
srun: error: enc1-node9: task 0: Terminated
srun: error: enc1-node9: task 0: Terminated
srun: error: enc1-node9: task 0: Terminated
srun: error: enc1-node9: task 0: Terminated
srun: error: enc1-node9: task 0: Terminated
srun: error: enc1-node9: task 0: Terminated
