Traceback (most recent call last):
  File "clusterSweep.py", line 47, in <module>
    for fr in fr:
TypeError: 'int' object is not iterable
srun: error: enc1-node2: task 0: Exited with exit code 1
Traceback (most recent call last):
  File "clusterSweep.py", line 47, in <module>
    for fr in fr:
TypeError: 'int' object is not iterable
srun: error: enc1-node2: task 0: Exited with exit code 1
Traceback (most recent call last):
  File "clusterSweep.py", line 47, in <module>
    for fr in fr:
TypeError: 'int' object is not iterable
srun: error: enc1-node5: task 0: Exited with exit code 1
Traceback (most recent call last):
  File "clusterSweep.py", line 47, in <module>
    for fr in fr:
TypeError: 'int' object is not iterable
Traceback (most recent call last):
  File "clusterSweep.py", line 47, in <module>
    for fr in fr:
TypeError: 'int' object is not iterable
srun: error: enc1-node2: task 0: Exited with exit code 1
Traceback (most recent call last):
  File "clusterSweep.py", line 47, in <module>
    for fr in fr:
TypeError: 'int' object is not iterable
Traceback (most recent call last):
  File "clusterSweep.py", line 47, in <module>
    for fr in fr:
TypeError: 'int' object is not iterable
srun: error: enc1-node11: task 0: Exited with exit code 1
Traceback (most recent call last):
  File "clusterSweep.py", line 47, in <module>
    for fr in fr:
TypeError: 'int' object is not iterable
srun: error: enc1-node2: task 0: Exited with exit code 1
srun: error: enc1-node11: task 0: Exited with exit code 1
Traceback (most recent call last):
  File "clusterSweep.py", line 47, in <module>
    for fr in fr:
TypeError: 'int' object is not iterable
Traceback (most recent call last):
  File "clusterSweep.py", line 47, in <module>
    for fr in fr:
TypeError: 'int' object is not iterable
Traceback (most recent call last):
  File "clusterSweep.py", line 47, in <module>
    for fr in fr:
TypeError: 'int' object is not iterable
Traceback (most recent call last):
  File "clusterSweep.py", line 47, in <module>
    for fr in fr:
TypeError: 'int' object is not iterable
Traceback (most recent call last):
  File "clusterSweep.py", line 47, in <module>
    for fr in fr:
TypeError: 'int' object is not iterable
srun: error: enc1-node13: task 0: Exited with exit code 1
Traceback (most recent call last):
  File "clusterSweep.py", line 47, in <module>
    for fr in fr:
TypeError: 'int' object is not iterable
Traceback (most recent call last):
  File "clusterSweep.py", line 47, in <module>
    for fr in fr:
TypeError: 'int' object is not iterable
Traceback (most recent call last):
  File "clusterSweep.py", line 47, in <module>
    for fr in fr:
TypeError: 'int' object is not iterable
srun: error: enc1-node5: task 0: Exited with exit code 1
srun: error: enc1-node13: task 0: Exited with exit code 1
srun: error: enc1-node5: task 0: Exited with exit code 1
srun: error: enc1-node5: task 0: Exited with exit code 1
srun: error: enc1-node11: task 0: Exited with exit code 1
srun: error: enc1-node11: task 0: Exited with exit code 1
srun: error: enc1-node14: task 0: Exited with exit code 1
srun: error: enc1-node5: task 0: Exited with exit code 1
Traceback (most recent call last):
  File "clusterSweep.py", line 47, in <module>
    for fr in fr:
TypeError: 'int' object is not iterable
Traceback (most recent call last):
  File "clusterSweep.py", line 47, in <module>
    for fr in fr:
TypeError: 'int' object is not iterable
Traceback (most recent call last):
  File "clusterSweep.py", line 47, in <module>
    for fr in fr:
TypeError: 'int' object is not iterable
srun: error: enc1-node13: task 0: Exited with exit code 1
Traceback (most recent call last):
  File "clusterSweep.py", line 47, in <module>
    for fr in fr:
TypeError: 'int' object is not iterable
Traceback (most recent call last):
  File "clusterSweep.py", line 47, in <module>
    for fr in fr:
TypeError: 'int' object is not iterable
srun: error: enc1-node2: task 0: Exited with exit code 1
Traceback (most recent call last):
  File "clusterSweep.py", line 47, in <module>
    for fr in fr:
TypeError: 'int' object is not iterable
srun: error: enc1-node13: task 0: Exited with exit code 1
srun: error: enc1-node11: task 0: Exited with exit code 1
Traceback (most recent call last):
  File "clusterSweep.py", line 47, in <module>
    for fr in fr:
TypeError: 'int' object is not iterable
srun: error: enc1-node13: task 0: Exited with exit code 1
Traceback (most recent call last):
  File "clusterSweep.py", line 47, in <module>
    for fr in fr:
TypeError: 'int' object is not iterable
srun: error: enc1-node14: task 0: Exited with exit code 1
srun: error: enc1-node14: task 0: Exited with exit code 1
srun: error: enc1-node14: task 0: Exited with exit code 1
Traceback (most recent call last):
  File "clusterSweep.py", line 47, in <module>
    for fr in fr:
TypeError: 'int' object is not iterable
srun: error: enc1-node14: task 0: Exited with exit code 1
Traceback (most recent call last):
  File "clusterSweep.py", line 47, in <module>
    for fr in fr:
TypeError: 'int' object is not iterable
srun: error: enc1-node3: task 0: Exited with exit code 1
Traceback (most recent call last):
  File "clusterSweep.py", line 47, in <module>
    for fr in fr:
TypeError: 'int' object is not iterable
srun: error: enc1-node9: task 0: Exited with exit code 1
Traceback (most recent call last):
  File "clusterSweep.py", line 47, in <module>
    for fr in fr:
TypeError: 'int' object is not iterable
srun: error: enc2-node12: task 0: Exited with exit code 1
