srun: Job step aborted: Waiting up to 32 seconds for job step to finish.
srun: Job step aborted: Waiting up to 32 seconds for job step to finish.
srun: Job step aborted: Waiting up to 32 seconds for job step to finish.
srun: Job step aborted: Waiting up to 32 seconds for job step to finish.
srun: Job step aborted: Waiting up to 32 seconds for job step to finish.
srun: Job step aborted: Waiting up to 32 seconds for job step to finish.
srun: Job step aborted: Waiting up to 32 seconds for job step to finish.
srun: Job step aborted: Waiting up to 32 seconds for job step to finish.
srun: Job step aborted: Waiting up to 32 seconds for job step to finish.
srun: Job step aborted: Waiting up to 32 seconds for job step to finish.
srun: Job step aborted: Waiting up to 32 seconds for job step to finish.
srun: Job step aborted: Waiting up to 32 seconds for job step to finish.
srun: Job step aborted: Waiting up to 32 seconds for job step to finish.
srun: Job step aborted: Waiting up to 32 seconds for job step to finish.
srun: Job step aborted: Waiting up to 32 seconds for job step to finish.
srun: Job step aborted: Waiting up to 32 seconds for job step to finish.
srun: Job step aborted: Waiting up to 32 seconds for job step to finish.
srun: Job step aborted: Waiting up to 32 seconds for job step to finish.
srun: Job step aborted: Waiting up to 32 seconds for job step to finish.
srun: Job step aborted: Waiting up to 32 seconds for job step to finish.
srun: Job step aborted: Waiting up to 32 seconds for job step to finish.
srun: Job step aborted: Waiting up to 32 seconds for job step to finish.
srun: Job step aborted: Waiting up to 32 seconds for job step to finish.
srun: Job step aborted: Waiting up to 32 seconds for job step to finish.
srun: Job step aborted: Waiting up to 32 seconds for job step to finish.
srun: Job step aborted: Waiting up to 32 seconds for job step to finish.
srun: Job step aborted: Waiting up to 32 seconds for job step to finish.
srun: Job step aborted: Waiting up to 32 seconds for job step to finish.
srun: Job step aborted: Waiting up to 32 seconds for job step to finish.
srun: Job step aborted: Waiting up to 32 seconds for job step to finish.
srun: Job step aborted: Waiting up to 32 seconds for job step to finish.
srun: Job step aborted: Waiting up to 32 seconds for job step to finish.
srun: Job step aborted: Waiting up to 32 seconds for job step to finish.
srun: Job step aborted: Waiting up to 32 seconds for job step to finish.
srun: Job step aborted: Waiting up to 32 seconds for job step to finish.
srun: Job step aborted: Waiting up to 32 seconds for job step to finish.
srun: Job step aborted: Waiting up to 32 seconds for job step to finish.
srun: Job step aborted: Waiting up to 32 seconds for job step to finish.
srun: Job step aborted: Waiting up to 32 seconds for job step to finish.
srun: Job step aborted: Waiting up to 32 seconds for job step to finish.
srun: Job step aborted: Waiting up to 32 seconds for job step to finish.
srun: Job step aborted: Waiting up to 32 seconds for job step to finish.
srun: Job step aborted: Waiting up to 32 seconds for job step to finish.
srun: Job step aborted: Waiting up to 32 seconds for job step to finish.
srun: Job step aborted: Waiting up to 32 seconds for job step to finish.
srun: Job step aborted: Waiting up to 32 seconds for job step to finish.
srun: Job step aborted: Waiting up to 32 seconds for job step to finish.
srun: Job step aborted: Waiting up to 32 seconds for job step to finish.
srun: Job step aborted: Waiting up to 32 seconds for job step to finish.
srun: Job step aborted: Waiting up to 32 seconds for job step to finish.
srun: Job step aborted: Waiting up to 32 seconds for job step to finish.
srun: Job step aborted: Waiting up to 32 seconds for job step to finish.
srun: Job step aborted: Waiting up to 32 seconds for job step to finish.
srun: Job step aborted: Waiting up to 32 seconds for job step to finish.
srun: Job step aborted: Waiting up to 32 seconds for job step to finish.
srun: Job step aborted: Waiting up to 32 seconds for job step to finish.
srun: Job step aborted: Waiting up to 32 seconds for job step to finish.
srun: Job step aborted: Waiting up to 32 seconds for job step to finish.
srun: Job step aborted: Waiting up to 32 seconds for job step to finish.
srun: Job step aborted: Waiting up to 32 seconds for job step to finish.
srun: Job step aborted: Waiting up to 32 seconds for job step to finish.
srun: Job step aborted: Waiting up to 32 seconds for job step to finish.
srun: Job step aborted: Waiting up to 32 seconds for job step to finish.
srun: Job step aborted: Waiting up to 32 seconds for job step to finish.
srun: Job step aborted: Waiting up to 32 seconds for job step to finish.
srun: Job step aborted: Waiting up to 32 seconds for job step to finish.
srun: Job step aborted: Waiting up to 32 seconds for job step to finish.
srun: Job step aborted: Waiting up to 32 seconds for job step to finish.
srun: Job step aborted: Waiting up to 32 seconds for job step to finish.
srun: Job step aborted: Waiting up to 32 seconds for job step to finish.
srun: Job step aborted: Waiting up to 32 seconds for job step to finish.
srun: Job step aborted: Waiting up to 32 seconds for job step to finish.
srun: Job step aborted: Waiting up to 32 seconds for job step to finish.
srun: Job step aborted: Waiting up to 32 seconds for job step to finish.
srun: Job step aborted: Waiting up to 32 seconds for job step to finish.
srun: Job step aborted: Waiting up to 32 seconds for job step to finish.
srun: Job step aborted: Waiting up to 32 seconds for job step to finish.
srun: Job step aborted: Waiting up to 32 seconds for job step to finish.
srun: Job step aborted: Waiting up to 32 seconds for job step to finish.
srun: Job step aborted: Waiting up to 32 seconds for job step to finish.
srun: Job step aborted: Waiting up to 32 seconds for job step to finish.
slurmstepd-enc1-node4: error: *** STEP 1516487.29 ON enc1-node4 CANCELLED AT 2021-10-11T18:13:05 ***
slurmstepd-enc2-node12: error: *** STEP 1516487.14 ON enc2-node12 CANCELLED AT 2021-10-11T18:13:05 ***
slurmstepd-enc1-node4: error: *** STEP 1516487.2 ON enc1-node4 CANCELLED AT 2021-10-11T18:13:05 ***
srun: got SIGCONT
srun: got SIGCONT
srun: got SIGCONT
srun: got SIGCONT
srun: got SIGCONT
srun: got SIGCONT
srun: got SIGCONT
srun: got SIGCONT
srun: got SIGCONT
srun: got SIGCONT
srun: got SIGCONT
srun: got SIGCONT
srun: got SIGCONT
srun: got SIGCONT
srun: got SIGCONT
srun: got SIGCONT
srun: got SIGCONT
srun: got SIGCONT
srun: got SIGCONT
srun: got SIGCONT
srun: got SIGCONT
srun: got SIGCONT
srun: got SIGCONT
srun: got SIGCONT
srun: got SIGCONT
srun: got SIGCONT
srun: got SIGCONT
srun: got SIGCONT
srun: got SIGCONT
srun: got SIGCONT
srun: got SIGCONT
srun: got SIGCONT
srun: got SIGCONT
srun: got SIGCONT
srun: got SIGCONT
srun: got SIGCONT
srun: got SIGCONT
srun: got SIGCONT
srun: got SIGCONT
srun: got SIGCONT
srun: got SIGCONT
srun: got SIGCONT
srun: got SIGCONT
srun: got SIGCONT
srun: got SIGCONT
srun: got SIGCONT
srun: got SIGCONT
srun: got SIGCONT
srun: got SIGCONT
srun: got SIGCONT
srun: got SIGCONT
srun: got SIGCONT
srun: got SIGCONT
srun: got SIGCONT
srun: got SIGCONT
srun: got SIGCONT
srun: got SIGCONT
srun: got SIGCONT
srun: got SIGCONT
srun: got SIGCONT
srun: got SIGCONT
srun: got SIGCONT
srun: got SIGCONT
srun: got SIGCONT
srun: got SIGCONT
srun: got SIGCONT
srun: got SIGCONT
srun: got SIGCONT
srun: got SIGCONT
srun: got SIGCONT
srun: got SIGCONT
srun: got SIGCONT
srun: got SIGCONT
srun: got SIGCONT
srun: got SIGCONT
srun: got SIGCONT
srun: got SIGCONT
srun: got SIGCONT
srun: got SIGCONT
srun: got SIGCONT
srun: got SIGCONT
slurmstepd-enc1-node4: error: *** STEP 1516487.30 ON enc1-node4 CANCELLED AT 2021-10-11T18:13:05 ***
slurmstepd-enc2-node12: error: *** STEP 1516487.80 ON enc2-node12 CANCELLED AT 2021-10-11T18:13:05 ***
slurmstepd-enc1-node4: error: *** STEP 1516487.28 ON enc1-node4 CANCELLED AT 2021-10-11T18:13:05 ***
slurmstepd-enc1-node4: error: *** STEP 1516487.31 ON enc1-node4 CANCELLED AT 2021-10-11T18:13:05 ***
slurmstepd-enc1-node14: error: *** STEP 1516487.71 ON enc1-node14 CANCELLED AT 2021-10-11T18:13:05 ***
slurmstepd-enc1-node13: error: *** STEP 1516487.64 ON enc1-node13 CANCELLED AT 2021-10-11T18:13:05 ***
slurmstepd-enc1-node14: error: *** STEP 1516487.70 ON enc1-node14 CANCELLED AT 2021-10-11T18:13:05 ***
slurmstepd-enc1-node12: error: *** STEP 1516487.10 ON enc1-node12 CANCELLED AT 2021-10-11T18:13:05 ***
slurmstepd-enc1-node14: error: *** STEP 1516487.12 ON enc1-node14 CANCELLED AT 2021-10-11T18:13:05 ***
slurmstepd-enc1-node14: error: *** STEP 1516487.69 ON enc1-node14 CANCELLED AT 2021-10-11T18:13:05 ***
slurmstepd-enc1-node14: error: *** STEP 1516487.68 ON enc1-node14 CANCELLED AT 2021-10-11T18:13:05 ***
slurmstepd-enc1-node2: error: *** STEP 1516487.22 ON enc1-node2 CANCELLED AT 2021-10-11T18:13:05 ***
srun: error: enc1-node4: task 0: Terminated
srun: error: enc1-node4: task 0: Terminated
srun: error: enc1-node4: task 0: Terminated
slurmstepd-enc1-node13: error: *** STEP 1516487.11 ON enc1-node13 CANCELLED AT 2021-10-11T18:13:05 ***
srun: error: enc2-node12: task 0: Terminated
slurmstepd-enc1-node2: error: *** STEP 1516487.0 ON enc1-node2 CANCELLED AT 2021-10-11T18:13:05 ***
slurmstepd-enc1-node10: error: *** STEP 1516487.8 ON enc1-node10 CANCELLED AT 2021-10-11T18:13:05 ***
slurmstepd-enc1-node11: error: *** STEP 1516487.59 ON enc1-node11 CANCELLED AT 2021-10-11T18:13:05 ***
slurmstepd-enc1-node9: error: *** STEP 1516487.50 ON enc1-node9 CANCELLED AT 2021-10-11T18:13:05 ***
slurmstepd-enc1-node2: error: *** STEP 1516487.21 ON enc1-node2 CANCELLED AT 2021-10-11T18:13:05 ***
slurmstepd-enc1-node2: error: *** STEP 1516487.23 ON enc1-node2 CANCELLED AT 2021-10-11T18:13:05 ***
srun: error: enc1-node4: task 0: Terminated
slurmstepd-enc1-node2: error: *** STEP 1516487.20 ON enc1-node2 CANCELLED AT 2021-10-11T18:13:05 ***
slurmstepd-enc1-node12: error: *** STEP 1516487.63 ON enc1-node12 CANCELLED AT 2021-10-11T18:13:05 ***
srun: error: enc1-node4: task 0: Terminated
slurmstepd-enc1-node1: error: *** STEP 1516487.16 ON enc1-node1 CANCELLED AT 2021-10-11T18:13:05 ***
slurmstepd-enc1-node7: error: *** STEP 1516487.41 ON enc1-node7 CANCELLED AT 2021-10-11T18:13:05 ***
slurmstepd-enc1-node5: error: *** STEP 1516487.35 ON enc1-node5 CANCELLED AT 2021-10-11T18:13:05 ***
slurmstepd-enc1-node3: error: *** STEP 1516487.27 ON enc1-node3 CANCELLED AT 2021-10-11T18:13:05 ***
slurmstepd-enc1-node6: error: *** STEP 1516487.37 ON enc1-node6 CANCELLED AT 2021-10-11T18:13:05 ***
srun: error: enc2-node12: task 0: Terminated
slurmstepd-enc1-node11: error: *** STEP 1516487.58 ON enc1-node11 CANCELLED AT 2021-10-11T18:13:05 ***
slurmstepd-enc1-node8: error: *** STEP 1516487.45 ON enc1-node8 CANCELLED AT 2021-10-11T18:13:05 ***
slurmstepd-enc1-node11: error: *** STEP 1516487.56 ON enc1-node11 CANCELLED AT 2021-10-11T18:13:05 ***
slurmstepd-enc1-node12: error: *** STEP 1516487.60 ON enc1-node12 CANCELLED AT 2021-10-11T18:13:05 ***
slurmstepd-enc1-node11: error: *** STEP 1516487.57 ON enc1-node11 CANCELLED AT 2021-10-11T18:13:05 ***
slurmstepd-enc1-node9: error: *** STEP 1516487.48 ON enc1-node9 CANCELLED AT 2021-10-11T18:13:05 ***
slurmstepd-enc1-node5: error: *** STEP 1516487.3 ON enc1-node5 CANCELLED AT 2021-10-11T18:13:05 ***
srun: error: enc1-node14: task 0: Terminated
srun: error: enc1-node14: task 0: Terminated
srun: error: enc1-node14: task 0: Terminated
slurmstepd-enc1-node5: error: *** STEP 1516487.32 ON enc1-node5 CANCELLED AT 2021-10-11T18:13:05 ***
slurmstepd-enc1-node6: error: *** STEP 1516487.4 ON enc1-node6 CANCELLED AT 2021-10-11T18:13:05 ***
slurmstepd-enc1-node10: error: *** STEP 1516487.53 ON enc1-node10 CANCELLED AT 2021-10-11T18:13:05 ***
srun: error: enc1-node14: task 0: Terminated
slurmstepd-enc1-node5: error: *** STEP 1516487.34 ON enc1-node5 CANCELLED AT 2021-10-11T18:13:05 ***
srun: error: enc1-node14: task 0: Terminated
slurmstepd-enc1-node9: error: *** STEP 1516487.49 ON enc1-node9 CANCELLED AT 2021-10-11T18:13:05 ***
slurmstepd-enc1-node8: error: *** STEP 1516487.6 ON enc1-node8 CANCELLED AT 2021-10-11T18:13:05 ***
slurmstepd-enc1-node5: error: *** STEP 1516487.33 ON enc1-node5 CANCELLED AT 2021-10-11T18:13:05 ***
slurmstepd-enc1-node13: error: *** STEP 1516487.67 ON enc1-node13 CANCELLED AT 2021-10-11T18:13:05 ***
slurmstepd-enc1-node6: error: *** STEP 1516487.36 ON enc1-node6 CANCELLED AT 2021-10-11T18:13:05 ***
slurmstepd-enc1-node1: error: *** STEP 1516487.15 ON enc1-node1 CANCELLED AT 2021-10-11T18:13:05 ***
srun: error: enc1-node13: task 0: Terminated
slurmstepd-enc1-node7: error: *** STEP 1516487.5 ON enc1-node7 CANCELLED AT 2021-10-11T18:13:05 ***
slurmstepd-enc1-node13: error: *** STEP 1516487.65 ON enc1-node13 CANCELLED AT 2021-10-11T18:13:05 ***
slurmstepd-enc1-node13: error: *** STEP 1516487.66 ON enc1-node13 CANCELLED AT 2021-10-11T18:13:05 ***
slurmstepd-enc1-node3: error: *** STEP 1516487.26 ON enc1-node3 CANCELLED AT 2021-10-11T18:13:05 ***
slurmstepd-enc1-node6: error: *** STEP 1516487.38 ON enc1-node6 CANCELLED AT 2021-10-11T18:13:05 ***
slurmstepd-enc1-node8: error: *** STEP 1516487.47 ON enc1-node8 CANCELLED AT 2021-10-11T18:13:05 ***
slurmstepd-enc1-node10: error: *** STEP 1516487.55 ON enc1-node10 CANCELLED AT 2021-10-11T18:13:05 ***
srun: error: enc1-node13: task 0: Terminated
slurmstepd-enc1-node9: error: *** STEP 1516487.7 ON enc1-node9 CANCELLED AT 2021-10-11T18:13:05 ***
slurmstepd-enc1-node7: error: *** STEP 1516487.43 ON enc1-node7 CANCELLED AT 2021-10-11T18:13:05 ***
srun: error: enc1-node2: task 0: Terminated
srun: error: enc1-node13: task 0: Terminated
slurmstepd-enc1-node12: error: *** STEP 1516487.62 ON enc1-node12 CANCELLED AT 2021-10-11T18:13:05 ***
slurmstepd-enc1-node6: error: *** STEP 1516487.39 ON enc1-node6 CANCELLED AT 2021-10-11T18:13:05 ***
srun: error: enc1-node2: task 0: Terminated
srun: error: enc1-node12: task 0: Terminated
srun: error: enc1-node2: task 0: Terminated
srun: error: enc1-node13: task 0: Terminated
slurmstepd-enc1-node8: error: *** STEP 1516487.46 ON enc1-node8 CANCELLED AT 2021-10-11T18:13:05 ***
srun: error: enc1-node2: task 0: Terminated
slurmstepd-enc1-node3: error: *** STEP 1516487.1 ON enc1-node3 CANCELLED AT 2021-10-11T18:13:05 ***
slurmstepd-enc1-node12: error: *** STEP 1516487.61 ON enc1-node12 CANCELLED AT 2021-10-11T18:13:05 ***
srun: error: enc1-node2: task 0: Terminated
srun: error: enc1-node12: task 0: Terminated
srun: error: enc1-node13: task 0: Terminated
slurmstepd-enc1-node11: error: *** STEP 1516487.9 ON enc1-node11 CANCELLED AT 2021-10-11T18:13:05 ***
srun: error: enc1-node11: task 0: Terminated
slurmstepd-enc2-node11: error: *** STEP 1516487.75 ON enc2-node11 CANCELLED AT 2021-10-11T18:13:05 ***
slurmstepd-enc1-node10: error: *** STEP 1516487.54 ON enc1-node10 CANCELLED AT 2021-10-11T18:13:05 ***
slurmstepd-enc1-node1: error: *** JOB 1516487 ON enc1-node1 CANCELLED AT 2021-10-11T18:13:05 ***
srun: error: enc1-node10: task 0: Terminated
srun: error: enc1-node11: task 0: Terminated
srun: error: enc1-node12: task 0: Terminated
slurmstepd-enc1-node10: error: *** STEP 1516487.52 ON enc1-node10 CANCELLED AT 2021-10-11T18:13:05 ***
slurmstepd-enc2-node11: error: *** STEP 1516487.74 ON enc2-node11 CANCELLED AT 2021-10-11T18:13:05 ***
srun: error: enc1-node12: task 0: Terminated
srun: error: enc1-node12: task 0: Terminated
slurmstepd-enc1-node7: error: *** STEP 1516487.42 ON enc1-node7 CANCELLED AT 2021-10-11T18:13:05 ***
srun: error: enc1-node5: task 0: Terminated
srun: error: enc1-node5: task 0: Terminated
srun: error: enc1-node7: task 0: Terminated
srun: error: enc1-node7: task 0: Terminated
srun: error: enc1-node10: task 0: Terminated
slurmstepd-enc1-node9: error: *** STEP 1516487.51 ON enc1-node9 CANCELLED AT 2021-10-11T18:13:05 ***
srun: error: enc1-node11: task 0: Terminated
srun: error: enc1-node9: task 0: Terminated
srun: error: enc1-node9: task 0: Terminated
srun: error: enc1-node11: task 0: Terminated
srun: error: enc1-node11: task 0: Terminated
slurmstepd-enc1-node7: error: *** STEP 1516487.40 ON enc1-node7 CANCELLED AT 2021-10-11T18:13:05 ***
srun: forcing job termination
srun: error: enc1-node6: task 0: Terminated
srun: forcing job termination
srun: forcing job termination
srun: forcing job termination
srun: forcing job termination
srun: forcing job termination
srun: forcing job termination
srun: forcing job termination
srun: forcing job termination
srun: forcing job termination
srun: forcing job termination
srun: forcing job termination
srun: forcing job termination
srun: forcing job termination
srun: forcing job termination
srun: forcing job termination
srun: forcing job termination
srun: forcing job termination
srun: forcing job termination
srun: forcing job termination
srun: forcing job termination
srun: forcing job termination
srun: forcing job termination
srun: forcing job termination
srun: forcing job termination
srun: forcing job termination
srun: forcing job termination
srun: forcing job termination
srun: forcing job termination
srun: forcing job termination
srun: error: enc1-node5: task 0: Terminated
srun: error: enc1-node5: task 0: Terminated
srun: forcing job termination
srun: forcing job termination
srun: forcing job termination
srun: forcing job termination
srun: forcing job termination
srun: forcing job termination
srun: forcing job termination
srun: forcing job termination
srun: forcing job termination
srun: forcing job termination
srun: forcing job termination
srun: forcing job termination
srun: forcing job termination
srun: forcing job termination
srun: forcing job termination
srun: forcing job termination
srun: forcing job termination
srun: forcing job termination
srun: forcing job termination
srun: forcing job termination
srun: forcing job termination
slurmstepd-enc2-node11: error: *** STEP 1516487.78 ON enc2-node11 CANCELLED AT 2021-10-11T18:13:05 ***
srun: error: enc1-node5: task 0: Terminated
srun: error: enc1-node7: task 0: Terminated
srun: error: enc1-node10: task 0: Terminated
srun: error: enc1-node6: task 0: Terminated
srun: error: enc1-node9: task 0: Terminated
slurmstepd-enc1-node8: error: *** STEP 1516487.44 ON enc1-node8 CANCELLED AT 2021-10-11T18:13:05 ***
srun: error: enc1-node8: task 0: Terminated
srun: error: enc1-node8: task 0: Terminated
srun: error: enc1-node8: task 0: Terminated
slurmstepd-enc1-node3: error: *** STEP 1516487.24 ON enc1-node3 CANCELLED AT 2021-10-11T18:13:05 ***
srun: error: enc1-node6: task 0: Terminated
srun: error: enc1-node6: task 0: Terminated
srun: error: enc1-node10: task 0: Terminated
slurmstepd-enc2-node11: error: *** STEP 1516487.77 ON enc2-node11 CANCELLED AT 2021-10-11T18:13:05 ***
slurmstepd-enc1-node3: error: *** STEP 1516487.25 ON enc1-node3 CANCELLED AT 2021-10-11T18:13:05 ***
srun: error: enc1-node9: task 0: Terminated
srun: error: enc1-node10: task 0: Terminated
srun: error: enc1-node9: task 0: Terminated
srun: error: enc1-node3: task 0: Terminated
srun: error: enc1-node3: task 0: Terminated
srun: error: enc1-node6: task 0: Terminated
srun: error: enc1-node7: task 0: Terminated
srun: error: enc1-node7: task 0: Terminated
srun: error: enc1-node1: task 0: Terminated
srun: error: enc1-node3: task 0: Terminated
slurmstepd-enc1-node1: error: *** STEP 1516487.17 ON enc1-node1 CANCELLED AT 2021-10-11T18:13:05 ***
srun: error: enc1-node3: task 0: Terminated
srun: error: enc1-node8: task 0: Terminated
slurmstepd-enc1-node1: error: *** STEP 1516487.18 ON enc1-node1 CANCELLED AT 2021-10-11T18:13:05 ***
srun: error: enc1-node8: task 0: Terminated
srun: error: enc1-node1: task 0: Terminated
srun: error: enc1-node3: task 0: Terminated
slurmstepd-enc1-node1: error: *** STEP 1516487.19 ON enc1-node1 CANCELLED AT 2021-10-11T18:13:05 ***
slurmstepd-enc2-node11: error: *** STEP 1516487.72 ON enc2-node11 CANCELLED AT 2021-10-11T18:13:05 ***
srun: error: enc2-node11: task 0: Terminated
slurmstepd-enc2-node11: error: *** STEP 1516487.79 ON enc2-node11 CANCELLED AT 2021-10-11T18:13:05 ***
slurmstepd-enc2-node11: error: *** STEP 1516487.76 ON enc2-node11 CANCELLED AT 2021-10-11T18:13:05 ***
srun: error: enc2-node11: task 0: Terminated
srun: error: enc1-node1: task 0: Terminated
srun: error: enc1-node1: task 0: Terminated
srun: error: enc2-node11: task 0: Terminated
srun: error: enc1-node1: task 0: Terminated
slurmstepd-enc2-node11: error: *** STEP 1516487.13 ON enc2-node11 CANCELLED AT 2021-10-11T18:13:05 ***
slurmstepd-enc2-node11: error: *** STEP 1516487.73 ON enc2-node11 CANCELLED AT 2021-10-11T18:13:05 ***
srun: error: enc2-node11: task 0: Terminated
srun: error: enc2-node11: task 0: Terminated
srun: error: enc2-node11: task 0: Terminated
srun: error: enc2-node11: task 0: Terminated
srun: error: enc2-node11: task 0: Terminated
srun: error: enc2-node11: task 0: Terminated
