srun: error: task 0 launch failed: Slurmd could not execve job
srun: error: task 0 launch failed: Slurmd could not execve job
srun: error: task 0 launch failed: Slurmd could not execve job
srun: error: task 0 launch failed: Slurmd could not execve job
srun: error: task 0 launch failed: Slurmd could not execve job
srun: error: task 0 launch failed: Slurmd could not execve job
srun: error: task 0 launch failed: Slurmd could not execve job
srun: error: task 0 launch failed: Slurmd could not execve job
srun: error: task 0 launch failed: Slurmd could not execve job
srun: error: task 0 launch failed: Slurmd could not execve job
srun: error: task 0 launch failed: Slurmd could not execve job
srun: error: task 0 launch failed: Slurmd could not execve job
srun: error: task 0 launch failed: Slurmd could not execve job
srun: error: task 0 launch failed: Slurmd could not execve job
srun: error: task 0 launch failed: Slurmd could not execve job
srun: error: task 0 launch failed: Slurmd could not execve job
srun: error: task 0 launch failed: Slurmd could not execve job
srun: error: task 0 launch failed: Slurmd could not execve job
srun: error: task 0 launch failed: Slurmd could not execve job
srun: error: task 0 launch failed: Slurmd could not execve job
srun: error: task 0 launch failed: Slurmd could not execve job
srun: error: task 0 launch failed: Slurmd could not execve job
srun: error: task 0 launch failed: Slurmd could not execve job
srun: error: task 0 launch failed: Slurmd could not execve job
srun: error: task 0 launch failed: Slurmd could not execve job
srun: error: task 0 launch failed: Slurmd could not execve job
srun: error: task 0 launch failed: Slurmd could not execve job
srun: Job step aborted: Waiting up to 32 seconds for job step to finish.
srun: Job step aborted: Waiting up to 32 seconds for job step to finish.
srun: Job step aborted: Waiting up to 32 seconds for job step to finish.
srun: Job step aborted: Waiting up to 32 seconds for job step to finish.
srun: Job step aborted: Waiting up to 32 seconds for job step to finish.
srun: Job step aborted: Waiting up to 32 seconds for job step to finish.
srun: Job step aborted: Waiting up to 32 seconds for job step to finish.
srun: Job step aborted: Waiting up to 32 seconds for job step to finish.
srun: Job step aborted: Waiting up to 32 seconds for job step to finish.
srun: Job step aborted: Waiting up to 32 seconds for job step to finish.
srun: Job step aborted: Waiting up to 32 seconds for job step to finish.
srun: Job step aborted: Waiting up to 32 seconds for job step to finish.
srun: Job step aborted: Waiting up to 32 seconds for job step to finish.
srun: Job step aborted: Waiting up to 32 seconds for job step to finish.
srun: Job step aborted: Waiting up to 32 seconds for job step to finish.
srun: Job step aborted: Waiting up to 32 seconds for job step to finish.
srun: Job step aborted: Waiting up to 32 seconds for job step to finish.
srun: Job step aborted: Waiting up to 32 seconds for job step to finish.
srun: Job step aborted: Waiting up to 32 seconds for job step to finish.
srun: Job step aborted: Waiting up to 32 seconds for job step to finish.
srun: Job step aborted: Waiting up to 32 seconds for job step to finish.
srun: Job step aborted: Waiting up to 32 seconds for job step to finish.
srun: Job step aborted: Waiting up to 32 seconds for job step to finish.
srun: Job step aborted: Waiting up to 32 seconds for job step to finish.
srun: Job step aborted: Waiting up to 32 seconds for job step to finish.
srun: Job step aborted: Waiting up to 32 seconds for job step to finish.
srun: Job step aborted: Waiting up to 32 seconds for job step to finish.
srun: Job step aborted: Waiting up to 32 seconds for job step to finish.
srun: Job step aborted: Waiting up to 32 seconds for job step to finish.
srun: Job step aborted: Waiting up to 32 seconds for job step to finish.
srun: Job step aborted: Waiting up to 32 seconds for job step to finish.
srun: Job step aborted: Waiting up to 32 seconds for job step to finish.
srun: Job step aborted: Waiting up to 32 seconds for job step to finish.
srun: Job step aborted: Waiting up to 32 seconds for job step to finish.
srun: Job step aborted: Waiting up to 32 seconds for job step to finish.
srun: Job step aborted: Waiting up to 32 seconds for job step to finish.
srun: Job step aborted: Waiting up to 32 seconds for job step to finish.
srun: Job step aborted: Waiting up to 32 seconds for job step to finish.
srun: Job step aborted: Waiting up to 32 seconds for job step to finish.
srun: Job step aborted: Waiting up to 32 seconds for job step to finish.
srun: Job step aborted: Waiting up to 32 seconds for job step to finish.
srun: Job step aborted: Waiting up to 32 seconds for job step to finish.
srun: Job step aborted: Waiting up to 32 seconds for job step to finish.
srun: Job step aborted: Waiting up to 32 seconds for job step to finish.
srun: Job step aborted: Waiting up to 32 seconds for job step to finish.
srun: Job step aborted: Waiting up to 32 seconds for job step to finish.
srun: Job step aborted: Waiting up to 32 seconds for job step to finish.
srun: Job step aborted: Waiting up to 32 seconds for job step to finish.
srun: Job step aborted: Waiting up to 32 seconds for job step to finish.
srun: Job step aborted: Waiting up to 32 seconds for job step to finish.
srun: Job step aborted: Waiting up to 32 seconds for job step to finish.
srun: Job step aborted: Waiting up to 32 seconds for job step to finish.
srun: Job step aborted: Waiting up to 32 seconds for job step to finish.
srun: Job step aborted: Waiting up to 32 seconds for job step to finish.
srun: Job step aborted: Waiting up to 32 seconds for job step to finish.
srun: Job step aborted: Waiting up to 32 seconds for job step to finish.
srun: Job step aborted: Waiting up to 32 seconds for job step to finish.
srun: Job step aborted: Waiting up to 32 seconds for job step to finish.
srun: Job step aborted: Waiting up to 32 seconds for job step to finish.
srun: Job step aborted: Waiting up to 32 seconds for job step to finish.
srun: Job step aborted: Waiting up to 32 seconds for job step to finish.
srun: Job step aborted: Waiting up to 32 seconds for job step to finish.
srun: Job step aborted: Waiting up to 32 seconds for job step to finish.
srun: Job step aborted: Waiting up to 32 seconds for job step to finish.
srun: Job step aborted: Waiting up to 32 seconds for job step to finish.
srun: Job step aborted: Waiting up to 32 seconds for job step to finish.
srun: Job step aborted: Waiting up to 32 seconds for job step to finish.
srun: Job step aborted: Waiting up to 32 seconds for job step to finish.
srun: Job step aborted: Waiting up to 32 seconds for job step to finish.
srun: Job step aborted: Waiting up to 32 seconds for job step to finish.
srun: Job step aborted: Waiting up to 32 seconds for job step to finish.
srun: Job step aborted: Waiting up to 32 seconds for job step to finish.
srun: Job step aborted: Waiting up to 32 seconds for job step to finish.
srun: Job step aborted: Waiting up to 32 seconds for job step to finish.
srun: Job step aborted: Waiting up to 32 seconds for job step to finish.
srun: Job step aborted: Waiting up to 32 seconds for job step to finish.
srun: Job step aborted: Waiting up to 32 seconds for job step to finish.
srun: Job step aborted: Waiting up to 32 seconds for job step to finish.
srun: Job step aborted: Waiting up to 32 seconds for job step to finish.
srun: Job step aborted: Waiting up to 32 seconds for job step to finish.
srun: Job step aborted: Waiting up to 32 seconds for job step to finish.
srun: Job step aborted: Waiting up to 32 seconds for job step to finish.
srun: Job step aborted: Waiting up to 32 seconds for job step to finish.
srun: Job step aborted: Waiting up to 32 seconds for job step to finish.
srun: Job step aborted: Waiting up to 32 seconds for job step to finish.
srun: Job step aborted: Waiting up to 32 seconds for job step to finish.
srun: Job step aborted: Waiting up to 32 seconds for job step to finish.
srun: Job step aborted: Waiting up to 32 seconds for job step to finish.
srun: Job step aborted: Waiting up to 32 seconds for job step to finish.
srun: Job step aborted: Waiting up to 32 seconds for job step to finish.
srun: Job step aborted: Waiting up to 32 seconds for job step to finish.
srun: Job step aborted: Waiting up to 32 seconds for job step to finish.
srun: Job step aborted: Waiting up to 32 seconds for job step to finish.
srun: Job step aborted: Waiting up to 32 seconds for job step to finish.
srun: Job step aborted: Waiting up to 32 seconds for job step to finish.
srun: Job step aborted: Waiting up to 32 seconds for job step to finish.
srun: Job step aborted: Waiting up to 32 seconds for job step to finish.
srun: Job step aborted: Waiting up to 32 seconds for job step to finish.
srun: Job step aborted: Waiting up to 32 seconds for job step to finish.
srun: Job step aborted: Waiting up to 32 seconds for job step to finish.
srun: Job step aborted: Waiting up to 32 seconds for job step to finish.
srun: Job step aborted: Waiting up to 32 seconds for job step to finish.
srun: Job step aborted: Waiting up to 32 seconds for job step to finish.
srun: Job step aborted: Waiting up to 32 seconds for job step to finish.
srun: Job step aborted: Waiting up to 32 seconds for job step to finish.
srun: Job step aborted: Waiting up to 32 seconds for job step to finish.
srun: Job step aborted: Waiting up to 32 seconds for job step to finish.
srun: Job step aborted: Waiting up to 32 seconds for job step to finish.
srun: Job step aborted: Waiting up to 32 seconds for job step to finish.
srun: Job step aborted: Waiting up to 32 seconds for job step to finish.
srun: Job step aborted: Waiting up to 32 seconds for job step to finish.
srun: Job step aborted: Waiting up to 32 seconds for job step to finish.
srun: Job step aborted: Waiting up to 32 seconds for job step to finish.
srun: Job step aborted: Waiting up to 32 seconds for job step to finish.
srun: Job step aborted: Waiting up to 32 seconds for job step to finish.
srun: Job step aborted: Waiting up to 32 seconds for job step to finish.
srun: Job step aborted: Waiting up to 32 seconds for job step to finish.
srun: Job step aborted: Waiting up to 32 seconds for job step to finish.
srun: Job step aborted: Waiting up to 32 seconds for job step to finish.
srun: Job step aborted: Waiting up to 32 seconds for job step to finish.
srun: Job step aborted: Waiting up to 32 seconds for job step to finish.
srun: Job step aborted: Waiting up to 32 seconds for job step to finish.
srun: Job step aborted: Waiting up to 32 seconds for job step to finish.
srun: Job step aborted: Waiting up to 32 seconds for job step to finish.
srun: Job step aborted: Waiting up to 32 seconds for job step to finish.
srun: Job step aborted: Waiting up to 32 seconds for job step to finish.
srun: Job step aborted: Waiting up to 32 seconds for job step to finish.
srun: Job step aborted: Waiting up to 32 seconds for job step to finish.
srun: Job step aborted: Waiting up to 32 seconds for job step to finish.
srun: Job step aborted: Waiting up to 32 seconds for job step to finish.
srun: Job step aborted: Waiting up to 32 seconds for job step to finish.
srun: Job step aborted: Waiting up to 32 seconds for job step to finish.
srun: Job step aborted: Waiting up to 32 seconds for job step to finish.
srun: Job step aborted: Waiting up to 32 seconds for job step to finish.
srun: Job step aborted: Waiting up to 32 seconds for job step to finish.
srun: Job step aborted: Waiting up to 32 seconds for job step to finish.
srun: Job step aborted: Waiting up to 32 seconds for job step to finish.
srun: Job step aborted: Waiting up to 32 seconds for job step to finish.
srun: Job step aborted: Waiting up to 32 seconds for job step to finish.
srun: Job step aborted: Waiting up to 32 seconds for job step to finish.
srun: Job step aborted: Waiting up to 32 seconds for job step to finish.
srun: Job step aborted: Waiting up to 32 seconds for job step to finish.
srun: Job step aborted: Waiting up to 32 seconds for job step to finish.
srun: Job step aborted: Waiting up to 32 seconds for job step to finish.
srun: Job step aborted: Waiting up to 32 seconds for job step to finish.
srun: Job step aborted: Waiting up to 32 seconds for job step to finish.
srun: Job step aborted: Waiting up to 32 seconds for job step to finish.
srun: Job step aborted: Waiting up to 32 seconds for job step to finish.
srun: Job step aborted: Waiting up to 32 seconds for job step to finish.
srun: Job step aborted: Waiting up to 32 seconds for job step to finish.
srun: Job step aborted: Waiting up to 32 seconds for job step to finish.
srun: Job step aborted: Waiting up to 32 seconds for job step to finish.
srun: Job step aborted: Waiting up to 32 seconds for job step to finish.
srun: Job step aborted: Waiting up to 32 seconds for job step to finish.
srun: Job step aborted: Waiting up to 32 seconds for job step to finish.
srun: Job step aborted: Waiting up to 32 seconds for job step to finish.
srun: Job step aborted: Waiting up to 32 seconds for job step to finish.
srun: Job step aborted: Waiting up to 32 seconds for job step to finish.
srun: Job step aborted: Waiting up to 32 seconds for job step to finish.
srun: Job step aborted: Waiting up to 32 seconds for job step to finish.
srun: Job step aborted: Waiting up to 32 seconds for job step to finish.
srun: Job step aborted: Waiting up to 32 seconds for job step to finish.
srun: Job step aborted: Waiting up to 32 seconds for job step to finish.
srun: Job step aborted: Waiting up to 32 seconds for job step to finish.
srun: Job step aborted: Waiting up to 32 seconds for job step to finish.
srun: Job step aborted: Waiting up to 32 seconds for job step to finish.
srun: Job step aborted: Waiting up to 32 seconds for job step to finish.
srun: Job step aborted: Waiting up to 32 seconds for job step to finish.
srun: Job step aborted: Waiting up to 32 seconds for job step to finish.
srun: Job step aborted: Waiting up to 32 seconds for job step to finish.
srun: Job step aborted: Waiting up to 32 seconds for job step to finish.
srun: Job step aborted: Waiting up to 32 seconds for job step to finish.
srun: Job step aborted: Waiting up to 32 seconds for job step to finish.
srun: Job step aborted: Waiting up to 32 seconds for job step to finish.
srun: Job step aborted: Waiting up to 32 seconds for job step to finish.
srun: Job step aborted: Waiting up to 32 seconds for job step to finish.
srun: Job step aborted: Waiting up to 32 seconds for job step to finish.
srun: Job step aborted: Waiting up to 32 seconds for job step to finish.
srun: Job step aborted: Waiting up to 32 seconds for job step to finish.
srun: Job step aborted: Waiting up to 32 seconds for job step to finish.
srun: Job step aborted: Waiting up to 32 seconds for job step to finish.
srun: Job step aborted: Waiting up to 32 seconds for job step to finish.
srun: Job step aborted: Waiting up to 32 seconds for job step to finish.
srun: Job step aborted: Waiting up to 32 seconds for job step to finish.
srun: Job step aborted: Waiting up to 32 seconds for job step to finish.
srun: Job step aborted: Waiting up to 32 seconds for job step to finish.
srun: Job step aborted: Waiting up to 32 seconds for job step to finish.
srun: Job step aborted: Waiting up to 32 seconds for job step to finish.
srun: Job step aborted: Waiting up to 32 seconds for job step to finish.
srun: Job step aborted: Waiting up to 32 seconds for job step to finish.
srun: Job step aborted: Waiting up to 32 seconds for job step to finish.
srun: Job step aborted: Waiting up to 32 seconds for job step to finish.
srun: Job step aborted: Waiting up to 32 seconds for job step to finish.
srun: Job step aborted: Waiting up to 32 seconds for job step to finish.
srun: Job step aborted: Waiting up to 32 seconds for job step to finish.
srun: Job step aborted: Waiting up to 32 seconds for job step to finish.
srun: Job step aborted: Waiting up to 32 seconds for job step to finish.
srun: Job step aborted: Waiting up to 32 seconds for job step to finish.
srun: Job step aborted: Waiting up to 32 seconds for job step to finish.
srun: Job step aborted: Waiting up to 32 seconds for job step to finish.
srun: Job step aborted: Waiting up to 32 seconds for job step to finish.
srun: Job step aborted: Waiting up to 32 seconds for job step to finish.
srun: Job step aborted: Waiting up to 32 seconds for job step to finish.
srun: Job step aborted: Waiting up to 32 seconds for job step to finish.
srun: Job step aborted: Waiting up to 32 seconds for job step to finish.
srun: Job step aborted: Waiting up to 32 seconds for job step to finish.
srun: Job step aborted: Waiting up to 32 seconds for job step to finish.
srun: Job step aborted: Waiting up to 32 seconds for job step to finish.
srun: Job step aborted: Waiting up to 32 seconds for job step to finish.
srun: Job step aborted: Waiting up to 32 seconds for job step to finish.
srun: Job step aborted: Waiting up to 32 seconds for job step to finish.
srun: Job step aborted: Waiting up to 32 seconds for job step to finish.
srun: Job step aborted: Waiting up to 32 seconds for job step to finish.
srun: Job step aborted: Waiting up to 32 seconds for job step to finish.
srun: Job step aborted: Waiting up to 32 seconds for job step to finish.
srun: Job step aborted: Waiting up to 32 seconds for job step to finish.
srun: Job step aborted: Waiting up to 32 seconds for job step to finish.
srun: Job step aborted: Waiting up to 32 seconds for job step to finish.
srun: Job step aborted: Waiting up to 32 seconds for job step to finish.
srun: Job step aborted: Waiting up to 32 seconds for job step to finish.
srun: Job step aborted: Waiting up to 32 seconds for job step to finish.
srun: Job step aborted: Waiting up to 32 seconds for job step to finish.
srun: Job step aborted: Waiting up to 32 seconds for job step to finish.
srun: Job step aborted: Waiting up to 32 seconds for job step to finish.
srun: Job step aborted: Waiting up to 32 seconds for job step to finish.
srun: Job step aborted: Waiting up to 32 seconds for job step to finish.
srun: Job step aborted: Waiting up to 32 seconds for job step to finish.
srun: Job step aborted: Waiting up to 32 seconds for job step to finish.
srun: Job step aborted: Waiting up to 32 seconds for job step to finish.
srun: Job step aborted: Waiting up to 32 seconds for job step to finish.
srun: Job step aborted: Waiting up to 32 seconds for job step to finish.
srun: Job step aborted: Waiting up to 32 seconds for job step to finish.
srun: Job step aborted: Waiting up to 32 seconds for job step to finish.
srun: Job step aborted: Waiting up to 32 seconds for job step to finish.
srun: Job step aborted: Waiting up to 32 seconds for job step to finish.
srun: Job step aborted: Waiting up to 32 seconds for job step to finish.
srun: Job step aborted: Waiting up to 32 seconds for job step to finish.
srun: Job step aborted: Waiting up to 32 seconds for job step to finish.
srun: Job step aborted: Waiting up to 32 seconds for job step to finish.
srun: Job step aborted: Waiting up to 32 seconds for job step to finish.
srun: Job step aborted: Waiting up to 32 seconds for job step to finish.
srun: Job step aborted: Waiting up to 32 seconds for job step to finish.
srun: Job step aborted: Waiting up to 32 seconds for job step to finish.
srun: Job step aborted: Waiting up to 32 seconds for job step to finish.
srun: Job step aborted: Waiting up to 32 seconds for job step to finish.
srun: Job step aborted: Waiting up to 32 seconds for job step to finish.
srun: Job step aborted: Waiting up to 32 seconds for job step to finish.
srun: Job step aborted: Waiting up to 32 seconds for job step to finish.
srun: Job step aborted: Waiting up to 32 seconds for job step to finish.
srun: Job step aborted: Waiting up to 32 seconds for job step to finish.
srun: Job step aborted: Waiting up to 32 seconds for job step to finish.
srun: Job step aborted: Waiting up to 32 seconds for job step to finish.
srun: Job step aborted: Waiting up to 32 seconds for job step to finish.
srun: Job step aborted: Waiting up to 32 seconds for job step to finish.
srun: Job step aborted: Waiting up to 32 seconds for job step to finish.
srun: Job step aborted: Waiting up to 32 seconds for job step to finish.
srun: Job step aborted: Waiting up to 32 seconds for job step to finish.
srun: Job step aborted: Waiting up to 32 seconds for job step to finish.
srun: Job step aborted: Waiting up to 32 seconds for job step to finish.
srun: Job step aborted: Waiting up to 32 seconds for job step to finish.
srun: Job step aborted: Waiting up to 32 seconds for job step to finish.
srun: Job step aborted: Waiting up to 32 seconds for job step to finish.
srun: Job step aborted: Waiting up to 32 seconds for job step to finish.
srun: Job step aborted: Waiting up to 32 seconds for job step to finish.
srun: Job step aborted: Waiting up to 32 seconds for job step to finish.
srun: Job step aborted: Waiting up to 32 seconds for job step to finish.
srun: Job step aborted: Waiting up to 32 seconds for job step to finish.
srun: Job step aborted: Waiting up to 32 seconds for job step to finish.
srun: Job step aborted: Waiting up to 32 seconds for job step to finish.
srun: Job step aborted: Waiting up to 32 seconds for job step to finish.
srun: Job step aborted: Waiting up to 32 seconds for job step to finish.
srun: Job step aborted: Waiting up to 32 seconds for job step to finish.
srun: Job step aborted: Waiting up to 32 seconds for job step to finish.
srun: Job step aborted: Waiting up to 32 seconds for job step to finish.
srun: Job step aborted: Waiting up to 32 seconds for job step to finish.
srun: Job step aborted: Waiting up to 32 seconds for job step to finish.
srun: Job step aborted: Waiting up to 32 seconds for job step to finish.
srun: Job step aborted: Waiting up to 32 seconds for job step to finish.
srun: Job step aborted: Waiting up to 32 seconds for job step to finish.
srun: Job step aborted: Waiting up to 32 seconds for job step to finish.
srun: Job step aborted: Waiting up to 32 seconds for job step to finish.
srun: Job step aborted: Waiting up to 32 seconds for job step to finish.
srun: Job step aborted: Waiting up to 32 seconds for job step to finish.
srun: Job step aborted: Waiting up to 32 seconds for job step to finish.
srun: Job step aborted: Waiting up to 32 seconds for job step to finish.
srun: Job step aborted: Waiting up to 32 seconds for job step to finish.
srun: Job step aborted: Waiting up to 32 seconds for job step to finish.
srun: Job step aborted: Waiting up to 32 seconds for job step to finish.
srun: Job step aborted: Waiting up to 32 seconds for job step to finish.
srun: Job step aborted: Waiting up to 32 seconds for job step to finish.
srun: Job step aborted: Waiting up to 32 seconds for job step to finish.
srun: Job step aborted: Waiting up to 32 seconds for job step to finish.
srun: Job step aborted: Waiting up to 32 seconds for job step to finish.
srun: Job step aborted: Waiting up to 32 seconds for job step to finish.
srun: Job step aborted: Waiting up to 32 seconds for job step to finish.
srun: Job step aborted: Waiting up to 32 seconds for job step to finish.
srun: Job step aborted: Waiting up to 32 seconds for job step to finish.
srun: Job step aborted: Waiting up to 32 seconds for job step to finish.
srun: Job step aborted: Waiting up to 32 seconds for job step to finish.
srun: Job step aborted: Waiting up to 32 seconds for job step to finish.
srun: Job step aborted: Waiting up to 32 seconds for job step to finish.
srun: Job step aborted: Waiting up to 32 seconds for job step to finish.
srun: Job step aborted: Waiting up to 32 seconds for job step to finish.
srun: Job step aborted: Waiting up to 32 seconds for job step to finish.
srun: Job step aborted: Waiting up to 32 seconds for job step to finish.
srun: Job step aborted: Waiting up to 32 seconds for job step to finish.
srun: Job step aborted: Waiting up to 32 seconds for job step to finish.
srun: Job step aborted: Waiting up to 32 seconds for job step to finish.
srun: Job step aborted: Waiting up to 32 seconds for job step to finish.
srun: Job step aborted: Waiting up to 32 seconds for job step to finish.
srun: Job step aborted: Waiting up to 32 seconds for job step to finish.
srun: Job step aborted: Waiting up to 32 seconds for job step to finish.
srun: Job step aborted: Waiting up to 32 seconds for job step to finish.
srun: Job step aborted: Waiting up to 32 seconds for job step to finish.
srun: Job step aborted: Waiting up to 32 seconds for job step to finish.
srun: Job step aborted: Waiting up to 32 seconds for job step to finish.
srun: Job step aborted: Waiting up to 32 seconds for job step to finish.
srun: Job step aborted: Waiting up to 32 seconds for job step to finish.
srun: Job step aborted: Waiting up to 32 seconds for job step to finish.
srun: Job step aborted: Waiting up to 32 seconds for job step to finish.
srun: Job step aborted: Waiting up to 32 seconds for job step to finish.
srun: Job step aborted: Waiting up to 32 seconds for job step to finish.
srun: Job step aborted: Waiting up to 32 seconds for job step to finish.
srun: Job step aborted: Waiting up to 32 seconds for job step to finish.
srun: Job step aborted: Waiting up to 32 seconds for job step to finish.
srun: Job step aborted: Waiting up to 32 seconds for job step to finish.
srun: Job step aborted: Waiting up to 32 seconds for job step to finish.
srun: Job step aborted: Waiting up to 32 seconds for job step to finish.
srun: Job step aborted: Waiting up to 32 seconds for job step to finish.
srun: Job step aborted: Waiting up to 32 seconds for job step to finish.
srun: Job step aborted: Waiting up to 32 seconds for job step to finish.
srun: Job step aborted: Waiting up to 32 seconds for job step to finish.
srun: Job step aborted: Waiting up to 32 seconds for job step to finish.
srun: Job step aborted: Waiting up to 32 seconds for job step to finish.
srun: Job step aborted: Waiting up to 32 seconds for job step to finish.
srun: Job step aborted: Waiting up to 32 seconds for job step to finish.
srun: Job step aborted: Waiting up to 32 seconds for job step to finish.
srun: Job step aborted: Waiting up to 32 seconds for job step to finish.
srun: Job step aborted: Waiting up to 32 seconds for job step to finish.
srun: Job step aborted: Waiting up to 32 seconds for job step to finish.
srun: Job step aborted: Waiting up to 32 seconds for job step to finish.
srun: Job step aborted: Waiting up to 32 seconds for job step to finish.
srun: Job step aborted: Waiting up to 32 seconds for job step to finish.
srun: Job step aborted: Waiting up to 32 seconds for job step to finish.
srun: Job step aborted: Waiting up to 32 seconds for job step to finish.
srun: Job step aborted: Waiting up to 32 seconds for job step to finish.
srun: Job step aborted: Waiting up to 32 seconds for job step to finish.
srun: Job step aborted: Waiting up to 32 seconds for job step to finish.
srun: Job step aborted: Waiting up to 32 seconds for job step to finish.
srun: Job step aborted: Waiting up to 32 seconds for job step to finish.
srun: Job step aborted: Waiting up to 32 seconds for job step to finish.
srun: Job step aborted: Waiting up to 32 seconds for job step to finish.
srun: Job step aborted: Waiting up to 32 seconds for job step to finish.
srun: Job step aborted: Waiting up to 32 seconds for job step to finish.
srun: Job step aborted: Waiting up to 32 seconds for job step to finish.
srun: Job step aborted: Waiting up to 32 seconds for job step to finish.
srun: Job step aborted: Waiting up to 32 seconds for job step to finish.
srun: Job step aborted: Waiting up to 32 seconds for job step to finish.
srun: Job step aborted: Waiting up to 32 seconds for job step to finish.
srun: Job step aborted: Waiting up to 32 seconds for job step to finish.
srun: Job step aborted: Waiting up to 32 seconds for job step to finish.
srun: Job step aborted: Waiting up to 32 seconds for job step to finish.
srun: Job step aborted: Waiting up to 32 seconds for job step to finish.
srun: Job step aborted: Waiting up to 32 seconds for job step to finish.
srun: Job step aborted: Waiting up to 32 seconds for job step to finish.
srun: Job step aborted: Waiting up to 32 seconds for job step to finish.
srun: Job step aborted: Waiting up to 32 seconds for job step to finish.
srun: Job step aborted: Waiting up to 32 seconds for job step to finish.
srun: Job step aborted: Waiting up to 32 seconds for job step to finish.
srun: Job step aborted: Waiting up to 32 seconds for job step to finish.
srun: Job step aborted: Waiting up to 32 seconds for job step to finish.
srun: Job step aborted: Waiting up to 32 seconds for job step to finish.
srun: Job step aborted: Waiting up to 32 seconds for job step to finish.
srun: Job step aborted: Waiting up to 32 seconds for job step to finish.
srun: Job step aborted: Waiting up to 32 seconds for job step to finish.
srun: Job step aborted: Waiting up to 32 seconds for job step to finish.
srun: Job step aborted: Waiting up to 32 seconds for job step to finish.
srun: Job step aborted: Waiting up to 32 seconds for job step to finish.
srun: Job step aborted: Waiting up to 32 seconds for job step to finish.
srun: Job step aborted: Waiting up to 32 seconds for job step to finish.
srun: Job step aborted: Waiting up to 32 seconds for job step to finish.
srun: Job step aborted: Waiting up to 32 seconds for job step to finish.
srun: Job step aborted: Waiting up to 32 seconds for job step to finish.
srun: Job step aborted: Waiting up to 32 seconds for job step to finish.
srun: Job step aborted: Waiting up to 32 seconds for job step to finish.
srun: Job step aborted: Waiting up to 32 seconds for job step to finish.
srun: Job step aborted: Waiting up to 32 seconds for job step to finish.
srun: Job step aborted: Waiting up to 32 seconds for job step to finish.
srun: Job step aborted: Waiting up to 32 seconds for job step to finish.
srun: Job step aborted: Waiting up to 32 seconds for job step to finish.
srun: Job step aborted: Waiting up to 32 seconds for job step to finish.
srun: Job step aborted: Waiting up to 32 seconds for job step to finish.
srun: Job step aborted: Waiting up to 32 seconds for job step to finish.
srun: Job step aborted: Waiting up to 32 seconds for job step to finish.
srun: Job step aborted: Waiting up to 32 seconds for job step to finish.
srun: Job step aborted: Waiting up to 32 seconds for job step to finish.
srun: Job step aborted: Waiting up to 32 seconds for job step to finish.
srun: Job step aborted: Waiting up to 32 seconds for job step to finish.
srun: Job step aborted: Waiting up to 32 seconds for job step to finish.
srun: Job step aborted: Waiting up to 32 seconds for job step to finish.
srun: Job step aborted: Waiting up to 32 seconds for job step to finish.
srun: Job step aborted: Waiting up to 32 seconds for job step to finish.
srun: Job step aborted: Waiting up to 32 seconds for job step to finish.
srun: Job step aborted: Waiting up to 32 seconds for job step to finish.
srun: Job step aborted: Waiting up to 32 seconds for job step to finish.
srun: Job step aborted: Waiting up to 32 seconds for job step to finish.
srun: Job step aborted: Waiting up to 32 seconds for job step to finish.
srun: Job step aborted: Waiting up to 32 seconds for job step to finish.
srun: Job step aborted: Waiting up to 32 seconds for job step to finish.
srun: Job step aborted: Waiting up to 32 seconds for job step to finish.
srun: Job step aborted: Waiting up to 32 seconds for job step to finish.
srun: Job step aborted: Waiting up to 32 seconds for job step to finish.
srun: Job step aborted: Waiting up to 32 seconds for job step to finish.
srun: Job step aborted: Waiting up to 32 seconds for job step to finish.
srun: Job step aborted: Waiting up to 32 seconds for job step to finish.
srun: Job step aborted: Waiting up to 32 seconds for job step to finish.
srun: Job step aborted: Waiting up to 32 seconds for job step to finish.
srun: Job step aborted: Waiting up to 32 seconds for job step to finish.
srun: Job step aborted: Waiting up to 32 seconds for job step to finish.
srun: Job step aborted: Waiting up to 32 seconds for job step to finish.
srun: Job step aborted: Waiting up to 32 seconds for job step to finish.
slurmstepd-enc3-node5: error: *** STEP 1516863.29 ON enc3-node5 CANCELLED AT 2021-10-13T14:01:09 ***
slurmstepd-enc3-node6: error: *** STEP 1516863.30 ON enc3-node6 CANCELLED AT 2021-10-13T14:01:09 ***
slurmstepd-enc2-node9: error: *** STEP 1516863.439 ON enc2-node9 CANCELLED AT 2021-10-13T14:01:09 ***
slurmstepd-enc3-node4: error: *** STEP 1516863.446 ON enc3-node4 CANCELLED AT 2021-10-13T14:01:09 ***
slurmstepd-enc3-node4: error: *** STEP 1516863.445 ON enc3-node4 CANCELLED AT 2021-10-13T14:01:09 ***
slurmstepd-enc3-node4: error: *** STEP 1516863.447 ON enc3-node4 CANCELLED AT 2021-10-13T14:01:09 ***
slurmstepd-enc0-node7: error: *** STEP 1516863.108 ON enc0-node7 CANCELLED AT 2021-10-13T14:01:09 ***
slurmstepd-enc3-node4: error: *** STEP 1516863.28 ON enc3-node4 CANCELLED AT 2021-10-13T14:01:09 ***
slurmstepd-enc0-node7: error: *** STEP 1516863.109 ON enc0-node7 CANCELLED AT 2021-10-13T14:01:09 ***
slurmstepd-enc2-node5: error: *** STEP 1516863.408 ON enc2-node5 CANCELLED AT 2021-10-13T14:01:09 ***
slurmstepd-enc3-node4: error: *** STEP 1516863.443 ON enc3-node4 CANCELLED AT 2021-10-13T14:01:09 ***
slurmstepd-enc0-node7: error: *** STEP 1516863.114 ON enc0-node7 CANCELLED AT 2021-10-13T14:01:09 ***
slurmstepd-enc2-node9: error: *** STEP 1516863.26 ON enc2-node9 CANCELLED AT 2021-10-13T14:01:09 ***
slurmstepd-enc2-node5: error: *** STEP 1516863.404 ON enc2-node5 CANCELLED AT 2021-10-13T14:01:09 ***
slurmstepd-enc0-node7: error: *** STEP 1516863.107 ON enc0-node7 CANCELLED AT 2021-10-13T14:01:09 ***
slurmstepd-enc3-node4: error: *** STEP 1516863.444 ON enc3-node4 CANCELLED AT 2021-10-13T14:01:09 ***
slurmstepd-enc2-node4: error: *** STEP 1516863.400 ON enc2-node4 CANCELLED AT 2021-10-13T14:01:09 ***
slurmstepd-enc2-node5: error: *** STEP 1516863.409 ON enc2-node5 CANCELLED AT 2021-10-13T14:01:09 ***
slurmstepd-enc0-node7: error: *** STEP 1516863.113 ON enc0-node7 CANCELLED AT 2021-10-13T14:01:09 ***
slurmstepd-enc2-node5: error: *** STEP 1516863.403 ON enc2-node5 CANCELLED AT 2021-10-13T14:01:09 ***
slurmstepd-enc2-node4: error: *** STEP 1516863.401 ON enc2-node4 CANCELLED AT 2021-10-13T14:01:09 ***
slurmstepd-enc0-node7: error: *** STEP 1516863.111 ON enc0-node7 CANCELLED AT 2021-10-13T14:01:09 ***
slurmstepd-enc2-node5: error: *** STEP 1516863.411 ON enc2-node5 CANCELLED AT 2021-10-13T14:01:09 ***
slurmstepd-enc0-node7: error: *** STEP 1516863.5 ON enc0-node7 CANCELLED AT 2021-10-13T14:01:09 ***
slurmstepd-enc2-node4: error: *** STEP 1516863.397 ON enc2-node4 CANCELLED AT 2021-10-13T14:01:09 ***
slurmstepd-enc2-node5: error: *** STEP 1516863.410 ON enc2-node5 CANCELLED AT 2021-10-13T14:01:09 ***
slurmstepd-enc0-node6: error: *** STEP 1516863.104 ON enc0-node6 CANCELLED AT 2021-10-13T14:01:09 ***
slurmstepd-enc0-node7: error: *** STEP 1516863.110 ON enc0-node7 CANCELLED AT 2021-10-13T14:01:09 ***
slurmstepd-enc2-node4: error: *** STEP 1516863.398 ON enc2-node4 CANCELLED AT 2021-10-13T14:01:09 ***
slurmstepd-enc2-node3: error: *** STEP 1516863.389 ON enc2-node3 CANCELLED AT 2021-10-13T14:01:09 ***
slurmstepd-enc2-node5: error: *** STEP 1516863.405 ON enc2-node5 CANCELLED AT 2021-10-13T14:01:09 ***
slurmstepd-enc2-node4: error: *** STEP 1516863.395 ON enc2-node4 CANCELLED AT 2021-10-13T14:01:09 ***
slurmstepd-enc0-node6: error: *** STEP 1516863.102 ON enc0-node6 CANCELLED AT 2021-10-13T14:01:09 ***
slurmstepd-enc2-node4: error: *** STEP 1516863.399 ON enc2-node4 CANCELLED AT 2021-10-13T14:01:09 ***
slurmstepd-enc0-node6: error: *** STEP 1516863.103 ON enc0-node6 CANCELLED AT 2021-10-13T14:01:09 ***
slurmstepd-enc2-node3: error: *** STEP 1516863.387 ON enc2-node3 CANCELLED AT 2021-10-13T14:01:09 ***
slurmstepd-enc0-node6: error: *** STEP 1516863.98 ON enc0-node6 CANCELLED AT 2021-10-13T14:01:09 ***
slurmstepd-enc0-node6: error: *** STEP 1516863.97 ON enc0-node6 CANCELLED AT 2021-10-13T14:01:09 ***
slurmstepd-enc2-node3: error: *** STEP 1516863.388 ON enc2-node3 CANCELLED AT 2021-10-13T14:01:09 ***
slurmstepd-enc2-node5: error: *** STEP 1516863.406 ON enc2-node5 CANCELLED AT 2021-10-13T14:01:09 ***
slurmstepd-enc1-node14: error: *** STEP 1516863.385 ON enc1-node14 CANCELLED AT 2021-10-13T14:01:09 ***
slurmstepd-enc1-node11: error: *** STEP 1516863.325 ON enc1-node11 CANCELLED AT 2021-10-13T14:01:09 ***
srun: error: enc2-node5: task 0: Terminated
srun: error: enc2-node5: task 0: Terminated
slurmstepd-enc2-node5: error: *** STEP 1516863.407 ON enc2-node5 CANCELLED AT 2021-10-13T14:01:09 ***
srun: error: enc3-node4: task 0: Terminated
srun: error: enc3-node4: task 0: Terminated
srun: error: enc3-node4: task 0: Terminated
slurmstepd-enc2-node3: error: *** STEP 1516863.20 ON enc2-node3 CANCELLED AT 2021-10-13T14:01:09 ***
slurmstepd-enc1-node14: error: *** STEP 1516863.384 ON enc1-node14 CANCELLED AT 2021-10-13T14:01:09 ***
slurmstepd-enc1-node11: error: *** STEP 1516863.312 ON enc1-node11 CANCELLED AT 2021-10-13T14:01:09 ***
slurmstepd-enc2-node5: error: *** STEP 1516863.22 ON enc2-node5 CANCELLED AT 2021-10-13T14:01:09 ***
slurmstepd-enc1-node14: error: *** STEP 1516863.370 ON enc1-node14 CANCELLED AT 2021-10-13T14:01:09 ***
srun: error: enc2-node5: task 0: Terminated
srun: error: enc2-node5: task 0: Terminated
slurmstepd-enc0-node7: error: *** STEP 1516863.106 ON enc0-node7 CANCELLED AT 2021-10-13T14:01:09 ***
srun: error: enc3-node6: task 0: Terminated
slurmstepd-enc1-node14: error: *** STEP 1516863.377 ON enc1-node14 CANCELLED AT 2021-10-13T14:01:09 ***
srun: error: enc0-node7: task 0: Terminated
srun: error: enc0-node7: task 0: Terminated
srun: error: enc2-node5: task 0: Terminated
slurmstepd-enc1-node11: error: *** STEP 1516863.327 ON enc1-node11 CANCELLED AT 2021-10-13T14:01:09 ***
srun: error: enc0-node7: task 0: Terminated
srun: error: enc2-node5: task 0: Terminated
slurmstepd-enc2-node3: error: *** STEP 1516863.391 ON enc2-node3 CANCELLED AT 2021-10-13T14:01:09 ***
srun: error: enc0-node7: task 0: Terminated
slurmstepd-enc0-node7: error: *** STEP 1516863.112 ON enc0-node7 CANCELLED AT 2021-10-13T14:01:09 ***
srun: error: enc3-node4: task 0: Terminated
srun: error: enc2-node5: task 0: Terminated
srun: error: enc3-node4: task 0: Terminated
slurmstepd-enc1-node14: error: *** STEP 1516863.381 ON enc1-node14 CANCELLED AT 2021-10-13T14:01:09 ***
slurmstepd-enc0-node6: error: *** STEP 1516863.99 ON enc0-node6 CANCELLED AT 2021-10-13T14:01:09 ***
srun: error: enc0-node6: task 0: Terminated
srun: error: enc0-node6: task 0: Terminated
srun: error: enc2-node5: task 0: Terminated
slurmstepd-enc2-node4: error: *** STEP 1516863.21 ON enc2-node4 CANCELLED AT 2021-10-13T14:01:09 ***
slurmstepd-enc1-node14: error: *** STEP 1516863.369 ON enc1-node14 CANCELLED AT 2021-10-13T14:01:09 ***
slurmstepd-enc1-node11: error: *** STEP 1516863.321 ON enc1-node11 CANCELLED AT 2021-10-13T14:01:09 ***
srun: error: enc0-node6: task 0: Terminated
srun: error: enc0-node7: task 0: Terminated
srun: error: enc2-node4: task 0: Terminated
srun: error: enc0-node7: task 0: Terminated
srun: error: enc2-node4: task 0: Terminated
srun: error: enc0-node7: task 0: Terminated
slurmstepd-enc0-node6: error: *** STEP 1516863.4 ON enc0-node6 CANCELLED AT 2021-10-13T14:01:09 ***
slurmstepd-enc2-node4: error: *** STEP 1516863.396 ON enc2-node4 CANCELLED AT 2021-10-13T14:01:09 ***
srun: error: enc2-node5: task 0: Terminated
slurmstepd-enc0-node6: error: *** STEP 1516863.100 ON enc0-node6 CANCELLED AT 2021-10-13T14:01:09 ***
srun: error: enc3-node4: task 0: Terminated
srun: error: enc2-node4: task 0: Terminated
srun: error: enc0-node6: task 0: Terminated
srun: error: enc2-node5: task 0: Terminated
srun: error: enc0-node7: task 0: Terminated
srun: error: enc0-node6: task 0: Terminated
srun: error: enc2-node4: task 0: Terminated
slurmstepd-enc1-node11: error: *** STEP 1516863.317 ON enc1-node11 CANCELLED AT 2021-10-13T14:01:09 ***
slurmstepd-enc2-node4: error: *** STEP 1516863.393 ON enc2-node4 CANCELLED AT 2021-10-13T14:01:09 ***
srun: error: enc2-node4: task 0: Terminated
srun: error: enc0-node7: task 0: Terminated
srun: error: enc2-node4: task 0: Terminated
slurmstepd-enc3-node3: error: *** STEP 1516863.441 ON enc3-node3 CANCELLED AT 2021-10-13T14:01:09 ***
slurmstepd-enc0-node6: error: *** STEP 1516863.101 ON enc0-node6 CANCELLED AT 2021-10-13T14:01:09 ***
slurmstepd-enc2-node4: error: *** STEP 1516863.394 ON enc2-node4 CANCELLED AT 2021-10-13T14:01:09 ***
srun: error: enc0-node7: task 0: Terminated
slurmstepd-enc1-node1: error: *** STEP 1516863.118 ON enc1-node1 CANCELLED AT 2021-10-13T14:01:09 ***
slurmstepd-enc1-node11: error: *** STEP 1516863.315 ON enc1-node11 CANCELLED AT 2021-10-13T14:01:09 ***
slurmstepd-enc0-node6: error: *** STEP 1516863.105 ON enc0-node6 CANCELLED AT 2021-10-13T14:01:09 ***
slurmstepd-enc1-node10: error: *** STEP 1516863.299 ON enc1-node10 CANCELLED AT 2021-10-13T14:01:09 ***
slurmstepd-enc1-node1: error: *** STEP 1516863.117 ON enc1-node1 CANCELLED AT 2021-10-13T14:01:09 ***
srun: error: enc3-node5: task 0: Terminated
srun: error: enc0-node6: task 0: Terminated
slurmstepd-enc1-node1: error: *** STEP 1516863.116 ON enc1-node1 CANCELLED AT 2021-10-13T14:01:09 ***
slurmstepd-enc1-node10: error: *** STEP 1516863.308 ON enc1-node10 CANCELLED AT 2021-10-13T14:01:09 ***
srun: error: enc0-node6: task 0: Terminated
slurmstepd-enc1-node1: error: *** STEP 1516863.127 ON enc1-node1 CANCELLED AT 2021-10-13T14:01:09 ***
slurmstepd-enc1-node10: error: *** STEP 1516863.293 ON enc1-node10 CANCELLED AT 2021-10-13T14:01:09 ***
srun: error: enc2-node9: task 0: Terminated
srun: error: enc2-node4: task 0: Terminated
srun: error: enc2-node4: task 0: Terminated
srun: error: enc2-node4: task 0: Terminated
srun: error: enc2-node9: task 0: Terminated
slurmstepd-enc1-node1: error: *** STEP 1516863.130 ON enc1-node1 CANCELLED AT 2021-10-13T14:01:09 ***
slurmstepd-enc3-node3: error: *** STEP 1516863.442 ON enc3-node3 CANCELLED AT 2021-10-13T14:01:09 ***
slurmstepd-enc1-node14: error: *** STEP 1516863.383 ON enc1-node14 CANCELLED AT 2021-10-13T14:01:09 ***
srun: error: enc0-node6: task 0: Terminated
slurmstepd-enc2-node3: error: *** STEP 1516863.392 ON enc2-node3 CANCELLED AT 2021-10-13T14:01:09 ***
srun: error: enc1-node14: task 0: Terminated
srun: error: enc0-node6: task 0: Terminated
srun: error: enc2-node4: task 0: Terminated
slurmstepd-enc1-node4: error: *** STEP 1516863.188 ON enc1-node4 CANCELLED AT 2021-10-13T14:01:09 ***
slurmstepd-enc1-node12: error: *** STEP 1516863.346 ON enc1-node12 CANCELLED AT 2021-10-13T14:01:09 ***
slurmstepd-enc1-node1: error: *** STEP 1516863.129 ON enc1-node1 CANCELLED AT 2021-10-13T14:01:09 ***
srun: error: enc2-node3: task 0: Terminated
srun: error: enc2-node3: task 0: Terminated
srun: error: enc2-node3: task 0: Terminated
slurmstepd-enc1-node14: error: *** STEP 1516863.368 ON enc1-node14 CANCELLED AT 2021-10-13T14:01:09 ***
srun: error: enc0-node6: task 0: Terminated
slurmstepd-enc1-node10: error: *** STEP 1516863.292 ON enc1-node10 CANCELLED AT 2021-10-13T14:01:09 ***
slurmstepd-enc3-node3: error: *** STEP 1516863.27 ON enc3-node3 CANCELLED AT 2021-10-13T14:01:09 ***
srun: error: enc1-node14: task 0: Terminated
slurmstepd-enc1-node4: error: *** STEP 1516863.176 ON enc1-node4 CANCELLED AT 2021-10-13T14:01:09 ***
srun: error: enc1-node14: task 0: Terminated
srun: error: enc1-node14: task 0: Terminated
slurmstepd-enc1-node12: error: *** STEP 1516863.331 ON enc1-node12 CANCELLED AT 2021-10-13T14:01:09 ***
slurmstepd-enc1-node14: error: *** STEP 1516863.382 ON enc1-node14 CANCELLED AT 2021-10-13T14:01:09 ***
srun: error: enc1-node14: task 0: Terminated
slurmstepd-enc1-node10: error: *** STEP 1516863.291 ON enc1-node10 CANCELLED AT 2021-10-13T14:01:09 ***
slurmstepd-enc1-node14: error: *** STEP 1516863.371 ON enc1-node14 CANCELLED AT 2021-10-13T14:01:09 ***
slurmstepd-enc2-node3: error: *** STEP 1516863.390 ON enc2-node3 CANCELLED AT 2021-10-13T14:01:09 ***
slurmstepd-enc1-node12: error: *** STEP 1516863.339 ON enc1-node12 CANCELLED AT 2021-10-13T14:01:09 ***
slurmstepd-enc1-node4: error: *** STEP 1516863.9 ON enc1-node4 CANCELLED AT 2021-10-13T14:01:09 ***
slurmstepd-enc1-node10: error: *** STEP 1516863.15 ON enc1-node10 CANCELLED AT 2021-10-13T14:01:09 ***
slurmstepd-enc1-node14: error: *** STEP 1516863.372 ON enc1-node14 CANCELLED AT 2021-10-13T14:01:09 ***
slurmstepd-enc3-node3: error: *** STEP 1516863.440 ON enc3-node3 CANCELLED AT 2021-10-13T14:01:09 ***
srun: error: enc2-node3: task 0: Terminated
srun: error: enc1-node14: task 0: Terminated
srun: error: enc2-node3: task 0: Terminated
slurmstepd-enc1-node14: error: *** STEP 1516863.19 ON enc1-node14 CANCELLED AT 2021-10-13T14:01:09 ***
slurmstepd-enc1-node4: error: *** STEP 1516863.187 ON enc1-node4 CANCELLED AT 2021-10-13T14:01:09 ***
slurmstepd-enc1-node12: error: *** STEP 1516863.347 ON enc1-node12 CANCELLED AT 2021-10-13T14:01:09 ***
slurmstepd-enc1-node11: error: *** STEP 1516863.320 ON enc1-node11 CANCELLED AT 2021-10-13T14:01:09 ***
srun: error: enc1-node11: task 0: Terminated
srun: error: enc1-node11: task 0: Terminated
srun: error: enc1-node11: task 0: Terminated
slurmstepd-enc1-node14: error: *** STEP 1516863.375 ON enc1-node14 CANCELLED AT 2021-10-13T14:01:09 ***
slurmstepd-enc1-node4: error: *** STEP 1516863.183 ON enc1-node4 CANCELLED AT 2021-10-13T14:01:09 ***
srun: error: enc1-node14: task 0: Terminated
slurmstepd-enc1-node12: error: *** STEP 1516863.17 ON enc1-node12 CANCELLED AT 2021-10-13T14:01:09 ***
slurmstepd-enc1-node11: error: *** STEP 1516863.323 ON enc1-node11 CANCELLED AT 2021-10-13T14:01:09 ***
slurmstepd-enc1-node14: error: *** STEP 1516863.378 ON enc1-node14 CANCELLED AT 2021-10-13T14:01:09 ***
slurmstepd-enc1-node4: error: *** STEP 1516863.192 ON enc1-node4 CANCELLED AT 2021-10-13T14:01:09 ***
srun: error: enc1-node14: task 0: Terminated
slurmstepd-enc1-node1: error: *** STEP 1516863.132 ON enc1-node1 CANCELLED AT 2021-10-13T14:01:09 ***
slurmstepd-enc1-node12: error: *** STEP 1516863.333 ON enc1-node12 CANCELLED AT 2021-10-13T14:01:09 ***
srun: error: enc1-node14: task 0: Terminated
slurmstepd-enc1-node14: error: *** STEP 1516863.374 ON enc1-node14 CANCELLED AT 2021-10-13T14:01:09 ***
srun: error: enc1-node1: task 0: Terminated
slurmstepd-enc1-node11: error: *** STEP 1516863.326 ON enc1-node11 CANCELLED AT 2021-10-13T14:01:09 ***
srun: error: enc1-node1: task 0: Terminated
srun: error: enc1-node11: task 0: Terminated
srun: error: enc1-node11: task 0: Terminated
slurmstepd-enc1-node10: error: *** STEP 1516863.295 ON enc1-node10 CANCELLED AT 2021-10-13T14:01:09 ***
slurmstepd-enc1-node14: error: *** STEP 1516863.376 ON enc1-node14 CANCELLED AT 2021-10-13T14:01:09 ***
slurmstepd-enc1-node11: error: *** STEP 1516863.318 ON enc1-node11 CANCELLED AT 2021-10-13T14:01:09 ***
srun: error: enc1-node10: task 0: Terminated
srun: error: enc1-node10: task 0: Terminated
slurmstepd-enc1-node1: error: *** STEP 1516863.124 ON enc1-node1 CANCELLED AT 2021-10-13T14:01:09 ***
srun: error: enc1-node14: task 0: Terminated
srun: error: enc1-node14: task 0: Terminated
slurmstepd-enc1-node14: error: *** STEP 1516863.380 ON enc1-node14 CANCELLED AT 2021-10-13T14:01:09 ***
slurmstepd-enc1-node10: error: *** STEP 1516863.290 ON enc1-node10 CANCELLED AT 2021-10-13T14:01:09 ***
slurmstepd-enc1-node11: error: *** STEP 1516863.322 ON enc1-node11 CANCELLED AT 2021-10-13T14:01:09 ***
slurmstepd-enc1-node1: error: *** STEP 1516863.122 ON enc1-node1 CANCELLED AT 2021-10-13T14:01:09 ***
slurmstepd-enc1-node14: error: *** STEP 1516863.373 ON enc1-node14 CANCELLED AT 2021-10-13T14:01:09 ***
srun: error: enc1-node1: task 0: Terminated
srun: error: enc2-node3: task 0: Terminated
srun: error: enc1-node1: task 0: Terminated
srun: error: enc1-node11: task 0: Terminated
srun: error: enc1-node1: task 0: Terminated
slurmstepd-enc1-node11: error: *** STEP 1516863.314 ON enc1-node11 CANCELLED AT 2021-10-13T14:01:09 ***
srun: error: enc1-node14: task 0: Terminated
srun: error: enc2-node3: task 0: Terminated
slurmstepd-enc1-node14: error: *** STEP 1516863.367 ON enc1-node14 CANCELLED AT 2021-10-13T14:01:09 ***
slurmstepd-enc1-node10: error: *** STEP 1516863.307 ON enc1-node10 CANCELLED AT 2021-10-13T14:01:09 ***
srun: error: enc1-node10: task 0: Terminated
srun: error: enc1-node10: task 0: Terminated
srun: error: enc1-node11: task 0: Terminated
slurmstepd-enc1-node1: error: *** STEP 1516863.131 ON enc1-node1 CANCELLED AT 2021-10-13T14:01:09 ***
srun: error: enc1-node10: task 0: Terminated
slurmstepd-enc1-node11: error: *** STEP 1516863.324 ON enc1-node11 CANCELLED AT 2021-10-13T14:01:09 ***
slurmstepd-enc1-node14: error: *** STEP 1516863.386 ON enc1-node14 CANCELLED AT 2021-10-13T14:01:09 ***
slurmstepd-enc1-node11: error: *** STEP 1516863.328 ON enc1-node11 CANCELLED AT 2021-10-13T14:01:09 ***
slurmstepd-enc1-node10: error: *** STEP 1516863.306 ON enc1-node10 CANCELLED AT 2021-10-13T14:01:09 ***
srun: error: enc1-node11: task 0: Terminated
srun: error: enc1-node1: task 0: Terminated
slurmstepd-enc1-node11: error: *** STEP 1516863.311 ON enc1-node11 CANCELLED AT 2021-10-13T14:01:09 ***
srun: error: enc1-node14: task 0: Terminated
slurmstepd-enc1-node1: error: *** STEP 1516863.126 ON enc1-node1 CANCELLED AT 2021-10-13T14:01:09 ***
srun: error: enc1-node11: task 0: Terminated
slurmstepd-enc1-node11: error: *** STEP 1516863.316 ON enc1-node11 CANCELLED AT 2021-10-13T14:01:09 ***
srun: error: enc1-node14: task 0: Terminated
srun: error: enc1-node14: task 0: Terminated
srun: error: enc1-node11: task 0: Terminated
slurmstepd-enc1-node1: error: *** STEP 1516863.125 ON enc1-node1 CANCELLED AT 2021-10-13T14:01:09 ***
srun: error: enc1-node1: task 0: Terminated
slurmstepd-enc1-node11: error: *** STEP 1516863.313 ON enc1-node11 CANCELLED AT 2021-10-13T14:01:09 ***
slurmstepd-enc1-node10: error: *** STEP 1516863.300 ON enc1-node10 CANCELLED AT 2021-10-13T14:01:09 ***
srun: error: enc1-node11: task 0: Terminated
slurmstepd-enc1-node11: error: *** STEP 1516863.319 ON enc1-node11 CANCELLED AT 2021-10-13T14:01:09 ***
srun: error: enc1-node14: task 0: Terminated
slurmstepd-enc1-node1: error: *** STEP 1516863.115 ON enc1-node1 CANCELLED AT 2021-10-13T14:01:09 ***
slurmstepd-enc1-node12: error: *** STEP 1516863.332 ON enc1-node12 CANCELLED AT 2021-10-13T14:01:09 ***
srun: error: enc1-node10: task 0: Terminated
slurmstepd-enc1-node10: error: *** STEP 1516863.309 ON enc1-node10 CANCELLED AT 2021-10-13T14:01:09 ***
srun: error: enc1-node12: task 0: Terminated
srun: error: enc1-node1: task 0: Terminated
slurmstepd-enc1-node11: error: *** STEP 1516863.16 ON enc1-node11 CANCELLED AT 2021-10-13T14:01:09 ***
srun: error: enc1-node14: task 0: Terminated
slurmstepd-enc1-node1: error: *** STEP 1516863.6 ON enc1-node1 CANCELLED AT 2021-10-13T14:01:09 ***
slurmstepd-enc1-node11: error: *** STEP 1516863.310 ON enc1-node11 CANCELLED AT 2021-10-13T14:01:09 ***
srun: error: enc1-node10: task 0: Terminated
srun: error: enc1-node11: task 0: Terminated
slurmstepd-enc2-node8: error: *** STEP 1516863.430 ON enc2-node8 CANCELLED AT 2021-10-13T14:01:09 ***
srun: error: enc1-node1: task 0: Terminated
slurmstepd-enc1-node10: error: *** STEP 1516863.296 ON enc1-node10 CANCELLED AT 2021-10-13T14:01:09 ***
srun: error: enc1-node11: task 0: Terminated
slurmstepd-enc1-node12: error: *** STEP 1516863.340 ON enc1-node12 CANCELLED AT 2021-10-13T14:01:09 ***
slurmstepd-enc1-node1: error: *** STEP 1516863.120 ON enc1-node1 CANCELLED AT 2021-10-13T14:01:09 ***
srun: error: enc1-node14: task 0: Terminated
srun: error: enc1-node10: task 0: Terminated
slurmstepd-enc1-node10: error: *** STEP 1516863.294 ON enc1-node10 CANCELLED AT 2021-10-13T14:01:09 ***
srun: error: enc1-node14: task 0: Terminated
slurmstepd-enc1-node4: error: *** STEP 1516863.190 ON enc1-node4 CANCELLED AT 2021-10-13T14:01:09 ***
srun: error: enc3-node3: task 0: Terminated
slurmstepd-enc1-node12: error: *** STEP 1516863.334 ON enc1-node12 CANCELLED AT 2021-10-13T14:01:09 ***
srun: error: enc1-node11: task 0: Terminated
slurmstepd-enc1-node1: error: *** STEP 1516863.123 ON enc1-node1 CANCELLED AT 2021-10-13T14:01:09 ***
srun: error: enc1-node4: task 0: Terminated
srun: error: enc1-node11: task 0: Terminated
srun: error: enc1-node4: task 0: Terminated
srun: error: enc1-node12: task 0: Terminated
slurmstepd-enc1-node10: error: *** STEP 1516863.303 ON enc1-node10 CANCELLED AT 2021-10-13T14:01:09 ***
srun: error: enc1-node14: task 0: Terminated
srun: error: enc1-node12: task 0: Terminated
srun: error: enc1-node11: task 0: Terminated
srun: error: enc1-node12: task 0: Terminated
srun: error: enc1-node10: task 0: Terminated
srun: error: enc1-node11: task 0: Terminated
srun: error: enc1-node11: task 0: Terminated
slurmstepd-enc2-node8: error: *** STEP 1516863.435 ON enc2-node8 CANCELLED AT 2021-10-13T14:01:09 ***
srun: error: enc1-node12: task 0: Terminated
slurmstepd-enc1-node1: error: *** STEP 1516863.121 ON enc1-node1 CANCELLED AT 2021-10-13T14:01:09 ***
slurmstepd-enc0-node5: error: *** STEP 1516863.90 ON enc0-node5 CANCELLED AT 2021-10-13T14:01:09 ***
srun: error: enc1-node10: task 0: Terminated
srun: error: enc1-node1: task 0: Terminated
slurmstepd-enc2-node8: error: *** STEP 1516863.434 ON enc2-node8 CANCELLED AT 2021-10-13T14:01:09 ***
slurmstepd-enc1-node10: error: *** STEP 1516863.298 ON enc1-node10 CANCELLED AT 2021-10-13T14:01:09 ***
srun: error: enc1-node1: task 0: Terminated
srun: error: enc1-node1: task 0: Terminated
slurmstepd-enc1-node12: error: *** STEP 1516863.337 ON enc1-node12 CANCELLED AT 2021-10-13T14:01:09 ***
slurmstepd-enc1-node4: error: *** STEP 1516863.178 ON enc1-node4 CANCELLED AT 2021-10-13T14:01:09 ***
slurmstepd-enc1-node1: error: *** STEP 1516863.128 ON enc1-node1 CANCELLED AT 2021-10-13T14:01:09 ***
slurmstepd-enc1-node10: error: *** STEP 1516863.305 ON enc1-node10 CANCELLED AT 2021-10-13T14:01:09 ***
slurmstepd-enc1-node12: error: *** STEP 1516863.343 ON enc1-node12 CANCELLED AT 2021-10-13T14:01:09 ***
srun: error: enc1-node1: task 0: Terminated
srun: error: enc1-node4: task 0: Terminated
slurmstepd-enc0-node4: error: *** STEP 1516863.87 ON enc0-node4 CANCELLED AT 2021-10-13T14:01:09 ***
srun: error: enc1-node4: task 0: Terminated
srun: error: enc1-node10: task 0: Terminated
srun: error: enc1-node11: task 0: Terminated
srun: error: enc1-node11: task 0: Terminated
slurmstepd-enc1-node1: error: *** STEP 1516863.119 ON enc1-node1 CANCELLED AT 2021-10-13T14:01:09 ***
srun: error: enc1-node4: task 0: Terminated
slurmstepd-enc1-node4: error: *** STEP 1516863.174 ON enc1-node4 CANCELLED AT 2021-10-13T14:01:09 ***
srun: error: enc3-node3: task 0: Terminated
slurmstepd-enc1-node10: error: *** STEP 1516863.304 ON enc1-node10 CANCELLED AT 2021-10-13T14:01:09 ***
srun: error: enc3-node3: task 0: Terminated
slurmstepd-enc2-node8: error: *** STEP 1516863.436 ON enc2-node8 CANCELLED AT 2021-10-13T14:01:09 ***
srun: error: enc1-node12: task 0: Terminated
slurmstepd-enc0-node3: error: *** STEP 1516863.71 ON enc0-node3 CANCELLED AT 2021-10-13T14:01:09 ***
slurmstepd-enc1-node1: error: *** STEP 1516863.133 ON enc1-node1 CANCELLED AT 2021-10-13T14:01:09 ***
slurmstepd-enc1-node12: error: *** STEP 1516863.329 ON enc1-node12 CANCELLED AT 2021-10-13T14:01:09 ***
slurmstepd-enc1-node4: error: *** STEP 1516863.180 ON enc1-node4 CANCELLED AT 2021-10-13T14:01:09 ***
srun: error: enc3-node3: task 0: Terminated
srun: error: enc1-node1: task 0: Terminated
slurmstepd-enc1-node10: error: *** STEP 1516863.297 ON enc1-node10 CANCELLED AT 2021-10-13T14:01:09 ***
srun: error: enc1-node1: task 0: Terminated
srun: error: enc1-node10: task 0: Terminated
srun: error: enc1-node1: task 0: Terminated
srun: error: enc1-node10: task 0: Terminated
slurmstepd-enc1-node4: error: *** STEP 1516863.186 ON enc1-node4 CANCELLED AT 2021-10-13T14:01:09 ***
slurmstepd-enc1-node12: error: *** STEP 1516863.342 ON enc1-node12 CANCELLED AT 2021-10-13T14:01:09 ***
srun: error: enc1-node10: task 0: Terminated
srun: error: enc1-node4: task 0: Terminated
slurmstepd-enc0-node5: error: *** STEP 1516863.93 ON enc0-node5 CANCELLED AT 2021-10-13T14:01:09 ***
srun: error: enc1-node12: task 0: Terminated
srun: error: enc1-node12: task 0: Terminated
slurmstepd-enc0-node4: error: *** STEP 1516863.82 ON enc0-node4 CANCELLED AT 2021-10-13T14:01:09 ***
slurmstepd-enc1-node12: error: *** STEP 1516863.335 ON enc1-node12 CANCELLED AT 2021-10-13T14:01:09 ***
slurmstepd-enc1-node4: error: *** STEP 1516863.182 ON enc1-node4 CANCELLED AT 2021-10-13T14:01:09 ***
srun: error: enc1-node4: task 0: Terminated
srun: error: enc1-node1: task 0: Terminated
slurmstepd-enc0-node5: error: *** STEP 1516863.96 ON enc0-node5 CANCELLED AT 2021-10-13T14:01:09 ***
slurmstepd-enc1-node10: error: *** STEP 1516863.302 ON enc1-node10 CANCELLED AT 2021-10-13T14:01:09 ***
srun: error: enc1-node10: task 0: Terminated
slurmstepd-enc0-node4: error: *** STEP 1516863.81 ON enc0-node4 CANCELLED AT 2021-10-13T14:01:09 ***
slurmstepd-enc1-node4: error: *** STEP 1516863.175 ON enc1-node4 CANCELLED AT 2021-10-13T14:01:09 ***
srun: error: enc1-node4: task 0: Terminated
srun: error: enc1-node1: task 0: Terminated
slurmstepd-enc1-node12: error: *** STEP 1516863.345 ON enc1-node12 CANCELLED AT 2021-10-13T14:01:09 ***
srun: error: enc1-node4: task 0: Terminated
srun: error: enc1-node1: task 0: Terminated
srun: error: enc1-node12: task 0: Terminated
slurmstepd-enc0-node4: error: *** STEP 1516863.79 ON enc0-node4 CANCELLED AT 2021-10-13T14:01:09 ***
srun: error: enc1-node12: task 0: Terminated
slurmstepd-enc1-node4: error: *** STEP 1516863.177 ON enc1-node4 CANCELLED AT 2021-10-13T14:01:09 ***
srun: error: enc1-node10: task 0: Terminated
slurmstepd-enc1-node12: error: *** STEP 1516863.336 ON enc1-node12 CANCELLED AT 2021-10-13T14:01:09 ***
srun: error: enc1-node12: task 0: Terminated
srun: error: enc1-node10: task 0: Terminated
srun: error: enc1-node10: task 0: Terminated
srun: error: enc1-node1: task 0: Terminated
slurmstepd-enc1-node4: error: *** STEP 1516863.185 ON enc1-node4 CANCELLED AT 2021-10-13T14:01:09 ***
slurmstepd-enc0-node3: error: *** STEP 1516863.77 ON enc0-node3 CANCELLED AT 2021-10-13T14:01:09 ***
slurmstepd-enc1-node12: error: *** STEP 1516863.341 ON enc1-node12 CANCELLED AT 2021-10-13T14:01:09 ***
slurmstepd-enc0-node3: error: *** STEP 1516863.72 ON enc0-node3 CANCELLED AT 2021-10-13T14:01:09 ***
slurmstepd-enc1-node4: error: *** STEP 1516863.184 ON enc1-node4 CANCELLED AT 2021-10-13T14:01:09 ***
slurmstepd-enc0-node5: error: *** STEP 1516863.88 ON enc0-node5 CANCELLED AT 2021-10-13T14:01:09 ***
slurmstepd-enc1-node12: error: *** STEP 1516863.344 ON enc1-node12 CANCELLED AT 2021-10-13T14:01:09 ***
srun: error: enc1-node4: task 0: Terminated
srun: error: enc1-node10: task 0: Terminated
srun: error: enc1-node12: task 0: Terminated
srun: error: enc1-node4: task 0: Terminated
slurmstepd-enc1-node4: error: *** STEP 1516863.181 ON enc1-node4 CANCELLED AT 2021-10-13T14:01:09 ***
slurmstepd-enc1-node12: error: *** STEP 1516863.330 ON enc1-node12 CANCELLED AT 2021-10-13T14:01:09 ***
srun: error: enc1-node4: task 0: Terminated
srun: error: enc1-node12: task 0: Terminated
slurmstepd-enc1-node4: error: *** STEP 1516863.191 ON enc1-node4 CANCELLED AT 2021-10-13T14:01:09 ***
slurmstepd-enc2-node8: error: *** STEP 1516863.433 ON enc2-node8 CANCELLED AT 2021-10-13T14:01:09 ***
slurmstepd-enc1-node12: error: *** STEP 1516863.338 ON enc1-node12 CANCELLED AT 2021-10-13T14:01:09 ***
srun: error: enc1-node4: task 0: Terminated
srun: error: enc1-node12: task 0: Terminated
srun: error: enc2-node8: task 0: Terminated
slurmstepd-enc0-node3: error: *** STEP 1516863.74 ON enc0-node3 CANCELLED AT 2021-10-13T14:01:09 ***
slurmstepd-enc1-node4: error: *** STEP 1516863.179 ON enc1-node4 CANCELLED AT 2021-10-13T14:01:09 ***
srun: error: enc1-node4: task 0: Terminated
srun: error: enc1-node10: task 0: Terminated
srun: error: enc2-node8: task 0: Terminated
srun: error: enc1-node12: task 0: Terminated
slurmstepd-enc2-node8: error: *** STEP 1516863.437 ON enc2-node8 CANCELLED AT 2021-10-13T14:01:09 ***
srun: error: enc1-node12: task 0: Terminated
slurmstepd-enc1-node4: error: *** STEP 1516863.189 ON enc1-node4 CANCELLED AT 2021-10-13T14:01:09 ***
srun: error: enc1-node12: task 0: Terminated
srun: error: enc2-node8: task 0: Terminated
srun: error: enc1-node4: task 0: Terminated
srun: error: enc1-node12: task 0: Terminated
srun: error: enc0-node4: task 0: Terminated
srun: error: enc1-node4: task 0: Terminated
slurmstepd-enc2-node8: error: *** STEP 1516863.438 ON enc2-node8 CANCELLED AT 2021-10-13T14:01:09 ***
srun: error: enc2-node8: task 0: Terminated
slurmstepd-enc0-node4: error: *** STEP 1516863.2 ON enc0-node4 CANCELLED AT 2021-10-13T14:01:09 ***
srun: error: enc1-node4: task 0: Terminated
srun: error: enc1-node12: task 0: Terminated
slurmstepd-enc2-node8: error: *** STEP 1516863.431 ON enc2-node8 CANCELLED AT 2021-10-13T14:01:09 ***
slurmstepd-enc0-node5: error: *** STEP 1516863.94 ON enc0-node5 CANCELLED AT 2021-10-13T14:01:09 ***
srun: error: enc1-node4: task 0: Terminated
srun: error: enc0-node5: task 0: Terminated
srun: error: enc0-node5: task 0: Terminated
srun: error: enc2-node8: task 0: Terminated
slurmstepd-enc0-node3: error: *** STEP 1516863.76 ON enc0-node3 CANCELLED AT 2021-10-13T14:01:09 ***
slurmstepd-enc2-node8: error: *** STEP 1516863.432 ON enc2-node8 CANCELLED AT 2021-10-13T14:01:09 ***
srun: error: enc0-node3: task 0: Terminated
slurmstepd-enc0-node4: error: *** STEP 1516863.84 ON enc0-node4 CANCELLED AT 2021-10-13T14:01:09 ***
slurmstepd-enc0-node3: error: *** STEP 1516863.1 ON enc0-node3 CANCELLED AT 2021-10-13T14:01:09 ***
slurmstepd-enc2-node8: error: *** STEP 1516863.25 ON enc2-node8 CANCELLED AT 2021-10-13T14:01:09 ***
srun: error: enc0-node4: task 0: Terminated
srun: error: enc0-node4: task 0: Terminated
srun: error: enc2-node8: task 0: Terminated
slurmstepd-enc0-node5: error: *** STEP 1516863.95 ON enc0-node5 CANCELLED AT 2021-10-13T14:01:09 ***
srun: error: enc1-node4: task 0: Terminated
slurmstepd-enc0-node3: error: *** STEP 1516863.78 ON enc0-node3 CANCELLED AT 2021-10-13T14:01:09 ***
srun: error: enc1-node12: task 0: Terminated
slurmstepd-enc0-node4: error: *** STEP 1516863.83 ON enc0-node4 CANCELLED AT 2021-10-13T14:01:09 ***
slurmstepd-enc0-node5: error: *** STEP 1516863.91 ON enc0-node5 CANCELLED AT 2021-10-13T14:01:09 ***
srun: error: enc0-node5: task 0: Terminated
srun: error: enc1-node4: task 0: Terminated
slurmstepd-enc0-node3: error: *** STEP 1516863.73 ON enc0-node3 CANCELLED AT 2021-10-13T14:01:09 ***
srun: error: enc0-node3: task 0: Terminated
slurmstepd-enc0-node4: error: *** STEP 1516863.85 ON enc0-node4 CANCELLED AT 2021-10-13T14:01:09 ***
srun: error: enc0-node3: task 0: Terminated
srun: error: enc2-node8: task 0: Terminated
slurmstepd-enc0-node4: error: *** STEP 1516863.80 ON enc0-node4 CANCELLED AT 2021-10-13T14:01:09 ***
slurmstepd-enc0-node3: error: *** STEP 1516863.70 ON enc0-node3 CANCELLED AT 2021-10-13T14:01:09 ***
srun: error: enc0-node4: task 0: Terminated
slurmstepd-enc0-node5: error: *** STEP 1516863.3 ON enc0-node5 CANCELLED AT 2021-10-13T14:01:09 ***
slurmstepd-enc0-node4: error: *** STEP 1516863.86 ON enc0-node4 CANCELLED AT 2021-10-13T14:01:09 ***
srun: error: enc0-node5: task 0: Terminated
srun: error: enc0-node3: task 0: Terminated
slurmstepd-enc0-node3: error: *** STEP 1516863.75 ON enc0-node3 CANCELLED AT 2021-10-13T14:01:09 ***
srun: error: enc2-node8: task 0: Terminated
slurmstepd-enc0-node5: error: *** STEP 1516863.92 ON enc0-node5 CANCELLED AT 2021-10-13T14:01:09 ***
srun: error: enc2-node8: task 0: Terminated
srun: error: enc2-node8: task 0: Terminated
srun: error: enc0-node4: task 0: Terminated
srun: error: enc0-node3: task 0: Terminated
srun: error: enc0-node5: task 0: Terminated
srun: error: enc0-node4: task 0: Terminated
slurmstepd-enc0-node5: error: *** STEP 1516863.89 ON enc0-node5 CANCELLED AT 2021-10-13T14:01:09 ***
srun: error: enc0-node3: task 0: Terminated
srun: error: enc0-node5: task 0: Terminated
srun: error: enc0-node4: task 0: Terminated
srun: error: enc0-node3: task 0: Terminated
srun: error: enc0-node5: task 0: Terminated
srun: error: enc0-node4: task 0: Terminated
srun: error: enc0-node3: task 0: Terminated
srun: error: enc0-node4: task 0: Terminated
srun: error: enc0-node3: task 0: Terminated
srun: error: enc0-node4: task 0: Terminated
srun: error: enc0-node5: task 0: Terminated
srun: error: enc0-node3: task 0: Terminated
srun: error: enc0-node5: task 0: Terminated
srun: error: enc0-node5: task 0: Terminated
slurmstepd-enc1-node2: error: *** STEP 1516863.150 ON enc1-node2 CANCELLED AT 2021-10-13T14:01:09 ***
slurmstepd-enc1-node2: error: *** STEP 1516863.145 ON enc1-node2 CANCELLED AT 2021-10-13T14:01:09 ***
slurmstepd-enc1-node2: error: *** STEP 1516863.141 ON enc1-node2 CANCELLED AT 2021-10-13T14:01:09 ***
slurmstepd-enc1-node2: error: *** STEP 1516863.148 ON enc1-node2 CANCELLED AT 2021-10-13T14:01:09 ***
slurmstepd-enc1-node2: error: *** STEP 1516863.138 ON enc1-node2 CANCELLED AT 2021-10-13T14:01:09 ***
slurmstepd-enc1-node2: error: *** STEP 1516863.7 ON enc1-node2 CANCELLED AT 2021-10-13T14:01:09 ***
slurmstepd-enc1-node13: error: *** STEP 1516863.349 ON enc1-node13 CANCELLED AT 2021-10-13T14:01:09 ***
slurmstepd-enc1-node2: error: *** STEP 1516863.140 ON enc1-node2 CANCELLED AT 2021-10-13T14:01:09 ***
slurmstepd-enc1-node5: error: *** STEP 1516863.207 ON enc1-node5 CANCELLED AT 2021-10-13T14:01:10 ***
slurmstepd-enc1-node13: error: *** STEP 1516863.348 ON enc1-node13 CANCELLED AT 2021-10-13T14:01:10 ***
slurmstepd-enc1-node13: error: *** STEP 1516863.356 ON enc1-node13 CANCELLED AT 2021-10-13T14:01:10 ***
slurmstepd-enc1-node13: error: *** STEP 1516863.364 ON enc1-node13 CANCELLED AT 2021-10-13T14:01:10 ***
slurmstepd-enc1-node13: error: *** STEP 1516863.363 ON enc1-node13 CANCELLED AT 2021-10-13T14:01:10 ***
slurmstepd-enc1-node13: error: *** STEP 1516863.353 ON enc1-node13 CANCELLED AT 2021-10-13T14:01:10 ***
slurmstepd-enc1-node13: error: *** STEP 1516863.354 ON enc1-node13 CANCELLED AT 2021-10-13T14:01:10 ***
srun: got SIGCONT
srun: got SIGCONT
srun: got SIGCONT
srun: got SIGCONT
srun: got SIGCONT
srun: got SIGCONT
srun: got SIGCONT
srun: got SIGCONT
srun: got SIGCONT
srun: got SIGCONT
srun: got SIGCONT
srun: got SIGCONT
srun: got SIGCONT
srun: got SIGCONT
srun: got SIGCONT
srun: got SIGCONT
srun: got SIGCONT
srun: got SIGCONT
srun: got SIGCONT
srun: got SIGCONT
srun: got SIGCONT
srun: got SIGCONT
srun: got SIGCONT
srun: got SIGCONT
srun: got SIGCONT
srun: got SIGCONT
srun: got SIGCONT
srun: got SIGCONT
srun: got SIGCONT
srun: got SIGCONT
srun: got SIGCONT
srun: got SIGCONT
srun: got SIGCONT
srun: got SIGCONT
srun: got SIGCONT
srun: got SIGCONT
srun: got SIGCONT
srun: got SIGCONT
srun: got SIGCONT
srun: got SIGCONT
srun: got SIGCONT
srun: got SIGCONT
srun: got SIGCONT
srun: got SIGCONT
srun: got SIGCONT
srun: got SIGCONT
srun: got SIGCONT
srun: got SIGCONT
srun: got SIGCONT
srun: got SIGCONT
srun: got SIGCONT
srun: got SIGCONT
srun: got SIGCONT
srun: got SIGCONT
srun: got SIGCONT
srun: got SIGCONT
srun: got SIGCONT
srun: got SIGCONT
srun: got SIGCONT
srun: got SIGCONT
srun: got SIGCONT
srun: got SIGCONT
srun: got SIGCONT
srun: got SIGCONT
srun: got SIGCONT
srun: got SIGCONT
srun: got SIGCONT
srun: got SIGCONT
srun: got SIGCONT
srun: got SIGCONT
srun: got SIGCONT
srun: got SIGCONT
srun: got SIGCONT
srun: got SIGCONT
srun: got SIGCONT
srun: got SIGCONT
srun: got SIGCONT
srun: got SIGCONT
srun: got SIGCONT
srun: got SIGCONT
srun: got SIGCONT
srun: got SIGCONT
srun: got SIGCONT
srun: got SIGCONT
srun: got SIGCONT
srun: got SIGCONT
srun: got SIGCONT
srun: got SIGCONT
srun: got SIGCONT
srun: got SIGCONT
srun: got SIGCONT
srun: got SIGCONT
srun: got SIGCONT
srun: got SIGCONT
srun: got SIGCONT
srun: got SIGCONT
srun: got SIGCONT
srun: got SIGCONT
srun: got SIGCONT
srun: got SIGCONT
srun: got SIGCONT
srun: got SIGCONT
srun: got SIGCONT
srun: got SIGCONT
srun: got SIGCONT
srun: got SIGCONT
srun: got SIGCONT
srun: got SIGCONT
srun: got SIGCONT
srun: got SIGCONT
srun: got SIGCONT
srun: got SIGCONT
srun: got SIGCONT
srun: got SIGCONT
srun: got SIGCONT
srun: got SIGCONT
srun: got SIGCONT
srun: got SIGCONT
srun: got SIGCONT
srun: got SIGCONT
srun: got SIGCONT
srun: got SIGCONT
srun: got SIGCONT
srun: got SIGCONT
srun: got SIGCONT
srun: got SIGCONT
srun: got SIGCONT
srun: got SIGCONT
srun: got SIGCONT
srun: got SIGCONT
srun: got SIGCONT
srun: got SIGCONT
srun: got SIGCONT
srun: got SIGCONT
srun: got SIGCONT
srun: got SIGCONT
srun: got SIGCONT
srun: got SIGCONT
srun: got SIGCONT
srun: got SIGCONT
srun: got SIGCONT
srun: got SIGCONT
srun: got SIGCONT
srun: got SIGCONT
srun: got SIGCONT
srun: got SIGCONT
srun: got SIGCONT
srun: got SIGCONT
srun: got SIGCONT
srun: got SIGCONT
srun: got SIGCONT
srun: got SIGCONT
srun: got SIGCONT
srun: got SIGCONT
srun: got SIGCONT
srun: got SIGCONT
srun: got SIGCONT
srun: got SIGCONT
srun: got SIGCONT
srun: got SIGCONT
srun: got SIGCONT
srun: got SIGCONT
srun: got SIGCONT
srun: got SIGCONT
srun: got SIGCONT
srun: got SIGCONT
srun: got SIGCONT
srun: got SIGCONT
srun: got SIGCONT
srun: got SIGCONT
srun: got SIGCONT
srun: got SIGCONT
srun: got SIGCONT
srun: got SIGCONT
srun: got SIGCONT
srun: got SIGCONT
srun: got SIGCONT
srun: got SIGCONT
srun: got SIGCONT
srun: got SIGCONT
srun: got SIGCONT
srun: got SIGCONT
srun: got SIGCONT
srun: got SIGCONT
srun: got SIGCONT
srun: got SIGCONT
srun: got SIGCONT
srun: got SIGCONT
srun: got SIGCONT
srun: got SIGCONT
srun: got SIGCONT
srun: got SIGCONT
srun: got SIGCONT
srun: got SIGCONT
srun: got SIGCONT
srun: got SIGCONT
srun: got SIGCONT
srun: got SIGCONT
srun: got SIGCONT
srun: got SIGCONT
slurmstepd-enc1-node2: error: *** STEP 1516863.151 ON enc1-node2 CANCELLED AT 2021-10-13T14:01:10 ***
srun: error: enc1-node2: task 0: Terminated
srun: error: enc1-node2: task 0: Terminated
slurmstepd-enc1-node2: error: *** STEP 1516863.137 ON enc1-node2 CANCELLED AT 2021-10-13T14:01:10 ***
srun: error: enc1-node2: task 0: Terminated
srun: error: enc1-node2: task 0: Terminated
srun: error: enc1-node2: task 0: Terminated
slurmstepd-enc1-node2: error: *** STEP 1516863.143 ON enc1-node2 CANCELLED AT 2021-10-13T14:01:10 ***
srun: error: enc1-node2: task 0: Terminated
slurmstepd-enc1-node2: error: *** STEP 1516863.144 ON enc1-node2 CANCELLED AT 2021-10-13T14:01:10 ***
slurmstepd-enc1-node13: error: *** STEP 1516863.352 ON enc1-node13 CANCELLED AT 2021-10-13T14:01:10 ***
srun: error: enc1-node13: task 0: Terminated
srun: error: enc1-node13: task 0: Terminated
slurmstepd-enc1-node2: error: *** STEP 1516863.152 ON enc1-node2 CANCELLED AT 2021-10-13T14:01:10 ***
slurmstepd-enc1-node13: error: *** STEP 1516863.359 ON enc1-node13 CANCELLED AT 2021-10-13T14:01:10 ***
slurmstepd-enc1-node2: error: *** STEP 1516863.146 ON enc1-node2 CANCELLED AT 2021-10-13T14:01:10 ***
slurmstepd-enc1-node13: error: *** STEP 1516863.360 ON enc1-node13 CANCELLED AT 2021-10-13T14:01:10 ***
slurmstepd-enc1-node2: error: *** STEP 1516863.135 ON enc1-node2 CANCELLED AT 2021-10-13T14:01:10 ***
srun: error: enc1-node13: task 0: Terminated
srun: error: enc1-node2: task 0: Terminated
slurmstepd-enc1-node13: error: *** STEP 1516863.350 ON enc1-node13 CANCELLED AT 2021-10-13T14:01:10 ***
srun: error: enc1-node13: task 0: Terminated
slurmstepd-enc1-node2: error: *** STEP 1516863.136 ON enc1-node2 CANCELLED AT 2021-10-13T14:01:10 ***
srun: error: enc1-node13: task 0: Terminated
slurmstepd-enc1-node2: error: *** STEP 1516863.142 ON enc1-node2 CANCELLED AT 2021-10-13T14:01:10 ***
srun: error: enc1-node13: task 0: Terminated
srun: error: enc1-node2: task 0: Terminated
slurmstepd-enc1-node2: error: *** STEP 1516863.153 ON enc1-node2 CANCELLED AT 2021-10-13T14:01:10 ***
slurmstepd-enc1-node13: error: *** STEP 1516863.355 ON enc1-node13 CANCELLED AT 2021-10-13T14:01:10 ***
slurmstepd-enc1-node2: error: *** STEP 1516863.149 ON enc1-node2 CANCELLED AT 2021-10-13T14:01:10 ***
srun: error: enc1-node2: task 0: Terminated
slurmstepd-enc1-node13: error: *** STEP 1516863.361 ON enc1-node13 CANCELLED AT 2021-10-13T14:01:10 ***
srun: error: enc1-node2: task 0: Terminated
slurmstepd-enc1-node2: error: *** STEP 1516863.147 ON enc1-node2 CANCELLED AT 2021-10-13T14:01:10 ***
srun: error: enc1-node2: task 0: Terminated
slurmstepd-enc1-node13: error: *** STEP 1516863.358 ON enc1-node13 CANCELLED AT 2021-10-13T14:01:10 ***
slurmstepd-enc1-node2: error: *** STEP 1516863.139 ON enc1-node2 CANCELLED AT 2021-10-13T14:01:10 ***
srun: error: enc1-node13: task 0: Terminated
slurmstepd-enc1-node13: error: *** STEP 1516863.357 ON enc1-node13 CANCELLED AT 2021-10-13T14:01:10 ***
srun: error: enc1-node2: task 0: Terminated
slurmstepd-enc1-node5: error: *** STEP 1516863.10 ON enc1-node5 CANCELLED AT 2021-10-13T14:01:10 ***
srun: error: enc1-node2: task 0: Terminated
srun: error: enc1-node5: task 0: Terminated
srun: error: enc1-node13: task 0: Terminated
slurmstepd-enc1-node13: error: *** STEP 1516863.362 ON enc1-node13 CANCELLED AT 2021-10-13T14:01:10 ***
srun: error: enc1-node13: task 0: Terminated
srun: error: enc1-node13: task 0: Terminated
slurmstepd-enc1-node3: error: *** STEP 1516863.163 ON enc1-node3 CANCELLED AT 2021-10-13T14:01:10 ***
slurmstepd-enc1-node13: error: *** STEP 1516863.366 ON enc1-node13 CANCELLED AT 2021-10-13T14:01:10 ***
srun: error: enc1-node2: task 0: Terminated
slurmstepd-enc1-node13: error: *** STEP 1516863.351 ON enc1-node13 CANCELLED AT 2021-10-13T14:01:10 ***
srun: error: enc1-node2: task 0: Terminated
slurmstepd-enc1-node5: error: *** STEP 1516863.204 ON enc1-node5 CANCELLED AT 2021-10-13T14:01:10 ***
slurmstepd-enc1-node13: error: *** STEP 1516863.365 ON enc1-node13 CANCELLED AT 2021-10-13T14:01:10 ***
slurmstepd-enc1-node3: error: *** STEP 1516863.156 ON enc1-node3 CANCELLED AT 2021-10-13T14:01:10 ***
srun: error: enc1-node13: task 0: Terminated
srun: error: enc1-node13: task 0: Terminated
slurmstepd-enc1-node5: error: *** STEP 1516863.206 ON enc1-node5 CANCELLED AT 2021-10-13T14:01:10 ***
slurmstepd-enc1-node13: error: *** STEP 1516863.18 ON enc1-node13 CANCELLED AT 2021-10-13T14:01:10 ***
srun: error: enc1-node2: task 0: Terminated
srun: error: enc1-node2: task 0: Terminated
srun: error: enc1-node2: task 0: Terminated
srun: error: enc1-node2: task 0: Terminated
srun: error: enc1-node13: task 0: Terminated
srun: error: enc1-node13: task 0: Terminated
slurmstepd-enc1-node5: error: *** STEP 1516863.209 ON enc1-node5 CANCELLED AT 2021-10-13T14:01:10 ***
slurmstepd-enc1-node5: error: *** STEP 1516863.196 ON enc1-node5 CANCELLED AT 2021-10-13T14:01:10 ***
srun: error: enc1-node2: task 0: Terminated
slurmstepd-enc1-node3: error: *** STEP 1516863.162 ON enc1-node3 CANCELLED AT 2021-10-13T14:01:10 ***
srun: error: enc1-node13: task 0: Terminated
srun: error: enc1-node13: task 0: Terminated
slurmstepd-enc1-node5: error: *** STEP 1516863.208 ON enc1-node5 CANCELLED AT 2021-10-13T14:01:10 ***
slurmstepd-enc1-node5: error: *** STEP 1516863.210 ON enc1-node5 CANCELLED AT 2021-10-13T14:01:10 ***
srun: error: enc1-node13: task 0: Terminated
slurmstepd-enc1-node3: error: *** STEP 1516863.172 ON enc1-node3 CANCELLED AT 2021-10-13T14:01:10 ***
srun: error: enc1-node13: task 0: Terminated
srun: error: enc1-node5: task 0: Terminated
slurmstepd-enc1-node5: error: *** STEP 1516863.205 ON enc1-node5 CANCELLED AT 2021-10-13T14:01:10 ***
slurmstepd-enc1-node7: error: *** STEP 1516863.242 ON enc1-node7 CANCELLED AT 2021-10-13T14:01:10 ***
srun: error: enc1-node13: task 0: Terminated
srun: error: enc1-node5: task 0: Terminated
srun: error: enc1-node13: task 0: Terminated
slurmstepd-enc1-node3: error: *** STEP 1516863.155 ON enc1-node3 CANCELLED AT 2021-10-13T14:01:10 ***
slurmstepd-enc1-node5: error: *** STEP 1516863.201 ON enc1-node5 CANCELLED AT 2021-10-13T14:01:10 ***
srun: error: enc1-node5: task 0: Terminated
slurmstepd-enc1-node7: error: *** STEP 1516863.243 ON enc1-node7 CANCELLED AT 2021-10-13T14:01:10 ***
srun: error: enc1-node5: task 0: Terminated
slurmstepd-enc1-node5: error: *** STEP 1516863.202 ON enc1-node5 CANCELLED AT 2021-10-13T14:01:10 ***
slurmstepd-enc1-node7: error: *** STEP 1516863.247 ON enc1-node7 CANCELLED AT 2021-10-13T14:01:10 ***
slurmstepd-enc1-node5: error: *** STEP 1516863.198 ON enc1-node5 CANCELLED AT 2021-10-13T14:01:10 ***
slurmstepd-enc1-node3: error: *** STEP 1516863.171 ON enc1-node3 CANCELLED AT 2021-10-13T14:01:10 ***
slurmstepd-enc1-node6: error: *** STEP 1516863.226 ON enc1-node6 CANCELLED AT 2021-10-13T14:01:10 ***
slurmstepd-enc1-node5: error: *** STEP 1516863.211 ON enc1-node5 CANCELLED AT 2021-10-13T14:01:10 ***
srun: error: enc1-node5: task 0: Terminated
srun: error: enc1-node5: task 0: Terminated
srun: error: enc1-node5: task 0: Terminated
slurmstepd-enc1-node5: error: *** STEP 1516863.200 ON enc1-node5 CANCELLED AT 2021-10-13T14:01:10 ***
slurmstepd-enc1-node5: error: *** STEP 1516863.195 ON enc1-node5 CANCELLED AT 2021-10-13T14:01:10 ***
srun: error: enc1-node5: task 0: Terminated
slurmstepd-enc1-node7: error: *** STEP 1516863.239 ON enc1-node7 CANCELLED AT 2021-10-13T14:01:10 ***
slurmstepd-enc1-node5: error: *** STEP 1516863.197 ON enc1-node5 CANCELLED AT 2021-10-13T14:01:10 ***
slurmstepd-enc1-node8: error: *** STEP 1516863.257 ON enc1-node8 CANCELLED AT 2021-10-13T14:01:10 ***
srun: error: enc1-node5: task 0: Terminated
slurmstepd-enc1-node5: error: *** STEP 1516863.193 ON enc1-node5 CANCELLED AT 2021-10-13T14:01:10 ***
slurmstepd-enc1-node7: error: *** STEP 1516863.236 ON enc1-node7 CANCELLED AT 2021-10-13T14:01:10 ***
slurmstepd-enc1-node5: error: *** STEP 1516863.203 ON enc1-node5 CANCELLED AT 2021-10-13T14:01:10 ***
slurmstepd-enc1-node6: error: *** STEP 1516863.215 ON enc1-node6 CANCELLED AT 2021-10-13T14:01:10 ***
slurmstepd-enc1-node8: error: *** STEP 1516863.258 ON enc1-node8 CANCELLED AT 2021-10-13T14:01:10 ***
slurmstepd-enc1-node5: error: *** STEP 1516863.194 ON enc1-node5 CANCELLED AT 2021-10-13T14:01:10 ***
srun: error: enc1-node5: task 0: Terminated
srun: error: enc1-node5: task 0: Terminated
slurmstepd-enc1-node7: error: *** STEP 1516863.240 ON enc1-node7 CANCELLED AT 2021-10-13T14:01:10 ***
slurmstepd-enc1-node5: error: *** STEP 1516863.199 ON enc1-node5 CANCELLED AT 2021-10-13T14:01:10 ***
srun: error: enc1-node5: task 0: Terminated
slurmstepd-enc1-node6: error: *** STEP 1516863.221 ON enc1-node6 CANCELLED AT 2021-10-13T14:01:10 ***
slurmstepd-enc1-node7: error: *** STEP 1516863.233 ON enc1-node7 CANCELLED AT 2021-10-13T14:01:10 ***
slurmstepd-enc1-node8: error: *** STEP 1516863.252 ON enc1-node8 CANCELLED AT 2021-10-13T14:01:10 ***
srun: error: enc1-node5: task 0: Terminated
srun: error: enc1-node5: task 0: Terminated
slurmstepd-enc1-node6: error: *** STEP 1516863.219 ON enc1-node6 CANCELLED AT 2021-10-13T14:01:10 ***
slurmstepd-enc1-node3: error: *** STEP 1516863.165 ON enc1-node3 CANCELLED AT 2021-10-13T14:01:10 ***
srun: error: enc1-node5: task 0: Terminated
srun: error: enc1-node5: task 0: Terminated
srun: error: enc1-node5: task 0: Terminated
slurmstepd-enc1-node6: error: *** STEP 1516863.212 ON enc1-node6 CANCELLED AT 2021-10-13T14:01:10 ***
srun: error: enc1-node3: task 0: Terminated
srun: error: enc1-node3: task 0: Terminated
slurmstepd-enc1-node9: error: *** STEP 1516863.14 ON enc1-node9 CANCELLED AT 2021-10-13T14:01:10 ***
slurmstepd-enc1-node6: error: *** STEP 1516863.225 ON enc1-node6 CANCELLED AT 2021-10-13T14:01:10 ***
srun: error: enc1-node5: task 0: Terminated
slurmstepd-enc1-node3: error: *** STEP 1516863.169 ON enc1-node3 CANCELLED AT 2021-10-13T14:01:10 ***
slurmstepd-enc1-node8: error: *** STEP 1516863.265 ON enc1-node8 CANCELLED AT 2021-10-13T14:01:10 ***
srun: error: enc1-node3: task 0: Terminated
srun: error: enc1-node3: task 0: Terminated
slurmstepd-enc1-node6: error: *** STEP 1516863.218 ON enc1-node6 CANCELLED AT 2021-10-13T14:01:10 ***
slurmstepd-enc1-node3: error: *** STEP 1516863.164 ON enc1-node3 CANCELLED AT 2021-10-13T14:01:10 ***
srun: error: enc1-node5: task 0: Terminated
slurmstepd-enc0-node2: error: *** STEP 1516863.57 ON enc0-node2 CANCELLED AT 2021-10-13T14:01:10 ***
srun: error: enc1-node3: task 0: Terminated
slurmstepd-enc1-node6: error: *** STEP 1516863.229 ON enc1-node6 CANCELLED AT 2021-10-13T14:01:10 ***
slurmstepd-enc1-node3: error: *** STEP 1516863.160 ON enc1-node3 CANCELLED AT 2021-10-13T14:01:10 ***
slurmstepd-enc1-node9: error: *** STEP 1516863.283 ON enc1-node9 CANCELLED AT 2021-10-13T14:01:10 ***
slurmstepd-enc1-node3: error: *** STEP 1516863.170 ON enc1-node3 CANCELLED AT 2021-10-13T14:01:10 ***
srun: error: enc1-node3: task 0: Terminated
slurmstepd-enc1-node9: error: *** STEP 1516863.280 ON enc1-node9 CANCELLED AT 2021-10-13T14:01:10 ***
slurmstepd-enc1-node3: error: *** STEP 1516863.154 ON enc1-node3 CANCELLED AT 2021-10-13T14:01:10 ***
srun: error: enc1-node3: task 0: Terminated
slurmstepd-enc1-node7: error: *** STEP 1516863.250 ON enc1-node7 CANCELLED AT 2021-10-13T14:01:10 ***
slurmstepd-enc0-node2: error: *** STEP 1516863.64 ON enc0-node2 CANCELLED AT 2021-10-13T14:01:10 ***
slurmstepd-enc1-node3: error: *** STEP 1516863.168 ON enc1-node3 CANCELLED AT 2021-10-13T14:01:10 ***
srun: error: enc1-node7: task 0: Terminated
srun: error: enc1-node7: task 0: Terminated
srun: error: enc1-node7: task 0: Terminated
slurmstepd-enc1-node9: error: *** STEP 1516863.281 ON enc1-node9 CANCELLED AT 2021-10-13T14:01:10 ***
srun: error: enc1-node3: task 0: Terminated
slurmstepd-enc1-node3: error: *** STEP 1516863.8 ON enc1-node3 CANCELLED AT 2021-10-13T14:01:10 ***
slurmstepd-enc1-node7: error: *** STEP 1516863.232 ON enc1-node7 CANCELLED AT 2021-10-13T14:01:10 ***
slurmstepd-enc1-node9: error: *** STEP 1516863.272 ON enc1-node9 CANCELLED AT 2021-10-13T14:01:10 ***
slurmstepd-enc1-node3: error: *** STEP 1516863.157 ON enc1-node3 CANCELLED AT 2021-10-13T14:01:10 ***
srun: error: enc1-node3: task 0: Terminated
slurmstepd-enc1-node7: error: *** STEP 1516863.234 ON enc1-node7 CANCELLED AT 2021-10-13T14:01:10 ***
srun: error: enc1-node7: task 0: Terminated
srun: error: enc1-node7: task 0: Terminated
srun: error: enc1-node7: task 0: Terminated
slurmstepd-enc1-node9: error: *** STEP 1516863.282 ON enc1-node9 CANCELLED AT 2021-10-13T14:01:10 ***
slurmstepd-enc1-node3: error: *** STEP 1516863.159 ON enc1-node3 CANCELLED AT 2021-10-13T14:01:10 ***
srun: error: enc1-node3: task 0: Terminated
slurmstepd-enc1-node7: error: *** STEP 1516863.12 ON enc1-node7 CANCELLED AT 2021-10-13T14:01:10 ***
srun: error: enc1-node3: task 0: Terminated
slurmstepd-enc1-node8: error: *** STEP 1516863.264 ON enc1-node8 CANCELLED AT 2021-10-13T14:01:10 ***
slurmstepd-enc1-node3: error: *** STEP 1516863.167 ON enc1-node3 CANCELLED AT 2021-10-13T14:01:10 ***
srun: error: enc1-node3: task 0: Terminated
slurmstepd-enc0-node2: error: *** STEP 1516863.66 ON enc0-node2 CANCELLED AT 2021-10-13T14:01:10 ***
slurmstepd-enc1-node7: error: *** STEP 1516863.235 ON enc1-node7 CANCELLED AT 2021-10-13T14:01:10 ***
slurmstepd-enc1-node3: error: *** STEP 1516863.173 ON enc1-node3 CANCELLED AT 2021-10-13T14:01:10 ***
slurmstepd-enc1-node8: error: *** STEP 1516863.251 ON enc1-node8 CANCELLED AT 2021-10-13T14:01:10 ***
srun: error: enc1-node7: task 0: Terminated
srun: error: enc1-node3: task 0: Terminated
slurmstepd-enc1-node6: error: *** STEP 1516863.223 ON enc1-node6 CANCELLED AT 2021-10-13T14:01:10 ***
slurmstepd-enc1-node7: error: *** STEP 1516863.244 ON enc1-node7 CANCELLED AT 2021-10-13T14:01:10 ***
srun: error: enc1-node6: task 0: Terminated
srun: error: enc1-node7: task 0: Terminated
srun: error: enc1-node6: task 0: Terminated
srun: error: enc1-node6: task 0: Terminated
slurmstepd-enc1-node3: error: *** STEP 1516863.161 ON enc1-node3 CANCELLED AT 2021-10-13T14:01:10 ***
slurmstepd-enc0-node2: error: *** STEP 1516863.68 ON enc0-node2 CANCELLED AT 2021-10-13T14:01:10 ***
slurmstepd-enc1-node7: error: *** STEP 1516863.241 ON enc1-node7 CANCELLED AT 2021-10-13T14:01:10 ***
srun: error: enc1-node8: task 0: Terminated
srun: error: enc1-node3: task 0: Terminated
slurmstepd-enc1-node8: error: *** STEP 1516863.253 ON enc1-node8 CANCELLED AT 2021-10-13T14:01:10 ***
srun: error: enc1-node8: task 0: Terminated
slurmstepd-enc1-node3: error: *** STEP 1516863.166 ON enc1-node3 CANCELLED AT 2021-10-13T14:01:10 ***
srun: error: enc1-node6: task 0: Terminated
srun: error: enc1-node8: task 0: Terminated
slurmstepd-enc1-node6: error: *** STEP 1516863.11 ON enc1-node6 CANCELLED AT 2021-10-13T14:01:10 ***
slurmstepd-enc1-node7: error: *** STEP 1516863.248 ON enc1-node7 CANCELLED AT 2021-10-13T14:01:10 ***
srun: error: enc1-node7: task 0: Terminated
srun: error: enc1-node7: task 0: Terminated
srun: error: enc1-node3: task 0: Terminated
slurmstepd-enc1-node8: error: *** STEP 1516863.260 ON enc1-node8 CANCELLED AT 2021-10-13T14:01:10 ***
srun: error: enc1-node3: task 0: Terminated
slurmstepd-enc1-node7: error: *** STEP 1516863.237 ON enc1-node7 CANCELLED AT 2021-10-13T14:01:10 ***
srun: error: enc1-node6: task 0: Terminated
srun: error: enc1-node6: task 0: Terminated
srun: error: enc1-node6: task 0: Terminated
slurmstepd-enc1-node6: error: *** STEP 1516863.220 ON enc1-node6 CANCELLED AT 2021-10-13T14:01:10 ***
slurmstepd-enc1-node7: error: *** STEP 1516863.249 ON enc1-node7 CANCELLED AT 2021-10-13T14:01:10 ***
slurmstepd-enc1-node8: error: *** STEP 1516863.266 ON enc1-node8 CANCELLED AT 2021-10-13T14:01:10 ***
srun: error: enc1-node3: task 0: Terminated
slurmstepd-enc1-node6: error: *** STEP 1516863.214 ON enc1-node6 CANCELLED AT 2021-10-13T14:01:10 ***
srun: error: enc1-node7: task 0: Terminated
slurmstepd-enc1-node7: error: *** STEP 1516863.245 ON enc1-node7 CANCELLED AT 2021-10-13T14:01:10 ***
srun: error: enc1-node8: task 0: Terminated
slurmstepd-enc1-node8: error: *** STEP 1516863.259 ON enc1-node8 CANCELLED AT 2021-10-13T14:01:10 ***
srun: error: enc1-node3: task 0: Terminated
srun: error: enc1-node7: task 0: Terminated
slurmstepd-enc1-node6: error: *** STEP 1516863.213 ON enc1-node6 CANCELLED AT 2021-10-13T14:01:10 ***
slurmstepd-enc1-node7: error: *** STEP 1516863.246 ON enc1-node7 CANCELLED AT 2021-10-13T14:01:10 ***
slurmstepd-enc1-node8: error: *** STEP 1516863.269 ON enc1-node8 CANCELLED AT 2021-10-13T14:01:10 ***
srun: error: enc1-node6: task 0: Terminated
srun: error: enc1-node7: task 0: Terminated
srun: error: enc1-node8: task 0: Terminated
slurmstepd-enc1-node6: error: *** STEP 1516863.217 ON enc1-node6 CANCELLED AT 2021-10-13T14:01:10 ***
slurmstepd-enc1-node7: error: *** STEP 1516863.238 ON enc1-node7 CANCELLED AT 2021-10-13T14:01:10 ***
slurmstepd-enc1-node8: error: *** STEP 1516863.268 ON enc1-node8 CANCELLED AT 2021-10-13T14:01:10 ***
srun: error: enc1-node8: task 0: Terminated
srun: error: enc1-node6: task 0: Terminated
srun: error: enc1-node3: task 0: Terminated
srun: error: enc1-node7: task 0: Terminated
srun: error: enc1-node7: task 0: Terminated
slurmstepd-enc1-node9: error: *** STEP 1516863.285 ON enc1-node9 CANCELLED AT 2021-10-13T14:01:10 ***
srun: error: enc1-node3: task 0: Terminated
srun: error: enc1-node7: task 0: Terminated
srun: error: enc1-node9: task 0: Terminated
slurmstepd-enc1-node8: error: *** STEP 1516863.255 ON enc1-node8 CANCELLED AT 2021-10-13T14:01:10 ***
srun: error: enc1-node8: task 0: Terminated
srun: error: enc1-node6: task 0: Terminated
srun: error: enc1-node7: task 0: Terminated
slurmstepd-enc1-node6: error: *** STEP 1516863.222 ON enc1-node6 CANCELLED AT 2021-10-13T14:01:10 ***
slurmstepd-enc1-node9: error: *** STEP 1516863.284 ON enc1-node9 CANCELLED AT 2021-10-13T14:01:10 ***
slurmstepd-enc1-node8: error: *** STEP 1516863.263 ON enc1-node8 CANCELLED AT 2021-10-13T14:01:10 ***
srun: error: enc1-node6: task 0: Terminated
srun: error: enc1-node8: task 0: Terminated
slurmstepd-enc1-node6: error: *** STEP 1516863.231 ON enc1-node6 CANCELLED AT 2021-10-13T14:01:10 ***
srun: error: enc1-node7: task 0: Terminated
srun: error: enc1-node8: task 0: Terminated
slurmstepd-enc1-node9: error: *** STEP 1516863.277 ON enc1-node9 CANCELLED AT 2021-10-13T14:01:10 ***
srun: error: enc1-node7: task 0: Terminated
slurmstepd-enc1-node8: error: *** STEP 1516863.13 ON enc1-node8 CANCELLED AT 2021-10-13T14:01:10 ***
slurmstepd-enc1-node6: error: *** STEP 1516863.228 ON enc1-node6 CANCELLED AT 2021-10-13T14:01:10 ***
srun: error: enc1-node9: task 0: Terminated
srun: error: enc1-node9: task 0: Terminated
srun: error: enc1-node9: task 0: Terminated
srun: error: enc1-node9: task 0: Terminated
srun: error: enc1-node6: task 0: Terminated
srun: error: enc1-node6: task 0: Terminated
slurmstepd-enc1-node9: error: *** STEP 1516863.288 ON enc1-node9 CANCELLED AT 2021-10-13T14:01:10 ***
slurmstepd-enc1-node8: error: *** STEP 1516863.267 ON enc1-node8 CANCELLED AT 2021-10-13T14:01:10 ***
srun: error: enc1-node8: task 0: Terminated
slurmstepd-enc1-node8: error: *** STEP 1516863.262 ON enc1-node8 CANCELLED AT 2021-10-13T14:01:10 ***
slurmstepd-enc1-node6: error: *** STEP 1516863.227 ON enc1-node6 CANCELLED AT 2021-10-13T14:01:10 ***
srun: error: enc1-node7: task 0: Terminated
srun: error: enc1-node6: task 0: Terminated
slurmstepd-enc1-node9: error: *** STEP 1516863.273 ON enc1-node9 CANCELLED AT 2021-10-13T14:01:10 ***
slurmstepd-enc1-node8: error: *** STEP 1516863.261 ON enc1-node8 CANCELLED AT 2021-10-13T14:01:10 ***
slurmstepd-enc1-node6: error: *** STEP 1516863.216 ON enc1-node6 CANCELLED AT 2021-10-13T14:01:10 ***
srun: error: enc1-node8: task 0: Terminated
srun: error: enc1-node8: task 0: Terminated
slurmstepd-enc1-node9: error: *** STEP 1516863.289 ON enc1-node9 CANCELLED AT 2021-10-13T14:01:10 ***
slurmstepd-enc1-node6: error: *** STEP 1516863.224 ON enc1-node6 CANCELLED AT 2021-10-13T14:01:10 ***
srun: error: enc1-node9: task 0: Terminated
srun: error: enc1-node8: task 0: Terminated
srun: error: enc1-node8: task 0: Terminated
slurmstepd-enc1-node9: error: *** STEP 1516863.278 ON enc1-node9 CANCELLED AT 2021-10-13T14:01:10 ***
srun: error: enc1-node6: task 0: Terminated
slurmstepd-enc1-node8: error: *** STEP 1516863.256 ON enc1-node8 CANCELLED AT 2021-10-13T14:01:10 ***
srun: error: enc1-node9: task 0: Terminated
srun: error: enc1-node9: task 0: Terminated
srun: error: enc1-node8: task 0: Terminated
slurmstepd-enc1-node9: error: *** STEP 1516863.270 ON enc1-node9 CANCELLED AT 2021-10-13T14:01:10 ***
slurmstepd-enc1-node8: error: *** STEP 1516863.254 ON enc1-node8 CANCELLED AT 2021-10-13T14:01:10 ***
srun: error: enc1-node6: task 0: Terminated
srun: error: enc1-node8: task 0: Terminated
slurmstepd-enc1-node9: error: *** STEP 1516863.274 ON enc1-node9 CANCELLED AT 2021-10-13T14:01:10 ***
srun: error: enc1-node6: task 0: Terminated
srun: error: enc1-node9: task 0: Terminated
slurmstepd-enc0-node2: error: *** STEP 1516863.51 ON enc0-node2 CANCELLED AT 2021-10-13T14:01:10 ***
srun: error: enc0-node2: task 0: Terminated
srun: error: enc0-node2: task 0: Terminated
srun: error: enc1-node6: task 0: Terminated
srun: error: enc1-node8: task 0: Terminated
slurmstepd-enc1-node9: error: *** STEP 1516863.286 ON enc1-node9 CANCELLED AT 2021-10-13T14:01:10 ***
srun: error: enc1-node9: task 0: Terminated
srun: error: enc1-node6: task 0: Terminated
srun: error: enc1-node8: task 0: Terminated
slurmstepd-enc1-node9: error: *** STEP 1516863.271 ON enc1-node9 CANCELLED AT 2021-10-13T14:01:10 ***
slurmstepd-enc0-node2: error: *** STEP 1516863.63 ON enc0-node2 CANCELLED AT 2021-10-13T14:01:10 ***
srun: error: enc1-node6: task 0: Terminated
srun: error: enc1-node9: task 0: Terminated
slurmstepd-enc1-node9: error: *** STEP 1516863.275 ON enc1-node9 CANCELLED AT 2021-10-13T14:01:10 ***
srun: error: enc1-node9: task 0: Terminated
slurmstepd-enc0-node2: error: *** STEP 1516863.69 ON enc0-node2 CANCELLED AT 2021-10-13T14:01:10 ***
srun: error: enc0-node2: task 0: Terminated
slurmstepd-enc1-node9: error: *** STEP 1516863.287 ON enc1-node9 CANCELLED AT 2021-10-13T14:01:10 ***
srun: error: enc1-node9: task 0: Terminated
srun: error: enc1-node9: task 0: Terminated
srun: error: enc1-node8: task 0: Terminated
srun: error: enc1-node8: task 0: Terminated
slurmstepd-enc0-node2: error: *** STEP 1516863.59 ON enc0-node2 CANCELLED AT 2021-10-13T14:01:10 ***
slurmstepd-enc1-node9: error: *** STEP 1516863.279 ON enc1-node9 CANCELLED AT 2021-10-13T14:01:10 ***
srun: error: enc1-node9: task 0: Terminated
srun: error: enc1-node9: task 0: Terminated
slurmstepd-enc0-node2: error: *** STEP 1516863.53 ON enc0-node2 CANCELLED AT 2021-10-13T14:01:10 ***
srun: error: enc0-node2: task 0: Terminated
slurmstepd-enc0-node2: error: *** STEP 1516863.60 ON enc0-node2 CANCELLED AT 2021-10-13T14:01:10 ***
srun: error: enc1-node9: task 0: Terminated
srun: error: enc0-node2: task 0: Terminated
srun: error: enc1-node9: task 0: Terminated
srun: error: enc1-node9: task 0: Terminated
slurmstepd-enc0-node2: error: *** STEP 1516863.67 ON enc0-node2 CANCELLED AT 2021-10-13T14:01:10 ***
srun: error: enc0-node2: task 0: Terminated
srun: error: enc0-node2: task 0: Terminated
srun: error: enc1-node9: task 0: Terminated
slurmstepd-enc0-node2: error: *** STEP 1516863.0 ON enc0-node2 CANCELLED AT 2021-10-13T14:01:10 ***
srun: error: enc0-node2: task 0: Terminated
slurmstepd-enc0-node2: error: *** STEP 1516863.65 ON enc0-node2 CANCELLED AT 2021-10-13T14:01:10 ***
srun: error: enc0-node2: task 0: Terminated
slurmstepd-enc0-node2: error: *** STEP 1516863.62 ON enc0-node2 CANCELLED AT 2021-10-13T14:01:10 ***
srun: error: enc0-node2: task 0: Terminated
slurmstepd-enc0-node2: error: *** STEP 1516863.61 ON enc0-node2 CANCELLED AT 2021-10-13T14:01:10 ***
slurmstepd-enc0-node2: error: *** STEP 1516863.55 ON enc0-node2 CANCELLED AT 2021-10-13T14:01:10 ***
srun: error: enc0-node2: task 0: Terminated
slurmstepd-enc0-node2: error: *** STEP 1516863.52 ON enc0-node2 CANCELLED AT 2021-10-13T14:01:10 ***
srun: error: enc0-node2: task 0: Terminated
slurmstepd-enc0-node2: error: *** STEP 1516863.56 ON enc0-node2 CANCELLED AT 2021-10-13T14:01:10 ***
slurmstepd-enc0-node2: error: *** STEP 1516863.58 ON enc0-node2 CANCELLED AT 2021-10-13T14:01:10 ***
srun: error: enc0-node2: task 0: Terminated
srun: error: enc0-node2: task 0: Terminated
srun: error: enc0-node2: task 0: Terminated
slurmstepd-enc0-node2: error: *** STEP 1516863.54 ON enc0-node2 CANCELLED AT 2021-10-13T14:01:10 ***
srun: error: enc0-node2: task 0: Terminated
srun: error: enc0-node2: task 0: Terminated
srun: error: enc0-node2: task 0: Terminated
srun: error: enc0-node2: task 0: Terminated
srun: error: enc0-node2: task 0: Terminated
slurmstepd-enc0-node1: error: *** STEP 1516863.42 ON enc0-node1 CANCELLED AT 2021-10-13T14:01:10 ***
slurmstepd-enc0-node1: error: *** STEP 1516863.43 ON enc0-node1 CANCELLED AT 2021-10-13T14:01:10 ***
slurmstepd-enc0-node1: error: *** STEP 1516863.31 ON enc0-node1 CANCELLED AT 2021-10-13T14:01:10 ***
slurmstepd-enc0-node1: error: *** STEP 1516863.35 ON enc0-node1 CANCELLED AT 2021-10-13T14:01:10 ***
slurmstepd-enc0-node1: error: *** STEP 1516863.44 ON enc0-node1 CANCELLED AT 2021-10-13T14:01:10 ***
slurmstepd-enc0-node1: error: *** STEP 1516863.41 ON enc0-node1 CANCELLED AT 2021-10-13T14:01:10 ***
srun: error: enc0-node1: task 0: Terminated
srun: error: enc0-node1: task 0: Terminated
slurmstepd-enc0-node1: error: *** STEP 1516863.39 ON enc0-node1 CANCELLED AT 2021-10-13T14:01:10 ***
slurmstepd-enc0-node1: error: *** STEP 1516863.32 ON enc0-node1 CANCELLED AT 2021-10-13T14:01:10 ***
srun: error: enc0-node1: task 0: Terminated
srun: error: enc0-node1: task 0: Terminated
srun: error: enc0-node1: task 0: Terminated
slurmstepd-enc0-node1: error: *** JOB 1516863 ON enc0-node1 CANCELLED AT 2021-10-13T14:01:10 ***
slurmstepd-enc0-node1: error: *** STEP 1516863.33 ON enc0-node1 CANCELLED AT 2021-10-13T14:01:10 ***
srun: forcing job termination
srun: forcing job termination
srun: forcing job termination
srun: forcing job termination
srun: forcing job termination
srun: forcing job termination
srun: forcing job termination
srun: forcing job termination
srun: forcing job termination
srun: forcing job termination
srun: forcing job termination
srun: forcing job termination
srun: forcing job termination
srun: forcing job termination
srun: forcing job termination
slurmstepd-enc0-node1: error: *** STEP 1516863.48 ON enc0-node1 CANCELLED AT 2021-10-13T14:01:10 ***
srun: error: enc0-node1: task 0: Terminated
srun: error: enc0-node1: task 0: Terminated
slurmstepd-enc0-node1: error: *** STEP 1516863.47 ON enc0-node1 CANCELLED AT 2021-10-13T14:01:10 ***
slurmstepd-enc0-node1: error: *** STEP 1516863.49 ON enc0-node1 CANCELLED AT 2021-10-13T14:01:10 ***
srun: error: enc0-node1: task 0: Terminated
slurmstepd-enc0-node1: error: *** STEP 1516863.40 ON enc0-node1 CANCELLED AT 2021-10-13T14:01:10 ***
slurmstepd-enc0-node1: error: *** STEP 1516863.50 ON enc0-node1 CANCELLED AT 2021-10-13T14:01:10 ***
srun: error: enc0-node1: task 0: Terminated
slurmstepd-enc0-node1: error: *** STEP 1516863.37 ON enc0-node1 CANCELLED AT 2021-10-13T14:01:10 ***
slurmstepd-enc0-node1: error: *** STEP 1516863.38 ON enc0-node1 CANCELLED AT 2021-10-13T14:01:10 ***
srun: error: enc0-node1: task 0: Terminated
slurmstepd-enc0-node1: error: *** STEP 1516863.46 ON enc0-node1 CANCELLED AT 2021-10-13T14:01:10 ***
srun: error: enc0-node1: task 0: Terminated
srun: error: enc0-node1: task 0: Terminated
slurmstepd-enc0-node1: error: *** STEP 1516863.45 ON enc0-node1 CANCELLED AT 2021-10-13T14:01:10 ***
srun: error: enc0-node1: task 0: Terminated
slurmstepd-enc0-node1: error: *** STEP 1516863.36 ON enc0-node1 CANCELLED AT 2021-10-13T14:01:10 ***
slurmstepd-enc0-node1: error: *** STEP 1516863.34 ON enc0-node1 CANCELLED AT 2021-10-13T14:01:10 ***
srun: error: enc0-node1: task 0: Terminated
srun: error: enc0-node1: task 0: Terminated
srun: error: enc0-node1: task 0: Terminated
srun: error: enc0-node1: task 0: Terminated
srun: error: enc0-node1: task 0: Terminated
srun: error: enc0-node1: task 0: Terminated
srun: error: enc0-node1: task 0: Terminated
