srun: Job step aborted: Waiting up to 32 seconds for job step to finish.
srun: Job step aborted: Waiting up to 32 seconds for job step to finish.
srun: Job step aborted: Waiting up to 32 seconds for job step to finish.
srun: Job step aborted: Waiting up to 32 seconds for job step to finish.
srun: Job step aborted: Waiting up to 32 seconds for job step to finish.
srun: Job step aborted: Waiting up to 32 seconds for job step to finish.
srun: Job step aborted: Waiting up to 32 seconds for job step to finish.
srun: Job step aborted: Waiting up to 32 seconds for job step to finish.
srun: Job step aborted: Waiting up to 32 seconds for job step to finish.
srun: Job step aborted: Waiting up to 32 seconds for job step to finish.
srun: Job step aborted: Waiting up to 32 seconds for job step to finish.
srun: Job step aborted: Waiting up to 32 seconds for job step to finish.
srun: Job step aborted: Waiting up to 32 seconds for job step to finish.
srun: Job step aborted: Waiting up to 32 seconds for job step to finish.
srun: Job step aborted: Waiting up to 32 seconds for job step to finish.
srun: Job step aborted: Waiting up to 32 seconds for job step to finish.
srun: Job step aborted: Waiting up to 32 seconds for job step to finish.
srun: Job step aborted: Waiting up to 32 seconds for job step to finish.
srun: Job step aborted: Waiting up to 32 seconds for job step to finish.
srun: Job step aborted: Waiting up to 32 seconds for job step to finish.
srun: Job step aborted: Waiting up to 32 seconds for job step to finish.
srun: Job step aborted: Waiting up to 32 seconds for job step to finish.
srun: Job step aborted: Waiting up to 32 seconds for job step to finish.
srun: Job step aborted: Waiting up to 32 seconds for job step to finish.
srun: Job step aborted: Waiting up to 32 seconds for job step to finish.
srun: Job step aborted: Waiting up to 32 seconds for job step to finish.
srun: Job step aborted: Waiting up to 32 seconds for job step to finish.
srun: Job step aborted: Waiting up to 32 seconds for job step to finish.
srun: Job step aborted: Waiting up to 32 seconds for job step to finish.
srun: Job step aborted: Waiting up to 32 seconds for job step to finish.
srun: Job step aborted: Waiting up to 32 seconds for job step to finish.
srun: Job step aborted: Waiting up to 32 seconds for job step to finish.
srun: Job step aborted: Waiting up to 32 seconds for job step to finish.
srun: Job step aborted: Waiting up to 32 seconds for job step to finish.
srun: Job step aborted: Waiting up to 32 seconds for job step to finish.
srun: Job step aborted: Waiting up to 32 seconds for job step to finish.
srun: Job step aborted: Waiting up to 32 seconds for job step to finish.
srun: Job step aborted: Waiting up to 32 seconds for job step to finish.
srun: Job step aborted: Waiting up to 32 seconds for job step to finish.
srun: Job step aborted: Waiting up to 32 seconds for job step to finish.
srun: Job step aborted: Waiting up to 32 seconds for job step to finish.
srun: Job step aborted: Waiting up to 32 seconds for job step to finish.
srun: Job step aborted: Waiting up to 32 seconds for job step to finish.
srun: Job step aborted: Waiting up to 32 seconds for job step to finish.
srun: Job step aborted: Waiting up to 32 seconds for job step to finish.
srun: Job step aborted: Waiting up to 32 seconds for job step to finish.
srun: Job step aborted: Waiting up to 32 seconds for job step to finish.
srun: Job step aborted: Waiting up to 32 seconds for job step to finish.
srun: Job step aborted: Waiting up to 32 seconds for job step to finish.
srun: Job step aborted: Waiting up to 32 seconds for job step to finish.
srun: Job step aborted: Waiting up to 32 seconds for job step to finish.
srun: Job step aborted: Waiting up to 32 seconds for job step to finish.
srun: Job step aborted: Waiting up to 32 seconds for job step to finish.
srun: Job step aborted: Waiting up to 32 seconds for job step to finish.
srun: Job step aborted: Waiting up to 32 seconds for job step to finish.
srun: Job step aborted: Waiting up to 32 seconds for job step to finish.
srun: Job step aborted: Waiting up to 32 seconds for job step to finish.
srun: Job step aborted: Waiting up to 32 seconds for job step to finish.
srun: Job step aborted: Waiting up to 32 seconds for job step to finish.
srun: Job step aborted: Waiting up to 32 seconds for job step to finish.
srun: Job step aborted: Waiting up to 32 seconds for job step to finish.
srun: Job step aborted: Waiting up to 32 seconds for job step to finish.
srun: Job step aborted: Waiting up to 32 seconds for job step to finish.
srun: Job step aborted: Waiting up to 32 seconds for job step to finish.
srun: Job step aborted: Waiting up to 32 seconds for job step to finish.
srun: Job step aborted: Waiting up to 32 seconds for job step to finish.
srun: Job step aborted: Waiting up to 32 seconds for job step to finish.
srun: Job step aborted: Waiting up to 32 seconds for job step to finish.
srun: Job step aborted: Waiting up to 32 seconds for job step to finish.
srun: Job step aborted: Waiting up to 32 seconds for job step to finish.
srun: Job step aborted: Waiting up to 32 seconds for job step to finish.
srun: Job step aborted: Waiting up to 32 seconds for job step to finish.
srun: Job step aborted: Waiting up to 32 seconds for job step to finish.
srun: Job step aborted: Waiting up to 32 seconds for job step to finish.
srun: Job step aborted: Waiting up to 32 seconds for job step to finish.
srun: Job step aborted: Waiting up to 32 seconds for job step to finish.
srun: Job step aborted: Waiting up to 32 seconds for job step to finish.
srun: Job step aborted: Waiting up to 32 seconds for job step to finish.
srun: Job step aborted: Waiting up to 32 seconds for job step to finish.
srun: Job step aborted: Waiting up to 32 seconds for job step to finish.
srun: Job step aborted: Waiting up to 32 seconds for job step to finish.
srun: Job step aborted: Waiting up to 32 seconds for job step to finish.
srun: Job step aborted: Waiting up to 32 seconds for job step to finish.
srun: Job step aborted: Waiting up to 32 seconds for job step to finish.
srun: Job step aborted: Waiting up to 32 seconds for job step to finish.
srun: Job step aborted: Waiting up to 32 seconds for job step to finish.
srun: Job step aborted: Waiting up to 32 seconds for job step to finish.
srun: Job step aborted: Waiting up to 32 seconds for job step to finish.
srun: Job step aborted: Waiting up to 32 seconds for job step to finish.
srun: Job step aborted: Waiting up to 32 seconds for job step to finish.
srun: Job step aborted: Waiting up to 32 seconds for job step to finish.
srun: Job step aborted: Waiting up to 32 seconds for job step to finish.
srun: Job step aborted: Waiting up to 32 seconds for job step to finish.
srun: Job step aborted: Waiting up to 32 seconds for job step to finish.
srun: Job step aborted: Waiting up to 32 seconds for job step to finish.
srun: Job step aborted: Waiting up to 32 seconds for job step to finish.
srun: Job step aborted: Waiting up to 32 seconds for job step to finish.
srun: Job step aborted: Waiting up to 32 seconds for job step to finish.
srun: Job step aborted: Waiting up to 32 seconds for job step to finish.
srun: Job step aborted: Waiting up to 32 seconds for job step to finish.
srun: Job step aborted: Waiting up to 32 seconds for job step to finish.
srun: Job step aborted: Waiting up to 32 seconds for job step to finish.
srun: Job step aborted: Waiting up to 32 seconds for job step to finish.
srun: Job step aborted: Waiting up to 32 seconds for job step to finish.
srun: Job step aborted: Waiting up to 32 seconds for job step to finish.
srun: Job step aborted: Waiting up to 32 seconds for job step to finish.
srun: Job step aborted: Waiting up to 32 seconds for job step to finish.
srun: Job step aborted: Waiting up to 32 seconds for job step to finish.
srun: Job step aborted: Waiting up to 32 seconds for job step to finish.
srun: Job step aborted: Waiting up to 32 seconds for job step to finish.
srun: Job step aborted: Waiting up to 32 seconds for job step to finish.
srun: Job step aborted: Waiting up to 32 seconds for job step to finish.
srun: Job step aborted: Waiting up to 32 seconds for job step to finish.
srun: Job step aborted: Waiting up to 32 seconds for job step to finish.
srun: Job step aborted: Waiting up to 32 seconds for job step to finish.
srun: Job step aborted: Waiting up to 32 seconds for job step to finish.
srun: Job step aborted: Waiting up to 32 seconds for job step to finish.
srun: Job step aborted: Waiting up to 32 seconds for job step to finish.
srun: Job step aborted: Waiting up to 32 seconds for job step to finish.
srun: Job step aborted: Waiting up to 32 seconds for job step to finish.
srun: Job step aborted: Waiting up to 32 seconds for job step to finish.
slurmstepd-enc0-node7: error: *** STEP 1516720.89 ON enc0-node7 CANCELLED AT 2021-10-12T18:24:03 ***
srun: error: enc0-node7: task 0: Terminated
srun: got SIGCONT
srun: got SIGCONT
srun: got SIGCONT
srun: got SIGCONT
srun: got SIGCONT
srun: got SIGCONT
srun: got SIGCONT
srun: got SIGCONT
srun: got SIGCONT
srun: got SIGCONT
srun: got SIGCONT
srun: got SIGCONT
srun: got SIGCONT
srun: got SIGCONT
srun: got SIGCONT
srun: got SIGCONT
srun: got SIGCONT
srun: got SIGCONT
srun: got SIGCONT
srun: got SIGCONT
srun: got SIGCONT
srun: got SIGCONT
srun: got SIGCONT
srun: got SIGCONT
srun: got SIGCONT
srun: got SIGCONT
srun: got SIGCONT
srun: got SIGCONT
srun: got SIGCONT
srun: got SIGCONT
srun: got SIGCONT
srun: got SIGCONT
srun: got SIGCONT
srun: got SIGCONT
srun: got SIGCONT
srun: got SIGCONT
srun: got SIGCONT
srun: got SIGCONT
srun: got SIGCONT
srun: got SIGCONT
srun: got SIGCONT
srun: got SIGCONT
srun: got SIGCONT
srun: got SIGCONT
srun: got SIGCONT
srun: got SIGCONT
srun: got SIGCONT
srun: got SIGCONT
srun: got SIGCONT
srun: got SIGCONT
srun: got SIGCONT
srun: got SIGCONT
srun: got SIGCONT
srun: got SIGCONT
srun: got SIGCONT
srun: got SIGCONT
srun: got SIGCONT
srun: got SIGCONT
srun: got SIGCONT
srun: got SIGCONT
srun: got SIGCONT
srun: got SIGCONT
srun: got SIGCONT
srun: got SIGCONT
srun: got SIGCONT
srun: got SIGCONT
srun: got SIGCONT
srun: got SIGCONT
srun: got SIGCONT
srun: got SIGCONT
srun: got SIGCONT
srun: got SIGCONT
srun: got SIGCONT
srun: got SIGCONT
srun: got SIGCONT
srun: got SIGCONT
srun: got SIGCONT
srun: got SIGCONT
srun: got SIGCONT
srun: got SIGCONT
srun: got SIGCONT
srun: got SIGCONT
srun: got SIGCONT
srun: got SIGCONT
srun: got SIGCONT
srun: got SIGCONT
srun: got SIGCONT
srun: got SIGCONT
srun: got SIGCONT
srun: got SIGCONT
srun: got SIGCONT
srun: got SIGCONT
srun: got SIGCONT
srun: got SIGCONT
srun: got SIGCONT
srun: got SIGCONT
srun: got SIGCONT
srun: got SIGCONT
srun: got SIGCONT
srun: got SIGCONT
srun: got SIGCONT
srun: got SIGCONT
srun: got SIGCONT
srun: got SIGCONT
srun: got SIGCONT
srun: got SIGCONT
srun: got SIGCONT
srun: got SIGCONT
srun: got SIGCONT
srun: got SIGCONT
srun: got SIGCONT
srun: got SIGCONT
srun: got SIGCONT
srun: got SIGCONT
srun: got SIGCONT
srun: got SIGCONT
srun: got SIGCONT
srun: got SIGCONT
srun: got SIGCONT
srun: got SIGCONT
slurmstepd-enc0-node4: error: *** STEP 1516720.61 ON enc0-node4 CANCELLED AT 2021-10-12T18:24:04 ***
slurmstepd-enc0-node4: error: *** STEP 1516720.62 ON enc0-node4 CANCELLED AT 2021-10-12T18:24:04 ***
slurmstepd-enc0-node5: error: *** STEP 1516720.70 ON enc0-node5 CANCELLED AT 2021-10-12T18:24:04 ***
slurmstepd-enc0-node3: error: *** STEP 1516720.53 ON enc0-node3 CANCELLED AT 2021-10-12T18:24:04 ***
slurmstepd-enc0-node6: error: *** STEP 1516720.81 ON enc0-node6 CANCELLED AT 2021-10-12T18:24:04 ***
slurmstepd-enc0-node5: error: *** STEP 1516720.74 ON enc0-node5 CANCELLED AT 2021-10-12T18:24:04 ***
slurmstepd-enc0-node4: error: *** STEP 1516720.57 ON enc0-node4 CANCELLED AT 2021-10-12T18:24:04 ***
slurmstepd-enc0-node3: error: *** STEP 1516720.49 ON enc0-node3 CANCELLED AT 2021-10-12T18:24:04 ***
slurmstepd-enc0-node6: error: *** STEP 1516720.75 ON enc0-node6 CANCELLED AT 2021-10-12T18:24:04 ***
slurmstepd-enc0-node4: error: *** STEP 1516720.2 ON enc0-node4 CANCELLED AT 2021-10-12T18:24:04 ***
slurmstepd-enc0-node4: error: *** STEP 1516720.59 ON enc0-node4 CANCELLED AT 2021-10-12T18:24:04 ***
slurmstepd-enc0-node5: error: *** STEP 1516720.72 ON enc0-node5 CANCELLED AT 2021-10-12T18:24:04 ***
slurmstepd-enc0-node5: error: *** STEP 1516720.73 ON enc0-node5 CANCELLED AT 2021-10-12T18:24:04 ***
slurmstepd-enc0-node3: error: *** STEP 1516720.56 ON enc0-node3 CANCELLED AT 2021-10-12T18:24:04 ***
slurmstepd-enc0-node6: error: *** STEP 1516720.77 ON enc0-node6 CANCELLED AT 2021-10-12T18:24:04 ***
slurmstepd-enc0-node3: error: *** STEP 1516720.1 ON enc0-node3 CANCELLED AT 2021-10-12T18:24:04 ***
srun: error: enc0-node3: task 0: Terminated
srun: error: enc0-node3: task 0: Terminated
slurmstepd-enc0-node3: error: *** STEP 1516720.52 ON enc0-node3 CANCELLED AT 2021-10-12T18:24:04 ***
slurmstepd-enc0-node4: error: *** STEP 1516720.60 ON enc0-node4 CANCELLED AT 2021-10-12T18:24:04 ***
srun: error: enc0-node4: task 0: Terminated
srun: error: enc0-node4: task 0: Terminated
slurmstepd-enc0-node5: error: *** STEP 1516720.3 ON enc0-node5 CANCELLED AT 2021-10-12T18:24:04 ***
srun: error: enc0-node5: task 0: Terminated
slurmstepd-enc0-node4: error: *** STEP 1516720.65 ON enc0-node4 CANCELLED AT 2021-10-12T18:24:04 ***
slurmstepd-enc0-node6: error: *** STEP 1516720.78 ON enc0-node6 CANCELLED AT 2021-10-12T18:24:04 ***
slurmstepd-enc0-node4: error: *** STEP 1516720.64 ON enc0-node4 CANCELLED AT 2021-10-12T18:24:04 ***
slurmstepd-enc0-node6: error: *** STEP 1516720.76 ON enc0-node6 CANCELLED AT 2021-10-12T18:24:04 ***
srun: error: enc0-node4: task 0: Terminated
srun: error: enc0-node5: task 0: Terminated
srun: error: enc0-node4: task 0: Terminated
srun: error: enc0-node5: task 0: Terminated
slurmstepd-enc0-node6: error: *** STEP 1516720.80 ON enc0-node6 CANCELLED AT 2021-10-12T18:24:04 ***
srun: error: enc0-node6: task 0: Terminated
srun: error: enc0-node6: task 0: Terminated
slurmstepd-enc0-node5: error: *** STEP 1516720.71 ON enc0-node5 CANCELLED AT 2021-10-12T18:24:04 ***
slurmstepd-enc0-node6: error: *** STEP 1516720.79 ON enc0-node6 CANCELLED AT 2021-10-12T18:24:04 ***
slurmstepd-enc0-node3: error: *** STEP 1516720.48 ON enc0-node3 CANCELLED AT 2021-10-12T18:24:04 ***
slurmstepd-enc0-node6: error: *** STEP 1516720.82 ON enc0-node6 CANCELLED AT 2021-10-12T18:24:04 ***
slurmstepd-enc0-node5: error: *** STEP 1516720.67 ON enc0-node5 CANCELLED AT 2021-10-12T18:24:04 ***
slurmstepd-enc0-node4: error: *** STEP 1516720.58 ON enc0-node4 CANCELLED AT 2021-10-12T18:24:04 ***
slurmstepd-enc0-node3: error: *** STEP 1516720.55 ON enc0-node3 CANCELLED AT 2021-10-12T18:24:04 ***
slurmstepd-enc0-node6: error: *** STEP 1516720.4 ON enc0-node6 CANCELLED AT 2021-10-12T18:24:04 ***
slurmstepd-enc0-node5: error: *** STEP 1516720.69 ON enc0-node5 CANCELLED AT 2021-10-12T18:24:04 ***
slurmstepd-enc0-node4: error: *** STEP 1516720.63 ON enc0-node4 CANCELLED AT 2021-10-12T18:24:04 ***
slurmstepd-enc0-node6: error: *** STEP 1516720.83 ON enc0-node6 CANCELLED AT 2021-10-12T18:24:04 ***
slurmstepd-enc0-node5: error: *** STEP 1516720.68 ON enc0-node5 CANCELLED AT 2021-10-12T18:24:04 ***
slurmstepd-enc0-node3: error: *** STEP 1516720.50 ON enc0-node3 CANCELLED AT 2021-10-12T18:24:04 ***
slurmstepd-enc0-node5: error: *** STEP 1516720.66 ON enc0-node5 CANCELLED AT 2021-10-12T18:24:04 ***
srun: error: enc0-node3: task 0: Terminated
srun: error: enc0-node3: task 0: Terminated
srun: error: enc0-node3: task 0: Terminated
srun: error: enc0-node5: task 0: Terminated
slurmstepd-enc0-node3: error: *** STEP 1516720.51 ON enc0-node3 CANCELLED AT 2021-10-12T18:24:04 ***
srun: error: enc0-node5: task 0: Terminated
srun: error: enc0-node4: task 0: Terminated
slurmstepd-enc0-node3: error: *** STEP 1516720.54 ON enc0-node3 CANCELLED AT 2021-10-12T18:24:04 ***
srun: error: enc0-node4: task 0: Terminated
srun: error: enc0-node6: task 0: Terminated
srun: error: enc0-node4: task 0: Terminated
srun: error: enc0-node4: task 0: Terminated
srun: error: enc0-node6: task 0: Terminated
srun: error: enc0-node6: task 0: Terminated
srun: error: enc0-node4: task 0: Terminated
srun: error: enc0-node5: task 0: Terminated
srun: error: enc0-node3: task 0: Terminated
srun: error: enc0-node3: task 0: Terminated
srun: error: enc0-node4: task 0: Terminated
srun: error: enc0-node6: task 0: Terminated
srun: error: enc0-node5: task 0: Terminated
srun: error: enc0-node6: task 0: Terminated
srun: error: enc0-node6: task 0: Terminated
srun: error: enc0-node6: task 0: Terminated
srun: error: enc0-node3: task 0: Terminated
srun: error: enc0-node5: task 0: Terminated
srun: error: enc0-node5: task 0: Terminated
srun: error: enc0-node5: task 0: Terminated
srun: error: enc0-node6: task 0: Terminated
srun: error: enc0-node3: task 0: Terminated
srun: error: enc0-node3: task 0: Terminated
slurmstepd-enc1-node1: error: *** STEP 1516720.110 ON enc1-node1 CANCELLED AT 2021-10-12T18:24:04 ***
slurmstepd-enc1-node3: error: *** STEP 1516720.131 ON enc1-node3 CANCELLED AT 2021-10-12T18:24:04 ***
slurmstepd-enc1-node1: error: *** STEP 1516720.108 ON enc1-node1 CANCELLED AT 2021-10-12T18:24:04 ***
slurmstepd-enc1-node3: error: *** STEP 1516720.147 ON enc1-node3 CANCELLED AT 2021-10-12T18:24:04 ***
slurmstepd-enc1-node3: error: *** STEP 1516720.133 ON enc1-node3 CANCELLED AT 2021-10-12T18:24:04 ***
slurmstepd-enc1-node3: error: *** STEP 1516720.146 ON enc1-node3 CANCELLED AT 2021-10-12T18:24:04 ***
slurmstepd-enc1-node3: error: *** STEP 1516720.143 ON enc1-node3 CANCELLED AT 2021-10-12T18:24:04 ***
slurmstepd-enc1-node1: error: *** STEP 1516720.94 ON enc1-node1 CANCELLED AT 2021-10-12T18:24:04 ***
slurmstepd-enc1-node3: error: *** STEP 1516720.142 ON enc1-node3 CANCELLED AT 2021-10-12T18:24:04 ***
slurmstepd-enc0-node2: error: *** STEP 1516720.43 ON enc0-node2 CANCELLED AT 2021-10-12T18:24:04 ***
slurmstepd-enc0-node2: error: *** STEP 1516720.35 ON enc0-node2 CANCELLED AT 2021-10-12T18:24:04 ***
slurmstepd-enc0-node2: error: *** STEP 1516720.30 ON enc0-node2 CANCELLED AT 2021-10-12T18:24:04 ***
slurmstepd-enc0-node2: error: *** STEP 1516720.38 ON enc0-node2 CANCELLED AT 2021-10-12T18:24:04 ***
slurmstepd-enc0-node2: error: *** STEP 1516720.31 ON enc0-node2 CANCELLED AT 2021-10-12T18:24:04 ***
slurmstepd-enc1-node3: error: *** STEP 1516720.141 ON enc1-node3 CANCELLED AT 2021-10-12T18:24:04 ***
srun: error: enc1-node3: task 0: Terminated
slurmstepd-enc0-node2: error: *** STEP 1516720.44 ON enc0-node2 CANCELLED AT 2021-10-12T18:24:04 ***
slurmstepd-enc1-node3: error: *** STEP 1516720.149 ON enc1-node3 CANCELLED AT 2021-10-12T18:24:04 ***
slurmstepd-enc1-node3: error: *** STEP 1516720.145 ON enc1-node3 CANCELLED AT 2021-10-12T18:24:04 ***
slurmstepd-enc0-node2: error: *** STEP 1516720.41 ON enc0-node2 CANCELLED AT 2021-10-12T18:24:04 ***
srun: error: enc1-node3: task 0: Terminated
srun: error: enc1-node3: task 0: Terminated
srun: error: enc1-node3: task 0: Terminated
slurmstepd-enc1-node3: error: *** STEP 1516720.139 ON enc1-node3 CANCELLED AT 2021-10-12T18:24:04 ***
slurmstepd-enc1-node3: error: *** STEP 1516720.8 ON enc1-node3 CANCELLED AT 2021-10-12T18:24:04 ***
slurmstepd-enc1-node3: error: *** STEP 1516720.144 ON enc1-node3 CANCELLED AT 2021-10-12T18:24:04 ***
slurmstepd-enc0-node2: error: *** STEP 1516720.37 ON enc0-node2 CANCELLED AT 2021-10-12T18:24:04 ***
slurmstepd-enc1-node3: error: *** STEP 1516720.136 ON enc1-node3 CANCELLED AT 2021-10-12T18:24:04 ***
slurmstepd-enc0-node2: error: *** STEP 1516720.29 ON enc0-node2 CANCELLED AT 2021-10-12T18:24:04 ***
slurmstepd-enc1-node3: error: *** STEP 1516720.137 ON enc1-node3 CANCELLED AT 2021-10-12T18:24:04 ***
slurmstepd-enc1-node3: error: *** STEP 1516720.138 ON enc1-node3 CANCELLED AT 2021-10-12T18:24:04 ***
slurmstepd-enc1-node1: error: *** STEP 1516720.97 ON enc1-node1 CANCELLED AT 2021-10-12T18:24:04 ***
slurmstepd-enc0-node2: error: *** STEP 1516720.45 ON enc0-node2 CANCELLED AT 2021-10-12T18:24:04 ***
srun: error: enc1-node1: task 0: Terminated
slurmstepd-enc1-node3: error: *** STEP 1516720.140 ON enc1-node3 CANCELLED AT 2021-10-12T18:24:04 ***
slurmstepd-enc1-node1: error: *** STEP 1516720.107 ON enc1-node1 CANCELLED AT 2021-10-12T18:24:04 ***
slurmstepd-enc1-node3: error: *** STEP 1516720.132 ON enc1-node3 CANCELLED AT 2021-10-12T18:24:04 ***
srun: error: enc1-node3: task 0: Terminated
srun: error: enc1-node1: task 0: Terminated
slurmstepd-enc1-node3: error: *** STEP 1516720.134 ON enc1-node3 CANCELLED AT 2021-10-12T18:24:04 ***
srun: error: enc1-node1: task 0: Terminated
slurmstepd-enc0-node1: error: *** STEP 1516720.12 ON enc0-node1 CANCELLED AT 2021-10-12T18:24:04 ***
slurmstepd-enc1-node3: error: *** STEP 1516720.148 ON enc1-node3 CANCELLED AT 2021-10-12T18:24:04 ***
slurmstepd-enc1-node1: error: *** STEP 1516720.100 ON enc1-node1 CANCELLED AT 2021-10-12T18:24:04 ***
slurmstepd-enc1-node3: error: *** STEP 1516720.135 ON enc1-node3 CANCELLED AT 2021-10-12T18:24:04 ***
srun: error: enc1-node3: task 0: Terminated
slurmstepd-enc1-node1: error: *** STEP 1516720.104 ON enc1-node1 CANCELLED AT 2021-10-12T18:24:04 ***
srun: error: enc1-node3: task 0: Terminated
srun: error: enc1-node3: task 0: Terminated
slurmstepd-enc1-node1: error: *** STEP 1516720.101 ON enc1-node1 CANCELLED AT 2021-10-12T18:24:04 ***
slurmstepd-enc0-node1: error: *** STEP 1516720.11 ON enc0-node1 CANCELLED AT 2021-10-12T18:24:04 ***
srun: error: enc1-node3: task 0: Terminated
slurmstepd-enc1-node1: error: *** STEP 1516720.105 ON enc1-node1 CANCELLED AT 2021-10-12T18:24:04 ***
slurmstepd-enc0-node2: error: *** STEP 1516720.46 ON enc0-node2 CANCELLED AT 2021-10-12T18:24:04 ***
slurmstepd-enc1-node1: error: *** STEP 1516720.95 ON enc1-node1 CANCELLED AT 2021-10-12T18:24:04 ***
slurmstepd-enc0-node2: error: *** STEP 1516720.32 ON enc0-node2 CANCELLED AT 2021-10-12T18:24:04 ***
srun: error: enc0-node2: task 0: Terminated
srun: error: enc0-node2: task 0: Terminated
slurmstepd-enc0-node2: error: *** STEP 1516720.33 ON enc0-node2 CANCELLED AT 2021-10-12T18:24:04 ***
slurmstepd-enc0-node1: error: *** STEP 1516720.21 ON enc0-node1 CANCELLED AT 2021-10-12T18:24:04 ***
srun: error: enc1-node3: task 0: Terminated
srun: error: enc0-node2: task 0: Terminated
srun: error: enc0-node2: task 0: Terminated
srun: error: enc0-node2: task 0: Terminated
srun: error: enc0-node2: task 0: Terminated
srun: error: enc0-node2: task 0: Terminated
slurmstepd-enc0-node2: error: *** STEP 1516720.0 ON enc0-node2 CANCELLED AT 2021-10-12T18:24:04 ***
srun: error: enc0-node2: task 0: Terminated
srun: error: enc0-node2: task 0: Terminated
slurmstepd-enc1-node1: error: *** STEP 1516720.102 ON enc1-node1 CANCELLED AT 2021-10-12T18:24:04 ***
slurmstepd-enc0-node2: error: *** STEP 1516720.47 ON enc0-node2 CANCELLED AT 2021-10-12T18:24:04 ***
slurmstepd-enc1-node1: error: *** STEP 1516720.6 ON enc1-node1 CANCELLED AT 2021-10-12T18:24:04 ***
srun: error: enc1-node1: task 0: Terminated
srun: error: enc1-node1: task 0: Terminated
slurmstepd-enc0-node2: error: *** STEP 1516720.39 ON enc0-node2 CANCELLED AT 2021-10-12T18:24:04 ***
slurmstepd-enc1-node1: error: *** STEP 1516720.111 ON enc1-node1 CANCELLED AT 2021-10-12T18:24:04 ***
slurmstepd-enc0-node2: error: *** STEP 1516720.42 ON enc0-node2 CANCELLED AT 2021-10-12T18:24:04 ***
srun: error: enc1-node3: task 0: Terminated
srun: error: enc1-node3: task 0: Terminated
slurmstepd-enc1-node1: error: *** STEP 1516720.98 ON enc1-node1 CANCELLED AT 2021-10-12T18:24:04 ***
slurmstepd-enc0-node2: error: *** STEP 1516720.36 ON enc0-node2 CANCELLED AT 2021-10-12T18:24:04 ***
srun: error: enc1-node1: task 0: Terminated
srun: error: enc1-node3: task 0: Terminated
slurmstepd-enc0-node2: error: *** STEP 1516720.34 ON enc0-node2 CANCELLED AT 2021-10-12T18:24:04 ***
slurmstepd-enc0-node1: error: *** JOB 1516720 ON enc0-node1 CANCELLED AT 2021-10-12T18:24:04 ***
slurmstepd-enc1-node1: error: *** STEP 1516720.106 ON enc1-node1 CANCELLED AT 2021-10-12T18:24:04 ***
srun: error: enc1-node3: task 0: Terminated
slurmstepd-enc0-node2: error: *** STEP 1516720.40 ON enc0-node2 CANCELLED AT 2021-10-12T18:24:04 ***
srun: error: enc1-node3: task 0: Terminated
slurmstepd-enc1-node1: error: *** STEP 1516720.93 ON enc1-node1 CANCELLED AT 2021-10-12T18:24:04 ***
srun: forcing job termination
srun: error: enc1-node1: task 0: Terminated
slurmstepd-enc1-node1: error: *** STEP 1516720.99 ON enc1-node1 CANCELLED AT 2021-10-12T18:24:04 ***
srun: error: enc1-node3: task 0: Terminated
srun: error: enc1-node1: task 0: Terminated
srun: error: enc1-node3: task 0: Terminated
srun: forcing job termination
srun: forcing job termination
srun: forcing job termination
srun: forcing job termination
srun: forcing job termination
srun: forcing job termination
srun: forcing job termination
srun: forcing job termination
srun: forcing job termination
srun: forcing job termination
srun: forcing job termination
srun: forcing job termination
srun: forcing job termination
srun: forcing job termination
srun: forcing job termination
srun: forcing job termination
srun: forcing job termination
srun: forcing job termination
srun: forcing job termination
srun: forcing job termination
srun: forcing job termination
srun: forcing job termination
srun: forcing job termination
srun: forcing job termination
srun: forcing job termination
srun: forcing job termination
srun: forcing job termination
srun: forcing job termination
srun: forcing job termination
srun: forcing job termination
srun: forcing job termination
srun: forcing job termination
srun: forcing job termination
srun: forcing job termination
srun: forcing job termination
srun: forcing job termination
srun: forcing job termination
srun: forcing job termination
srun: forcing job termination
srun: forcing job termination
srun: forcing job termination
srun: forcing job termination
srun: forcing job termination
srun: forcing job termination
srun: forcing job termination
srun: forcing job termination
slurmstepd-enc1-node1: error: *** STEP 1516720.109 ON enc1-node1 CANCELLED AT 2021-10-12T18:24:04 ***
srun: error: enc1-node3: task 0: Terminated
srun: error: enc1-node3: task 0: Terminated
srun: error: enc1-node3: task 0: Terminated
srun: error: enc1-node1: task 0: Terminated
slurmstepd-enc1-node1: error: *** STEP 1516720.103 ON enc1-node1 CANCELLED AT 2021-10-12T18:24:04 ***
slurmstepd-enc1-node1: error: *** STEP 1516720.96 ON enc1-node1 CANCELLED AT 2021-10-12T18:24:04 ***
srun: error: enc1-node1: task 0: Terminated
srun: error: enc0-node2: task 0: Terminated
srun: error: enc0-node2: task 0: Terminated
srun: error: enc0-node2: task 0: Terminated
srun: error: enc1-node1: task 0: Terminated
srun: error: enc0-node2: task 0: Terminated
srun: error: enc0-node2: task 0: Terminated
srun: error: enc0-node2: task 0: Terminated
srun: error: enc1-node1: task 0: Terminated
srun: error: enc0-node2: task 0: Terminated
srun: error: enc0-node2: task 0: Terminated
srun: error: enc0-node2: task 0: Terminated
srun: error: enc0-node2: task 0: Terminated
srun: error: enc1-node1: task 0: Terminated
srun: error: enc0-node2: task 0: Terminated
slurmstepd-enc0-node1: error: *** STEP 1516720.10 ON enc0-node1 CANCELLED AT 2021-10-12T18:24:04 ***
srun: error: enc0-node1: task 0: Terminated
srun: error: enc0-node1: task 0: Terminated
srun: error: enc1-node1: task 0: Terminated
srun: error: enc1-node1: task 0: Terminated
slurmstepd-enc0-node1: error: *** STEP 1516720.15 ON enc0-node1 CANCELLED AT 2021-10-12T18:24:04 ***
srun: error: enc1-node1: task 0: Terminated
srun: error: enc1-node1: task 0: Terminated
srun: error: enc1-node1: task 0: Terminated
srun: error: enc0-node1: task 0: Terminated
srun: error: enc1-node1: task 0: Terminated
slurmstepd-enc0-node1: error: *** STEP 1516720.16 ON enc0-node1 CANCELLED AT 2021-10-12T18:24:04 ***
srun: error: enc1-node1: task 0: Terminated
slurmstepd-enc0-node1: error: *** STEP 1516720.9 ON enc0-node1 CANCELLED AT 2021-10-12T18:24:04 ***
slurmstepd-enc0-node1: error: *** STEP 1516720.25 ON enc0-node1 CANCELLED AT 2021-10-12T18:24:04 ***
slurmstepd-enc0-node1: error: *** STEP 1516720.17 ON enc0-node1 CANCELLED AT 2021-10-12T18:24:04 ***
srun: error: enc0-node1: task 0: Terminated
slurmstepd-enc0-node1: error: *** STEP 1516720.18 ON enc0-node1 CANCELLED AT 2021-10-12T18:24:04 ***
srun: error: enc0-node1: task 0: Terminated
slurmstepd-enc0-node1: error: *** STEP 1516720.27 ON enc0-node1 CANCELLED AT 2021-10-12T18:24:04 ***
slurmstepd-enc0-node1: error: *** STEP 1516720.26 ON enc0-node1 CANCELLED AT 2021-10-12T18:24:04 ***
slurmstepd-enc0-node1: error: *** STEP 1516720.13 ON enc0-node1 CANCELLED AT 2021-10-12T18:24:04 ***
srun: error: enc0-node1: task 0: Terminated
srun: error: enc0-node1: task 0: Terminated
slurmstepd-enc0-node1: error: *** STEP 1516720.14 ON enc0-node1 CANCELLED AT 2021-10-12T18:24:04 ***
slurmstepd-enc0-node1: error: *** STEP 1516720.22 ON enc0-node1 CANCELLED AT 2021-10-12T18:24:04 ***
srun: error: enc0-node1: task 0: Terminated
slurmstepd-enc0-node1: error: *** STEP 1516720.24 ON enc0-node1 CANCELLED AT 2021-10-12T18:24:04 ***
slurmstepd-enc0-node1: error: *** STEP 1516720.23 ON enc0-node1 CANCELLED AT 2021-10-12T18:24:04 ***
srun: error: enc0-node1: task 0: Terminated
slurmstepd-enc0-node1: error: *** STEP 1516720.20 ON enc0-node1 CANCELLED AT 2021-10-12T18:24:04 ***
srun: error: enc0-node1: task 0: Terminated
slurmstepd-enc0-node1: error: *** STEP 1516720.28 ON enc0-node1 CANCELLED AT 2021-10-12T18:24:04 ***
srun: error: enc0-node1: task 0: Terminated
srun: error: enc0-node1: task 0: Terminated
slurmstepd-enc0-node1: error: *** STEP 1516720.19 ON enc0-node1 CANCELLED AT 2021-10-12T18:24:04 ***
srun: error: enc0-node1: task 0: Terminated
srun: error: enc0-node1: task 0: Terminated
srun: error: enc0-node1: task 0: Terminated
srun: error: enc0-node1: task 0: Terminated
srun: error: enc0-node1: task 0: Terminated
srun: error: enc0-node1: task 0: Terminated
srun: error: enc0-node1: task 0: Terminated
srun: error: enc0-node1: task 0: Terminated
