  File "clusterSweep.py", line 49
    print(t_sr)
              ^
TabError: inconsistent use of tabs and spaces in indentation
srun: error: enc1-node2: task 0: Exited with exit code 1
  File "clusterSweep.py", line 49
    print(t_sr)
              ^
TabError: inconsistent use of tabs and spaces in indentation
  File "clusterSweep.py", line 49
    print(t_sr)
              ^
TabError: inconsistent use of tabs and spaces in indentation
  File "clusterSweep.py", line 49
    print(t_sr)
              ^
TabError: inconsistent use of tabs and spaces in indentation
  File "clusterSweep.py", line 49
    print(t_sr)
              ^
TabError: inconsistent use of tabs and spaces in indentation
srun: error: enc1-node5: task 0: Exited with exit code 1
srun: error: enc1-node4: task 0: Exited with exit code 1
  File "clusterSweep.py", line 49
    print(t_sr)
  File "clusterSweep.py", line 49
              ^
    print(t_sr)
TabError: inconsistent use of tabs and spaces in indentation
              ^
TabError: inconsistent use of tabs and spaces in indentation
  File "clusterSweep.py", line 49
    print(t_sr)
              ^
TabError: inconsistent use of tabs and spaces in indentation
srun: error: enc1-node3: task 0: Exited with exit code 1
  File "clusterSweep.py", line 49
    print(t_sr)
              ^
TabError: inconsistent use of tabs and spaces in indentation
  File "clusterSweep.py", line 49
    print(t_sr)
              ^
TabError: inconsistent use of tabs and spaces in indentation
  File "clusterSweep.py", line 49
    print(t_sr)
              ^
TabError: inconsistent use of tabs and spaces in indentation
  File "clusterSweep.py", line 49
    print(t_sr)
              ^
TabError: inconsistent use of tabs and spaces in indentation
  File "clusterSweep.py", line 49
    print(t_sr)
              ^
TabError: inconsistent use of tabs and spaces in indentation
  File "clusterSweep.py", line 49
    print(t_sr)
              ^
TabError: inconsistent use of tabs and spaces in indentation
  File "clusterSweep.py", line 49
    print(t_sr)
              ^
TabError: inconsistent use of tabs and spaces in indentation
  File "clusterSweep.py", line 49
    print(t_sr)
              ^
TabError: inconsistent use of tabs and spaces in indentation
  File "clusterSweep.py", line 49
    print(t_sr)
              ^
TabError: inconsistent use of tabs and spaces in indentation
srun: error: enc1-node14: task 0: Exited with exit code 1
  File "clusterSweep.py", line 49
    print(t_sr)
              ^
TabError: inconsistent use of tabs and spaces in indentation
srun: error: enc1-node6: task 0: Exited with exit code 1
  File "clusterSweep.py", line 49
    print(t_sr)
              ^
TabError: inconsistent use of tabs and spaces in indentation
  File "clusterSweep.py", line 49
    print(t_sr)
              ^
TabError: inconsistent use of tabs and spaces in indentation
srun: error: enc1-node5: task 0: Exited with exit code 1
srun: error: enc1-node5: task 0: Exited with exit code 1
srun: error: enc1-node6: task 0: Exited with exit code 1
  File "clusterSweep.py", line 49
    print(t_sr)
              ^
TabError: inconsistent use of tabs and spaces in indentation
  File "clusterSweep.py", line 49
    print(t_sr)
srun: error: enc1-node7: task 0: Exited with exit code 1
              ^
TabError: inconsistent use of tabs and spaces in indentation
srun: error: enc1-node5: task 0: Exited with exit code 1
  File "clusterSweep.py", line 49
    print(t_sr)
              ^
TabError: inconsistent use of tabs and spaces in indentation
  File "clusterSweep.py", line 49
    print(t_sr)
              ^
TabError: inconsistent use of tabs and spaces in indentation
srun: error: enc1-node11: task 0: Exited with exit code 1
  File "clusterSweep.py", line 49
    print(t_sr)
              ^
TabError: inconsistent use of tabs and spaces in indentation
  File "clusterSweep.py", line 49
    print(t_sr)
              ^
TabError: inconsistent use of tabs and spaces in indentation
  File "clusterSweep.py", line 49
    print(t_sr)
              ^
TabError: inconsistent use of tabs and spaces in indentation
  File "clusterSweep.py", line 49
    print(t_sr)
              ^
TabError: inconsistent use of tabs and spaces in indentation
  File "clusterSweep.py", line 49
    print(t_sr)
              ^
TabError: inconsistent use of tabs and spaces in indentation
srun: error: enc1-node2: task 0: Exited with exit code 1
srun: error: enc1-node8: task 0: Exited with exit code 1
srun: error: enc1-node2: task 0: Exited with exit code 1
srun: error: enc1-node2: task 0: Exited with exit code 1
srun: error: enc1-node9: task 0: Exited with exit code 1
srun: error: enc1-node13: task 0: Exited with exit code 1
srun: error: enc1-node4: task 0: Exited with exit code 1
srun: error: enc1-node4: task 0: Exited with exit code 1
srun: error: enc1-node4: task 0: Exited with exit code 1
srun: error: enc1-node6: task 0: Exited with exit code 1
  File "clusterSweep.py", line 49
    print(t_sr)
              ^
TabError: inconsistent use of tabs and spaces in indentation
srun: error: enc1-node3: task 0: Exited with exit code 1
srun: error: enc1-node7: task 0: Exited with exit code 1
srun: error: enc1-node3: task 0: Exited with exit code 1
srun: error: enc1-node12: task 0: Exited with exit code 1
  File "clusterSweep.py", line 49
    print(t_sr)
              ^
TabError: inconsistent use of tabs and spaces in indentation
srun: error: enc1-node3: task 0: Exited with exit code 1
  File "clusterSweep.py", line 49
    print(t_sr)
              ^
TabError: inconsistent use of tabs and spaces in indentation
srun: error: enc1-node3: task 0: Exited with exit code 1
srun: error: enc2-node11: task 0: Exited with exit code 1
  File "clusterSweep.py", line 49
    print(t_sr)
              ^
TabError: inconsistent use of tabs and spaces in indentation
  File "clusterSweep.py", line 49
    print(t_sr)
              ^
TabError: inconsistent use of tabs and spaces in indentation
  File "clusterSweep.py", line 49
    print(t_sr)
              ^
TabError: inconsistent use of tabs and spaces in indentation
srun: error: enc1-node10: task 0: Exited with exit code 1
  File "clusterSweep.py", line 49
    print(t_sr)
              ^
TabError: inconsistent use of tabs and spaces in indentation
srun: error: enc1-node6: task 0: Exited with exit code 1
srun: error: enc1-node5: task 0: Exited with exit code 1
srun: error: enc1-node4: task 0: Exited with exit code 1
srun: error: enc1-node10: task 0: Exited with exit code 1
  File "clusterSweep.py", line 49
    print(t_sr)
              ^
TabError: inconsistent use of tabs and spaces in indentation
  File "clusterSweep.py", line 49
    print(t_sr)
              ^
TabError: inconsistent use of tabs and spaces in indentation
  File "clusterSweep.py", line 49
    print(t_sr)
              ^
TabError: inconsistent use of tabs and spaces in indentation
  File "clusterSweep.py", line 49
    print(t_sr)
  File "clusterSweep.py", line 49
              ^
    print(t_sr)
TabError: inconsistent use of tabs and spaces in indentation
              ^
TabError: inconsistent use of tabs and spaces in indentation
  File "clusterSweep.py", line 49
    print(t_sr)
              ^
TabError: inconsistent use of tabs and spaces in indentation
  File "clusterSweep.py", line 49
    print(t_sr)
              ^
TabError: inconsistent use of tabs and spaces in indentation
  File "clusterSweep.py", line 49
    print(t_sr)
              ^
TabError: inconsistent use of tabs and spaces in indentation
  File "clusterSweep.py", line 49
    print(t_sr)
              ^
TabError: inconsistent use of tabs and spaces in indentation
  File "clusterSweep.py", line 49
    print(t_sr)
              ^
TabError: inconsistent use of tabs and spaces in indentation
srun: error: enc1-node7: task 0: Exited with exit code 1
  File "clusterSweep.py", line 49
    print(t_sr)
              ^
TabError: inconsistent use of tabs and spaces in indentation
  File "clusterSweep.py", line 49
    print(t_sr)
              ^
TabError: inconsistent use of tabs and spaces in indentation
  File "clusterSweep.py", line 49
    print(t_sr)
              ^
TabError: inconsistent use of tabs and spaces in indentation
  File "clusterSweep.py", line 49
    print(t_sr)
              ^
TabError: inconsistent use of tabs and spaces in indentation
  File "clusterSweep.py", line 49
    print(t_sr)
              ^
TabError: inconsistent use of tabs and spaces in indentation
  File "clusterSweep.py", line 49
    print(t_sr)
              ^
TabError: inconsistent use of tabs and spaces in indentation
  File "clusterSweep.py", line 49
    print(t_sr)
              ^
TabError: inconsistent use of tabs and spaces in indentation
srun: error: enc1-node5: task 0: Exited with exit code 1
srun: error: enc1-node10: task 0: Exited with exit code 1
  File "clusterSweep.py", line 49
    print(t_sr)
              ^
TabError: inconsistent use of tabs and spaces in indentation
srun: error: enc1-node2: task 0: Exited with exit code 1
  File "clusterSweep.py", line 49
    print(t_sr)
              ^
TabError: inconsistent use of tabs and spaces in indentation
srun: error: enc1-node11: task 0: Exited with exit code 1
  File "clusterSweep.py", line 49
    print(t_sr)
              ^
TabError: inconsistent use of tabs and spaces in indentation
srun: error: enc2-node12: task 0: Exited with exit code 1
  File "clusterSweep.py", line 49
    print(t_sr)
              ^
TabError: inconsistent use of tabs and spaces in indentation
srun: error: enc1-node2: task 0: Exited with exit code 1
  File "clusterSweep.py", line 49
    print(t_sr)
  File "clusterSweep.py", line 49
              ^
    print(t_sr)
TabError: inconsistent use of tabs and spaces in indentation
              ^
TabError: inconsistent use of tabs and spaces in indentation
  File "clusterSweep.py", line 49
    print(t_sr)
              ^
TabError: inconsistent use of tabs and spaces in indentation
srun: error: enc1-node9: task 0: Exited with exit code 1
  File "clusterSweep.py", line 49
    print(t_sr)
              ^
TabError: inconsistent use of tabs and spaces in indentation
srun: error: enc1-node11: task 0: Exited with exit code 1
  File "clusterSweep.py", line 49
srun: error: enc1-node9: task 0: Exited with exit code 1
    print(t_sr)
  File "clusterSweep.py", line 49
              ^
TabError: inconsistent use of tabs and spaces in indentation
    print(t_sr)
              ^
TabError: inconsistent use of tabs and spaces in indentation
srun: error: enc1-node10: task 0: Exited with exit code 1
srun: error: enc1-node4: task 0: Exited with exit code 1
  File "clusterSweep.py", line 49
    print(t_sr)
              ^
TabError: inconsistent use of tabs and spaces in indentation
  File "clusterSweep.py", line 49
    print(t_sr)
              ^
TabError: inconsistent use of tabs and spaces in indentation
srun: error: enc1-node10: task 0: Exited with exit code 1
srun: error: enc1-node3: task 0: Exited with exit code 1
srun: error: enc1-node14: task 0: Exited with exit code 1
  File "clusterSweep.py", line 49
    print(t_sr)
              ^
TabError: inconsistent use of tabs and spaces in indentation
srun: error: enc1-node1: task 0: Exited with exit code 1
srun: error: enc1-node1: task 0: Exited with exit code 1
srun: error: enc1-node1: task 0: Exited with exit code 1
srun: error: enc1-node1: task 0: Exited with exit code 1
srun: error: enc1-node9: task 0: Exited with exit code 1
  File "clusterSweep.py", line 49
    print(t_sr)
              ^
TabError: inconsistent use of tabs and spaces in indentation
  File "clusterSweep.py", line 49
    print(t_sr)
              ^
TabError: inconsistent use of tabs and spaces in indentation
  File "clusterSweep.py", line 49
    print(t_sr)
              ^
TabError: inconsistent use of tabs and spaces in indentation
srun: error: enc1-node6: task 0: Exited with exit code 1
srun: error: enc1-node6: task 0: Exited with exit code 1
srun: error: enc1-node7: task 0: Exited with exit code 1
srun: error: enc1-node7: task 0: Exited with exit code 1
srun: error: enc1-node11: task 0: Exited with exit code 1
srun: error: enc1-node9: task 0: Exited with exit code 1
  File "clusterSweep.py", line 49
    print(t_sr)
              ^
TabError: inconsistent use of tabs and spaces in indentation
  File "clusterSweep.py", line 49
    print(t_sr)
              ^
TabError: inconsistent use of tabs and spaces in indentation
  File "clusterSweep.py", line 49
    print(t_sr)
              ^
TabError: inconsistent use of tabs and spaces in indentation
  File "clusterSweep.py", line 49
    print(t_sr)
              ^
TabError: inconsistent use of tabs and spaces in indentation
srun: error: enc1-node11: task 0: Exited with exit code 1
srun: error: enc1-node2: task 0: Exited with exit code 1
srun: error: enc1-node1: task 0: Exited with exit code 1
  File "clusterSweep.py", line 49
    print(t_sr)
              ^
TabError: inconsistent use of tabs and spaces in indentation
  File "clusterSweep.py", line 49
    print(t_sr)
              ^
TabError: inconsistent use of tabs and spaces in indentation
srun: error: enc1-node8: task 0: Exited with exit code 1
srun: error: enc1-node8: task 0: Exited with exit code 1
srun: error: enc1-node8: task 0: Exited with exit code 1
srun: error: enc1-node8: task 0: Exited with exit code 1
srun: error: enc1-node2: task 0: Exited with exit code 1
srun: error: enc1-node5: task 0: Exited with exit code 1
srun: error: enc1-node2: task 0: Exited with exit code 1
srun: error: enc1-node5: task 0: Exited with exit code 1
  File "clusterSweep.py", line 49
    print(t_sr)
              ^
TabError: inconsistent use of tabs and spaces in indentation
  File "clusterSweep.py", line 49
    print(t_sr)
              ^
TabError: inconsistent use of tabs and spaces in indentation
  File "clusterSweep.py", line 49
    print(t_sr)
              ^
TabError: inconsistent use of tabs and spaces in indentation
  File "clusterSweep.py", line 49
    print(t_sr)
              ^
TabError: inconsistent use of tabs and spaces in indentation
  File "clusterSweep.py", line 49
    print(t_sr)
              ^
TabError: inconsistent use of tabs and spaces in indentation
  File "clusterSweep.py", line 49
    print(t_sr)
              ^
TabError: inconsistent use of tabs and spaces in indentation
srun: error: enc1-node3: task 0: Exited with exit code 1
srun: error: enc1-node4: task 0: Exited with exit code 1
srun: error: enc1-node12: task 0: Exited with exit code 1
srun: error: enc1-node12: task 0: Exited with exit code 1
srun: error: enc1-node3: task 0: Exited with exit code 1
srun: error: enc1-node4: task 0: Exited with exit code 1
srun: error: enc1-node4: task 0: Exited with exit code 1
srun: error: enc1-node3: task 0: Exited with exit code 1
srun: error: enc1-node13: task 0: Exited with exit code 1
srun: error: enc2-node11: task 0: Exited with exit code 1
