srun: Job step aborted: Waiting up to 32 seconds for job step to finish.
srun: Job step aborted: Waiting up to 32 seconds for job step to finish.
srun: Job step aborted: Waiting up to 32 seconds for job step to finish.
srun: Job step aborted: Waiting up to 32 seconds for job step to finish.
srun: Job step aborted: Waiting up to 32 seconds for job step to finish.
srun: Job step aborted: Waiting up to 32 seconds for job step to finish.
srun: Job step aborted: Waiting up to 32 seconds for job step to finish.
srun: Job step aborted: Waiting up to 32 seconds for job step to finish.
srun: Job step aborted: Waiting up to 32 seconds for job step to finish.
srun: Job step aborted: Waiting up to 32 seconds for job step to finish.
srun: Job step aborted: Waiting up to 32 seconds for job step to finish.
srun: Job step aborted: Waiting up to 32 seconds for job step to finish.
srun: Job step aborted: Waiting up to 32 seconds for job step to finish.
srun: Job step aborted: Waiting up to 32 seconds for job step to finish.
srun: Job step aborted: Waiting up to 32 seconds for job step to finish.
srun: Job step aborted: Waiting up to 32 seconds for job step to finish.
srun: Job step aborted: Waiting up to 32 seconds for job step to finish.
srun: Job step aborted: Waiting up to 32 seconds for job step to finish.
srun: Job step aborted: Waiting up to 32 seconds for job step to finish.
srun: Job step aborted: Waiting up to 32 seconds for job step to finish.
srun: Job step aborted: Waiting up to 32 seconds for job step to finish.
srun: Job step aborted: Waiting up to 32 seconds for job step to finish.
srun: Job step aborted: Waiting up to 32 seconds for job step to finish.
srun: Job step aborted: Waiting up to 32 seconds for job step to finish.
srun: Job step aborted: Waiting up to 32 seconds for job step to finish.
srun: Job step aborted: Waiting up to 32 seconds for job step to finish.
srun: Job step aborted: Waiting up to 32 seconds for job step to finish.
srun: Job step aborted: Waiting up to 32 seconds for job step to finish.
srun: Job step aborted: Waiting up to 32 seconds for job step to finish.
srun: Job step aborted: Waiting up to 32 seconds for job step to finish.
srun: Job step aborted: Waiting up to 32 seconds for job step to finish.
srun: Job step aborted: Waiting up to 32 seconds for job step to finish.
srun: Job step aborted: Waiting up to 32 seconds for job step to finish.
srun: Job step aborted: Waiting up to 32 seconds for job step to finish.
srun: Job step aborted: Waiting up to 32 seconds for job step to finish.
srun: Job step aborted: Waiting up to 32 seconds for job step to finish.
srun: Job step aborted: Waiting up to 32 seconds for job step to finish.
srun: Job step aborted: Waiting up to 32 seconds for job step to finish.
srun: Job step aborted: Waiting up to 32 seconds for job step to finish.
srun: Job step aborted: Waiting up to 32 seconds for job step to finish.
srun: Job step aborted: Waiting up to 32 seconds for job step to finish.
srun: Job step aborted: Waiting up to 32 seconds for job step to finish.
srun: Job step aborted: Waiting up to 32 seconds for job step to finish.
srun: Job step aborted: Waiting up to 32 seconds for job step to finish.
srun: Job step aborted: Waiting up to 32 seconds for job step to finish.
srun: Job step aborted: Waiting up to 32 seconds for job step to finish.
srun: Job step aborted: Waiting up to 32 seconds for job step to finish.
srun: Job step aborted: Waiting up to 32 seconds for job step to finish.
srun: Job step aborted: Waiting up to 32 seconds for job step to finish.
srun: Job step aborted: Waiting up to 32 seconds for job step to finish.
srun: Job step aborted: Waiting up to 32 seconds for job step to finish.
srun: Job step aborted: Waiting up to 32 seconds for job step to finish.
srun: Job step aborted: Waiting up to 32 seconds for job step to finish.
srun: Job step aborted: Waiting up to 32 seconds for job step to finish.
srun: Job step aborted: Waiting up to 32 seconds for job step to finish.
srun: Job step aborted: Waiting up to 32 seconds for job step to finish.
srun: Job step aborted: Waiting up to 32 seconds for job step to finish.
srun: Job step aborted: Waiting up to 32 seconds for job step to finish.
srun: Job step aborted: Waiting up to 32 seconds for job step to finish.
srun: Job step aborted: Waiting up to 32 seconds for job step to finish.
srun: Job step aborted: Waiting up to 32 seconds for job step to finish.
srun: Job step aborted: Waiting up to 32 seconds for job step to finish.
srun: Job step aborted: Waiting up to 32 seconds for job step to finish.
srun: Job step aborted: Waiting up to 32 seconds for job step to finish.
srun: Job step aborted: Waiting up to 32 seconds for job step to finish.
srun: Job step aborted: Waiting up to 32 seconds for job step to finish.
srun: Job step aborted: Waiting up to 32 seconds for job step to finish.
srun: Job step aborted: Waiting up to 32 seconds for job step to finish.
srun: Job step aborted: Waiting up to 32 seconds for job step to finish.
srun: Job step aborted: Waiting up to 32 seconds for job step to finish.
srun: Job step aborted: Waiting up to 32 seconds for job step to finish.
srun: Job step aborted: Waiting up to 32 seconds for job step to finish.
srun: Job step aborted: Waiting up to 32 seconds for job step to finish.
srun: Job step aborted: Waiting up to 32 seconds for job step to finish.
srun: Job step aborted: Waiting up to 32 seconds for job step to finish.
srun: Job step aborted: Waiting up to 32 seconds for job step to finish.
srun: Job step aborted: Waiting up to 32 seconds for job step to finish.
srun: Job step aborted: Waiting up to 32 seconds for job step to finish.
srun: Job step aborted: Waiting up to 32 seconds for job step to finish.
srun: Job step aborted: Waiting up to 32 seconds for job step to finish.
srun: Job step aborted: Waiting up to 32 seconds for job step to finish.
srun: got SIGCONT
srun: got SIGCONT
srun: got SIGCONT
srun: got SIGCONT
srun: got SIGCONT
srun: got SIGCONT
srun: got SIGCONT
srun: got SIGCONT
srun: got SIGCONT
srun: got SIGCONT
srun: got SIGCONT
srun: got SIGCONT
srun: got SIGCONT
srun: got SIGCONT
srun: got SIGCONT
srun: got SIGCONT
srun: got SIGCONT
srun: got SIGCONT
srun: got SIGCONT
srun: got SIGCONT
srun: got SIGCONT
srun: got SIGCONT
srun: got SIGCONT
srun: got SIGCONT
srun: got SIGCONT
srun: got SIGCONT
srun: got SIGCONT
srun: got SIGCONT
srun: got SIGCONT
srun: got SIGCONT
srun: got SIGCONT
srun: got SIGCONT
srun: got SIGCONT
srun: got SIGCONT
srun: got SIGCONT
srun: got SIGCONT
srun: got SIGCONT
srun: got SIGCONT
srun: got SIGCONT
srun: got SIGCONT
srun: got SIGCONT
srun: got SIGCONT
srun: got SIGCONT
srun: got SIGCONT
srun: got SIGCONT
srun: got SIGCONT
srun: got SIGCONT
srun: got SIGCONT
srun: got SIGCONT
srun: got SIGCONT
srun: got SIGCONT
srun: got SIGCONT
srun: got SIGCONT
srun: got SIGCONT
srun: got SIGCONT
srun: got SIGCONT
srun: got SIGCONT
srun: got SIGCONT
srun: got SIGCONT
srun: got SIGCONT
srun: got SIGCONT
srun: got SIGCONT
srun: got SIGCONT
srun: got SIGCONT
srun: got SIGCONT
srun: got SIGCONT
srun: got SIGCONT
srun: got SIGCONT
srun: got SIGCONT
srun: got SIGCONT
srun: got SIGCONT
srun: got SIGCONT
srun: got SIGCONT
srun: got SIGCONT
srun: got SIGCONT
srun: got SIGCONT
srun: got SIGCONT
srun: got SIGCONT
srun: got SIGCONT
srun: got SIGCONT
srun: got SIGCONT
slurmstepd-enc2-node12: error: *** STEP 1516480.23 ON enc2-node12 CANCELLED AT 2021-10-11T17:40:40 ***
slurmstepd-enc2-node12: error: *** STEP 1516480.0 ON enc2-node12 CANCELLED AT 2021-10-11T17:40:40 ***
slurmstepd-enc2-node12: error: *** STEP 1516480.24 ON enc2-node12 CANCELLED AT 2021-10-11T17:40:40 ***
srun: error: enc2-node12: task 0: Terminated
slurmstepd-enc3-node4: error: *** STEP 1516480.46 ON enc3-node4 CANCELLED AT 2021-10-11T17:40:40 ***
srun: error: enc2-node12: task 0: Terminated
slurmstepd-enc3-node8: error: *** STEP 1516480.76 ON enc3-node8 CANCELLED AT 2021-10-11T17:40:40 ***
slurmstepd-enc3-node5: error: *** STEP 1516480.53 ON enc3-node5 CANCELLED AT 2021-10-11T17:40:40 ***
slurmstepd-enc3-node7: error: *** STEP 1516480.65 ON enc3-node7 CANCELLED AT 2021-10-11T17:40:40 ***
slurmstepd-enc3-node6: error: *** STEP 1516480.5 ON enc3-node6 CANCELLED AT 2021-10-11T17:40:40 ***
slurmstepd-enc3-node3: error: *** STEP 1516480.37 ON enc3-node3 CANCELLED AT 2021-10-11T17:40:40 ***
slurmstepd-enc3-node8: error: *** STEP 1516480.73 ON enc3-node8 CANCELLED AT 2021-10-11T17:40:40 ***
slurmstepd-enc3-node4: error: *** STEP 1516480.44 ON enc3-node4 CANCELLED AT 2021-10-11T17:40:40 ***
slurmstepd-enc3-node5: error: *** STEP 1516480.52 ON enc3-node5 CANCELLED AT 2021-10-11T17:40:40 ***
slurmstepd-enc3-node7: error: *** STEP 1516480.69 ON enc3-node7 CANCELLED AT 2021-10-11T17:40:40 ***
slurmstepd-enc3-node4: error: *** STEP 1516480.3 ON enc3-node4 CANCELLED AT 2021-10-11T17:40:40 ***
slurmstepd-enc3-node7: error: *** STEP 1516480.67 ON enc3-node7 CANCELLED AT 2021-10-11T17:40:40 ***
srun: error: enc2-node12: task 0: Terminated
slurmstepd-enc3-node7: error: *** STEP 1516480.71 ON enc3-node7 CANCELLED AT 2021-10-11T17:40:40 ***
slurmstepd-enc3-node7: error: *** STEP 1516480.68 ON enc3-node7 CANCELLED AT 2021-10-11T17:40:40 ***
slurmstepd-enc3-node6: error: *** STEP 1516480.61 ON enc3-node6 CANCELLED AT 2021-10-11T17:40:40 ***
slurmstepd-enc3-node3: error: *** STEP 1516480.36 ON enc3-node3 CANCELLED AT 2021-10-11T17:40:40 ***
slurmstepd-enc3-node2: error: *** STEP 1516480.28 ON enc3-node2 CANCELLED AT 2021-10-11T17:40:40 ***
slurmstepd-enc3-node8: error: *** STEP 1516480.78 ON enc3-node8 CANCELLED AT 2021-10-11T17:40:40 ***
slurmstepd-enc3-node5: error: *** STEP 1516480.54 ON enc3-node5 CANCELLED AT 2021-10-11T17:40:40 ***
slurmstepd-enc3-node6: error: *** STEP 1516480.57 ON enc3-node6 CANCELLED AT 2021-10-11T17:40:40 ***
slurmstepd-enc3-node7: error: *** STEP 1516480.66 ON enc3-node7 CANCELLED AT 2021-10-11T17:40:40 ***
slurmstepd-enc3-node3: error: *** STEP 1516480.2 ON enc3-node3 CANCELLED AT 2021-10-11T17:40:40 ***
slurmstepd-enc3-node2: error: *** STEP 1516480.25 ON enc3-node2 CANCELLED AT 2021-10-11T17:40:40 ***
slurmstepd-enc3-node2: error: *** STEP 1516480.29 ON enc3-node2 CANCELLED AT 2021-10-11T17:40:40 ***
srun: error: enc3-node5: task 0: Terminated
slurmstepd-enc3-node5: error: *** STEP 1516480.56 ON enc3-node5 CANCELLED AT 2021-10-11T17:40:40 ***
srun: error: enc3-node5: task 0: Terminated
slurmstepd-enc3-node5: error: *** STEP 1516480.51 ON enc3-node5 CANCELLED AT 2021-10-11T17:40:40 ***
slurmstepd-enc3-node5: error: *** STEP 1516480.49 ON enc3-node5 CANCELLED AT 2021-10-11T17:40:40 ***
slurmstepd-enc3-node8: error: *** STEP 1516480.80 ON enc3-node8 CANCELLED AT 2021-10-11T17:40:40 ***
srun: error: enc3-node8: task 0: Terminated
slurmstepd-enc3-node5: error: *** STEP 1516480.55 ON enc3-node5 CANCELLED AT 2021-10-11T17:40:40 ***
slurmstepd-enc3-node7: error: *** STEP 1516480.6 ON enc3-node7 CANCELLED AT 2021-10-11T17:40:40 ***
srun: error: enc3-node7: task 0: Terminated
slurmstepd-enc3-node5: error: *** STEP 1516480.4 ON enc3-node5 CANCELLED AT 2021-10-11T17:40:40 ***
srun: error: enc3-node6: task 0: Terminated
slurmstepd-enc3-node7: error: *** STEP 1516480.72 ON enc3-node7 CANCELLED AT 2021-10-11T17:40:40 ***
slurmstepd-enc3-node3: error: *** STEP 1516480.35 ON enc3-node3 CANCELLED AT 2021-10-11T17:40:40 ***
slurmstepd-enc3-node8: error: *** STEP 1516480.77 ON enc3-node8 CANCELLED AT 2021-10-11T17:40:40 ***
slurmstepd-enc3-node5: error: *** STEP 1516480.50 ON enc3-node5 CANCELLED AT 2021-10-11T17:40:40 ***
srun: error: enc3-node3: task 0: Terminated
srun: error: enc3-node8: task 0: Terminated
slurmstepd-enc3-node7: error: *** STEP 1516480.70 ON enc3-node7 CANCELLED AT 2021-10-11T17:40:40 ***
srun: error: enc3-node5: task 0: Terminated
srun: error: enc3-node7: task 0: Terminated
srun: error: enc3-node7: task 0: Terminated
slurmstepd-enc3-node4: error: *** STEP 1516480.48 ON enc3-node4 CANCELLED AT 2021-10-11T17:40:40 ***
slurmstepd-enc3-node6: error: *** STEP 1516480.62 ON enc3-node6 CANCELLED AT 2021-10-11T17:40:40 ***
srun: error: enc3-node4: task 0: Terminated
slurmstepd-enc3-node8: error: *** STEP 1516480.79 ON enc3-node8 CANCELLED AT 2021-10-11T17:40:40 ***
srun: error: enc3-node7: task 0: Terminated
srun: error: enc3-node6: task 0: Terminated
srun: error: enc3-node6: task 0: Terminated
slurmstepd-enc3-node3: error: *** STEP 1516480.38 ON enc3-node3 CANCELLED AT 2021-10-11T17:40:40 ***
slurmstepd-enc3-node6: error: *** STEP 1516480.60 ON enc3-node6 CANCELLED AT 2021-10-11T17:40:40 ***
srun: error: enc3-node3: task 0: Terminated
slurmstepd-enc3-node3: error: *** STEP 1516480.40 ON enc3-node3 CANCELLED AT 2021-10-11T17:40:40 ***
slurmstepd-enc3-node4: error: *** STEP 1516480.43 ON enc3-node4 CANCELLED AT 2021-10-11T17:40:40 ***
srun: error: enc3-node4: task 0: Terminated
slurmstepd-enc3-node6: error: *** STEP 1516480.59 ON enc3-node6 CANCELLED AT 2021-10-11T17:40:40 ***
srun: error: enc3-node5: task 0: Terminated
slurmstepd-enc3-node8: error: *** STEP 1516480.75 ON enc3-node8 CANCELLED AT 2021-10-11T17:40:40 ***
srun: error: enc3-node7: task 0: Terminated
srun: error: enc3-node8: task 0: Terminated
srun: error: enc3-node7: task 0: Terminated
slurmstepd-enc3-node3: error: *** STEP 1516480.34 ON enc3-node3 CANCELLED AT 2021-10-11T17:40:40 ***
slurmstepd-enc3-node8: error: *** STEP 1516480.7 ON enc3-node8 CANCELLED AT 2021-10-11T17:40:40 ***
srun: error: enc3-node5: task 0: Terminated
slurmstepd-enc3-node6: error: *** STEP 1516480.64 ON enc3-node6 CANCELLED AT 2021-10-11T17:40:40 ***
srun: error: enc3-node8: task 0: Terminated
slurmstepd-enc3-node2: error: *** STEP 1516480.30 ON enc3-node2 CANCELLED AT 2021-10-11T17:40:40 ***
slurmstepd-enc3-node8: error: *** STEP 1516480.74 ON enc3-node8 CANCELLED AT 2021-10-11T17:40:40 ***
slurmstepd-enc3-node3: error: *** STEP 1516480.39 ON enc3-node3 CANCELLED AT 2021-10-11T17:40:40 ***
srun: error: enc3-node5: task 0: Terminated
slurmstepd-enc3-node4: error: *** STEP 1516480.45 ON enc3-node4 CANCELLED AT 2021-10-11T17:40:40 ***
srun: error: enc3-node5: task 0: Terminated
slurmstepd-enc3-node3: error: *** STEP 1516480.33 ON enc3-node3 CANCELLED AT 2021-10-11T17:40:40 ***
slurmstepd-enc3-node2: error: *** STEP 1516480.1 ON enc3-node2 CANCELLED AT 2021-10-11T17:40:40 ***
srun: error: enc3-node5: task 0: Terminated
srun: error: enc3-node3: task 0: Terminated
srun: error: enc3-node7: task 0: Terminated
srun: error: enc3-node7: task 0: Terminated
slurmstepd-enc3-node6: error: *** STEP 1516480.58 ON enc3-node6 CANCELLED AT 2021-10-11T17:40:40 ***
slurmstepd-enc3-node4: error: *** STEP 1516480.42 ON enc3-node4 CANCELLED AT 2021-10-11T17:40:40 ***
srun: error: enc3-node2: task 0: Terminated
slurmstepd-enc3-node2: error: *** STEP 1516480.31 ON enc3-node2 CANCELLED AT 2021-10-11T17:40:40 ***
srun: error: enc3-node7: task 0: Terminated
slurmstepd-enc3-node4: error: *** STEP 1516480.41 ON enc3-node4 CANCELLED AT 2021-10-11T17:40:40 ***
srun: error: enc3-node5: task 0: Terminated
slurmstepd-enc3-node2: error: *** STEP 1516480.32 ON enc3-node2 CANCELLED AT 2021-10-11T17:40:40 ***
srun: error: enc3-node8: task 0: Terminated
srun: error: enc3-node3: task 0: Terminated
slurmstepd-enc3-node6: error: *** STEP 1516480.63 ON enc3-node6 CANCELLED AT 2021-10-11T17:40:40 ***
srun: error: enc3-node8: task 0: Terminated
slurmstepd-enc3-node4: error: *** STEP 1516480.47 ON enc3-node4 CANCELLED AT 2021-10-11T17:40:40 ***
slurmstepd-enc3-node2: error: *** STEP 1516480.27 ON enc3-node2 CANCELLED AT 2021-10-11T17:40:40 ***
srun: error: enc3-node4: task 0: Terminated
srun: error: enc3-node4: task 0: Terminated
srun: error: enc3-node6: task 0: Terminated
srun: error: enc3-node2: task 0: Terminated
slurmstepd-enc3-node2: error: *** STEP 1516480.26 ON enc3-node2 CANCELLED AT 2021-10-11T17:40:40 ***
srun: error: enc3-node3: task 0: Terminated
srun: error: enc3-node3: task 0: Terminated
srun: error: enc3-node6: task 0: Terminated
srun: error: enc3-node8: task 0: Terminated
srun: error: enc3-node8: task 0: Terminated
srun: error: enc3-node6: task 0: Terminated
srun: error: enc3-node6: task 0: Terminated
srun: error: enc3-node8: task 0: Terminated
srun: error: enc3-node3: task 0: Terminated
srun: error: enc3-node3: task 0: Terminated
srun: error: enc3-node4: task 0: Terminated
srun: error: enc3-node2: task 0: Terminated
srun: error: enc3-node3: task 0: Terminated
srun: error: enc3-node4: task 0: Terminated
srun: error: enc3-node4: task 0: Terminated
srun: error: enc3-node6: task 0: Terminated
srun: error: enc3-node2: task 0: Terminated
srun: error: enc3-node4: task 0: Terminated
srun: error: enc3-node6: task 0: Terminated
srun: error: enc3-node4: task 0: Terminated
srun: error: enc3-node2: task 0: Terminated
srun: error: enc3-node2: task 0: Terminated
srun: error: enc3-node2: task 0: Terminated
srun: error: enc3-node2: task 0: Terminated
srun: error: enc3-node2: task 0: Terminated
slurmstepd-enc1-node2: error: *** STEP 1516480.21 ON enc1-node2 CANCELLED AT 2021-10-11T17:40:40 ***
slurmstepd-enc1-node2: error: *** JOB 1516480 ON enc1-node2 CANCELLED AT 2021-10-11T17:40:40 ***
srun: forcing job termination
srun: forcing job termination
srun: forcing job termination
srun: forcing job termination
srun: forcing job termination
srun: forcing job termination
srun: forcing job termination
srun: forcing job termination
srun: forcing job termination
srun: forcing job termination
srun: forcing job termination
srun: forcing job termination
srun: forcing job termination
srun: forcing job termination
srun: forcing job termination
slurmstepd-enc1-node2: error: *** STEP 1516480.19 ON enc1-node2 CANCELLED AT 2021-10-11T17:40:40 ***
srun: error: enc1-node2: task 0: Terminated
srun: error: enc1-node2: task 0: Terminated
slurmstepd-enc1-node2: error: *** STEP 1516480.11 ON enc1-node2 CANCELLED AT 2021-10-11T17:40:40 ***
slurmstepd-enc1-node2: error: *** STEP 1516480.18 ON enc1-node2 CANCELLED AT 2021-10-11T17:40:40 ***
srun: error: enc1-node2: task 0: Terminated
slurmstepd-enc1-node2: error: *** STEP 1516480.9 ON enc1-node2 CANCELLED AT 2021-10-11T17:40:40 ***
slurmstepd-enc1-node2: error: *** STEP 1516480.15 ON enc1-node2 CANCELLED AT 2021-10-11T17:40:40 ***
slurmstepd-enc1-node2: error: *** STEP 1516480.16 ON enc1-node2 CANCELLED AT 2021-10-11T17:40:40 ***
slurmstepd-enc1-node2: error: *** STEP 1516480.14 ON enc1-node2 CANCELLED AT 2021-10-11T17:40:40 ***
slurmstepd-enc1-node2: error: *** STEP 1516480.17 ON enc1-node2 CANCELLED AT 2021-10-11T17:40:40 ***
srun: error: enc1-node2: task 0: Terminated
slurmstepd-enc1-node2: error: *** STEP 1516480.20 ON enc1-node2 CANCELLED AT 2021-10-11T17:40:40 ***
slurmstepd-enc1-node2: error: *** STEP 1516480.8 ON enc1-node2 CANCELLED AT 2021-10-11T17:40:40 ***
srun: error: enc1-node2: task 0: Terminated
slurmstepd-enc1-node2: error: *** STEP 1516480.12 ON enc1-node2 CANCELLED AT 2021-10-11T17:40:40 ***
slurmstepd-enc1-node2: error: *** STEP 1516480.22 ON enc1-node2 CANCELLED AT 2021-10-11T17:40:40 ***
slurmstepd-enc1-node2: error: *** STEP 1516480.10 ON enc1-node2 CANCELLED AT 2021-10-11T17:40:40 ***
srun: error: enc1-node2: task 0: Terminated
slurmstepd-enc1-node2: error: *** STEP 1516480.13 ON enc1-node2 CANCELLED AT 2021-10-11T17:40:40 ***
srun: error: enc1-node2: task 0: Terminated
srun: error: enc1-node2: task 0: Terminated
srun: error: enc1-node2: task 0: Terminated
srun: error: enc1-node2: task 0: Terminated
srun: error: enc1-node2: task 0: Terminated
srun: error: enc1-node2: task 0: Terminated
srun: error: enc1-node2: task 0: Terminated
srun: error: enc1-node2: task 0: Terminated
srun: error: enc1-node2: task 0: Terminated
