srun: Job step aborted: Waiting up to 32 seconds for job step to finish.
srun: Job step aborted: Waiting up to 32 seconds for job step to finish.
srun: Job step aborted: Waiting up to 32 seconds for job step to finish.
srun: Job step aborted: Waiting up to 32 seconds for job step to finish.
srun: Job step aborted: Waiting up to 32 seconds for job step to finish.
srun: Job step aborted: Waiting up to 32 seconds for job step to finish.
srun: Job step aborted: Waiting up to 32 seconds for job step to finish.
srun: Job step aborted: Waiting up to 32 seconds for job step to finish.
srun: got SIGCONT
srun: got SIGCONT
srun: got SIGCONT
srun: got SIGCONT
srun: got SIGCONT
srun: got SIGCONT
srun: got SIGCONT
srun: got SIGCONT
slurmstepd-enc3-node6: error: *** STEP 1516771.1 ON enc3-node6 CANCELLED AT 2021-10-12T22:10:55 ***
slurmstepd-enc3-node6: error: *** JOB 1516771 ON enc3-node6 CANCELLED AT 2021-10-12T22:10:55 ***
slurmstepd-enc3-node6: error: *** STEP 1516771.4 ON enc3-node6 CANCELLED AT 2021-10-12T22:10:55 ***
srun: forcing job termination
srun: forcing job termination
srun: forcing job termination
srun: forcing job termination
srun: forcing job termination
srun: forcing job termination
srun: forcing job termination
srun: forcing job termination
slurmstepd-enc3-node6: error: *** STEP 1516771.7 ON enc3-node6 CANCELLED AT 2021-10-12T22:10:55 ***
slurmstepd-enc3-node6: error: *** STEP 1516771.5 ON enc3-node6 CANCELLED AT 2021-10-12T22:10:55 ***
slurmstepd-enc3-node6: error: *** STEP 1516771.0 ON enc3-node6 CANCELLED AT 2021-10-12T22:10:56 ***
srun: error: enc3-node6: task 0: Terminated
slurmstepd-enc3-node6: error: *** STEP 1516771.2 ON enc3-node6 CANCELLED AT 2021-10-12T22:10:56 ***
srun: error: enc3-node6: task 0: Terminated
srun: error: enc3-node6: task 0: Terminated
slurmstepd-enc3-node6: error: *** STEP 1516771.3 ON enc3-node6 CANCELLED AT 2021-10-12T22:10:56 ***
slurmstepd-enc3-node6: error: *** STEP 1516771.6 ON enc3-node6 CANCELLED AT 2021-10-12T22:10:56 ***
srun: error: enc3-node6: task 0: Terminated
srun: error: enc3-node6: task 0: Terminated
srun: error: enc3-node6: task 0: Terminated
srun: error: enc3-node6: task 0: Terminated
srun: error: enc3-node6: task 0: Terminated
