Setting parameters
Initialising
   making state/history dataframes
   initialising velocity, position and direction
   setting time/run counters
   making the maze walls
   discretising position for later plotting
   handling undefined parameters
   initialising basis features for learning
   calculating state vector at all discretised positions
HBox(children=(HTML(value=''), FloatProgress(value=0.0, max=2500.0), HTML(value='')))

   initialising STDP weight matrix and traces
DONE
HBox(children=(HTML(value=''), FloatProgress(value=0.0, max=12000.0), HTML(value='')))

Calculating place and grid cells
0.05
0.05
0.05
              R2        SNR        skew        peak 
W             0.91      6.55       0.02        -0.15 
W (no theta)  0.88      6.41       -0.00        -0.05 
M             -         -          -0.14        0.05 
0.05
Setting parameters
Initialising
   making state/history dataframes
   initialising velocity, position and direction
   setting time/run counters
   making the maze walls
   discretising position for later plotting
   handling undefined parameters
   initialising basis features for learning
   calculating state vector at all discretised positions
HBox(children=(HTML(value=''), FloatProgress(value=0.0, max=2500.0), HTML(value='')))

   initialising STDP weight matrix and traces
DONE
HBox(children=(HTML(value=''), FloatProgress(value=0.0, max=12000.0), HTML(value='')))

Calculating place and grid cells
0.05
0.05
0.05
              R2        SNR        skew        peak 
W             0.01      1.17       -0.73        -0.45 
W (no theta)  0.00      0.41       nan        0.15 
M             -         -          -0.13        0.05 
0.05
Setting parameters
Initialising
   making state/history dataframes
   initialising velocity, position and direction
   setting time/run counters
   making the maze walls
   discretising position for later plotting
   handling undefined parameters
   initialising basis features for learning
   calculating state vector at all discretised positions
HBox(children=(HTML(value=''), FloatProgress(value=0.0, max=2500.0), HTML(value='')))

   initialising STDP weight matrix and traces
DONE
HBox(children=(HTML(value=''), FloatProgress(value=0.0, max=12000.0), HTML(value='')))

Calculating place and grid cells
0.05
0.05
0.05
              R2        SNR        skew        peak 
W             0.14      1.43       -0.24        -0.45 
W (no theta)  0.00      1.23       -0.95        0.05 
M             -         -          -0.13        0.05 
0.05
Setting parameters
Initialising
   making state/history dataframes
   initialising velocity, position and direction
   setting time/run counters
   making the maze walls
   discretising position for later plotting
   handling undefined parameters
   initialising basis features for learning
   calculating state vector at all discretised positions
HBox(children=(HTML(value=''), FloatProgress(value=0.0, max=2500.0), HTML(value='')))

   initialising STDP weight matrix and traces
DONE
HBox(children=(HTML(value=''), FloatProgress(value=0.0, max=12000.0), HTML(value='')))

Calculating place and grid cells
0.05
0.05
0.05
              R2        SNR        skew        peak 
W             0.92      8.18       0.01        -0.05 
W (no theta)  0.89      6.86       -0.00        -0.05 
M             -         -          -0.13        0.05 
0.05
Setting parameters
Initialising
   making state/history dataframes
   initialising velocity, position and direction
   setting time/run counters
   making the maze walls
   discretising position for later plotting
   handling undefined parameters
   initialising basis features for learning
   calculating state vector at all discretised positions
HBox(children=(HTML(value=''), FloatProgress(value=0.0, max=2500.0), HTML(value='')))

   initialising STDP weight matrix and traces
DONE
HBox(children=(HTML(value=''), FloatProgress(value=0.0, max=12000.0), HTML(value='')))

Calculating place and grid cells
0.05
0.05
0.05
              R2        SNR        skew        peak 
W             0.83      6.30       -0.00        -0.05 
W (no theta)  0.86      5.70       0.00        -0.05 
M             -         -          -0.13        0.05 
0.05
Setting parameters
Initialising
   making state/history dataframes
   initialising velocity, position and direction
   setting time/run counters
   making the maze walls
   discretising position for later plotting
   handling undefined parameters
   initialising basis features for learning
   calculating state vector at all discretised positions
HBox(children=(HTML(value=''), FloatProgress(value=0.0, max=2500.0), HTML(value='')))

   initialising STDP weight matrix and traces
DONE
HBox(children=(HTML(value=''), FloatProgress(value=0.0, max=12000.0), HTML(value='')))

Calculating place and grid cells
0.05
0.05
0.05
              R2        SNR        skew        peak 
W             0.78      3.64       0.05        0.15 
W (no theta)  0.70      3.39       -0.00        -0.05 
M             -         -          -0.13        0.05 
0.05
