Setting parameters
Initialising
   making state/history dataframes
   initialising velocity, position and direction
   setting time/run counters
   making the maze walls
   discretising position for later plotting
   handling undefined parameters
   initialising basis features for learning
   calculating state vector at all discretised positions
HBox(children=(HTML(value=''), FloatProgress(value=0.0, max=25.0), HTML(value='')))

   initialising STDP weight matrix and traces
DONE
HBox(children=(HTML(value=''), FloatProgress(value=0.0, max=1200.0), HTML(value='')))

Calculating place and grid cells
              R2        SNR        skew        peak 
W             0.62      3.41       -0.02        -0.05 
W (no theta)  0.83      7.23       -0.00        0.15 
M             -         -          -0.28        0.05 
Setting parameters
Initialising
   making state/history dataframes
   initialising velocity, position and direction
   setting time/run counters
   making the maze walls
   discretising position for later plotting
   handling undefined parameters
   initialising basis features for learning
   calculating state vector at all discretised positions
HBox(children=(HTML(value=''), FloatProgress(value=0.0, max=25.0), HTML(value='')))

   initialising STDP weight matrix and traces
DONE
HBox(children=(HTML(value=''), FloatProgress(value=0.0, max=1200.0), HTML(value='')))

Calculating place and grid cells
              R2        SNR        skew        peak 
W             0.70      3.47       0.02        0.15 
W (no theta)  0.86      6.84       0.01        -0.05 
M             -         -          -0.28        0.05 
Setting parameters
Initialising
   making state/history dataframes
   initialising velocity, position and direction
   setting time/run counters
   making the maze walls
   discretising position for later plotting
   handling undefined parameters
   initialising basis features for learning
   calculating state vector at all discretised positions
HBox(children=(HTML(value=''), FloatProgress(value=0.0, max=25.0), HTML(value='')))

   initialising STDP weight matrix and traces
DONE
HBox(children=(HTML(value=''), FloatProgress(value=0.0, max=1200.0), HTML(value='')))

Calculating place and grid cells
              R2        SNR        skew        peak 
W             0.66      3.15       0.00        -0.25 
W (no theta)  0.85      6.45       0.00        -0.05 
M             -         -          -0.28        0.05 
Setting parameters
Initialising
   making state/history dataframes
   initialising velocity, position and direction
   setting time/run counters
   making the maze walls
   discretising position for later plotting
   handling undefined parameters
   initialising basis features for learning
   calculating state vector at all discretised positions
HBox(children=(HTML(value=''), FloatProgress(value=0.0, max=25.0), HTML(value='')))

   initialising STDP weight matrix and traces
DONE
HBox(children=(HTML(value=''), FloatProgress(value=0.0, max=1200.0), HTML(value='')))

Calculating place and grid cells
              R2        SNR        skew        peak 
W             0.00      0.52       nan        0.45 
W (no theta)  0.00      1.01       0.99        -0.35 
M             -         -          -0.28        0.05 
Setting parameters
Initialising
   making state/history dataframes
   initialising velocity, position and direction
   setting time/run counters
   making the maze walls
   discretising position for later plotting
   handling undefined parameters
   initialising basis features for learning
   calculating state vector at all discretised positions
HBox(children=(HTML(value=''), FloatProgress(value=0.0, max=25.0), HTML(value='')))

   initialising STDP weight matrix and traces
DONE
HBox(children=(HTML(value=''), FloatProgress(value=0.0, max=1200.0), HTML(value='')))

Calculating place and grid cells
              R2        SNR        skew        peak 
W             0.00      0.78       0.91        0.05 
W (no theta)  0.00      0.69       nan        -0.05 
M             -         -          -0.28        0.05 
Setting parameters
Initialising
   making state/history dataframes
   initialising velocity, position and direction
   setting time/run counters
   making the maze walls
   discretising position for later plotting
   handling undefined parameters
   initialising basis features for learning
   calculating state vector at all discretised positions
HBox(children=(HTML(value=''), FloatProgress(value=0.0, max=25.0), HTML(value='')))

   initialising STDP weight matrix and traces
DONE
HBox(children=(HTML(value=''), FloatProgress(value=0.0, max=1200.0), HTML(value='')))

Calculating place and grid cells
              R2        SNR        skew        peak 
W             0.00      0.54       nan        0.25 
W (no theta)  0.01      1.65       0.98        0.05 
M             -         -          -0.28        0.05 
