tester
Setting parameters
Initialising
   making state/history dataframes
   initialising velocity, position and direction
   setting time/run counters
   making the maze walls
   discretising position for later plotting
   handling undefined parameters
   initialising basis features for learning
   calculating state vector at all discretised positions
HBox(children=(HTML(value=''), FloatProgress(value=0.0, max=10000.0), HTML(value='')))

   initialising STDP weight matrix and traces
DONE
HBox(children=(HTML(value=''), FloatProgress(value=0.0, max=60000.0), HTML(value='')))

Calculating place and grid cells
theta: (0.8738935449637951, -1.7424807362668315, 0.35204172433359654, 0.30491393265493477)
no theta: (0.9799310469400957, -0.5828206429847109, 0.19338790857144675, 0.1759808411988508)
tester
Setting parameters
Initialising
   making state/history dataframes
   initialising velocity, position and direction
   setting time/run counters
   making the maze walls
   discretising position for later plotting
   handling undefined parameters
   initialising basis features for learning
   calculating state vector at all discretised positions
HBox(children=(HTML(value=''), FloatProgress(value=0.0, max=10000.0), HTML(value='')))

   initialising STDP weight matrix and traces
DONE
HBox(children=(HTML(value=''), FloatProgress(value=0.0, max=60000.0), HTML(value='')))

Calculating place and grid cells
theta: (0.9362341560735647, -1.0404596763027567, 0.2553925240744515, 0.22687179588411327)
no theta: (0.9693179004229371, -0.6820016106159312, 0.19433068145261026, 0.18701605844612976)
tester
Setting parameters
Initialising
   making state/history dataframes
   initialising velocity, position and direction
   setting time/run counters
   making the maze walls
   discretising position for later plotting
   handling undefined parameters
   initialising basis features for learning
   calculating state vector at all discretised positions
HBox(children=(HTML(value=''), FloatProgress(value=0.0, max=10000.0), HTML(value='')))

   initialising STDP weight matrix and traces
DONE
HBox(children=(HTML(value=''), FloatProgress(value=0.0, max=60000.0), HTML(value='')))

Calculating place and grid cells
theta: (0.7608146516533709, -2.815790731505148, 0.49180259634645085, 0.4241670367493422)
no theta: (0.9861560470052586, -0.38402618851128767, 0.18136552745173073, 0.15384970730110056)
