tester
Setting parameters
Initialising
   making state/history dataframes
   initialising velocity, position and direction
   setting time/run counters
   making the maze walls
   discretising position for later plotting
   handling undefined parameters
   initialising basis features for learning
   calculating state vector at all discretised positions
HBox(children=(HTML(value=''), FloatProgress(value=0.0, max=10000.0), HTML(value='')))

   initialising STDP weight matrix and traces
DONE
HBox(children=(HTML(value=''), FloatProgress(value=0.0, max=1800000.0), HTML(value='')))

Calculating place and grid cells
theta: (0.9097316409029417, -1.6460885166871928, 0.33958507448599345, 0.3142499727445819)
no theta: (0.8481432906457677, -2.3412703087342224, 0.4054180984671959, 0.3968098938604536)
tester
Setting parameters
Initialising
   making state/history dataframes
   initialising velocity, position and direction
   setting time/run counters
   making the maze walls
   discretising position for later plotting
   handling undefined parameters
   initialising basis features for learning
   calculating state vector at all discretised positions
HBox(children=(HTML(value=''), FloatProgress(value=0.0, max=10000.0), HTML(value='')))

   initialising STDP weight matrix and traces
DONE
HBox(children=(HTML(value=''), FloatProgress(value=0.0, max=1800000.0), HTML(value='')))

Calculating place and grid cells
theta: (0.8577773365768686, -1.7239675882698227, 0.3508208646909839, 0.3236841744779021)
no theta: (0.9198079329865215, -1.4650495157528018, 0.3356584133418326, 0.2929174051077447)
tester
Setting parameters
Initialising
   making state/history dataframes
   initialising velocity, position and direction
   setting time/run counters
   making the maze walls
   discretising position for later plotting
   handling undefined parameters
   initialising basis features for learning
   calculating state vector at all discretised positions
HBox(children=(HTML(value=''), FloatProgress(value=0.0, max=10000.0), HTML(value='')))

   initialising STDP weight matrix and traces
DONE
HBox(children=(HTML(value=''), FloatProgress(value=0.0, max=1800000.0), HTML(value='')))

Calculating place and grid cells
theta: (0.9063953857765555, -1.2277759929031262, 0.3320671687931661, 0.2646436828348499)
no theta: (0.9287821512220036, -1.5013949270885543, 0.3514273547960352, 0.2971476341597831)
tester
Setting parameters
Initialising
   making state/history dataframes
   initialising velocity, position and direction
   setting time/run counters
   making the maze walls
   discretising position for later plotting
   handling undefined parameters
   initialising basis features for learning
   calculating state vector at all discretised positions
HBox(children=(HTML(value=''), FloatProgress(value=0.0, max=10000.0), HTML(value='')))

   initialising STDP weight matrix and traces
DONE
HBox(children=(HTML(value=''), FloatProgress(value=0.0, max=1800000.0), HTML(value='')))

Calculating place and grid cells
theta: (0.6023550288478919, -3.633685737025247, 0.5485746024967079, 0.5502956775009791)
no theta: (0.8643469806240731, -2.134689619037764, 0.38539846560039026, 0.37227517047176756)
tester
Setting parameters
Initialising
   making state/history dataframes
   initialising velocity, position and direction
   setting time/run counters
   making the maze walls
   discretising position for later plotting
   handling undefined parameters
   initialising basis features for learning
   calculating state vector at all discretised positions
HBox(children=(HTML(value=''), FloatProgress(value=0.0, max=10000.0), HTML(value='')))

   initialising STDP weight matrix and traces
DONE
HBox(children=(HTML(value=''), FloatProgress(value=0.0, max=1800000.0), HTML(value='')))

Calculating place and grid cells
theta: (0.910628814828112, -1.4612715011540018, 0.29867154206295426, 0.2922464753053896)
no theta: (0.8475000769967513, -2.3465531744323394, 0.4062249301984526, 0.3973630577493609)
tester
Setting parameters
Initialising
   making state/history dataframes
   initialising velocity, position and direction
   setting time/run counters
   making the maze walls
   discretising position for later plotting
   handling undefined parameters
   initialising basis features for learning
   calculating state vector at all discretised positions
HBox(children=(HTML(value=''), FloatProgress(value=0.0, max=10000.0), HTML(value='')))

   initialising STDP weight matrix and traces
DONE
HBox(children=(HTML(value=''), FloatProgress(value=0.0, max=1800000.0), HTML(value='')))

Calculating place and grid cells
theta: (0.329752664695361, -7.099763945581415, 1.1540622895858708, 0.9622099445881225)
no theta: (0.73237127223104, -3.0116150750281134, 0.580504145502286, 0.4765590633239866)
tester
Setting parameters
Initialising
   making state/history dataframes
   initialising velocity, position and direction
   setting time/run counters
   making the maze walls
   discretising position for later plotting
   handling undefined parameters
   initialising basis features for learning
   calculating state vector at all discretised positions
HBox(children=(HTML(value=''), FloatProgress(value=0.0, max=10000.0), HTML(value='')))

   initialising STDP weight matrix and traces
DONE
HBox(children=(HTML(value=''), FloatProgress(value=0.0, max=1800000.0), HTML(value='')))

Calculating place and grid cells
theta: (0.4286574807411896, -4.950707902650408, 0.6538161954520295, 0.7066949731926346)
no theta: (0.9012641822729873, -1.8237700675660946, 0.3689201139496165, 0.3353456672460738)
tester
Setting parameters
Initialising
   making state/history dataframes
   initialising velocity, position and direction
   setting time/run counters
   making the maze walls
   discretising position for later plotting
   handling undefined parameters
   initialising basis features for learning
   calculating state vector at all discretised positions
HBox(children=(HTML(value=''), FloatProgress(value=0.0, max=10000.0), HTML(value='')))

   initialising STDP weight matrix and traces
DONE
HBox(children=(HTML(value=''), FloatProgress(value=0.0, max=1800000.0), HTML(value='')))

Calculating place and grid cells
theta: (0.7640252910363041, -2.4828065505989976, 0.4413504354081486, 0.41387028263278747)
no theta: (0.8458250195827223, -2.3646790634697767, 0.40966198552582844, 0.39983290910239044)
tester
Setting parameters
Initialising
   making state/history dataframes
   initialising velocity, position and direction
   setting time/run counters
   making the maze walls
   discretising position for later plotting
   handling undefined parameters
   initialising basis features for learning
   calculating state vector at all discretised positions
HBox(children=(HTML(value=''), FloatProgress(value=0.0, max=10000.0), HTML(value='')))

   initialising STDP weight matrix and traces
DONE
HBox(children=(HTML(value=''), FloatProgress(value=0.0, max=1800000.0), HTML(value='')))

Calculating place and grid cells
theta: (0.9301009450818073, -1.3150155536372305, 0.3098422032755108, 0.27486812675423666)
no theta: (0.8575473758555786, -2.250604294967384, 0.3984043471795659, 0.3859531362427179)
tester
Setting parameters
Initialising
   making state/history dataframes
   initialising velocity, position and direction
   setting time/run counters
   making the maze walls
   discretising position for later plotting
   handling undefined parameters
   initialising basis features for learning
   calculating state vector at all discretised positions
HBox(children=(HTML(value=''), FloatProgress(value=0.0, max=10000.0), HTML(value='')))

   initialising STDP weight matrix and traces
DONE
HBox(children=(HTML(value=''), FloatProgress(value=0.0, max=1800000.0), HTML(value='')))

Calculating place and grid cells
theta: (0.9405614298688714, -1.2255776201744104, 0.3284762930470459, 0.26439306448045574)
no theta: (0.942530135336325, -1.2824943476129183, 0.33617467054537903, 0.2711546295911287)
tester
Setting parameters
Initialising
   making state/history dataframes
   initialising velocity, position and direction
   setting time/run counters
   making the maze walls
   discretising position for later plotting
   handling undefined parameters
   initialising basis features for learning
   calculating state vector at all discretised positions
HBox(children=(HTML(value=''), FloatProgress(value=0.0, max=10000.0), HTML(value='')))

   initialising STDP weight matrix and traces
DONE
HBox(children=(HTML(value=''), FloatProgress(value=0.0, max=1800000.0), HTML(value='')))

Calculating place and grid cells
theta: (0.8831680082712506, -1.5134524575982802, 0.3198819791466929, 0.2984409161592375)
no theta: (0.8518226801694139, -2.3026607789641402, 0.40182874773866634, 0.3921494936805259)
tester
Setting parameters
Initialising
   making state/history dataframes
   initialising velocity, position and direction
   setting time/run counters
   making the maze walls
   discretising position for later plotting
   handling undefined parameters
   initialising basis features for learning
   calculating state vector at all discretised positions
HBox(children=(HTML(value=''), FloatProgress(value=0.0, max=10000.0), HTML(value='')))

   initialising STDP weight matrix and traces
DONE
HBox(children=(HTML(value=''), FloatProgress(value=0.0, max=1800000.0), HTML(value='')))

Calculating place and grid cells
theta: (0.8529863955386991, -1.7348230727168819, 0.36027874514058367, 0.3249472859147868)
no theta: (0.8583707180172547, -2.2624877155039558, 0.4005492920902041, 0.3876435514456011)
tester
Setting parameters
Initialising
   making state/history dataframes
   initialising velocity, position and direction
   setting time/run counters
   making the maze walls
   discretising position for later plotting
   handling undefined parameters
   initialising basis features for learning
   calculating state vector at all discretised positions
HBox(children=(HTML(value=''), FloatProgress(value=0.0, max=10000.0), HTML(value='')))

   initialising STDP weight matrix and traces
DONE
HBox(children=(HTML(value=''), FloatProgress(value=0.0, max=1800000.0), HTML(value='')))

Calculating place and grid cells
theta: (0.9128915494464639, -1.2894312487082282, 0.29373250843026266, 0.2721034759494424)
no theta: (0.850738167734119, -2.29764306879079, 0.4002869745809218, 0.391931464185634)
tester
Setting parameters
Initialising
   making state/history dataframes
   initialising velocity, position and direction
   setting time/run counters
   making the maze walls
   discretising position for later plotting
   handling undefined parameters
   initialising basis features for learning
   calculating state vector at all discretised positions
HBox(children=(HTML(value=''), FloatProgress(value=0.0, max=10000.0), HTML(value='')))

   initialising STDP weight matrix and traces
DONE
HBox(children=(HTML(value=''), FloatProgress(value=0.0, max=1800000.0), HTML(value='')))

Calculating place and grid cells
theta: (0.4233808478479297, -5.966788112830091, 0.9899303753451937, 0.8271214342511024)
no theta: (0.6703412079695541, -3.566179349300179, 0.6634306167209633, 0.5421127715202897)
tester
Setting parameters
Initialising
   making state/history dataframes
   initialising velocity, position and direction
   setting time/run counters
   making the maze walls
   discretising position for later plotting
   handling undefined parameters
   initialising basis features for learning
   calculating state vector at all discretised positions
HBox(children=(HTML(value=''), FloatProgress(value=0.0, max=10000.0), HTML(value='')))

   initialising STDP weight matrix and traces
DONE
HBox(children=(HTML(value=''), FloatProgress(value=0.0, max=1800000.0), HTML(value='')))

Calculating place and grid cells
theta: (0.7644605470662303, -2.6164641822141315, 0.511381797106325, 0.42962724117795714)
no theta: (0.944149136560134, -1.244003130253811, 0.3318349681301097, 0.26658217127852124)
tester
Setting parameters
Initialising
   making state/history dataframes
   initialising velocity, position and direction
   setting time/run counters
   making the maze walls
   discretising position for later plotting
   handling undefined parameters
   initialising basis features for learning
   calculating state vector at all discretised positions
HBox(children=(HTML(value=''), FloatProgress(value=0.0, max=10000.0), HTML(value='')))

   initialising STDP weight matrix and traces
DONE
HBox(children=(HTML(value=''), FloatProgress(value=0.0, max=1800000.0), HTML(value='')))

Calculating place and grid cells
theta: (0.5064687326196686, -5.118113898794474, 0.8812948670500319, 0.7265046802115146)
no theta: (0.6097206672051662, -4.122872823233592, 0.745977434169961, 0.6083232747499078)
tester
Setting parameters
Initialising
   making state/history dataframes
   initialising velocity, position and direction
   setting time/run counters
   making the maze walls
   discretising position for later plotting
   handling undefined parameters
   initialising basis features for learning
   calculating state vector at all discretised positions
HBox(children=(HTML(value=''), FloatProgress(value=0.0, max=10000.0), HTML(value='')))

   initialising STDP weight matrix and traces
DONE
HBox(children=(HTML(value=''), FloatProgress(value=0.0, max=1800000.0), HTML(value='')))

Calculating place and grid cells
theta: (0.9196499738604912, -1.2317023158532399, 0.29135599646151583, 0.26490531886383767)
no theta: (0.8612701856073286, -2.2083923676904607, 0.3933102452013383, 0.38083941445317604)
tester
Setting parameters
Initialising
   making state/history dataframes
   initialising velocity, position and direction
   setting time/run counters
   making the maze walls
   discretising position for later plotting
   handling undefined parameters
   initialising basis features for learning
   calculating state vector at all discretised positions
HBox(children=(HTML(value=''), FloatProgress(value=0.0, max=10000.0), HTML(value='')))

   initialising STDP weight matrix and traces
DONE
HBox(children=(HTML(value=''), FloatProgress(value=0.0, max=1800000.0), HTML(value='')))

Calculating place and grid cells
theta: (0.876938958814381, -1.5417568214996682, 0.3442080921193089, 0.30196032624286334)
no theta: (0.9256248920027857, -1.559128566812952, 0.35995165040558164, 0.30402408696058303)
tester
Setting parameters
Initialising
   making state/history dataframes
   initialising velocity, position and direction
   setting time/run counters
   making the maze walls
   discretising position for later plotting
   handling undefined parameters
   initialising basis features for learning
   calculating state vector at all discretised positions
HBox(children=(HTML(value=''), FloatProgress(value=0.0, max=10000.0), HTML(value='')))

   initialising STDP weight matrix and traces
DONE
HBox(children=(HTML(value=''), FloatProgress(value=0.0, max=1800000.0), HTML(value='')))

Calculating place and grid cells
theta: (0.8757130487781095, -1.5150902407780964, 0.3513284893509222, 0.2987613791664671)
no theta: (0.8670397569764597, -2.1670877627225575, 0.390124257621065, 0.37621055999943126)
tester
Setting parameters
Initialising
   making state/history dataframes
   initialising velocity, position and direction
   setting time/run counters
   making the maze walls
   discretising position for later plotting
   handling undefined parameters
   initialising basis features for learning
   calculating state vector at all discretised positions
HBox(children=(HTML(value=''), FloatProgress(value=0.0, max=10000.0), HTML(value='')))

   initialising STDP weight matrix and traces
DONE
HBox(children=(HTML(value=''), FloatProgress(value=0.0, max=1800000.0), HTML(value='')))

Calculating place and grid cells
theta: (0.9121733940257262, -1.3604718427473155, 0.3284141690135548, 0.28042880699987766)
no theta: (0.9389644969543931, -1.1921474188850425, 0.3195294638167836, 0.26043152657576546)
tester
Setting parameters
Initialising
   making state/history dataframes
   initialising velocity, position and direction
   setting time/run counters
   making the maze walls
   discretising position for later plotting
   handling undefined parameters
   initialising basis features for learning
   calculating state vector at all discretised positions
HBox(children=(HTML(value=''), FloatProgress(value=0.0, max=10000.0), HTML(value='')))

   initialising STDP weight matrix and traces
DONE
HBox(children=(HTML(value=''), FloatProgress(value=0.0, max=1800000.0), HTML(value='')))

Calculating place and grid cells
theta: (0.8822582852744087, -2.010048729832349, 0.372740843782255, 0.35751942482301147)
no theta: (0.8537364511830031, -2.2915293953398894, 0.4014455217862054, 0.39095237380940867)
tester
Setting parameters
Initialising
   making state/history dataframes
   initialising velocity, position and direction
   setting time/run counters
   making the maze walls
   discretising position for later plotting
   handling undefined parameters
   initialising basis features for learning
   calculating state vector at all discretised positions
HBox(children=(HTML(value=''), FloatProgress(value=0.0, max=10000.0), HTML(value='')))

   initialising STDP weight matrix and traces
DONE
HBox(children=(HTML(value=''), FloatProgress(value=0.0, max=1800000.0), HTML(value='')))

Calculating place and grid cells
theta: (0.6638362321049147, -3.237442762371928, 0.4965372458566882, 0.5036367207842508)
no theta: (0.9134701187837193, -1.7361491529254578, 0.3748404256852678, 0.3252020768735121)
tester
Setting parameters
Initialising
   making state/history dataframes
   initialising velocity, position and direction
   setting time/run counters
   making the maze walls
   discretising position for later plotting
   handling undefined parameters
   initialising basis features for learning
   calculating state vector at all discretised positions
HBox(children=(HTML(value=''), FloatProgress(value=0.0, max=10000.0), HTML(value='')))

   initialising STDP weight matrix and traces
DONE
HBox(children=(HTML(value=''), FloatProgress(value=0.0, max=1800000.0), HTML(value='')))

Calculating place and grid cells
theta: (0.3359376814050148, -7.012756668861469, 1.1347388456444436, 0.9519689916788197)
no theta: (0.7267204322600931, -3.0314347043241217, 0.5826519806488014, 0.4789613598786282)
tester
Setting parameters
Initialising
   making state/history dataframes
   initialising velocity, position and direction
   setting time/run counters
   making the maze walls
   discretising position for later plotting
   handling undefined parameters
   initialising basis features for learning
   calculating state vector at all discretised positions
HBox(children=(HTML(value=''), FloatProgress(value=0.0, max=10000.0), HTML(value='')))

   initialising STDP weight matrix and traces
DONE
HBox(children=(HTML(value=''), FloatProgress(value=0.0, max=1800000.0), HTML(value='')))

Calculating place and grid cells
theta: (0.8743133624410954, -1.5612960313278603, 0.3280128783393665, 0.3043680054662905)
no theta: (0.8508877205946288, -2.303947437424676, 0.40275045850055546, 0.3926199390443227)
tester
Setting parameters
Initialising
   making state/history dataframes
   initialising velocity, position and direction
   setting time/run counters
   making the maze walls
   discretising position for later plotting
   handling undefined parameters
   initialising basis features for learning
   calculating state vector at all discretised positions
HBox(children=(HTML(value=''), FloatProgress(value=0.0, max=10000.0), HTML(value='')))

   initialising STDP weight matrix and traces
DONE
HBox(children=(HTML(value=''), FloatProgress(value=0.0, max=1800000.0), HTML(value='')))

Calculating place and grid cells
theta: (0.7465063045892872, -2.821665008561708, 0.5513840933172798, 0.45425117446225666)
no theta: (0.9424466541585792, -1.2803435552014313, 0.3367372957081693, 0.27104645116907616)
tester
Setting parameters
Initialising
   making state/history dataframes
   initialising velocity, position and direction
   setting time/run counters
   making the maze walls
   discretising position for later plotting
   handling undefined parameters
   initialising basis features for learning
   calculating state vector at all discretised positions
HBox(children=(HTML(value=''), FloatProgress(value=0.0, max=10000.0), HTML(value='')))

   initialising STDP weight matrix and traces
DONE
HBox(children=(HTML(value=''), FloatProgress(value=0.0, max=1800000.0), HTML(value='')))

Calculating place and grid cells
theta: (0.9022998314623825, -1.7412860592169874, 0.34655979730959025, 0.32556248416549777)
no theta: (0.86389878404904, -2.2143397589749396, 0.39508499270816494, 0.38174361021728564)
tester
Setting parameters
Initialising
   making state/history dataframes
   initialising velocity, position and direction
   setting time/run counters
   making the maze walls
   discretising position for later plotting
   handling undefined parameters
   initialising basis features for learning
   calculating state vector at all discretised positions
HBox(children=(HTML(value=''), FloatProgress(value=0.0, max=10000.0), HTML(value='')))

   initialising STDP weight matrix and traces
DONE
HBox(children=(HTML(value=''), FloatProgress(value=0.0, max=1800000.0), HTML(value='')))

Calculating place and grid cells
theta: (0.7971828731873518, -2.372285692535901, 0.47637870911672486, 0.4005311198100199)
no theta: (0.8759219199267764, -1.6788929927255967, 0.36111447955129505, 0.3181758925711707)
tester
Setting parameters
Initialising
   making state/history dataframes
   initialising velocity, position and direction
   setting time/run counters
   making the maze walls
   discretising position for later plotting
   handling undefined parameters
   initialising basis features for learning
   calculating state vector at all discretised positions
HBox(children=(HTML(value=''), FloatProgress(value=0.0, max=10000.0), HTML(value='')))

   initialising STDP weight matrix and traces
DONE
HBox(children=(HTML(value=''), FloatProgress(value=0.0, max=1800000.0), HTML(value='')))

Calculating place and grid cells
theta: (0.8653959995768028, -1.7417402495407428, 0.38628397663980063, 0.3255262662685403)
no theta: (0.931311301557849, -1.4747749768328848, 0.3512448298668912, 0.29382953334042705)
tester
Setting parameters
Initialising
   making state/history dataframes
   initialising velocity, position and direction
   setting time/run counters
   making the maze walls
   discretising position for later plotting
   handling undefined parameters
   initialising basis features for learning
   calculating state vector at all discretised positions
HBox(children=(HTML(value=''), FloatProgress(value=0.0, max=10000.0), HTML(value='')))

   initialising STDP weight matrix and traces
DONE
HBox(children=(HTML(value=''), FloatProgress(value=0.0, max=1800000.0), HTML(value='')))

Calculating place and grid cells
theta: (0.9106269666666542, -1.358131870558521, 0.2976506198816896, 0.28007988757531144)
no theta: (0.8793540529533025, -2.0767967224077184, 0.3885329541358185, 0.3654371033541632)
tester
Setting parameters
Initialising
   making state/history dataframes
   initialising velocity, position and direction
   setting time/run counters
   making the maze walls
   discretising position for later plotting
   handling undefined parameters
   initialising basis features for learning
   calculating state vector at all discretised positions
HBox(children=(HTML(value=''), FloatProgress(value=0.0, max=10000.0), HTML(value='')))

   initialising STDP weight matrix and traces
DONE
HBox(children=(HTML(value=''), FloatProgress(value=0.0, max=1800000.0), HTML(value='')))

Calculating place and grid cells
theta: (0.8829607761783, -1.902510139128795, 0.34296845794679764, 0.3448587032451063)
no theta: (0.8518985641715644, -2.312839602950082, 0.40295880567499626, 0.39361156887304266)
tester
Setting parameters
Initialising
   making state/history dataframes
   initialising velocity, position and direction
   setting time/run counters
   making the maze walls
   discretising position for later plotting
   handling undefined parameters
   initialising basis features for learning
   calculating state vector at all discretised positions
HBox(children=(HTML(value=''), FloatProgress(value=0.0, max=10000.0), HTML(value='')))

   initialising STDP weight matrix and traces
DONE
HBox(children=(HTML(value=''), FloatProgress(value=0.0, max=1800000.0), HTML(value='')))

Calculating place and grid cells
theta: (0.5820838353406163, -3.8824691809603715, 0.5315803844660917, 0.5799520813623487)
no theta: (0.9034836714177424, -1.8414002106513663, 0.3763006703996372, 0.3375087286934071)
tester
Setting parameters
Initialising
   making state/history dataframes
   initialising velocity, position and direction
   setting time/run counters
   making the maze walls
   discretising position for later plotting
   handling undefined parameters
   initialising basis features for learning
   calculating state vector at all discretised positions
HBox(children=(HTML(value=''), FloatProgress(value=0.0, max=10000.0), HTML(value='')))

   initialising STDP weight matrix and traces
DONE
HBox(children=(HTML(value=''), FloatProgress(value=0.0, max=1800000.0), HTML(value='')))

Calculating place and grid cells
theta: (0.42642135711424745, -5.898556800512736, 0.9748630846655517, 0.8192056939863122)
no theta: (0.6661343474581032, -3.6104234724604325, 0.6715370414368155, 0.5474891733945011)
tester
Setting parameters
Initialising
   making state/history dataframes
   initialising velocity, position and direction
   setting time/run counters
   making the maze walls
   discretising position for later plotting
   handling undefined parameters
   initialising basis features for learning
   calculating state vector at all discretised positions
HBox(children=(HTML(value=''), FloatProgress(value=0.0, max=10000.0), HTML(value='')))

   initialising STDP weight matrix and traces
DONE
HBox(children=(HTML(value=''), FloatProgress(value=0.0, max=1800000.0), HTML(value='')))

Calculating place and grid cells
theta: (0.8973526446857385, -1.4070133398538314, 0.3011930017429425, 0.2857002457555031)
no theta: (0.8602974152100338, -2.2205282554365433, 0.39174022771413497, 0.3822603301802377)
tester
Setting parameters
Initialising
   making state/history dataframes
   initialising velocity, position and direction
   setting time/run counters
   making the maze walls
   discretising position for later plotting
   handling undefined parameters
   initialising basis features for learning
   calculating state vector at all discretised positions
HBox(children=(HTML(value=''), FloatProgress(value=0.0, max=10000.0), HTML(value='')))

   initialising STDP weight matrix and traces
DONE
HBox(children=(HTML(value=''), FloatProgress(value=0.0, max=1800000.0), HTML(value='')))

Calculating place and grid cells
theta: (0.8468645642525766, -1.8113024757576683, 0.360911897554377, 0.3337707278525227)
no theta: (0.8807536301263047, -1.9783068626701303, 0.3727623754568186, 0.3535982548635797)
tester
Setting parameters
Initialising
   making state/history dataframes
   initialising velocity, position and direction
   setting time/run counters
   making the maze walls
   discretising position for later plotting
   handling undefined parameters
   initialising basis features for learning
   calculating state vector at all discretised positions
HBox(children=(HTML(value=''), FloatProgress(value=0.0, max=10000.0), HTML(value='')))

   initialising STDP weight matrix and traces
DONE
HBox(children=(HTML(value=''), FloatProgress(value=0.0, max=1800000.0), HTML(value='')))

Calculating place and grid cells
theta: (0.8998174144741716, -1.696606572116794, 0.3270247096919992, 0.32017946695934124)
no theta: (0.8659971377667138, -2.184383850209497, 0.39139834163352855, 0.3780953196126276)
tester
Setting parameters
Initialising
   making state/history dataframes
   initialising velocity, position and direction
   setting time/run counters
   making the maze walls
   discretising position for later plotting
   handling undefined parameters
   initialising basis features for learning
   calculating state vector at all discretised positions
HBox(children=(HTML(value=''), FloatProgress(value=0.0, max=10000.0), HTML(value='')))

   initialising STDP weight matrix and traces
DONE
HBox(children=(HTML(value=''), FloatProgress(value=0.0, max=1800000.0), HTML(value='')))

Calculating place and grid cells
theta: (0.7222196812128026, -2.7989463364959377, 0.45247177561546986, 0.45134191790127354)
no theta: (0.8640860339606813, -2.2037932111005296, 0.39625245289504857, 0.3806334821225603)
tester
Setting parameters
Initialising
   making state/history dataframes
   initialising velocity, position and direction
   setting time/run counters
   making the maze walls
   discretising position for later plotting
   handling undefined parameters
   initialising basis features for learning
   calculating state vector at all discretised positions
HBox(children=(HTML(value=''), FloatProgress(value=0.0, max=10000.0), HTML(value='')))

   initialising STDP weight matrix and traces
DONE
HBox(children=(HTML(value=''), FloatProgress(value=0.0, max=1800000.0), HTML(value='')))

Calculating place and grid cells
theta: (0.5613263405522535, -4.52045975902703, 0.807242356634839, 0.655469003453541)
no theta: (0.9285583675724952, -1.2047476981217944, 0.31032791651681524, 0.2617796052568428)
tester
Setting parameters
Initialising
   making state/history dataframes
   initialising velocity, position and direction
   setting time/run counters
   making the maze walls
   discretising position for later plotting
   handling undefined parameters
   initialising basis features for learning
   calculating state vector at all discretised positions
HBox(children=(HTML(value=''), FloatProgress(value=0.0, max=10000.0), HTML(value='')))

   initialising STDP weight matrix and traces
DONE
HBox(children=(HTML(value=''), FloatProgress(value=0.0, max=1800000.0), HTML(value='')))

Calculating place and grid cells
theta: (0.9234860950263424, -1.2641972623714453, 0.32823855512231026, 0.2689942114753687)
no theta: (0.93643435364185, -1.3964906919887667, 0.3471502990129425, 0.2847111136087154)
tester
Setting parameters
Initialising
   making state/history dataframes
   initialising velocity, position and direction
   setting time/run counters
   making the maze walls
   discretising position for later plotting
   handling undefined parameters
   initialising basis features for learning
   calculating state vector at all discretised positions
HBox(children=(HTML(value=''), FloatProgress(value=0.0, max=10000.0), HTML(value='')))

   initialising STDP weight matrix and traces
DONE
HBox(children=(HTML(value=''), FloatProgress(value=0.0, max=1800000.0), HTML(value='')))

Calculating place and grid cells
theta: (0.5084820441064597, -5.09032472070032, 0.8766307585730443, 0.72360099046023)
no theta: (0.6093489699178162, -4.151275814014848, 0.7523322452257583, 0.6120311234778222)
tester
Setting parameters
Initialising
   making state/history dataframes
   initialising velocity, position and direction
   setting time/run counters
   making the maze walls
   discretising position for later plotting
   handling undefined parameters
   initialising basis features for learning
   calculating state vector at all discretised positions
HBox(children=(HTML(value=''), FloatProgress(value=0.0, max=10000.0), HTML(value='')))

   initialising STDP weight matrix and traces
DONE
HBox(children=(HTML(value=''), FloatProgress(value=0.0, max=1800000.0), HTML(value='')))

Calculating place and grid cells
theta: (0.9237720682765166, -1.2856061185412413, 0.3258231474188281, 0.2714532740396051)
no theta: (0.9373145404866056, -1.3940594567567226, 0.34712876039646234, 0.28433388960161937)
tester
Setting parameters
Initialising
   making state/history dataframes
   initialising velocity, position and direction
   setting time/run counters
   making the maze walls
   discretising position for later plotting
   handling undefined parameters
   initialising basis features for learning
   calculating state vector at all discretised positions
HBox(children=(HTML(value=''), FloatProgress(value=0.0, max=10000.0), HTML(value='')))

   initialising STDP weight matrix and traces
DONE
HBox(children=(HTML(value=''), FloatProgress(value=0.0, max=1800000.0), HTML(value='')))

Calculating place and grid cells
theta: (0.8777074710696201, -2.0689419070201076, 0.37824961344606167, 0.3645788891427477)
no theta: (0.8450124511615381, -2.346176632244627, 0.4051843231045642, 0.39751334382334846)
tester
Setting parameters
Initialising
   making state/history dataframes
   initialising velocity, position and direction
   setting time/run counters
   making the maze walls
   discretising position for later plotting
   handling undefined parameters
   initialising basis features for learning
   calculating state vector at all discretised positions
HBox(children=(HTML(value=''), FloatProgress(value=0.0, max=10000.0), HTML(value='')))

   initialising STDP weight matrix and traces
DONE
HBox(children=(HTML(value=''), FloatProgress(value=0.0, max=1800000.0), HTML(value='')))

Calculating place and grid cells
theta: (0.7979595309763664, -2.3649601660541477, 0.4743526926043357, 0.3993927034859855)
no theta: (0.8745575326783575, -1.6744378820920502, 0.36271644813750026, 0.31743346825012286)
tester
Setting parameters
Initialising
   making state/history dataframes
   initialising velocity, position and direction
   setting time/run counters
   making the maze walls
   discretising position for later plotting
   handling undefined parameters
   initialising basis features for learning
   calculating state vector at all discretised positions
HBox(children=(HTML(value=''), FloatProgress(value=0.0, max=10000.0), HTML(value='')))

   initialising STDP weight matrix and traces
DONE
HBox(children=(HTML(value=''), FloatProgress(value=0.0, max=1800000.0), HTML(value='')))

Calculating place and grid cells
theta: (0.9224196198715364, -1.293024672535338, 0.2972884348967347, 0.27246022062460773)
no theta: (0.8427345110951724, -2.385397146433955, 0.40968220941261596, 0.4022573609726818)
tester
Setting parameters
Initialising
   making state/history dataframes
   initialising velocity, position and direction
   setting time/run counters
   making the maze walls
   discretising position for later plotting
   handling undefined parameters
   initialising basis features for learning
   calculating state vector at all discretised positions
HBox(children=(HTML(value=''), FloatProgress(value=0.0, max=10000.0), HTML(value='')))

   initialising STDP weight matrix and traces
DONE
HBox(children=(HTML(value=''), FloatProgress(value=0.0, max=1800000.0), HTML(value='')))

Calculating place and grid cells
theta: (0.8563326335182572, -1.8553804415032835, 0.39578557342456727, 0.3393568596839291)
no theta: (0.9281210241280371, -1.5373339752933117, 0.3599754287603556, 0.3015576058830016)
tester
Setting parameters
Initialising
   making state/history dataframes
   initialising velocity, position and direction
   setting time/run counters
   making the maze walls
   discretising position for later plotting
   handling undefined parameters
   initialising basis features for learning
   calculating state vector at all discretised positions
HBox(children=(HTML(value=''), FloatProgress(value=0.0, max=10000.0), HTML(value='')))

   initialising STDP weight matrix and traces
DONE
HBox(children=(HTML(value=''), FloatProgress(value=0.0, max=1800000.0), HTML(value='')))

Calculating place and grid cells
theta: (0.9321595604482713, -1.0214290870924194, 0.3110243821155111, 0.24007561085196488)
no theta: (0.9296296405900757, -1.356187611233997, 0.3262059110895202, 0.27983330390405714)
tester
Setting parameters
Initialising
   making state/history dataframes
   initialising velocity, position and direction
   setting time/run counters
   making the maze walls
   discretising position for later plotting
   handling undefined parameters
   initialising basis features for learning
   calculating state vector at all discretised positions
HBox(children=(HTML(value=''), FloatProgress(value=0.0, max=10000.0), HTML(value='')))

   initialising STDP weight matrix and traces
DONE
HBox(children=(HTML(value=''), FloatProgress(value=0.0, max=1800000.0), HTML(value='')))

Calculating place and grid cells
theta: (0.9241151792926842, -1.1066002549564349, 0.29546893274798025, 0.2501668811780058)
no theta: (0.8553137287095252, -2.2838527916181297, 0.4001835166510539, 0.38997014701480903)
tester
Setting parameters
Initialising
   making state/history dataframes
   initialising velocity, position and direction
   setting time/run counters
   making the maze walls
   discretising position for later plotting
   handling undefined parameters
   initialising basis features for learning
   calculating state vector at all discretised positions
HBox(children=(HTML(value=''), FloatProgress(value=0.0, max=10000.0), HTML(value='')))

   initialising STDP weight matrix and traces
DONE
HBox(children=(HTML(value=''), FloatProgress(value=0.0, max=1800000.0), HTML(value='')))

Calculating place and grid cells
theta: (0.8182942402978257, -2.0334400173996245, 0.4121145055611281, 0.3603613762428386)
no theta: (0.9211886322187169, -1.5922741543013004, 0.3565409337746331, 0.3079525147965672)
tester
Setting parameters
Initialising
   making state/history dataframes
   initialising velocity, position and direction
   setting time/run counters
   making the maze walls
   discretising position for later plotting
   handling undefined parameters
   initialising basis features for learning
   calculating state vector at all discretised positions
HBox(children=(HTML(value=''), FloatProgress(value=0.0, max=10000.0), HTML(value='')))

   initialising STDP weight matrix and traces
DONE
HBox(children=(HTML(value=''), FloatProgress(value=0.0, max=1800000.0), HTML(value='')))

Calculating place and grid cells
theta: (0.755539240895251, -2.72198349856885, 0.5317525737505042, 0.4421012501599038)
no theta: (0.9441289802029706, -1.2248009313513069, 0.32857400140171383, 0.2642642756168943)
tester
Setting parameters
Initialising
   making state/history dataframes
   initialising velocity, position and direction
   setting time/run counters
   making the maze walls
   discretising position for later plotting
   handling undefined parameters
   initialising basis features for learning
   calculating state vector at all discretised positions
HBox(children=(HTML(value=''), FloatProgress(value=0.0, max=10000.0), HTML(value='')))

   initialising STDP weight matrix and traces
DONE
HBox(children=(HTML(value=''), FloatProgress(value=0.0, max=1800000.0), HTML(value='')))

Calculating place and grid cells
theta: (0.9003349067996996, -1.8062000456166674, 0.35926168315398427, 0.33324758356280204)
no theta: (0.8647744236694946, -2.2054382606761935, 0.39391385197702106, 0.38065873325697025)
tester
Setting parameters
Initialising
   making state/history dataframes
   initialising velocity, position and direction
   setting time/run counters
   making the maze walls
   discretising position for later plotting
   handling undefined parameters
   initialising basis features for learning
   calculating state vector at all discretised positions
HBox(children=(HTML(value=''), FloatProgress(value=0.0, max=10000.0), HTML(value='')))

   initialising STDP weight matrix and traces
DONE
HBox(children=(HTML(value=''), FloatProgress(value=0.0, max=1800000.0), HTML(value='')))

Calculating place and grid cells
theta: (0.8789339814678638, -1.5081849020631193, 0.33272135264474034, 0.2977122192338005)
no theta: (0.8745165431873777, -2.0973008096358736, 0.3821627079661346, 0.36763808637587353)
tester
Setting parameters
Initialising
   making state/history dataframes
   initialising velocity, position and direction
   setting time/run counters
   making the maze walls
   discretising position for later plotting
   handling undefined parameters
   initialising basis features for learning
   calculating state vector at all discretised positions
HBox(children=(HTML(value=''), FloatProgress(value=0.0, max=10000.0), HTML(value='')))

   initialising STDP weight matrix and traces
DONE
HBox(children=(HTML(value=''), FloatProgress(value=0.0, max=1800000.0), HTML(value='')))

Calculating place and grid cells
theta: (0.896539061972345, -1.6896976378871895, 0.32047806905840237, 0.3196089043556409)
no theta: (0.8552022806122741, -2.2676359720956034, 0.39945040024246253, 0.38828362644320313)
tester
Setting parameters
Initialising
   making state/history dataframes
   initialising velocity, position and direction
   setting time/run counters
   making the maze walls
   discretising position for later plotting
   handling undefined parameters
   initialising basis features for learning
   calculating state vector at all discretised positions
HBox(children=(HTML(value=''), FloatProgress(value=0.0, max=10000.0), HTML(value='')))

   initialising STDP weight matrix and traces
DONE
HBox(children=(HTML(value=''), FloatProgress(value=0.0, max=1800000.0), HTML(value='')))

Calculating place and grid cells
theta: (0.9286899026771754, -1.0554586638162489, 0.30132895706032015, 0.2441595858270615)
no theta: (0.867524769980881, -2.1888385905045475, 0.3968107618554409, 0.3787891837636797)
tester
Setting parameters
Initialising
   making state/history dataframes
   initialising velocity, position and direction
   setting time/run counters
   making the maze walls
   discretising position for later plotting
   handling undefined parameters
   initialising basis features for learning
   calculating state vector at all discretised positions
HBox(children=(HTML(value=''), FloatProgress(value=0.0, max=10000.0), HTML(value='')))

   initialising STDP weight matrix and traces
DONE
HBox(children=(HTML(value=''), FloatProgress(value=0.0, max=1800000.0), HTML(value='')))

Calculating place and grid cells
theta: (0.926083811615544, -1.3280321824772674, 0.30498165854531994, 0.27661045413478436)
no theta: (0.8495346592953197, -2.3310348772853677, 0.40528125953149524, 0.39578450722457237)
tester
Setting parameters
Initialising
   making state/history dataframes
   initialising velocity, position and direction
   setting time/run counters
   making the maze walls
   discretising position for later plotting
   handling undefined parameters
   initialising basis features for learning
   calculating state vector at all discretised positions
HBox(children=(HTML(value=''), FloatProgress(value=0.0, max=10000.0), HTML(value='')))

   initialising STDP weight matrix and traces
DONE
HBox(children=(HTML(value=''), FloatProgress(value=0.0, max=1800000.0), HTML(value='')))

Calculating place and grid cells
theta: (0.910553136866449, -1.594149838095746, 0.3277381289297752, 0.308110786921417)
no theta: (0.8437520576911011, -2.377403627540341, 0.4078128655886334, 0.4011389296605061)
tester
Setting parameters
Initialising
   making state/history dataframes
   initialising velocity, position and direction
   setting time/run counters
   making the maze walls
   discretising position for later plotting
   handling undefined parameters
   initialising basis features for learning
   calculating state vector at all discretised positions
HBox(children=(HTML(value=''), FloatProgress(value=0.0, max=10000.0), HTML(value='')))

   initialising STDP weight matrix and traces
DONE
HBox(children=(HTML(value=''), FloatProgress(value=0.0, max=1800000.0), HTML(value='')))

Calculating place and grid cells
theta: (0.9133140979946125, -1.3151802180690808, 0.32714309719941465, 0.2749241388539736)
no theta: (0.9396240501257521, -1.1641539887864365, 0.31499338462586207, 0.25699000322779625)
tester
Setting parameters
Initialising
   making state/history dataframes
   initialising velocity, position and direction
   setting time/run counters
   making the maze walls
   discretising position for later plotting
   handling undefined parameters
   initialising basis features for learning
   calculating state vector at all discretised positions
HBox(children=(HTML(value=''), FloatProgress(value=0.0, max=10000.0), HTML(value='')))

   initialising STDP weight matrix and traces
DONE
HBox(children=(HTML(value=''), FloatProgress(value=0.0, max=1800000.0), HTML(value='')))

Calculating place and grid cells
theta: (0.8219023878108979, -2.0198527578631844, 0.3848957133861493, 0.35879221808662964)
no theta: (0.872082671303441, -2.134742961601409, 0.38952562968150045, 0.37244245680384125)
tester
Setting parameters
Initialising
   making state/history dataframes
   initialising velocity, position and direction
   setting time/run counters
   making the maze walls
   discretising position for later plotting
   handling undefined parameters
   initialising basis features for learning
   calculating state vector at all discretised positions
HBox(children=(HTML(value=''), FloatProgress(value=0.0, max=10000.0), HTML(value='')))

   initialising STDP weight matrix and traces
DONE
HBox(children=(HTML(value=''), FloatProgress(value=0.0, max=1800000.0), HTML(value='')))

Calculating place and grid cells
theta: (0.5729281210655601, -4.377312575393904, 0.7788860431536175, 0.6385984085160387)
no theta: (0.9267949360091654, -1.235174903905865, 0.31268510760298934, 0.2654447024189802)
tester
Setting parameters
Initialising
   making state/history dataframes
   initialising velocity, position and direction
   setting time/run counters
   making the maze walls
   discretising position for later plotting
   handling undefined parameters
   initialising basis features for learning
   calculating state vector at all discretised positions
HBox(children=(HTML(value=''), FloatProgress(value=0.0, max=10000.0), HTML(value='')))

   initialising STDP weight matrix and traces
DONE
HBox(children=(HTML(value=''), FloatProgress(value=0.0, max=1800000.0), HTML(value='')))

Calculating place and grid cells
theta: (0.9254840603475466, -1.2165343154750743, 0.3261865547659688, 0.26321246148241256)
no theta: (0.9377555202273528, -1.3807834040603155, 0.3453852973817135, 0.28271696750378583)
tester
Setting parameters
Initialising
   making state/history dataframes
   initialising velocity, position and direction
   setting time/run counters
   making the maze walls
   discretising position for later plotting
   handling undefined parameters
   initialising basis features for learning
   calculating state vector at all discretised positions
HBox(children=(HTML(value=''), FloatProgress(value=0.0, max=10000.0), HTML(value='')))

   initialising STDP weight matrix and traces
DONE
HBox(children=(HTML(value=''), FloatProgress(value=0.0, max=1800000.0), HTML(value='')))

Calculating place and grid cells
theta: (0.9029461899884235, -1.6852207416907232, 0.33178316864925544, 0.3187198757975005)
no theta: (0.8596657985671949, -2.232580918336578, 0.39464318115341035, 0.38368830271618326)
tester
Setting parameters
Initialising
   making state/history dataframes
   initialising velocity, position and direction
   setting time/run counters
   making the maze walls
   discretising position for later plotting
   handling undefined parameters
   initialising basis features for learning
   calculating state vector at all discretised positions
HBox(children=(HTML(value=''), FloatProgress(value=0.0, max=10000.0), HTML(value='')))

   initialising STDP weight matrix and traces
DONE
HBox(children=(HTML(value=''), FloatProgress(value=0.0, max=1800000.0), HTML(value='')))

Calculating place and grid cells
theta: (0.8979526578544286, -1.3364979396922942, 0.3170961081203232, 0.277482472005036)
no theta: (0.8805278997012026, -2.041115475592801, 0.3788874558023908, 0.36116284353813427)
tester
Setting parameters
Initialising
   making state/history dataframes
   initialising velocity, position and direction
   setting time/run counters
   making the maze walls
   discretising position for later plotting
   handling undefined parameters
   initialising basis features for learning
   calculating state vector at all discretised positions
HBox(children=(HTML(value=''), FloatProgress(value=0.0, max=10000.0), HTML(value='')))

   initialising STDP weight matrix and traces
DONE
HBox(children=(HTML(value=''), FloatProgress(value=0.0, max=1800000.0), HTML(value='')))

Calculating place and grid cells
theta: (0.8121446383076038, -2.103882528504097, 0.3884381139747802, 0.36865970599207876)
no theta: (0.8556152675237305, -2.2693798234726232, 0.39668478972106647, 0.3883164370523828)
tester
Setting parameters
Initialising
   making state/history dataframes
   initialising velocity, position and direction
   setting time/run counters
   making the maze walls
   discretising position for later plotting
   handling undefined parameters
   initialising basis features for learning
   calculating state vector at all discretised positions
HBox(children=(HTML(value=''), FloatProgress(value=0.0, max=10000.0), HTML(value='')))

   initialising STDP weight matrix and traces
DONE
HBox(children=(HTML(value=''), FloatProgress(value=0.0, max=1800000.0), HTML(value='')))

Calculating place and grid cells
theta: (0.9142826321781427, -1.1980336497067836, 0.2983359813403957, 0.2611917218068288)
no theta: (0.8498889207501852, -2.3277316212808383, 0.4017950981346439, 0.39543341476565635)
tester
Setting parameters
Initialising
   making state/history dataframes
   initialising velocity, position and direction
   setting time/run counters
   making the maze walls
   discretising position for later plotting
   handling undefined parameters
   initialising basis features for learning
   calculating state vector at all discretised positions
HBox(children=(HTML(value=''), FloatProgress(value=0.0, max=10000.0), HTML(value='')))

   initialising STDP weight matrix and traces
DONE
HBox(children=(HTML(value=''), FloatProgress(value=0.0, max=1800000.0), HTML(value='')))

Calculating place and grid cells
theta: (0.6215961217501261, -3.601319075456405, 0.5284503730238133, 0.5460981441609277)
no theta: (0.9120666222964481, -1.6802422914202686, 0.35489617507638155, 0.3180990749051801)
tester
Setting parameters
Initialising
   making state/history dataframes
   initialising velocity, position and direction
   setting time/run counters
   making the maze walls
   discretising position for later plotting
   handling undefined parameters
   initialising basis features for learning
   calculating state vector at all discretised positions
HBox(children=(HTML(value=''), FloatProgress(value=0.0, max=10000.0), HTML(value='')))

   initialising STDP weight matrix and traces
DONE
HBox(children=(HTML(value=''), FloatProgress(value=0.0, max=1800000.0), HTML(value='')))

Calculating place and grid cells
theta: (0.8651745238739034, -1.723939013212143, 0.3802467746899282, 0.32317984427015056)
no theta: (0.9453061019659608, -1.1720336436789625, 0.32023803949578067, 0.25769941665688295)
tester
Setting parameters
Initialising
   making state/history dataframes
   initialising velocity, position and direction
   setting time/run counters
   making the maze walls
   discretising position for later plotting
   handling undefined parameters
   initialising basis features for learning
   calculating state vector at all discretised positions
HBox(children=(HTML(value=''), FloatProgress(value=0.0, max=10000.0), HTML(value='')))

   initialising STDP weight matrix and traces
DONE
HBox(children=(HTML(value=''), FloatProgress(value=0.0, max=1800000.0), HTML(value='')))

Calculating place and grid cells
theta: (0.8593382809402622, -1.8099826952262434, 0.386181631480409, 0.33380259392811856)
no theta: (0.944113757726007, -1.1895081010536237, 0.32384288852435983, 0.26009536813161194)
tester
Setting parameters
Initialising
   making state/history dataframes
   initialising velocity, position and direction
   setting time/run counters
   making the maze walls
   discretising position for later plotting
   handling undefined parameters
   initialising basis features for learning
   calculating state vector at all discretised positions
HBox(children=(HTML(value=''), FloatProgress(value=0.0, max=10000.0), HTML(value='')))

   initialising STDP weight matrix and traces
DONE
HBox(children=(HTML(value=''), FloatProgress(value=0.0, max=1800000.0), HTML(value='')))

Calculating place and grid cells
theta: (0.9118061470221862, -1.35547852838484, 0.3306954785177446, 0.2797706641694813)
no theta: (0.939484717671977, -1.172203029158566, 0.316273442164161, 0.25800221774696713)
tester
Setting parameters
Initialising
   making state/history dataframes
   initialising velocity, position and direction
   setting time/run counters
   making the maze walls
   discretising position for later plotting
   handling undefined parameters
   initialising basis features for learning
   calculating state vector at all discretised positions
HBox(children=(HTML(value=''), FloatProgress(value=0.0, max=10000.0), HTML(value='')))

   initialising STDP weight matrix and traces
DONE
HBox(children=(HTML(value=''), FloatProgress(value=0.0, max=1800000.0), HTML(value='')))

Calculating place and grid cells
theta: (0.9179694868199966, -1.3373325761348185, 0.30059820961068856, 0.27776202450708437)
no theta: (0.8852403438425844, -1.9725174762837172, 0.37558270047983827, 0.3532456101992181)
tester
Setting parameters
Initialising
   making state/history dataframes
   initialising velocity, position and direction
   setting time/run counters
   making the maze walls
   discretising position for later plotting
   handling undefined parameters
   initialising basis features for learning
   calculating state vector at all discretised positions
HBox(children=(HTML(value=''), FloatProgress(value=0.0, max=10000.0), HTML(value='')))

   initialising STDP weight matrix and traces
DONE
HBox(children=(HTML(value=''), FloatProgress(value=0.0, max=1800000.0), HTML(value='')))

Calculating place and grid cells
theta: (0.8411996426376213, -1.8701979456233375, 0.3675397052161691, 0.3408880786633596)
no theta: (0.8422245301399203, -2.3997988084190496, 0.4102692887256833, 0.4037877894140339)
tester
Setting parameters
Initialising
   making state/history dataframes
   initialising velocity, position and direction
   setting time/run counters
   making the maze walls
   discretising position for later plotting
   handling undefined parameters
   initialising basis features for learning
   calculating state vector at all discretised positions
HBox(children=(HTML(value=''), FloatProgress(value=0.0, max=10000.0), HTML(value='')))

   initialising STDP weight matrix and traces
DONE
HBox(children=(HTML(value=''), FloatProgress(value=0.0, max=1800000.0), HTML(value='')))

Calculating place and grid cells
theta: (0.8828975078428283, -1.9268763154041881, 0.35254670742925204, 0.34776152080337697)
no theta: (0.8507887695412696, -2.3201424402294255, 0.4035520419859156, 0.3944880684644075)
tester
Setting parameters
Initialising
   making state/history dataframes
   initialising velocity, position and direction
   setting time/run counters
   making the maze walls
   discretising position for later plotting
   handling undefined parameters
   initialising basis features for learning
   calculating state vector at all discretised positions
HBox(children=(HTML(value=''), FloatProgress(value=0.0, max=10000.0), HTML(value='')))

   initialising STDP weight matrix and traces
DONE
HBox(children=(HTML(value=''), FloatProgress(value=0.0, max=1800000.0), HTML(value='')))

Calculating place and grid cells
theta: (0.6639686609314811, -3.214933676937985, 0.5017425272146053, 0.5008410909366147)
no theta: (0.8695443386377548, -2.1197749451945684, 0.3863926003406014, 0.3707084397501314)
tester
Setting parameters
Initialising
   making state/history dataframes
   initialising velocity, position and direction
   setting time/run counters
   making the maze walls
   discretising position for later plotting
   handling undefined parameters
   initialising basis features for learning
   calculating state vector at all discretised positions
HBox(children=(HTML(value=''), FloatProgress(value=0.0, max=10000.0), HTML(value='')))

   initialising STDP weight matrix and traces
DONE
HBox(children=(HTML(value=''), FloatProgress(value=0.0, max=1800000.0), HTML(value='')))

Calculating place and grid cells
theta: (0.9020273358222891, -1.3562253613136481, 0.2939996417574827, 0.27976787514493706)
no theta: (0.8479460476631175, -2.336415664560729, 0.40460508183035465, 0.39615137685897533)
tester
Setting parameters
Initialising
   making state/history dataframes
   initialising velocity, position and direction
   setting time/run counters
   making the maze walls
   discretising position for later plotting
   handling undefined parameters
   initialising basis features for learning
   calculating state vector at all discretised positions
HBox(children=(HTML(value=''), FloatProgress(value=0.0, max=10000.0), HTML(value='')))

   initialising STDP weight matrix and traces
DONE
HBox(children=(HTML(value=''), FloatProgress(value=0.0, max=1800000.0), HTML(value='')))

Calculating place and grid cells
theta: (0.9066298551151959, -1.4771036060813443, 0.29498705002560693, 0.29425967549383825)
no theta: (0.8420858160949114, -2.395680822253267, 0.41153194329124604, 0.40337914586366463)
tester
Setting parameters
Initialising
   making state/history dataframes
   initialising velocity, position and direction
   setting time/run counters
   making the maze walls
   discretising position for later plotting
   handling undefined parameters
   initialising basis features for learning
   calculating state vector at all discretised positions
HBox(children=(HTML(value=''), FloatProgress(value=0.0, max=10000.0), HTML(value='')))

   initialising STDP weight matrix and traces
DONE
HBox(children=(HTML(value=''), FloatProgress(value=0.0, max=1800000.0), HTML(value='')))

Calculating place and grid cells
theta: (0.6897013322456822, -3.0600658367552134, 0.47183535336534416, 0.48219184327156905)
no theta: (0.9232889102795545, -1.3973291748674361, 0.32124875024694044, 0.28471769183966905)
tester
Setting parameters
Initialising
   making state/history dataframes
   initialising velocity, position and direction
   setting time/run counters
   making the maze walls
   discretising position for later plotting
   handling undefined parameters
   initialising basis features for learning
   calculating state vector at all discretised positions
HBox(children=(HTML(value=''), FloatProgress(value=0.0, max=10000.0), HTML(value='')))

   initialising STDP weight matrix and traces
DONE
HBox(children=(HTML(value=''), FloatProgress(value=0.0, max=1800000.0), HTML(value='')))

Calculating place and grid cells
theta: (0.8624785430364026, -1.767895803426657, 0.3847877099046555, 0.3289205898784825)
no theta: (0.9441977548943712, -1.191808147447512, 0.3241914547418791, 0.2604616936325373)
tester
Setting parameters
Initialising
   making state/history dataframes
   initialising velocity, position and direction
   setting time/run counters
   making the maze walls
   discretising position for later plotting
   handling undefined parameters
   initialising basis features for learning
   calculating state vector at all discretised positions
HBox(children=(HTML(value=''), FloatProgress(value=0.0, max=10000.0), HTML(value='')))

   initialising STDP weight matrix and traces
DONE
HBox(children=(HTML(value=''), FloatProgress(value=0.0, max=1800000.0), HTML(value='')))

Calculating place and grid cells
theta: (0.8471031940301713, -1.81837759772655, 0.35705461816493406, 0.3348329267783662)
no theta: (0.8468892297816386, -2.359390840135347, 0.407462747341164, 0.3991071558694984)
tester
Setting parameters
Initialising
   making state/history dataframes
   initialising velocity, position and direction
   setting time/run counters
   making the maze walls
   discretising position for later plotting
   handling undefined parameters
   initialising basis features for learning
   calculating state vector at all discretised positions
HBox(children=(HTML(value=''), FloatProgress(value=0.0, max=10000.0), HTML(value='')))

   initialising STDP weight matrix and traces
DONE
HBox(children=(HTML(value=''), FloatProgress(value=0.0, max=1800000.0), HTML(value='')))

Calculating place and grid cells
theta: (0.7720438813248726, -2.425154744585857, 0.4099367761858551, 0.40674518830625167)
no theta: (0.875133634232747, -2.0962022925985306, 0.3827364163994515, 0.3676813103197503)
tester
Setting parameters
Initialising
   making state/history dataframes
   initialising velocity, position and direction
   setting time/run counters
   making the maze walls
   discretising position for later plotting
   handling undefined parameters
   initialising basis features for learning
   calculating state vector at all discretised positions
HBox(children=(HTML(value=''), FloatProgress(value=0.0, max=10000.0), HTML(value='')))

   initialising STDP weight matrix and traces
DONE
HBox(children=(HTML(value=''), FloatProgress(value=0.0, max=1800000.0), HTML(value='')))

Calculating place and grid cells
theta: (0.8684448859915197, -1.6424514611951913, 0.3364675635438765, 0.3138767686811683)
no theta: (0.8450089071474739, -2.3670650757218414, 0.406195998283193, 0.3999481244695297)
tester
Setting parameters
Initialising
   making state/history dataframes
   initialising velocity, position and direction
   setting time/run counters
   making the maze walls
   discretising position for later plotting
   handling undefined parameters
   initialising basis features for learning
   calculating state vector at all discretised positions
HBox(children=(HTML(value=''), FloatProgress(value=0.0, max=10000.0), HTML(value='')))

   initialising STDP weight matrix and traces
DONE
HBox(children=(HTML(value=''), FloatProgress(value=0.0, max=1800000.0), HTML(value='')))

Calculating place and grid cells
theta: (0.6147823958877958, -3.58060218294312, 0.5262614330634151, 0.5445114467766535)
no theta: (0.9212261937507641, -1.5294603714546309, 0.34175712770249506, 0.3006853840208449)
tester
Setting parameters
Initialising
   making state/history dataframes
   initialising velocity, position and direction
   setting time/run counters
   making the maze walls
   discretising position for later plotting
   handling undefined parameters
   initialising basis features for learning
   calculating state vector at all discretised positions
HBox(children=(HTML(value=''), FloatProgress(value=0.0, max=10000.0), HTML(value='')))

   initialising STDP weight matrix and traces
DONE
HBox(children=(HTML(value=''), FloatProgress(value=0.0, max=1800000.0), HTML(value='')))

Calculating place and grid cells
theta: (0.941733806987399, -1.1866150778567857, 0.3233940557709351, 0.2596611922373018)
no theta: (0.9419974577580674, -1.2913136943511092, 0.3370496732443187, 0.2720941841524397)
tester
Setting parameters
Initialising
   making state/history dataframes
   initialising velocity, position and direction
   setting time/run counters
   making the maze walls
   discretising position for later plotting
   handling undefined parameters
   initialising basis features for learning
   calculating state vector at all discretised positions
HBox(children=(HTML(value=''), FloatProgress(value=0.0, max=10000.0), HTML(value='')))

   initialising STDP weight matrix and traces
DONE
HBox(children=(HTML(value=''), FloatProgress(value=0.0, max=1800000.0), HTML(value='')))

Calculating place and grid cells
theta: (0.7960301571999501, -2.4094361238551287, 0.4821270948907859, 0.4051044083535881)
no theta: (0.8767210817824022, -1.6679834205190711, 0.3596155157175065, 0.31700604023766293)
tester
Setting parameters
Initialising
   making state/history dataframes
   initialising velocity, position and direction
   setting time/run counters
   making the maze walls
   discretising position for later plotting
   handling undefined parameters
   initialising basis features for learning
   calculating state vector at all discretised positions
HBox(children=(HTML(value=''), FloatProgress(value=0.0, max=10000.0), HTML(value='')))

   initialising STDP weight matrix and traces
DONE
HBox(children=(HTML(value=''), FloatProgress(value=0.0, max=1800000.0), HTML(value='')))

Calculating place and grid cells
theta: (0.41882940240963856, -6.015176684113561, 1.0045224427259667, 0.8329598465927285)
no theta: (0.676314133256112, -3.5042701035444024, 0.6563510003656744, 0.5348227569174399)
tester
Setting parameters
Initialising
   making state/history dataframes
   initialising velocity, position and direction
   setting time/run counters
   making the maze walls
   discretising position for later plotting
   handling undefined parameters
   initialising basis features for learning
   calculating state vector at all discretised positions
HBox(children=(HTML(value=''), FloatProgress(value=0.0, max=10000.0), HTML(value='')))

   initialising STDP weight matrix and traces
DONE
HBox(children=(HTML(value=''), FloatProgress(value=0.0, max=1800000.0), HTML(value='')))

Calculating place and grid cells
theta: (0.5829364927487244, -4.242663124129807, 0.7518974846988551, 0.6227721953380041)
no theta: (0.9242640709916368, -1.2299519917770438, 0.31402969521266877, 0.2648943989983819)
tester
Setting parameters
Initialising
   making state/history dataframes
   initialising velocity, position and direction
   setting time/run counters
   making the maze walls
   discretising position for later plotting
   handling undefined parameters
   initialising basis features for learning
   calculating state vector at all discretised positions
HBox(children=(HTML(value=''), FloatProgress(value=0.0, max=10000.0), HTML(value='')))

   initialising STDP weight matrix and traces
DONE
HBox(children=(HTML(value=''), FloatProgress(value=0.0, max=1800000.0), HTML(value='')))

Calculating place and grid cells
theta: (0.5042308994713148, -5.153075331328219, 0.8894268636689824, 0.7307913262872758)
no theta: (0.6133997706502119, -4.075345613496234, 0.7388022638428019, 0.6027910195360118)
tester
Setting parameters
Initialising
   making state/history dataframes
   initialising velocity, position and direction
   setting time/run counters
   making the maze walls
   discretising position for later plotting
   handling undefined parameters
   initialising basis features for learning
   calculating state vector at all discretised positions
HBox(children=(HTML(value=''), FloatProgress(value=0.0, max=10000.0), HTML(value='')))

   initialising STDP weight matrix and traces
DONE
HBox(children=(HTML(value=''), FloatProgress(value=0.0, max=1800000.0), HTML(value='')))

Calculating place and grid cells
theta: (0.3712429545520772, -5.320321150311904, 0.6873151146061159, 0.7509754768149745)
no theta: (0.9091901549532494, -1.6426804436168267, 0.3444510539824222, 0.31400116529154803)
tester
Setting parameters
Initialising
   making state/history dataframes
   initialising velocity, position and direction
   setting time/run counters
   making the maze walls
   discretising position for later plotting
   handling undefined parameters
   initialising basis features for learning
   calculating state vector at all discretised positions
HBox(children=(HTML(value=''), FloatProgress(value=0.0, max=10000.0), HTML(value='')))

   initialising STDP weight matrix and traces
DONE
HBox(children=(HTML(value=''), FloatProgress(value=0.0, max=1800000.0), HTML(value='')))

Calculating place and grid cells
theta: (0.7031620945788537, -3.243688280419102, 0.6168244718831736, 0.5044423256034167)
no theta: (0.9072282912863463, -1.3988124626945018, 0.328888321723857, 0.2851440674734406)
tester
Setting parameters
Initialising
   making state/history dataframes
   initialising velocity, position and direction
   setting time/run counters
   making the maze walls
   discretising position for later plotting
   handling undefined parameters
   initialising basis features for learning
   calculating state vector at all discretised positions
HBox(children=(HTML(value=''), FloatProgress(value=0.0, max=10000.0), HTML(value='')))

   initialising STDP weight matrix and traces
DONE
HBox(children=(HTML(value=''), FloatProgress(value=0.0, max=1800000.0), HTML(value='')))

Calculating place and grid cells
theta: (0.7111474813683992, -3.1125318174658307, 0.5893698655280769, 0.48860978981045744)
no theta: (0.9045898758783459, -1.4108277446070665, 0.33086746164462516, 0.28643037667427484)
tester
Setting parameters
Initialising
   making state/history dataframes
   initialising velocity, position and direction
   setting time/run counters
   making the maze walls
   discretising position for later plotting
   handling undefined parameters
   initialising basis features for learning
   calculating state vector at all discretised positions
HBox(children=(HTML(value=''), FloatProgress(value=0.0, max=10000.0), HTML(value='')))

   initialising STDP weight matrix and traces
DONE
HBox(children=(HTML(value=''), FloatProgress(value=0.0, max=1800000.0), HTML(value='')))

Calculating place and grid cells
theta: (0.9310106903250689, -0.9974272230055228, 0.3104447778595148, 0.23726214109088906)
no theta: (0.9193897206817426, -1.5140758276865265, 0.3397730002918435, 0.29863166320733836)
tester
Setting parameters
Initialising
   making state/history dataframes
   initialising velocity, position and direction
   setting time/run counters
   making the maze walls
   discretising position for later plotting
   handling undefined parameters
   initialising basis features for learning
   calculating state vector at all discretised positions
HBox(children=(HTML(value=''), FloatProgress(value=0.0, max=10000.0), HTML(value='')))

   initialising STDP weight matrix and traces
DONE
HBox(children=(HTML(value=''), FloatProgress(value=0.0, max=1800000.0), HTML(value='')))

Calculating place and grid cells
theta: (0.9231963576907681, -1.4070174894017757, 0.3173092580218958, 0.28590835584516394)
no theta: (0.8785352548199638, -2.0345174335937704, 0.3785074687805708, 0.3604435339761106)
tester
Setting parameters
Initialising
   making state/history dataframes
   initialising velocity, position and direction
   setting time/run counters
   making the maze walls
   discretising position for later plotting
   handling undefined parameters
   initialising basis features for learning
   calculating state vector at all discretised positions
HBox(children=(HTML(value=''), FloatProgress(value=0.0, max=10000.0), HTML(value='')))

   initialising STDP weight matrix and traces
DONE
HBox(children=(HTML(value=''), FloatProgress(value=0.0, max=1800000.0), HTML(value='')))

Calculating place and grid cells
theta: (0.881990366898627, -1.9707951629793738, 0.3596099085095049, 0.35284967421803204)
no theta: (0.8473465177012999, -2.3471873935019993, 0.4032795034779072, 0.39755483517060125)
tester
Setting parameters
Initialising
   making state/history dataframes
   initialising velocity, position and direction
   setting time/run counters
   making the maze walls
   discretising position for later plotting
   handling undefined parameters
   initialising basis features for learning
   calculating state vector at all discretised positions
HBox(children=(HTML(value=''), FloatProgress(value=0.0, max=10000.0), HTML(value='')))

   initialising STDP weight matrix and traces
DONE
HBox(children=(HTML(value=''), FloatProgress(value=0.0, max=1800000.0), HTML(value='')))

Calculating place and grid cells
theta: (0.9413666177079969, -1.2063146242636997, 0.32563878551294334, 0.26215618802043233)
no theta: (0.940737005243619, -1.3164640574639224, 0.34038296743344687, 0.2752442377495222)
tester
Setting parameters
Initialising
   making state/history dataframes
   initialising velocity, position and direction
   setting time/run counters
   making the maze walls
   discretising position for later plotting
   handling undefined parameters
   initialising basis features for learning
   calculating state vector at all discretised positions
HBox(children=(HTML(value=''), FloatProgress(value=0.0, max=10000.0), HTML(value='')))

   initialising STDP weight matrix and traces
DONE
HBox(children=(HTML(value=''), FloatProgress(value=0.0, max=1800000.0), HTML(value='')))

Calculating place and grid cells
theta: (0.9368292173017618, -1.023606129107696, 0.2989321047662948, 0.24037024447502253)
no theta: (0.8790539711211337, -2.0816385759914526, 0.3861420562759518, 0.3660466368627528)
tester
Setting parameters
Initialising
   making state/history dataframes
   initialising velocity, position and direction
   setting time/run counters
   making the maze walls
   discretising position for later plotting
   handling undefined parameters
   initialising basis features for learning
   calculating state vector at all discretised positions
HBox(children=(HTML(value=''), FloatProgress(value=0.0, max=10000.0), HTML(value='')))

   initialising STDP weight matrix and traces
DONE
HBox(children=(HTML(value=''), FloatProgress(value=0.0, max=1800000.0), HTML(value='')))

Calculating place and grid cells
theta: (0.9208136416098923, -1.2673016035401634, 0.2904052368392244, 0.2694139331925179)
no theta: (0.8393614892573787, -2.4198807743879627, 0.41414220420345127, 0.40637007843981515)
tester
Setting parameters
Initialising
   making state/history dataframes
   initialising velocity, position and direction
   setting time/run counters
   making the maze walls
   discretising position for later plotting
   handling undefined parameters
   initialising basis features for learning
   calculating state vector at all discretised positions
HBox(children=(HTML(value=''), FloatProgress(value=0.0, max=10000.0), HTML(value='')))

   initialising STDP weight matrix and traces
DONE
HBox(children=(HTML(value=''), FloatProgress(value=0.0, max=1800000.0), HTML(value='')))

Calculating place and grid cells
theta: (0.8965940739732885, -1.5119843356447245, 0.2934874185642201, 0.2984098404286466)
no theta: (0.8497698203442876, -2.3271527264450116, 0.4031650580666068, 0.39524733498203396)
tester
Setting parameters
Initialising
   making state/history dataframes
   initialising velocity, position and direction
   setting time/run counters
   making the maze walls
   discretising position for later plotting
   handling undefined parameters
   initialising basis features for learning
   calculating state vector at all discretised positions
HBox(children=(HTML(value=''), FloatProgress(value=0.0, max=10000.0), HTML(value='')))

   initialising STDP weight matrix and traces
DONE
HBox(children=(HTML(value=''), FloatProgress(value=0.0, max=1800000.0), HTML(value='')))

Calculating place and grid cells
theta: (0.9292109763127624, -1.4032364063743232, 0.328617084630417, 0.2853242814317449)
no theta: (0.8876944529958545, -1.983233839211712, 0.37757149131428386, 0.35418448607813235)
tester
Setting parameters
Initialising
   making state/history dataframes
   initialising velocity, position and direction
   setting time/run counters
   making the maze walls
   discretising position for later plotting
   handling undefined parameters
   initialising basis features for learning
   calculating state vector at all discretised positions
HBox(children=(HTML(value=''), FloatProgress(value=0.0, max=10000.0), HTML(value='')))

   initialising STDP weight matrix and traces
DONE
HBox(children=(HTML(value=''), FloatProgress(value=0.0, max=1800000.0), HTML(value='')))

Calculating place and grid cells
theta: (0.3272888474487693, -5.655632419740416, 0.7378739276657732, 0.7908877142854566)
no theta: (0.9036767912093673, -1.8270133605081065, 0.3741821723292708, 0.33593353628052475)
tester
Setting parameters
Initialising
   making state/history dataframes
   initialising velocity, position and direction
   setting time/run counters
   making the maze walls
   discretising position for later plotting
   handling undefined parameters
   initialising basis features for learning
   calculating state vector at all discretised positions
HBox(children=(HTML(value=''), FloatProgress(value=0.0, max=10000.0), HTML(value='')))

   initialising STDP weight matrix and traces
DONE
HBox(children=(HTML(value=''), FloatProgress(value=0.0, max=1800000.0), HTML(value='')))

Calculating place and grid cells
theta: (0.8831650960792499, -1.8995429300097406, 0.3413014326423888, 0.3442414142459126)
no theta: (0.8486345271745321, -2.3149732284624416, 0.40122181829020026, 0.39356239928112263)
tester
Setting parameters
Initialising
   making state/history dataframes
   initialising velocity, position and direction
   setting time/run counters
   making the maze walls
   discretising position for later plotting
   handling undefined parameters
   initialising basis features for learning
   calculating state vector at all discretised positions
HBox(children=(HTML(value=''), FloatProgress(value=0.0, max=10000.0), HTML(value='')))

   initialising STDP weight matrix and traces
DONE
HBox(children=(HTML(value=''), FloatProgress(value=0.0, max=1800000.0), HTML(value='')))

Calculating place and grid cells
theta: (0.47401816626353604, -4.631735334877437, 0.6092588469412569, 0.6694629423992304)
no theta: (0.9047999258155611, -1.778810538893321, 0.3678186177987031, 0.33032636818292527)
tester
Setting parameters
Initialising
   making state/history dataframes
   initialising velocity, position and direction
   setting time/run counters
   making the maze walls
   discretising position for later plotting
   handling undefined parameters
   initialising basis features for learning
   calculating state vector at all discretised positions
HBox(children=(HTML(value=''), FloatProgress(value=0.0, max=10000.0), HTML(value='')))

   initialising STDP weight matrix and traces
DONE
HBox(children=(HTML(value=''), FloatProgress(value=0.0, max=1800000.0), HTML(value='')))

Calculating place and grid cells
theta: (0.8996459100295008, -1.7799708206376357, 0.35156588651841403, 0.32999857645984804)
no theta: (0.8594597584875516, -2.2462800199839474, 0.39686116874515387, 0.38535216896234753)
tester
Setting parameters
Initialising
   making state/history dataframes
   initialising velocity, position and direction
   setting time/run counters
   making the maze walls
   discretising position for later plotting
   handling undefined parameters
   initialising basis features for learning
   calculating state vector at all discretised positions
HBox(children=(HTML(value=''), FloatProgress(value=0.0, max=10000.0), HTML(value='')))

   initialising STDP weight matrix and traces
DONE
HBox(children=(HTML(value=''), FloatProgress(value=0.0, max=1800000.0), HTML(value='')))

Calculating place and grid cells
theta: (0.34029314089942997, -6.908171232167994, 1.1088926295791377, 0.9394487872834565)
no theta: (0.7214085936240155, -3.1051840636716355, 0.5956999599718213, 0.4876740875948907)
tester
Setting parameters
Initialising
   making state/history dataframes
   initialising velocity, position and direction
   setting time/run counters
   making the maze walls
   discretising position for later plotting
   handling undefined parameters
   initialising basis features for learning
   calculating state vector at all discretised positions
HBox(children=(HTML(value=''), FloatProgress(value=0.0, max=10000.0), HTML(value='')))

   initialising STDP weight matrix and traces
DONE
HBox(children=(HTML(value=''), FloatProgress(value=0.0, max=1800000.0), HTML(value='')))

Calculating place and grid cells
theta: (0.8912758307306764, -1.437380879699401, 0.30745416992248303, 0.28958945311106343)
no theta: (0.8407246659556044, -2.401140226204937, 0.411340554994312, 0.4040953739582124)
tester
Setting parameters
Initialising
   making state/history dataframes
   initialising velocity, position and direction
   setting time/run counters
   making the maze walls
   discretising position for later plotting
   handling undefined parameters
   initialising basis features for learning
   calculating state vector at all discretised positions
HBox(children=(HTML(value=''), FloatProgress(value=0.0, max=10000.0), HTML(value='')))

   initialising STDP weight matrix and traces
DONE
HBox(children=(HTML(value=''), FloatProgress(value=0.0, max=1800000.0), HTML(value='')))

Calculating place and grid cells
theta: (0.5587897836468834, -3.951562230918392, 0.5717160842053602, 0.588572413618834)
no theta: (0.9067267791102428, -1.6692492917192858, 0.3463636153043872, 0.3172829957316709)
tester
Setting parameters
Initialising
   making state/history dataframes
   initialising velocity, position and direction
   setting time/run counters
   making the maze walls
   discretising position for later plotting
   handling undefined parameters
   initialising basis features for learning
   calculating state vector at all discretised positions
HBox(children=(HTML(value=''), FloatProgress(value=0.0, max=10000.0), HTML(value='')))

   initialising STDP weight matrix and traces
DONE
HBox(children=(HTML(value=''), FloatProgress(value=0.0, max=1800000.0), HTML(value='')))

Calculating place and grid cells
theta: (0.9287847936284429, -1.2883328886349195, 0.30536350161071646, 0.27160242801073475)
no theta: (0.8894372947065663, -1.9379079335199934, 0.3755609331509623, 0.3487005461395238)
tester
Setting parameters
Initialising
   making state/history dataframes
   initialising velocity, position and direction
   setting time/run counters
   making the maze walls
   discretising position for later plotting
   handling undefined parameters
   initialising basis features for learning
   calculating state vector at all discretised positions
HBox(children=(HTML(value=''), FloatProgress(value=0.0, max=10000.0), HTML(value='')))

   initialising STDP weight matrix and traces
DONE
HBox(children=(HTML(value=''), FloatProgress(value=0.0, max=1800000.0), HTML(value='')))

Calculating place and grid cells
theta: (0.795713568766335, -2.217412301405302, 0.4297238329105317, 0.3823226418306196)
no theta: (0.9115070526407959, -1.6287474922754193, 0.34472213414178476, 0.312372053004639)
tester
Setting parameters
Initialising
   making state/history dataframes
   initialising velocity, position and direction
   setting time/run counters
   making the maze walls
   discretising position for later plotting
   handling undefined parameters
   initialising basis features for learning
   calculating state vector at all discretised positions
HBox(children=(HTML(value=''), FloatProgress(value=0.0, max=10000.0), HTML(value='')))

   initialising STDP weight matrix and traces
DONE
HBox(children=(HTML(value=''), FloatProgress(value=0.0, max=1800000.0), HTML(value='')))

Calculating place and grid cells
theta: (0.8936665288149829, -1.50662717055617, 0.29700166327689076, 0.29783241807438504)
no theta: (0.843012444182096, -2.3816406829003696, 0.40893058088623485, 0.4017997704155832)
tester
Setting parameters
Initialising
   making state/history dataframes
   initialising velocity, position and direction
   setting time/run counters
   making the maze walls
   discretising position for later plotting
   handling undefined parameters
   initialising basis features for learning
   calculating state vector at all discretised positions
HBox(children=(HTML(value=''), FloatProgress(value=0.0, max=10000.0), HTML(value='')))

   initialising STDP weight matrix and traces
DONE
HBox(children=(HTML(value=''), FloatProgress(value=0.0, max=1800000.0), HTML(value='')))

Calculating place and grid cells
theta: (0.7074236530473836, -3.1696517717302575, 0.6007655448039234, 0.4951983446981288)
no theta: (0.9055642854179017, -1.4038937677093282, 0.32791875924280334, 0.2854924774943093)
tester
Setting parameters
Initialising
   making state/history dataframes
   initialising velocity, position and direction
   setting time/run counters
   making the maze walls
   discretising position for later plotting
   handling undefined parameters
   initialising basis features for learning
   calculating state vector at all discretised positions
HBox(children=(HTML(value=''), FloatProgress(value=0.0, max=10000.0), HTML(value='')))

   initialising STDP weight matrix and traces
DONE
HBox(children=(HTML(value=''), FloatProgress(value=0.0, max=1800000.0), HTML(value='')))

Calculating place and grid cells
theta: (0.9061410678496683, -1.2380745006931306, 0.3334889168360452, 0.2659154862741549)
no theta: (0.9212016291164734, -1.6739564043806805, 0.3762346346811639, 0.31770453455707953)
tester
Setting parameters
Initialising
   making state/history dataframes
   initialising velocity, position and direction
   setting time/run counters
   making the maze walls
   discretising position for later plotting
   handling undefined parameters
   initialising basis features for learning
   calculating state vector at all discretised positions
HBox(children=(HTML(value=''), FloatProgress(value=0.0, max=10000.0), HTML(value='')))

   initialising STDP weight matrix and traces
DONE
HBox(children=(HTML(value=''), FloatProgress(value=0.0, max=1800000.0), HTML(value='')))

Calculating place and grid cells
theta: (0.869621368871085, -1.685737699756086, 0.38244635473869637, 0.31905718770659897)
no theta: (0.9309890253821101, -1.4807397143930605, 0.3525147028909867, 0.29470407209840477)
tester
Setting parameters
Initialising
   making state/history dataframes
   initialising velocity, position and direction
   setting time/run counters
   making the maze walls
   discretising position for later plotting
   handling undefined parameters
   initialising basis features for learning
   calculating state vector at all discretised positions
HBox(children=(HTML(value=''), FloatProgress(value=0.0, max=10000.0), HTML(value='')))

   initialising STDP weight matrix and traces
DONE
HBox(children=(HTML(value=''), FloatProgress(value=0.0, max=1800000.0), HTML(value='')))

Calculating place and grid cells
theta: (0.9227177435504083, -1.3124354228855655, 0.3001920983049125, 0.27471254354409935)
no theta: (0.874178710668676, -2.0989242507931456, 0.3881854315100376, 0.36814578896372757)
