tester
Setting parameters
Initialising
   making state/history dataframes
   initialising velocity, position and direction
   setting time/run counters
   making the maze walls
   discretising position for later plotting
   handling undefined parameters
   initialising basis features for learning
   calculating state vector at all discretised positions
HBox(children=(HTML(value=''), FloatProgress(value=0.0, max=10000.0), HTML(value='')))

   initialising STDP weight matrix and traces
DONE
HBox(children=(HTML(value=''), FloatProgress(value=0.0, max=6000.0), HTML(value='')))

Calculating place and grid cells
theta: (0.34200916859725305, -9.283812698358416, 1.367723895348668, 1.134685881129201)
no theta: (0.7490809005846354, -6.500672340263081, 0.8662291136797203, 0.8276022962603572)
tester
Setting parameters
Initialising
   making state/history dataframes
   initialising velocity, position and direction
   setting time/run counters
   making the maze walls
   discretising position for later plotting
   handling undefined parameters
   initialising basis features for learning
   calculating state vector at all discretised positions
HBox(children=(HTML(value=''), FloatProgress(value=0.0, max=10000.0), HTML(value='')))

   initialising STDP weight matrix and traces
DONE
HBox(children=(HTML(value=''), FloatProgress(value=0.0, max=6000.0), HTML(value='')))

Calculating place and grid cells
theta: (0.3624346703149665, -8.927952224414586, 1.2900886438825563, 1.0956259450789347)
no theta: (0.706598207378097, -7.130493731877747, 0.9305514758667409, 0.8972625650877547)
tester
Setting parameters
Initialising
   making state/history dataframes
   initialising velocity, position and direction
   setting time/run counters
   making the maze walls
   discretising position for later plotting
   handling undefined parameters
   initialising basis features for learning
   calculating state vector at all discretised positions
HBox(children=(HTML(value=''), FloatProgress(value=0.0, max=10000.0), HTML(value='')))

   initialising STDP weight matrix and traces
DONE
HBox(children=(HTML(value=''), FloatProgress(value=0.0, max=6000.0), HTML(value='')))

Calculating place and grid cells
theta: (0.4174127410494456, -8.892927977001179, 1.3003864965236982, 1.0910640668002292)
no theta: (0.6988694884456567, -7.219256247154082, 0.9529519496760687, 0.9064793727338437)
tester
Setting parameters
Initialising
   making state/history dataframes
   initialising velocity, position and direction
   setting time/run counters
   making the maze walls
   discretising position for later plotting
   handling undefined parameters
   initialising basis features for learning
   calculating state vector at all discretised positions
HBox(children=(HTML(value=''), FloatProgress(value=0.0, max=10000.0), HTML(value='')))

   initialising STDP weight matrix and traces
DONE
HBox(children=(HTML(value=''), FloatProgress(value=0.0, max=6000.0), HTML(value='')))

Calculating place and grid cells
theta: (0.7248545700714208, -6.703802479127916, 0.8659216692522678, 0.8503101381958753)
no theta: (0.8610083593486937, -6.900415203078203, 0.8906800909584531, 0.8720113426239725)
tester
Setting parameters
Initialising
   making state/history dataframes
   initialising velocity, position and direction
   setting time/run counters
   making the maze walls
   discretising position for later plotting
   handling undefined parameters
   initialising basis features for learning
   calculating state vector at all discretised positions
HBox(children=(HTML(value=''), FloatProgress(value=0.0, max=10000.0), HTML(value='')))

   initialising STDP weight matrix and traces
DONE
HBox(children=(HTML(value=''), FloatProgress(value=0.0, max=6000.0), HTML(value='')))

Calculating place and grid cells
theta: (0.548713791849736, -6.284125949563332, 0.78726688375533, 0.8037661271014098)
no theta: (0.8366865240290362, -4.709182425152907, 0.6048151803236863, 0.6299791462358882)
tester
Setting parameters
Initialising
   making state/history dataframes
   initialising velocity, position and direction
   setting time/run counters
   making the maze walls
   discretising position for later plotting
   handling undefined parameters
   initialising basis features for learning
   calculating state vector at all discretised positions
HBox(children=(HTML(value=''), FloatProgress(value=0.0, max=10000.0), HTML(value='')))

   initialising STDP weight matrix and traces
DONE
HBox(children=(HTML(value=''), FloatProgress(value=0.0, max=6000.0), HTML(value='')))

Calculating place and grid cells
theta: (0.8545470109719191, -5.822192009430718, 0.7817219157731984, 0.7526850083832796)
no theta: (0.8325326048202668, -5.5602293356212025, 0.7043364024862907, 0.7237829521145825)
tester
Setting parameters
Initialising
   making state/history dataframes
   initialising velocity, position and direction
   setting time/run counters
   making the maze walls
   discretising position for later plotting
   handling undefined parameters
   initialising basis features for learning
   calculating state vector at all discretised positions
HBox(children=(HTML(value=''), FloatProgress(value=0.0, max=10000.0), HTML(value='')))

   initialising STDP weight matrix and traces
DONE
HBox(children=(HTML(value=''), FloatProgress(value=0.0, max=6000.0), HTML(value='')))

Calculating place and grid cells
theta: (0.6639674648550389, -7.0193737596671415, 0.9425863112528376, 0.8846830664190342)
no theta: (0.8621879003612561, -6.541941320064008, 0.8534081337930043, 0.8320135678603896)
tester
Setting parameters
Initialising
   making state/history dataframes
   initialising velocity, position and direction
   setting time/run counters
   making the maze walls
   discretising position for later plotting
   handling undefined parameters
   initialising basis features for learning
   calculating state vector at all discretised positions
HBox(children=(HTML(value=''), FloatProgress(value=0.0, max=10000.0), HTML(value='')))

   initialising STDP weight matrix and traces
DONE
HBox(children=(HTML(value=''), FloatProgress(value=0.0, max=6000.0), HTML(value='')))

Calculating place and grid cells
theta: (0.688191753631638, -4.969139792671037, 0.6133777359950797, 0.6587551467124199)
no theta: (0.889659194531142, -5.719032292863636, 0.8026829460200787, 0.7415133934851711)
tester
Setting parameters
Initialising
   making state/history dataframes
   initialising velocity, position and direction
   setting time/run counters
   making the maze walls
   discretising position for later plotting
   handling undefined parameters
   initialising basis features for learning
   calculating state vector at all discretised positions
HBox(children=(HTML(value=''), FloatProgress(value=0.0, max=10000.0), HTML(value='')))

   initialising STDP weight matrix and traces
DONE
HBox(children=(HTML(value=''), FloatProgress(value=0.0, max=6000.0), HTML(value='')))

Calculating place and grid cells
theta: (0.6791757825465694, -7.230898798889719, 0.9537855125379889, 0.9083918083764242)
no theta: (0.8602026662883452, -6.500924075553897, 0.833197110891126, 0.8278291535312992)
tester
Setting parameters
Initialising
   making state/history dataframes
   initialising velocity, position and direction
   setting time/run counters
   making the maze walls
   discretising position for later plotting
   handling undefined parameters
   initialising basis features for learning
   calculating state vector at all discretised positions
HBox(children=(HTML(value=''), FloatProgress(value=0.0, max=10000.0), HTML(value='')))

   initialising STDP weight matrix and traces
DONE
HBox(children=(HTML(value=''), FloatProgress(value=0.0, max=6000.0), HTML(value='')))

Calculating place and grid cells
theta: (0.8532651580310123, -4.710415537820123, 0.6140672506865235, 0.6300086563909343)
no theta: (0.891148792595844, -6.600251839537655, 0.8898612042674866, 0.8385071835748905)
tester
Setting parameters
Initialising
   making state/history dataframes
   initialising velocity, position and direction
   setting time/run counters
   making the maze walls
   discretising position for later plotting
   handling undefined parameters
   initialising basis features for learning
   calculating state vector at all discretised positions
HBox(children=(HTML(value=''), FloatProgress(value=0.0, max=10000.0), HTML(value='')))

   initialising STDP weight matrix and traces
DONE
HBox(children=(HTML(value=''), FloatProgress(value=0.0, max=6000.0), HTML(value='')))

Calculating place and grid cells
theta: (0.7425928911132008, -6.790871675850871, 0.8522276258114219, 0.8596184368338998)
no theta: (0.8622095557097714, -6.361993789588754, 0.8255460353278501, 0.8122975010618441)
tester
Setting parameters
Initialising
   making state/history dataframes
   initialising velocity, position and direction
   setting time/run counters
   making the maze walls
   discretising position for later plotting
   handling undefined parameters
   initialising basis features for learning
   calculating state vector at all discretised positions
HBox(children=(HTML(value=''), FloatProgress(value=0.0, max=10000.0), HTML(value='')))

   initialising STDP weight matrix and traces
DONE
HBox(children=(HTML(value=''), FloatProgress(value=0.0, max=6000.0), HTML(value='')))

Calculating place and grid cells
theta: (0.7813181481540552, -7.091694870961936, 0.9034407950144671, 0.892436096421711)
no theta: (0.8375564005547333, -6.911415775487803, 0.8811882914568958, 0.8725530466037131)
tester
Setting parameters
Initialising
   making state/history dataframes
   initialising velocity, position and direction
   setting time/run counters
   making the maze walls
   discretising position for later plotting
   handling undefined parameters
   initialising basis features for learning
   calculating state vector at all discretised positions
HBox(children=(HTML(value=''), FloatProgress(value=0.0, max=10000.0), HTML(value='')))

   initialising STDP weight matrix and traces
DONE
HBox(children=(HTML(value=''), FloatProgress(value=0.0, max=6000.0), HTML(value='')))

Calculating place and grid cells
theta: (0.7579517580976765, -4.419926442420245, 0.5564369644892745, 0.5981395367939785)
no theta: (0.8911518687333023, -6.598705095409202, 0.8910989259477926, 0.8385881237112353)
tester
Setting parameters
Initialising
   making state/history dataframes
   initialising velocity, position and direction
   setting time/run counters
   making the maze walls
   discretising position for later plotting
   handling undefined parameters
   initialising basis features for learning
   calculating state vector at all discretised positions
HBox(children=(HTML(value=''), FloatProgress(value=0.0, max=10000.0), HTML(value='')))

   initialising STDP weight matrix and traces
DONE
HBox(children=(HTML(value=''), FloatProgress(value=0.0, max=6000.0), HTML(value='')))

Calculating place and grid cells
theta: (0.5114496043138391, -8.366548913713592, 1.177273582110914, 1.0340589001316356)
no theta: (0.6213472560725273, -7.908955760969276, 1.0846455039143232, 0.9835410117830494)
tester
Setting parameters
Initialising
   making state/history dataframes
   initialising velocity, position and direction
   setting time/run counters
   making the maze walls
   discretising position for later plotting
   handling undefined parameters
   initialising basis features for learning
   calculating state vector at all discretised positions
HBox(children=(HTML(value=''), FloatProgress(value=0.0, max=10000.0), HTML(value='')))

   initialising STDP weight matrix and traces
DONE
HBox(children=(HTML(value=''), FloatProgress(value=0.0, max=6000.0), HTML(value='')))

Calculating place and grid cells
theta: (0.8667159724130359, -5.439548895418713, 0.71585174118692, 0.7103250353819002)
no theta: (0.8864865897829128, -6.319782513007572, 0.8431691728545567, 0.8074206527477326)
tester
Setting parameters
Initialising
   making state/history dataframes
   initialising velocity, position and direction
   setting time/run counters
   making the maze walls
   discretising position for later plotting
   handling undefined parameters
   initialising basis features for learning
   calculating state vector at all discretised positions
HBox(children=(HTML(value=''), FloatProgress(value=0.0, max=10000.0), HTML(value='')))

   initialising STDP weight matrix and traces
DONE
HBox(children=(HTML(value=''), FloatProgress(value=0.0, max=6000.0), HTML(value='')))

Calculating place and grid cells
theta: (0.8783387425181606, -6.321705781470378, 0.8525801382253679, 0.8081615651106298)
no theta: (0.8896295209773571, -6.499572113329499, 0.8684194725855375, 0.8277942487264532)
tester
Setting parameters
Initialising
   making state/history dataframes
   initialising velocity, position and direction
   setting time/run counters
   making the maze walls
   discretising position for later plotting
   handling undefined parameters
   initialising basis features for learning
   calculating state vector at all discretised positions
HBox(children=(HTML(value=''), FloatProgress(value=0.0, max=10000.0), HTML(value='')))

   initialising STDP weight matrix and traces
DONE
HBox(children=(HTML(value=''), FloatProgress(value=0.0, max=6000.0), HTML(value='')))

Calculating place and grid cells
theta: (0.5395109232960684, -5.967796472837399, 0.7705841716280417, 0.7688678265953524)
no theta: (0.845292505135528, -5.247072030535682, 0.7049855551777121, 0.6893388337944168)
tester
Setting parameters
Initialising
   making state/history dataframes
   initialising velocity, position and direction
   setting time/run counters
   making the maze walls
   discretising position for later plotting
   handling undefined parameters
   initialising basis features for learning
   calculating state vector at all discretised positions
HBox(children=(HTML(value=''), FloatProgress(value=0.0, max=10000.0), HTML(value='')))

   initialising STDP weight matrix and traces
DONE
HBox(children=(HTML(value=''), FloatProgress(value=0.0, max=6000.0), HTML(value='')))

Calculating place and grid cells
theta: (0.871780558672596, -6.0247667293749805, 0.7739367137413894, 0.7749091093807894)
no theta: (0.8899198012663717, -6.428314069840869, 0.874067873899649, 0.8194248238864057)
tester
Setting parameters
Initialising
   making state/history dataframes
   initialising velocity, position and direction
   setting time/run counters
   making the maze walls
   discretising position for later plotting
   handling undefined parameters
   initialising basis features for learning
   calculating state vector at all discretised positions
HBox(children=(HTML(value=''), FloatProgress(value=0.0, max=10000.0), HTML(value='')))

   initialising STDP weight matrix and traces
DONE
HBox(children=(HTML(value=''), FloatProgress(value=0.0, max=6000.0), HTML(value='')))

Calculating place and grid cells
theta: (0.7399110530121152, -4.459811785078101, 0.5726047096953284, 0.6026362880304684)
no theta: (0.8555948039461851, -6.627705467884606, 0.8366557313227173, 0.8419213500946592)
tester
Setting parameters
Initialising
   making state/history dataframes
   initialising velocity, position and direction
   setting time/run counters
   making the maze walls
   discretising position for later plotting
   handling undefined parameters
   initialising basis features for learning
   calculating state vector at all discretised positions
HBox(children=(HTML(value=''), FloatProgress(value=0.0, max=10000.0), HTML(value='')))

   initialising STDP weight matrix and traces
DONE
HBox(children=(HTML(value=''), FloatProgress(value=0.0, max=6000.0), HTML(value='')))

Calculating place and grid cells
theta: (0.8926788222201236, -5.935326314972156, 0.7974620970388816, 0.7650139295543028)
no theta: (0.9003422475727054, -5.99528847824495, 0.7917961696289444, 0.771628166299136)
tester
Setting parameters
Initialising
   making state/history dataframes
   initialising velocity, position and direction
   setting time/run counters
   making the maze walls
   discretising position for later plotting
   handling undefined parameters
   initialising basis features for learning
   calculating state vector at all discretised positions
HBox(children=(HTML(value=''), FloatProgress(value=0.0, max=10000.0), HTML(value='')))

   initialising STDP weight matrix and traces
DONE
HBox(children=(HTML(value=''), FloatProgress(value=0.0, max=6000.0), HTML(value='')))

Calculating place and grid cells
theta: (0.36728286040337055, -8.847119643066492, 1.2715388382255801, 1.0869255495623906)
no theta: (0.6895615125214707, -6.800544759334089, 0.8913507546411764, 0.8610245134367949)
tester
Setting parameters
Initialising
   making state/history dataframes
   initialising velocity, position and direction
   setting time/run counters
   making the maze walls
   discretising position for later plotting
   handling undefined parameters
   initialising basis features for learning
   calculating state vector at all discretised positions
HBox(children=(HTML(value=''), FloatProgress(value=0.0, max=10000.0), HTML(value='')))

   initialising STDP weight matrix and traces
DONE
HBox(children=(HTML(value=''), FloatProgress(value=0.0, max=6000.0), HTML(value='')))

Calculating place and grid cells
theta: (0.7737856581378256, -7.253607161483947, 0.9165714837894717, 0.9108112392741928)
no theta: (0.8541699529311078, -7.0347139686478, 0.9093624460463857, 0.8866556941488865)
tester
Setting parameters
Initialising
   making state/history dataframes
   initialising velocity, position and direction
   setting time/run counters
   making the maze walls
   discretising position for later plotting
   handling undefined parameters
   initialising basis features for learning
   calculating state vector at all discretised positions
HBox(children=(HTML(value=''), FloatProgress(value=0.0, max=10000.0), HTML(value='')))

   initialising STDP weight matrix and traces
DONE
HBox(children=(HTML(value=''), FloatProgress(value=0.0, max=6000.0), HTML(value='')))

Calculating place and grid cells
theta: (0.5217574887744313, -7.410610195732973, 1.081346979705105, 0.9282892152993035)
no theta: (0.6450512194546529, -7.537112753363402, 1.0217305029343053, 0.9422514555200765)
tester
Setting parameters
Initialising
   making state/history dataframes
   initialising velocity, position and direction
   setting time/run counters
   making the maze walls
   discretising position for later plotting
   handling undefined parameters
   initialising basis features for learning
   calculating state vector at all discretised positions
HBox(children=(HTML(value=''), FloatProgress(value=0.0, max=10000.0), HTML(value='')))

   initialising STDP weight matrix and traces
DONE
HBox(children=(HTML(value=''), FloatProgress(value=0.0, max=6000.0), HTML(value='')))

Calculating place and grid cells
theta: (0.8239968097358311, -5.756978861388104, 0.7343161881196999, 0.745664079537115)
no theta: (0.8882558749492576, -5.95064976043845, 0.8089511845227506, 0.7670365650274478)
