Traceback (most recent call last):
  File "clusterSweep.py", line 48, in <module>
    fig, ax, (R2, skill, area, L2)  = plotter.plotMAveraged()
  File "../mazeAgentUtils.py", line 1491, in plotMAveraged
    saveFigure(fig,'M_averaged')
  File "../mazeAgentUtils.py", line 1524, in saveFigure
    os.mkdir(f"../figures/{today}/")
FileExistsError: [Errno 17] File exists: '../figures/210928/'
../mazeAgentUtils.py:1538: MatplotlibDeprecationWarning: savefig() got unexpected keyword argument "tight_layout" which is no longer supported as of 3.3 and will become an error two minor releases later
  fig.savefig(path+".pdf", dpi=400,tight_layout=tight_layout,transparent=transparent)
../mazeAgentUtils.py:1538: MatplotlibDeprecationWarning: savefig() got unexpected keyword argument "tight_layout" which is no longer supported as of 3.3 and will become an error two minor releases later
  fig.savefig(path+".pdf", dpi=400,tight_layout=tight_layout,transparent=transparent)
../mazeAgentUtils.py:1541: MatplotlibDeprecationWarning: savefig() got unexpected keyword argument "tight_layout" which is no longer supported as of 3.3 and will become an error two minor releases later
  fig.savefig(specialLocation, dpi=400,tight_layout=False,transparent=transparent)
../mazeAgentUtils.py:1538: MatplotlibDeprecationWarning: savefig() got unexpected keyword argument "tight_layout" which is no longer supported as of 3.3 and will become an error two minor releases later
  fig.savefig(path+".pdf", dpi=400,tight_layout=tight_layout,transparent=transparent)
../mazeAgentUtils.py:1538: MatplotlibDeprecationWarning: savefig() got unexpected keyword argument "tight_layout" which is no longer supported as of 3.3 and will become an error two minor releases later
  fig.savefig(path+".pdf", dpi=400,tight_layout=tight_layout,transparent=transparent)
../mazeAgentUtils.py:1541: MatplotlibDeprecationWarning: savefig() got unexpected keyword argument "tight_layout" which is no longer supported as of 3.3 and will become an error two minor releases later
  fig.savefig(specialLocation, dpi=400,tight_layout=False,transparent=transparent)
